
*****************************************************************************
Mar 07,2015 20:01:19 [info]   Execution Started of Test Class com.iCM.scripts.EMRAdminLate and Test method testEMRAdminLate
*****************************************************************************
Mar 07,2015 20:01:19 [info]  Open application url
Mar 07,2015 20:01:36 [info]  Pass
Mar 07,2015 20:01:36 [info]  Verify Page title
Mar 07,2015 20:01:41 [info]  Pass
Mar 07,2015 20:01:41 [info]  Enter User name at login page.
Mar 07,2015 20:01:41 [info]  Pass
Mar 07,2015 20:01:41 [info]  Enter password at login page.
Mar 07,2015 20:01:42 [info]  Pass
Mar 07,2015 20:01:42 [info]  Click on Sign In button
Mar 07,2015 20:02:06 [info]  Pass
Mar 07,2015 20:02:06 [info]  Verify home page title
Mar 07,2015 20:02:11 [info]  Pass
Mar 07,2015 20:02:30 [info]  Click on All Meds Tab
Mar 07,2015 20:02:34 [info]  Pass
Mar 07,2015 20:02:37 [info]  Click on Admin Button dropdown
Mar 07,2015 20:02:40 [info]  Pass
Mar 07,2015 20:02:40 [info]  Mouse hover Admin Late
Mar 07,2015 20:02:43 [info]  Pass
Mar 07,2015 20:02:43 [info]  Mouse hover Admin Late
Mar 07,2015 20:02:45 [info]  Pass
Mar 07,2015 20:02:45 [info]  Click on reading
Mar 07,2015 20:02:48 [info]  Pass
Mar 07,2015 20:02:51 [info]  Verify Date field is populated
Mar 07,2015 20:02:51 [info]  Mar 07,2015 20:02:51 [info]  <<<<<<<<<<<<<<<<<<<<<<<<<<<<<<<<<< Error message >>>>>>>>>>>>>>>>>>>>>>>>>>>>>>
java.lang.AssertionError: expected [true] but found [false]
	at org.testng.Assert.fail(Assert.java:94)
	at org.testng.Assert.failNotEquals(Assert.java:494)
	at org.testng.Assert.assertTrue(Assert.java:42)
	at org.testng.Assert.assertTrue(Assert.java:52)
	at com.iCM.pagehelper.EMRHelper.verifyFieldPopulated(EMRHelper.java:72)
	at com.iCM.scripts.EMRAdminLate.testEMRAdminLate(EMRAdminLate.java:296)
	at sun.reflect.NativeMethodAccessorImpl.invoke0(Native Method)
	at sun.reflect.NativeMethodAccessorImpl.invoke(Unknown Source)
	at sun.reflect.DelegatingMethodAccessorImpl.invoke(Unknown Source)
	at java.lang.reflect.Method.invoke(Unknown Source)
	at org.testng.internal.MethodInvocationHelper.invokeMethod(MethodInvocationHelper.java:84)
	at org.testng.internal.Invoker.invokeMethod(Invoker.java:714)
	at org.testng.internal.Invoker.invokeTestMethod(Invoker.java:901)
	at org.testng.internal.Invoker.invokeTestMethods(Invoker.java:1231)
	at org.testng.internal.TestMethodWorker.invokeTestMethods(TestMethodWorker.java:127)
	at org.testng.internal.TestMethodWorker.run(TestMethodWorker.java:111)
	at org.testng.TestRunner.privateRun(TestRunner.java:767)
	at org.testng.TestRunner.run(TestRunner.java:617)
	at org.testng.SuiteRunner.runTest(SuiteRunner.java:334)
	at org.testng.SuiteRunner.runSequentially(SuiteRunner.java:329)
	at org.testng.SuiteRunner.privateRun(SuiteRunner.java:291)
	at org.testng.SuiteRunner.run(SuiteRunner.java:240)
	at org.testng.SuiteRunnerWorker.runSuite(SuiteRunnerWorker.java:52)
	at org.testng.SuiteRunnerWorker.run(SuiteRunnerWorker.java:86)
	at org.testng.TestNG.runSuitesSequentially(TestNG.java:1224)
	at org.testng.TestNG.runSuitesLocally(TestNG.java:1149)
	at org.testng.TestNG.run(TestNG.java:1057)
	at org.testng.remote.RemoteTestNG.run(RemoteTestNG.java:111)
	at org.testng.remote.RemoteTestNG.initAndRun(RemoteTestNG.java:204)
	at org.testng.remote.RemoteTestNG.main(RemoteTestNG.java:175)
Mar 07,2015 20:02:51 [info]  End Execution of Test Class com.iCM.scripts.EMRAdminLate
*****************************************************************************

*****************************************************************************
Mar 07,2015 20:11:52 [info]   Execution Started of Test Class com.iCM.scripts.EMRAdminLate and Test method testEMRAdminLate
*****************************************************************************
Mar 07,2015 20:11:52 [info]  Open application url
Mar 07,2015 20:12:08 [info]  Pass
Mar 07,2015 20:12:08 [info]  Verify Page title
Mar 07,2015 20:12:13 [info]  Pass
Mar 07,2015 20:12:13 [info]  Enter User name at login page.
Mar 07,2015 20:12:13 [info]  Pass
Mar 07,2015 20:12:13 [info]  Enter password at login page.
Mar 07,2015 20:12:16 [info]  Pass
Mar 07,2015 20:12:16 [info]  Click on Sign In button
Mar 07,2015 20:12:36 [info]  Pass
Mar 07,2015 20:12:36 [info]  Verify home page title
Mar 07,2015 20:12:42 [info]  Pass
Mar 07,2015 20:13:08 [info]  Click on All Meds Tab
Mar 07,2015 20:13:11 [info]  Pass
Mar 07,2015 20:13:14 [info]  Click on Admin Button dropdown
Mar 07,2015 20:13:23 [info]  Pass
Mar 07,2015 20:13:23 [info]  Click on reading
Mar 07,2015 20:13:26 [info]  Mar 07,2015 20:13:26 [info]  <<<<<<<<<<<<<<<<<<<<<<<<<<<<<<<<<< Error message >>>>>>>>>>>>>>>>>>>>>>>>>>>>>>
java.lang.NullPointerException
	at com.iCM.locators.LocatorReader.getLocator(LocatorReader.java:32)
	at com.iCM.pagehelper.EMRHelper.clickOnFirst(EMRHelper.java:194)
	at com.iCM.scripts.EMRAdminLate.testEMRAdminLate(EMRAdminLate.java:282)
	at sun.reflect.NativeMethodAccessorImpl.invoke0(Native Method)
	at sun.reflect.NativeMethodAccessorImpl.invoke(Unknown Source)
	at sun.reflect.DelegatingMethodAccessorImpl.invoke(Unknown Source)
	at java.lang.reflect.Method.invoke(Unknown Source)
	at org.testng.internal.MethodInvocationHelper.invokeMethod(MethodInvocationHelper.java:84)
	at org.testng.internal.Invoker.invokeMethod(Invoker.java:714)
	at org.testng.internal.Invoker.invokeTestMethod(Invoker.java:901)
	at org.testng.internal.Invoker.invokeTestMethods(Invoker.java:1231)
	at org.testng.internal.TestMethodWorker.invokeTestMethods(TestMethodWorker.java:127)
	at org.testng.internal.TestMethodWorker.run(TestMethodWorker.java:111)
	at org.testng.TestRunner.privateRun(TestRunner.java:767)
	at org.testng.TestRunner.run(TestRunner.java:617)
	at org.testng.SuiteRunner.runTest(SuiteRunner.java:334)
	at org.testng.SuiteRunner.runSequentially(SuiteRunner.java:329)
	at org.testng.SuiteRunner.privateRun(SuiteRunner.java:291)
	at org.testng.SuiteRunner.run(SuiteRunner.java:240)
	at org.testng.SuiteRunnerWorker.runSuite(SuiteRunnerWorker.java:52)
	at org.testng.SuiteRunnerWorker.run(SuiteRunnerWorker.java:86)
	at org.testng.TestNG.runSuitesSequentially(TestNG.java:1224)
	at org.testng.TestNG.runSuitesLocally(TestNG.java:1149)
	at org.testng.TestNG.run(TestNG.java:1057)
	at org.testng.remote.RemoteTestNG.run(RemoteTestNG.java:111)
	at org.testng.remote.RemoteTestNG.initAndRun(RemoteTestNG.java:204)
	at org.testng.remote.RemoteTestNG.main(RemoteTestNG.java:175)
Mar 07,2015 20:13:26 [info]  End Execution of Test Class com.iCM.scripts.EMRAdminLate
*****************************************************************************

*****************************************************************************
Mar 07,2015 20:14:20 [info]   Execution Started of Test Class com.iCM.scripts.EMRAdminLate and Test method testEMRAdminLate
*****************************************************************************
Mar 07,2015 20:14:20 [info]  Open application url
Mar 07,2015 20:14:36 [info]  Pass
Mar 07,2015 20:14:36 [info]  Verify Page title
Mar 07,2015 20:14:41 [info]  Pass
Mar 07,2015 20:14:41 [info]  Enter User name at login page.
Mar 07,2015 20:14:42 [info]  Pass
Mar 07,2015 20:14:42 [info]  Enter password at login page.
Mar 07,2015 20:14:43 [info]  Pass
Mar 07,2015 20:14:44 [info]  Click on Sign In button
Mar 07,2015 20:15:01 [info]  Pass
Mar 07,2015 20:15:01 [info]  Verify home page title
Mar 07,2015 20:15:06 [info]  Pass
Mar 07,2015 20:15:28 [info]  Click on All Meds Tab
Mar 07,2015 20:15:32 [info]  Pass
Mar 07,2015 20:15:35 [info]  Click on Admin Button dropdown
Mar 07,2015 20:15:42 [info]  Pass
Mar 07,2015 20:15:42 [info]  Click on reading
Mar 07,2015 20:15:45 [info]  Mar 07,2015 20:15:45 [info]  <<<<<<<<<<<<<<<<<<<<<<<<<<<<<<<<<< Error message >>>>>>>>>>>>>>>>>>>>>>>>>>>>>>
org.openqa.selenium.ElementNotVisibleException: Element is not currently visible and so may not be interacted with
Command duration or timeout: 60 milliseconds
Build info: version: '2.41.0', revision: '3192d8a', time: '2014-03-27 17:17:32'
System info: host: 'user-PC', ip: '192.168.21.1', os.name: 'Windows 7', os.arch: 'x86', os.version: '6.1', java.version: '1.8.0_20'
Driver info: org.openqa.selenium.firefox.FirefoxDriver
Capabilities [{applicationCacheEnabled=true, rotatable=false, handlesAlerts=true, databaseEnabled=true, version=29.0.1, platform=XP, browserConnectionEnabled=true, nativeEvents=false, acceptSslCerts=true, webStorageEnabled=true, locationContextEnabled=true, browserName=firefox, takesScreenshot=true, javascriptEnabled=true, cssSelectorsEnabled=true}]
Session ID: cf21dc87-2d67-4791-aee0-43a91fdd7e9d
	at sun.reflect.NativeConstructorAccessorImpl.newInstance0(Native Method)
	at sun.reflect.NativeConstructorAccessorImpl.newInstance(Unknown Source)
	at sun.reflect.DelegatingConstructorAccessorImpl.newInstance(Unknown Source)
	at java.lang.reflect.Constructor.newInstance(Unknown Source)
	at org.openqa.selenium.remote.ErrorHandler.createThrowable(ErrorHandler.java:193)
	at org.openqa.selenium.remote.ErrorHandler.throwIfResponseFailed(ErrorHandler.java:145)
	at org.openqa.selenium.remote.RemoteWebDriver.execute(RemoteWebDriver.java:595)
	at org.openqa.selenium.remote.RemoteWebElement.execute(RemoteWebElement.java:268)
	at org.openqa.selenium.remote.RemoteWebElement.sendKeys(RemoteWebElement.java:89)
	at com.iCM.pagehelper.EMRHelper.clickOnFirst(EMRHelper.java:197)
	at com.iCM.scripts.EMRAdminLate.testEMRAdminLate(EMRAdminLate.java:282)
	at sun.reflect.NativeMethodAccessorImpl.invoke0(Native Method)
	at sun.reflect.NativeMethodAccessorImpl.invoke(Unknown Source)
	at sun.reflect.DelegatingMethodAccessorImpl.invoke(Unknown Source)
	at java.lang.reflect.Method.invoke(Unknown Source)
	at org.testng.internal.MethodInvocationHelper.invokeMethod(MethodInvocationHelper.java:84)
	at org.testng.internal.Invoker.invokeMethod(Invoker.java:714)
	at org.testng.internal.Invoker.invokeTestMethod(Invoker.java:901)
	at org.testng.internal.Invoker.invokeTestMethods(Invoker.java:1231)
	at org.testng.internal.TestMethodWorker.invokeTestMethods(TestMethodWorker.java:127)
	at org.testng.internal.TestMethodWorker.run(TestMethodWorker.java:111)
	at org.testng.TestRunner.privateRun(TestRunner.java:767)
	at org.testng.TestRunner.run(TestRunner.java:617)
	at org.testng.SuiteRunner.runTest(SuiteRunner.java:334)
	at org.testng.SuiteRunner.runSequentially(SuiteRunner.java:329)
	at org.testng.SuiteRunner.privateRun(SuiteRunner.java:291)
	at org.testng.SuiteRunner.run(SuiteRunner.java:240)
	at org.testng.SuiteRunnerWorker.runSuite(SuiteRunnerWorker.java:52)
	at org.testng.SuiteRunnerWorker.run(SuiteRunnerWorker.java:86)
	at org.testng.TestNG.runSuitesSequentially(TestNG.java:1224)
	at org.testng.TestNG.runSuitesLocally(TestNG.java:1149)
	at org.testng.TestNG.run(TestNG.java:1057)
	at org.testng.remote.RemoteTestNG.run(RemoteTestNG.java:111)
	at org.testng.remote.RemoteTestNG.initAndRun(RemoteTestNG.java:204)
	at org.testng.remote.RemoteTestNG.main(RemoteTestNG.java:175)
Caused by: org.openqa.selenium.remote.ErrorHandler$UnknownServerException: Element is not currently visible and so may not be interacted with
Build info: version: '2.41.0', revision: '3192d8a', time: '2014-03-27 17:17:32'
System info: host: 'user-PC', ip: '192.168.21.1', os.name: 'Windows 7', os.arch: 'x86', os.version: '6.1', java.version: '1.8.0_20'
Driver info: driver.version: unknown
	at <anonymous class>.fxdriver.preconditions.visible(file:///C:/Users/user/AppData/Local/Temp/anonymous5918942132267930159webdriver-profile/extensions/fxdriver@googlecode.com/components/command_processor.js:8225)
	at <anonymous class>.DelayedCommand.prototype.checkPreconditions_(file:///C:/Users/user/AppData/Local/Temp/anonymous5918942132267930159webdriver-profile/extensions/fxdriver@googlecode.com/components/command_processor.js:10867)
	at <anonymous class>.DelayedCommand.prototype.executeInternal_/h(file:///C:/Users/user/AppData/Local/Temp/anonymous5918942132267930159webdriver-profile/extensions/fxdriver@googlecode.com/components/command_processor.js:10884)
	at <anonymous class>.DelayedCommand.prototype.executeInternal_(file:///C:/Users/user/AppData/Local/Temp/anonymous5918942132267930159webdriver-profile/extensions/fxdriver@googlecode.com/components/command_processor.js:10889)
	at <anonymous class>.DelayedCommand.prototype.execute/<(file:///C:/Users/user/AppData/Local/Temp/anonymous5918942132267930159webdriver-profile/extensions/fxdriver@googlecode.com/components/command_processor.js:10831)
Mar 07,2015 20:15:45 [info]  End Execution of Test Class com.iCM.scripts.EMRAdminLate
*****************************************************************************

*****************************************************************************
Mar 07,2015 20:16:36 [info]   Execution Started of Test Class com.iCM.scripts.EMRAdminLate and Test method testEMRAdminLate
*****************************************************************************
Mar 07,2015 20:16:36 [info]  Open application url
Mar 07,2015 20:16:52 [info]  Pass
Mar 07,2015 20:16:52 [info]  Verify Page title
Mar 07,2015 20:16:57 [info]  Pass
Mar 07,2015 20:16:57 [info]  Enter User name at login page.
Mar 07,2015 20:16:57 [info]  Pass
Mar 07,2015 20:16:57 [info]  Enter password at login page.
Mar 07,2015 20:16:58 [info]  Pass
Mar 07,2015 20:16:58 [info]  Click on Sign In button
Mar 07,2015 20:17:17 [info]  Pass
Mar 07,2015 20:17:17 [info]  Verify home page title
Mar 07,2015 20:17:22 [info]  Pass
Mar 07,2015 20:17:44 [info]  Click on All Meds Tab
Mar 07,2015 20:17:48 [info]  Pass
Mar 07,2015 20:17:51 [info]  Click on Admin Button dropdown
Mar 07,2015 20:17:59 [info]  Pass
Mar 07,2015 20:17:59 [info]  Click on reading
Mar 07,2015 20:18:04 [info]  Mar 07,2015 20:18:04 [info]  <<<<<<<<<<<<<<<<<<<<<<<<<<<<<<<<<< Error message >>>>>>>>>>>>>>>>>>>>>>>>>>>>>>
org.openqa.selenium.ElementNotVisibleException: Element is not currently visible and so may not be interacted with
Command duration or timeout: 60 milliseconds
Build info: version: '2.41.0', revision: '3192d8a', time: '2014-03-27 17:17:32'
System info: host: 'user-PC', ip: '192.168.21.1', os.name: 'Windows 7', os.arch: 'x86', os.version: '6.1', java.version: '1.8.0_20'
Driver info: org.openqa.selenium.firefox.FirefoxDriver
Capabilities [{applicationCacheEnabled=true, rotatable=false, handlesAlerts=true, databaseEnabled=true, version=29.0.1, platform=XP, browserConnectionEnabled=true, nativeEvents=false, acceptSslCerts=true, webStorageEnabled=true, locationContextEnabled=true, browserName=firefox, takesScreenshot=true, javascriptEnabled=true, cssSelectorsEnabled=true}]
Session ID: 0bdb4abb-d35e-41dd-98a3-6256c71457d9
	at sun.reflect.NativeConstructorAccessorImpl.newInstance0(Native Method)
	at sun.reflect.NativeConstructorAccessorImpl.newInstance(Unknown Source)
	at sun.reflect.DelegatingConstructorAccessorImpl.newInstance(Unknown Source)
	at java.lang.reflect.Constructor.newInstance(Unknown Source)
	at org.openqa.selenium.remote.ErrorHandler.createThrowable(ErrorHandler.java:193)
	at org.openqa.selenium.remote.ErrorHandler.throwIfResponseFailed(ErrorHandler.java:145)
	at org.openqa.selenium.remote.RemoteWebDriver.execute(RemoteWebDriver.java:595)
	at org.openqa.selenium.remote.RemoteWebElement.execute(RemoteWebElement.java:268)
	at org.openqa.selenium.remote.RemoteWebElement.sendKeys(RemoteWebElement.java:89)
	at com.iCM.pagehelper.EMRHelper.clickOnFirst(EMRHelper.java:198)
	at com.iCM.scripts.EMRAdminLate.testEMRAdminLate(EMRAdminLate.java:282)
	at sun.reflect.NativeMethodAccessorImpl.invoke0(Native Method)
	at sun.reflect.NativeMethodAccessorImpl.invoke(Unknown Source)
	at sun.reflect.DelegatingMethodAccessorImpl.invoke(Unknown Source)
	at java.lang.reflect.Method.invoke(Unknown Source)
	at org.testng.internal.MethodInvocationHelper.invokeMethod(MethodInvocationHelper.java:84)
	at org.testng.internal.Invoker.invokeMethod(Invoker.java:714)
	at org.testng.internal.Invoker.invokeTestMethod(Invoker.java:901)
	at org.testng.internal.Invoker.invokeTestMethods(Invoker.java:1231)
	at org.testng.internal.TestMethodWorker.invokeTestMethods(TestMethodWorker.java:127)
	at org.testng.internal.TestMethodWorker.run(TestMethodWorker.java:111)
	at org.testng.TestRunner.privateRun(TestRunner.java:767)
	at org.testng.TestRunner.run(TestRunner.java:617)
	at org.testng.SuiteRunner.runTest(SuiteRunner.java:334)
	at org.testng.SuiteRunner.runSequentially(SuiteRunner.java:329)
	at org.testng.SuiteRunner.privateRun(SuiteRunner.java:291)
	at org.testng.SuiteRunner.run(SuiteRunner.java:240)
	at org.testng.SuiteRunnerWorker.runSuite(SuiteRunnerWorker.java:52)
	at org.testng.SuiteRunnerWorker.run(SuiteRunnerWorker.java:86)
	at org.testng.TestNG.runSuitesSequentially(TestNG.java:1224)
	at org.testng.TestNG.runSuitesLocally(TestNG.java:1149)
	at org.testng.TestNG.run(TestNG.java:1057)
	at org.testng.remote.RemoteTestNG.run(RemoteTestNG.java:111)
	at org.testng.remote.RemoteTestNG.initAndRun(RemoteTestNG.java:204)
	at org.testng.remote.RemoteTestNG.main(RemoteTestNG.java:175)
Caused by: org.openqa.selenium.remote.ErrorHandler$UnknownServerException: Element is not currently visible and so may not be interacted with
Build info: version: '2.41.0', revision: '3192d8a', time: '2014-03-27 17:17:32'
System info: host: 'user-PC', ip: '192.168.21.1', os.name: 'Windows 7', os.arch: 'x86', os.version: '6.1', java.version: '1.8.0_20'
Driver info: driver.version: unknown
	at <anonymous class>.fxdriver.preconditions.visible(file:///C:/Users/user/AppData/Local/Temp/anonymous8152536192559740611webdriver-profile/extensions/fxdriver@googlecode.com/components/command_processor.js:8225)
	at <anonymous class>.DelayedCommand.prototype.checkPreconditions_(file:///C:/Users/user/AppData/Local/Temp/anonymous8152536192559740611webdriver-profile/extensions/fxdriver@googlecode.com/components/command_processor.js:10867)
	at <anonymous class>.DelayedCommand.prototype.executeInternal_/h(file:///C:/Users/user/AppData/Local/Temp/anonymous8152536192559740611webdriver-profile/extensions/fxdriver@googlecode.com/components/command_processor.js:10884)
	at <anonymous class>.DelayedCommand.prototype.executeInternal_(file:///C:/Users/user/AppData/Local/Temp/anonymous8152536192559740611webdriver-profile/extensions/fxdriver@googlecode.com/components/command_processor.js:10889)
	at <anonymous class>.DelayedCommand.prototype.execute/<(file:///C:/Users/user/AppData/Local/Temp/anonymous8152536192559740611webdriver-profile/extensions/fxdriver@googlecode.com/components/command_processor.js:10831)
Mar 07,2015 20:18:04 [info]  End Execution of Test Class com.iCM.scripts.EMRAdminLate
*****************************************************************************

*****************************************************************************
Mar 07,2015 20:18:29 [info]   Execution Started of Test Class com.iCM.scripts.EMRAdminLate and Test method testEMRAdminLate
*****************************************************************************
Mar 07,2015 20:18:29 [info]  Open application url
Mar 07,2015 20:18:48 [info]  Pass
Mar 07,2015 20:18:48 [info]  Verify Page title
Mar 07,2015 20:18:54 [info]  Pass
Mar 07,2015 20:18:54 [info]  Enter User name at login page.
Mar 07,2015 20:18:54 [info]  Pass
Mar 07,2015 20:18:54 [info]  Enter password at login page.
Mar 07,2015 20:18:55 [info]  Pass
Mar 07,2015 20:18:55 [info]  Click on Sign In button
Mar 07,2015 20:19:13 [info]  Pass
Mar 07,2015 20:19:13 [info]  Verify home page title
Mar 07,2015 20:19:18 [info]  Pass
Mar 07,2015 20:19:41 [info]  Click on All Meds Tab
Mar 07,2015 20:19:45 [info]  Pass
Mar 07,2015 20:19:48 [info]  Click on Admin Button dropdown
Mar 07,2015 20:19:56 [info]  Pass
Mar 07,2015 20:19:56 [info]  Click on reading
Mar 07,2015 20:20:01 [info]  Pass
Mar 07,2015 20:20:04 [info]  Verify Date field is populated
Mar 07,2015 20:20:05 [info]  Mar 07,2015 20:20:05 [info]  <<<<<<<<<<<<<<<<<<<<<<<<<<<<<<<<<< Error message >>>>>>>>>>>>>>>>>>>>>>>>>>>>>>
java.lang.AssertionError: expected [true] but found [false]
	at org.testng.Assert.fail(Assert.java:94)
	at org.testng.Assert.failNotEquals(Assert.java:494)
	at org.testng.Assert.assertTrue(Assert.java:42)
	at org.testng.Assert.assertTrue(Assert.java:52)
	at com.iCM.pagehelper.EMRHelper.verifyFieldPopulated(EMRHelper.java:74)
	at com.iCM.scripts.EMRAdminLate.testEMRAdminLate(EMRAdminLate.java:287)
	at sun.reflect.NativeMethodAccessorImpl.invoke0(Native Method)
	at sun.reflect.NativeMethodAccessorImpl.invoke(Unknown Source)
	at sun.reflect.DelegatingMethodAccessorImpl.invoke(Unknown Source)
	at java.lang.reflect.Method.invoke(Unknown Source)
	at org.testng.internal.MethodInvocationHelper.invokeMethod(MethodInvocationHelper.java:84)
	at org.testng.internal.Invoker.invokeMethod(Invoker.java:714)
	at org.testng.internal.Invoker.invokeTestMethod(Invoker.java:901)
	at org.testng.internal.Invoker.invokeTestMethods(Invoker.java:1231)
	at org.testng.internal.TestMethodWorker.invokeTestMethods(TestMethodWorker.java:127)
	at org.testng.internal.TestMethodWorker.run(TestMethodWorker.java:111)
	at org.testng.TestRunner.privateRun(TestRunner.java:767)
	at org.testng.TestRunner.run(TestRunner.java:617)
	at org.testng.SuiteRunner.runTest(SuiteRunner.java:334)
	at org.testng.SuiteRunner.runSequentially(SuiteRunner.java:329)
	at org.testng.SuiteRunner.privateRun(SuiteRunner.java:291)
	at org.testng.SuiteRunner.run(SuiteRunner.java:240)
	at org.testng.SuiteRunnerWorker.runSuite(SuiteRunnerWorker.java:52)
	at org.testng.SuiteRunnerWorker.run(SuiteRunnerWorker.java:86)
	at org.testng.TestNG.runSuitesSequentially(TestNG.java:1224)
	at org.testng.TestNG.runSuitesLocally(TestNG.java:1149)
	at org.testng.TestNG.run(TestNG.java:1057)
	at org.testng.remote.RemoteTestNG.run(RemoteTestNG.java:111)
	at org.testng.remote.RemoteTestNG.initAndRun(RemoteTestNG.java:204)
	at org.testng.remote.RemoteTestNG.main(RemoteTestNG.java:175)
Mar 07,2015 20:20:05 [info]  End Execution of Test Class com.iCM.scripts.EMRAdminLate
*****************************************************************************

*****************************************************************************
Mar 07,2015 20:22:08 [info]   Execution Started of Test Class com.iCM.scripts.EMRAdminLate and Test method testEMRAdminLate
*****************************************************************************
Mar 07,2015 20:22:08 [info]  Open application url
Mar 07,2015 20:22:25 [info]  Pass
Mar 07,2015 20:22:25 [info]  Verify Page title
Mar 07,2015 20:22:30 [info]  Pass
Mar 07,2015 20:22:30 [info]  Enter User name at login page.
Mar 07,2015 20:22:31 [info]  Pass
Mar 07,2015 20:22:31 [info]  Enter password at login page.
Mar 07,2015 20:22:32 [info]  Pass
Mar 07,2015 20:22:32 [info]  Click on Sign In button
Mar 07,2015 20:22:48 [info]  Pass
Mar 07,2015 20:22:48 [info]  Verify home page title
Mar 07,2015 20:22:53 [info]  Pass
Mar 07,2015 20:23:17 [info]  Click on All Meds Tab
Mar 07,2015 20:23:21 [info]  Pass
Mar 07,2015 20:23:24 [info]  Click on Admin Button dropdown
Mar 07,2015 20:23:31 [info]  Pass
Mar 07,2015 20:23:31 [info]  Click on reading
Mar 07,2015 20:23:37 [info]  Pass
Mar 07,2015 20:23:40 [info]  Verify Date field is populated
Mar 07,2015 20:23:40 [info]  Pass
Mar 07,2015 20:23:40 [info]  Verify Time field is populated
Mar 07,2015 20:23:41 [info]  Pass
Mar 07,2015 20:23:41 [info]  Verify current Date is populated in field
Mar 07,2015 20:23:41 [info]  Pass
Mar 07,2015 20:23:41 [info]  Verify current time is populated in field
Mar 07,2015 20:23:41 [info]  Pass
Mar 07,2015 20:23:41 [info]  Click on Date field
Mar 07,2015 20:23:42 [info]  Pass
Mar 07,2015 20:23:45 [info]  Verify calender opens
Mar 07,2015 20:23:45 [info]  Pass
Mar 07,2015 20:23:45 [info]  Click on Time picker
Mar 07,2015 20:23:48 [info]  Pass
Mar 07,2015 20:23:48 [info]  VVerify Time window displayed
Mar 07,2015 20:23:48 [info]  Pass
Mar 07,2015 20:23:48 [info]  End Execution of Test Class com.iCM.scripts.EMRAdminLate
*****************************************************************************

*****************************************************************************
Mar 07,2015 20:29:21 [info]   Execution Started of Test Class com.iCM.scripts.EMRAdminLate and Test method testEMRAdminLate
*****************************************************************************
Mar 07,2015 20:29:21 [info]  Open application url
Mar 07,2015 20:29:38 [info]  Pass
Mar 07,2015 20:29:38 [info]  Verify Page title
Mar 07,2015 20:29:43 [info]  Pass
Mar 07,2015 20:29:43 [info]  Enter User name at login page.
Mar 07,2015 20:29:44 [info]  Pass
Mar 07,2015 20:29:44 [info]  Enter password at login page.
Mar 07,2015 20:29:45 [info]  Pass
Mar 07,2015 20:29:45 [info]  Click on Sign In button
Mar 07,2015 20:30:03 [info]  Pass
Mar 07,2015 20:30:03 [info]  Verify home page title
Mar 07,2015 20:30:08 [info]  Pass
Mar 07,2015 20:30:08 [info]  Open Add resident form via deep link
Mar 07,2015 20:30:22 [info]  Pass
Mar 07,2015 20:30:22 [info]  Enter Resident First Name
Mar 07,2015 20:30:25 [info]  Pass
Mar 07,2015 20:30:25 [info]  Enter Middle name
Mar 07,2015 20:30:28 [info]  Pass
Mar 07,2015 20:30:28 [info]  Enter last name
Mar 07,2015 20:30:32 [info]  Pass
Mar 07,2015 20:30:32 [info]  Open 'Calender'
Mar 07,2015 20:30:33 [info]  Pass
Mar 07,2015 20:30:38 [info]  Select Year
Mar 07,2015 20:30:45 [info]  Pass
Mar 07,2015 20:30:48 [info]  Select date
Mar 07,2015 20:30:51 [info]  Pass
Mar 07,2015 20:30:51 [info]  Select gender
Mar 07,2015 20:30:52 [info]  Pass
Mar 07,2015 20:30:52 [info]  Select Marital Status
Mar 07,2015 20:30:54 [info]  Pass
Mar 07,2015 20:30:54 [info]  Open 'Calender' for admit date
Mar 07,2015 20:30:55 [info]  Pass
Mar 07,2015 20:30:58 [info]  Select Year
Mar 07,2015 20:31:05 [info]  Pass
Mar 07,2015 20:31:05 [info]  Select Month
Mar 07,2015 20:31:06 [info]  Pass
Mar 07,2015 20:31:06 [info]  Select date
Mar 07,2015 20:31:09 [info]  Pass
Mar 07,2015 20:31:09 [info]  Select Facality
Mar 07,2015 20:31:10 [info]  Pass
Mar 07,2015 20:31:13 [info]  Select Nurse
Mar 07,2015 20:31:15 [info]  Pass
Mar 07,2015 20:31:15 [info]  Enter level of care
Mar 07,2015 20:31:18 [info]  Pass
Mar 07,2015 20:31:18 [info]  Click on 'Save' button
Mar 07,2015 20:31:22 [info]  Pass
Mar 07,2015 20:31:22 [info]  Search Added resident
Mar 07,2015 20:31:26 [info]  Pass
Mar 07,2015 20:31:26 [info]  Verify added resident
Mar 07,2015 20:31:29 [info]  Pass
Mar 07,2015 20:31:29 [info]  Open resident Profile
Mar 07,2015 20:31:33 [info]  Pass
Mar 07,2015 20:31:36 [info]  Click on Medication button
Mar 07,2015 20:31:40 [info]  Pass
Mar 07,2015 20:31:40 [info]  Click on Add Medication button
Mar 07,2015 20:31:55 [info]  Pass
Mar 07,2015 20:31:55 [info]  Enter Medicine Name
Mar 07,2015 20:32:08 [info]  Pass
Mar 07,2015 20:32:08 [info]  Enter Dosage
Mar 07,2015 20:32:12 [info]  Pass
Mar 07,2015 20:32:12 [info]  Enter instruction
Mar 07,2015 20:32:15 [info]  Pass
Mar 07,2015 20:32:15 [info]  Open 'Calender'
Mar 07,2015 20:32:19 [info]  Pass
Mar 07,2015 20:32:22 [info]  Select date
Mar 07,2015 20:32:26 [info]  Pass
Mar 07,2015 20:32:26 [info]  Select time
Mar 07,2015 20:32:28 [info]  Pass
Mar 07,2015 20:32:28 [info]  Select AM/PM
Mar 07,2015 20:32:29 [info]  Pass
Mar 07,2015 20:32:29 [info]  Click on Add Schedule button
Mar 07,2015 20:32:32 [info]  Pass
Mar 07,2015 20:32:32 [info]  Verify Added Schedule
Mar 07,2015 20:32:33 [info]  Pass
Mar 07,2015 20:32:33 [info]  Click on Save button
Mar 07,2015 20:32:51 [info]  Pass
Mar 07,2015 20:32:51 [info]  Verify Title
Mar 07,2015 20:32:56 [info]  Pass
Mar 07,2015 20:33:06 [info]  Open Medication page
Mar 07,2015 20:33:19 [info]  Pass
Mar 07,2015 20:33:19 [info]  Click on EMR Tab
Mar 07,2015 20:33:23 [info]  Pass
Mar 07,2015 20:33:23 [info]  Click on All Meds Tab
Mar 07,2015 20:33:38 [info]  Pass
Mar 07,2015 20:33:41 [info]  Click on Admin Button dropdown
Mar 07,2015 20:33:47 [info]  Pass
Mar 07,2015 20:33:47 [info]  Click on reading
Mar 07,2015 20:33:53 [info]  Pass
Mar 07,2015 20:33:56 [info]  Verify Date field is populated
Mar 07,2015 20:33:56 [info]  Pass
Mar 07,2015 20:33:56 [info]  Verify Time field is populated
Mar 07,2015 20:33:56 [info]  Pass
Mar 07,2015 20:33:56 [info]  Verify current Date is populated in field
Mar 07,2015 20:33:57 [info]  Pass
Mar 07,2015 20:33:57 [info]  Verify current time is populated in field
Mar 07,2015 20:33:57 [info]  Mar 07,2015 20:33:57 [info]  <<<<<<<<<<<<<<<<<<<<<<<<<<<<<<<<<< Error message >>>>>>>>>>>>>>>>>>>>>>>>>>>>>>
java.lang.AssertionError: expected [true] but found [false]
	at org.testng.Assert.fail(Assert.java:94)
	at org.testng.Assert.failNotEquals(Assert.java:494)
	at org.testng.Assert.assertTrue(Assert.java:42)
	at org.testng.Assert.assertTrue(Assert.java:52)
	at com.iCM.pagehelper.EMRHelper.verifyCurrentDateTime(EMRHelper.java:102)
	at com.iCM.scripts.EMRAdminLate.testEMRAdminLate(EMRAdminLate.java:301)
	at sun.reflect.NativeMethodAccessorImpl.invoke0(Native Method)
	at sun.reflect.NativeMethodAccessorImpl.invoke(Unknown Source)
	at sun.reflect.DelegatingMethodAccessorImpl.invoke(Unknown Source)
	at java.lang.reflect.Method.invoke(Unknown Source)
	at org.testng.internal.MethodInvocationHelper.invokeMethod(MethodInvocationHelper.java:84)
	at org.testng.internal.Invoker.invokeMethod(Invoker.java:714)
	at org.testng.internal.Invoker.invokeTestMethod(Invoker.java:901)
	at org.testng.internal.Invoker.invokeTestMethods(Invoker.java:1231)
	at org.testng.internal.TestMethodWorker.invokeTestMethods(TestMethodWorker.java:127)
	at org.testng.internal.TestMethodWorker.run(TestMethodWorker.java:111)
	at org.testng.TestRunner.privateRun(TestRunner.java:767)
	at org.testng.TestRunner.run(TestRunner.java:617)
	at org.testng.SuiteRunner.runTest(SuiteRunner.java:334)
	at org.testng.SuiteRunner.runSequentially(SuiteRunner.java:329)
	at org.testng.SuiteRunner.privateRun(SuiteRunner.java:291)
	at org.testng.SuiteRunner.run(SuiteRunner.java:240)
	at org.testng.SuiteRunnerWorker.runSuite(SuiteRunnerWorker.java:52)
	at org.testng.SuiteRunnerWorker.run(SuiteRunnerWorker.java:86)
	at org.testng.TestNG.runSuitesSequentially(TestNG.java:1224)
	at org.testng.TestNG.runSuitesLocally(TestNG.java:1149)
	at org.testng.TestNG.run(TestNG.java:1057)
	at org.testng.remote.RemoteTestNG.run(RemoteTestNG.java:111)
	at org.testng.remote.RemoteTestNG.initAndRun(RemoteTestNG.java:204)
	at org.testng.remote.RemoteTestNG.main(RemoteTestNG.java:175)
Mar 07,2015 20:33:57 [info]  End Execution of Test Class com.iCM.scripts.EMRAdminLate
*****************************************************************************

*****************************************************************************
Mar 07,2015 20:47:20 [info]   Execution Started of Test Class com.iCM.scripts.EMRAdminLateReading and Test method testEMRAdminLateReading
*****************************************************************************
Mar 07,2015 20:47:20 [info]  Open application url
Mar 07,2015 20:47:35 [info]  Pass
Mar 07,2015 20:47:35 [info]  Verify Page title

*****************************************************************************
Mar 07,2015 20:47:37 [info]   Execution Started of Test Class com.iCM.scripts.EMRAdminLateReading and Test method testEMRAdminLateReading
*****************************************************************************
Mar 07,2015 20:47:37 [info]  Open application url
Mar 07,2015 20:47:41 [info]  Pass
Mar 07,2015 20:47:41 [info]  Enter User name at login page.
Mar 07,2015 20:47:41 [info]  Pass
Mar 07,2015 20:47:41 [info]  Enter password at login page.
Mar 07,2015 20:47:42 [info]  Pass
Mar 07,2015 20:47:42 [info]  Click on Sign In button
Mar 07,2015 20:48:00 [info]  Pass
Mar 07,2015 20:48:00 [info]  Verify Page title
Mar 07,2015 20:48:02 [info]  Pass
Mar 07,2015 20:48:02 [info]  Verify home page title
Mar 07,2015 20:48:05 [info]  Pass
Mar 07,2015 20:48:05 [info]  Enter User name at login page.
Mar 07,2015 20:48:05 [info]  Pass
Mar 07,2015 20:48:05 [info]  Enter password at login page.
Mar 07,2015 20:48:07 [info]  Pass
Mar 07,2015 20:48:07 [info]  Click on Sign In button
Mar 07,2015 20:48:07 [info]  Pass
Mar 07,2015 20:48:28 [info]  Pass
Mar 07,2015 20:48:28 [info]  Verify home page title
Mar 07,2015 20:48:33 [info]  Pass
Mar 07,2015 20:48:37 [info]  Click on All Meds Tab
Mar 07,2015 20:48:41 [info]  Pass
Mar 07,2015 20:48:44 [info]  Click on Admin Button dropdown
Mar 07,2015 20:48:51 [info]  Pass
Mar 07,2015 20:48:51 [info]  Click on reading
Mar 07,2015 20:48:57 [info]  Pass
Mar 07,2015 20:48:57 [info]  Verify Date field is populated
Mar 07,2015 20:48:57 [info]  Pass
Mar 07,2015 20:48:57 [info]  Verify Time field is populated
Mar 07,2015 20:48:57 [info]  Pass
Mar 07,2015 20:48:57 [info]  Verify current Date is populated in field
Mar 07,2015 20:48:58 [info]  Pass
Mar 07,2015 20:48:58 [info]  Verify current time is populated in field
Mar 07,2015 20:48:58 [info]  Click on All Meds Tab
Mar 07,2015 20:48:58 [info]  Pass
Mar 07,2015 20:48:58 [info]  End Execution of Test Class com.iCM.scripts.EMRAdminLateReading
*****************************************************************************
Mar 07,2015 20:49:01 [info]  Pass
Mar 07,2015 20:49:04 [info]  Click on Admin Button dropdown
Mar 07,2015 20:49:12 [info]  Pass
Mar 07,2015 20:49:12 [info]  Click on reading
Mar 07,2015 20:49:18 [info]  Pass
Mar 07,2015 20:49:18 [info]  Verify Date field is populated
Mar 07,2015 20:49:19 [info]  Pass
Mar 07,2015 20:49:19 [info]  Verify Time field is populated
Mar 07,2015 20:49:19 [info]  Pass
Mar 07,2015 20:49:19 [info]  Verify current Date is populated in field
Mar 07,2015 20:49:19 [info]  Pass
Mar 07,2015 20:49:19 [info]  Verify current time is populated in field
Mar 07,2015 20:49:20 [info]  Mar 07,2015 20:49:20 [info]  <<<<<<<<<<<<<<<<<<<<<<<<<<<<<<<<<< Error message >>>>>>>>>>>>>>>>>>>>>>>>>>>>>>
java.lang.AssertionError: expected [true] but found [false]
	at org.testng.Assert.fail(Assert.java:94)
	at org.testng.Assert.failNotEquals(Assert.java:494)
	at org.testng.Assert.assertTrue(Assert.java:42)
	at org.testng.Assert.assertTrue(Assert.java:52)
	at com.iCM.pagehelper.EMRHelper.verifyCurrentDateTime(EMRHelper.java:102)
	at com.iCM.scripts.EMRAdminLateReading.testEMRAdminLateReading(EMRAdminLateReading.java:305)
	at sun.reflect.NativeMethodAccessorImpl.invoke0(Native Method)
	at sun.reflect.NativeMethodAccessorImpl.invoke(Unknown Source)
	at sun.reflect.DelegatingMethodAccessorImpl.invoke(Unknown Source)
	at java.lang.reflect.Method.invoke(Unknown Source)
	at org.testng.internal.MethodInvocationHelper.invokeMethod(MethodInvocationHelper.java:84)
	at org.testng.internal.Invoker.invokeMethod(Invoker.java:714)
	at org.testng.internal.Invoker.invokeTestMethod(Invoker.java:901)
	at org.testng.internal.Invoker.invokeTestMethods(Invoker.java:1231)
	at org.testng.internal.TestMethodWorker.invokeTestMethods(TestMethodWorker.java:127)
	at org.testng.internal.TestMethodWorker.run(TestMethodWorker.java:111)
	at org.testng.TestRunner.privateRun(TestRunner.java:767)
	at org.testng.TestRunner.run(TestRunner.java:617)
	at org.testng.SuiteRunner.runTest(SuiteRunner.java:334)
	at org.testng.SuiteRunner.runSequentially(SuiteRunner.java:329)
	at org.testng.SuiteRunner.privateRun(SuiteRunner.java:291)
	at org.testng.SuiteRunner.run(SuiteRunner.java:240)
	at org.testng.SuiteRunnerWorker.runSuite(SuiteRunnerWorker.java:52)
	at org.testng.SuiteRunnerWorker.run(SuiteRunnerWorker.java:86)
	at org.testng.TestNG.runSuitesSequentially(TestNG.java:1224)
	at org.testng.TestNG.runSuitesLocally(TestNG.java:1149)
	at org.testng.TestNG.run(TestNG.java:1057)
	at org.testng.remote.RemoteTestNG.run(RemoteTestNG.java:111)
	at org.testng.remote.RemoteTestNG.initAndRun(RemoteTestNG.java:204)
	at org.testng.remote.RemoteTestNG.main(RemoteTestNG.java:175)
Mar 07,2015 20:49:20 [info]  End Execution of Test Class com.iCM.scripts.EMRAdminLateReading
*****************************************************************************

*****************************************************************************
Mar 07,2015 20:51:07 [info]   Execution Started of Test Class com.iCM.scripts.EMRAdminLateReading and Test method testEMRAdminLateReading
*****************************************************************************
Mar 07,2015 20:51:07 [info]  Open application url
Mar 07,2015 20:51:22 [info]  Pass
Mar 07,2015 20:51:22 [info]  Verify Page title
Mar 07,2015 20:51:27 [info]  Pass
Mar 07,2015 20:51:27 [info]  Enter User name at login page.
Mar 07,2015 20:51:28 [info]  Pass
Mar 07,2015 20:51:28 [info]  Enter password at login page.
Mar 07,2015 20:51:29 [info]  Pass
Mar 07,2015 20:51:29 [info]  Click on Sign In button
Mar 07,2015 20:51:46 [info]  Pass
Mar 07,2015 20:51:46 [info]  Verify home page title
Mar 07,2015 20:51:51 [info]  Pass
Mar 07,2015 20:52:17 [info]  Click on All Meds Tab
Mar 07,2015 20:52:20 [info]  Pass
Mar 07,2015 20:52:23 [info]  Click on Admin Button dropdown
Mar 07,2015 20:52:31 [info]  Pass
Mar 07,2015 20:52:31 [info]  Click on reading
Mar 07,2015 20:52:37 [info]  Pass
Mar 07,2015 20:52:37 [info]  Verify Date field is populated
Mar 07,2015 20:52:38 [info]  Pass
Mar 07,2015 20:52:38 [info]  Verify Time field is populated
Mar 07,2015 20:52:38 [info]  Pass
Mar 07,2015 20:52:38 [info]  Verify current Date is populated in field
Mar 07,2015 20:52:38 [info]  Pass
Mar 07,2015 20:52:38 [info]  Verify current time is populated in field
Mar 07,2015 20:52:39 [info]  Mar 07,2015 20:52:39 [info]  <<<<<<<<<<<<<<<<<<<<<<<<<<<<<<<<<< Error message >>>>>>>>>>>>>>>>>>>>>>>>>>>>>>
java.lang.AssertionError: expected [true] but found [false]
	at org.testng.Assert.fail(Assert.java:94)
	at org.testng.Assert.failNotEquals(Assert.java:494)
	at org.testng.Assert.assertTrue(Assert.java:42)
	at org.testng.Assert.assertTrue(Assert.java:52)
	at com.iCM.pagehelper.EMRHelper.verifyCurrentDateTime(EMRHelper.java:102)
	at com.iCM.scripts.EMRAdminLateReading.testEMRAdminLateReading(EMRAdminLateReading.java:305)
	at sun.reflect.NativeMethodAccessorImpl.invoke0(Native Method)
	at sun.reflect.NativeMethodAccessorImpl.invoke(Unknown Source)
	at sun.reflect.DelegatingMethodAccessorImpl.invoke(Unknown Source)
	at java.lang.reflect.Method.invoke(Unknown Source)
	at org.testng.internal.MethodInvocationHelper.invokeMethod(MethodInvocationHelper.java:84)
	at org.testng.internal.Invoker.invokeMethod(Invoker.java:714)
	at org.testng.internal.Invoker.invokeTestMethod(Invoker.java:901)
	at org.testng.internal.Invoker.invokeTestMethods(Invoker.java:1231)
	at org.testng.internal.TestMethodWorker.invokeTestMethods(TestMethodWorker.java:127)
	at org.testng.internal.TestMethodWorker.run(TestMethodWorker.java:111)
	at org.testng.TestRunner.privateRun(TestRunner.java:767)
	at org.testng.TestRunner.run(TestRunner.java:617)
	at org.testng.SuiteRunner.runTest(SuiteRunner.java:334)
	at org.testng.SuiteRunner.runSequentially(SuiteRunner.java:329)
	at org.testng.SuiteRunner.privateRun(SuiteRunner.java:291)
	at org.testng.SuiteRunner.run(SuiteRunner.java:240)
	at org.testng.SuiteRunnerWorker.runSuite(SuiteRunnerWorker.java:52)
	at org.testng.SuiteRunnerWorker.run(SuiteRunnerWorker.java:86)
	at org.testng.TestNG.runSuitesSequentially(TestNG.java:1224)
	at org.testng.TestNG.runSuitesLocally(TestNG.java:1149)
	at org.testng.TestNG.run(TestNG.java:1057)
	at org.testng.remote.RemoteTestNG.run(RemoteTestNG.java:111)
	at org.testng.remote.RemoteTestNG.initAndRun(RemoteTestNG.java:204)
	at org.testng.remote.RemoteTestNG.main(RemoteTestNG.java:175)
Mar 07,2015 20:52:39 [info]  End Execution of Test Class com.iCM.scripts.EMRAdminLateReading
*****************************************************************************

*****************************************************************************
Mar 07,2015 20:54:17 [info]   Execution Started of Test Class com.iCM.scripts.EMRAdminLateReading and Test method testEMRAdminLateReading
*****************************************************************************
Mar 07,2015 20:54:17 [info]  Open application url
Mar 07,2015 20:54:33 [info]  Pass
Mar 07,2015 20:54:33 [info]  Verify Page title
Mar 07,2015 20:54:38 [info]  Pass
Mar 07,2015 20:54:38 [info]  Enter User name at login page.
Mar 07,2015 20:54:39 [info]  Pass
Mar 07,2015 20:54:39 [info]  Enter password at login page.
Mar 07,2015 20:54:40 [info]  Pass
Mar 07,2015 20:54:40 [info]  Click on Sign In button
Mar 07,2015 20:54:58 [info]  Pass
Mar 07,2015 20:54:58 [info]  Verify home page title
Mar 07,2015 20:55:03 [info]  Pass
Mar 07,2015 20:55:03 [info]  Open Add resident form via deep link
Mar 07,2015 20:55:18 [info]  Pass
Mar 07,2015 20:55:18 [info]  Enter Resident First Name
Mar 07,2015 20:55:21 [info]  Pass
Mar 07,2015 20:55:21 [info]  Enter Middle name
Mar 07,2015 20:55:25 [info]  Pass
Mar 07,2015 20:55:25 [info]  Enter last name
Mar 07,2015 20:55:28 [info]  Pass
Mar 07,2015 20:55:28 [info]  Open 'Calender'
Mar 07,2015 20:55:30 [info]  Pass
Mar 07,2015 20:55:35 [info]  Select Year
Mar 07,2015 20:55:41 [info]  Pass
Mar 07,2015 20:55:44 [info]  Select date
Mar 07,2015 20:55:47 [info]  Pass
Mar 07,2015 20:55:47 [info]  Select gender
Mar 07,2015 20:55:49 [info]  Pass
Mar 07,2015 20:55:49 [info]  Select Marital Status
Mar 07,2015 20:55:50 [info]  Pass
Mar 07,2015 20:55:50 [info]  Open 'Calender' for admit date
Mar 07,2015 20:55:52 [info]  Pass
Mar 07,2015 20:55:55 [info]  Select Year
Mar 07,2015 20:56:01 [info]  Pass
Mar 07,2015 20:56:01 [info]  Select Month
Mar 07,2015 20:56:03 [info]  Pass
Mar 07,2015 20:56:03 [info]  Select date
Mar 07,2015 20:56:06 [info]  Pass
Mar 07,2015 20:56:06 [info]  Select Facality
Mar 07,2015 20:56:07 [info]  Pass
Mar 07,2015 20:56:10 [info]  Select Nurse
Mar 07,2015 20:56:12 [info]  Pass
Mar 07,2015 20:56:12 [info]  Enter level of care
Mar 07,2015 20:56:15 [info]  Pass
Mar 07,2015 20:56:15 [info]  Click on 'Save' button
Mar 07,2015 20:56:19 [info]  Pass
Mar 07,2015 20:56:19 [info]  Search Added resident
Mar 07,2015 20:56:23 [info]  Pass
Mar 07,2015 20:56:23 [info]  Verify added resident
Mar 07,2015 20:56:26 [info]  Pass
Mar 07,2015 20:56:26 [info]  Open resident Profile
Mar 07,2015 20:56:30 [info]  Pass
Mar 07,2015 20:56:33 [info]  Click on Medication button
Mar 07,2015 20:56:36 [info]  Pass
Mar 07,2015 20:56:36 [info]  Click on Add Medication button
Mar 07,2015 20:56:52 [info]  Pass
Mar 07,2015 20:56:52 [info]  Enter Medicine Name
Mar 07,2015 20:57:10 [info]  Pass
Mar 07,2015 20:57:10 [info]  Enter Dosage
Mar 07,2015 20:57:14 [info]  Pass
Mar 07,2015 20:57:14 [info]  Enter instruction
Mar 07,2015 20:57:18 [info]  Pass
Mar 07,2015 20:57:18 [info]  Open 'Calender'
Mar 07,2015 20:57:22 [info]  Pass
Mar 07,2015 20:57:25 [info]  Select date
Mar 07,2015 20:57:29 [info]  Pass
Mar 07,2015 20:57:29 [info]  Select time
Mar 07,2015 20:57:31 [info]  Pass
Mar 07,2015 20:57:31 [info]  Select AM/PM
Mar 07,2015 20:57:31 [info]  Pass
Mar 07,2015 20:57:31 [info]  Click on Add Schedule button
Mar 07,2015 20:57:35 [info]  Pass
Mar 07,2015 20:57:35 [info]  Verify Added Schedule
Mar 07,2015 20:57:35 [info]  Pass
Mar 07,2015 20:57:35 [info]  Click on Save button
Mar 07,2015 20:57:54 [info]  Pass
Mar 07,2015 20:57:54 [info]  Verify Title
Mar 07,2015 20:57:59 [info]  Pass
Mar 07,2015 20:58:09 [info]  Open Medication page
Mar 07,2015 20:58:24 [info]  Pass
Mar 07,2015 20:58:24 [info]  Click on EMR Tab
Mar 07,2015 20:58:28 [info]  Pass
Mar 07,2015 20:58:28 [info]  Click on All Meds Tab
Mar 07,2015 20:58:49 [info]  Pass
Mar 07,2015 20:58:52 [info]  Click on Admin Button dropdown
Mar 07,2015 20:58:55 [info]  Pass
Mar 07,2015 20:58:55 [info]  Click on reading
Mar 07,2015 20:59:01 [info]  Pass
Mar 07,2015 20:59:01 [info]  Verify Date field is populated
Mar 07,2015 20:59:02 [info]  Pass
Mar 07,2015 20:59:02 [info]  Verify Time field is populated
Mar 07,2015 20:59:02 [info]  Pass
Mar 07,2015 20:59:02 [info]  Verify current Date is populated in field
Mar 07,2015 20:59:03 [info]  Pass
Mar 07,2015 20:59:03 [info]  Verify current time is populated in field
Mar 07,2015 20:59:03 [info]  Pass
Mar 07,2015 20:59:13 [info]  Open resident profile
Mar 07,2015 20:59:32 [info]  Pass
Mar 07,2015 20:59:32 [info]  End Execution of Test Class com.iCM.scripts.EMRAdminLateReading
*****************************************************************************

*****************************************************************************
Mar 07,2015 21:00:39 [info]   Execution Started of Test Class com.iCM.scripts.EMRWithoutError and Test method testEMRWithoutError
*****************************************************************************
Mar 07,2015 21:00:39 [info]  Open application url
Mar 07,2015 21:00:54 [info]  Pass
Mar 07,2015 21:00:54 [info]  Verify Page title
Mar 07,2015 21:00:59 [info]  Pass
Mar 07,2015 21:00:59 [info]  Enter User name at login page.
Mar 07,2015 21:00:59 [info]  Pass
Mar 07,2015 21:00:59 [info]  Enter password at login page.
Mar 07,2015 21:01:00 [info]  Pass
Mar 07,2015 21:01:00 [info]  Click on Sign In button
Mar 07,2015 21:01:16 [info]  Pass
Mar 07,2015 21:01:16 [info]  Verify home page title
Mar 07,2015 21:01:22 [info]  Pass
Mar 07,2015 21:01:22 [info]  Click on 'EMR'
Mar 07,2015 21:01:22 [info]  Mar 07,2015 21:01:22 [info]  <<<<<<<<<<<<<<<<<<<<<<<<<<<<<<<<<< Error message >>>>>>>>>>>>>>>>>>>>>>>>>>>>>>
java.lang.NullPointerException
	at com.iCM.locators.LocatorReader.getLocator(LocatorReader.java:32)
	at com.iCM.pagehelper.EMRHelper.click(EMRHelper.java:30)
	at com.iCM.scripts.EMRWithoutError.testEMRWithoutError(EMRWithoutError.java:55)
	at sun.reflect.NativeMethodAccessorImpl.invoke0(Native Method)
	at sun.reflect.NativeMethodAccessorImpl.invoke(Unknown Source)
	at sun.reflect.DelegatingMethodAccessorImpl.invoke(Unknown Source)
	at java.lang.reflect.Method.invoke(Unknown Source)
	at org.testng.internal.MethodInvocationHelper.invokeMethod(MethodInvocationHelper.java:84)
	at org.testng.internal.Invoker.invokeMethod(Invoker.java:714)
	at org.testng.internal.Invoker.invokeTestMethod(Invoker.java:901)
	at org.testng.internal.Invoker.invokeTestMethods(Invoker.java:1231)
	at org.testng.internal.TestMethodWorker.invokeTestMethods(TestMethodWorker.java:127)
	at org.testng.internal.TestMethodWorker.run(TestMethodWorker.java:111)
	at org.testng.TestRunner.privateRun(TestRunner.java:767)
	at org.testng.TestRunner.run(TestRunner.java:617)
	at org.testng.SuiteRunner.runTest(SuiteRunner.java:334)
	at org.testng.SuiteRunner.runSequentially(SuiteRunner.java:329)
	at org.testng.SuiteRunner.privateRun(SuiteRunner.java:291)
	at org.testng.SuiteRunner.run(SuiteRunner.java:240)
	at org.testng.SuiteRunnerWorker.runSuite(SuiteRunnerWorker.java:52)
	at org.testng.SuiteRunnerWorker.run(SuiteRunnerWorker.java:86)
	at org.testng.TestNG.runSuitesSequentially(TestNG.java:1224)
	at org.testng.TestNG.runSuitesLocally(TestNG.java:1149)
	at org.testng.TestNG.run(TestNG.java:1057)
	at org.testng.remote.RemoteTestNG.run(RemoteTestNG.java:111)
	at org.testng.remote.RemoteTestNG.initAndRun(RemoteTestNG.java:204)
	at org.testng.remote.RemoteTestNG.main(RemoteTestNG.java:175)
Mar 07,2015 21:01:22 [info]  End Execution of Test Class com.iCM.scripts.EMRWithoutError
*****************************************************************************

*****************************************************************************
Mar 07,2015 21:08:14 [info]   Execution Started of Test Class com.iCM.scripts.EMRWithoutError and Test method testEMRWithoutError
*****************************************************************************
Mar 07,2015 21:08:14 [info]  Open application url
Mar 07,2015 21:08:29 [info]  Pass
Mar 07,2015 21:08:29 [info]  Verify Page title
Mar 07,2015 21:08:34 [info]  Pass
Mar 07,2015 21:08:34 [info]  Enter User name at login page.
Mar 07,2015 21:08:35 [info]  Pass
Mar 07,2015 21:08:35 [info]  Enter password at login page.
Mar 07,2015 21:08:36 [info]  Pass
Mar 07,2015 21:08:36 [info]  Click on Sign In button
Mar 07,2015 21:08:54 [info]  Pass
Mar 07,2015 21:08:54 [info]  Verify home page title
Mar 07,2015 21:08:59 [info]  Pass
Mar 07,2015 21:08:59 [info]  Click on 'EMR'
Mar 07,2015 21:08:59 [info]  Mar 07,2015 21:08:59 [info]  <<<<<<<<<<<<<<<<<<<<<<<<<<<<<<<<<< Error message >>>>>>>>>>>>>>>>>>>>>>>>>>>>>>
java.lang.NullPointerException
	at com.iCM.locators.LocatorReader.getLocator(LocatorReader.java:32)
	at com.iCM.pagehelper.EMRHelper.click(EMRHelper.java:30)
	at com.iCM.scripts.EMRWithoutError.testEMRWithoutError(EMRWithoutError.java:55)
	at sun.reflect.NativeMethodAccessorImpl.invoke0(Native Method)
	at sun.reflect.NativeMethodAccessorImpl.invoke(Unknown Source)
	at sun.reflect.DelegatingMethodAccessorImpl.invoke(Unknown Source)
	at java.lang.reflect.Method.invoke(Unknown Source)
	at org.testng.internal.MethodInvocationHelper.invokeMethod(MethodInvocationHelper.java:84)
	at org.testng.internal.Invoker.invokeMethod(Invoker.java:714)
	at org.testng.internal.Invoker.invokeTestMethod(Invoker.java:901)
	at org.testng.internal.Invoker.invokeTestMethods(Invoker.java:1231)
	at org.testng.internal.TestMethodWorker.invokeTestMethods(TestMethodWorker.java:127)
	at org.testng.internal.TestMethodWorker.run(TestMethodWorker.java:111)
	at org.testng.TestRunner.privateRun(TestRunner.java:767)
	at org.testng.TestRunner.run(TestRunner.java:617)
	at org.testng.SuiteRunner.runTest(SuiteRunner.java:334)
	at org.testng.SuiteRunner.runSequentially(SuiteRunner.java:329)
	at org.testng.SuiteRunner.privateRun(SuiteRunner.java:291)
	at org.testng.SuiteRunner.run(SuiteRunner.java:240)
	at org.testng.SuiteRunnerWorker.runSuite(SuiteRunnerWorker.java:52)
	at org.testng.SuiteRunnerWorker.run(SuiteRunnerWorker.java:86)
	at org.testng.TestNG.runSuitesSequentially(TestNG.java:1224)
	at org.testng.TestNG.runSuitesLocally(TestNG.java:1149)
	at org.testng.TestNG.run(TestNG.java:1057)
	at org.testng.remote.RemoteTestNG.run(RemoteTestNG.java:111)
	at org.testng.remote.RemoteTestNG.initAndRun(RemoteTestNG.java:204)
	at org.testng.remote.RemoteTestNG.main(RemoteTestNG.java:175)
Mar 07,2015 21:08:59 [info]  End Execution of Test Class com.iCM.scripts.EMRWithoutError
*****************************************************************************

*****************************************************************************
Mar 07,2015 21:11:56 [info]   Execution Started of Test Class com.iCM.scripts.EMRWithoutError and Test method testEMRWithoutError
*****************************************************************************
Mar 07,2015 21:11:56 [info]  Open application url
Mar 07,2015 21:12:14 [info]  Pass
Mar 07,2015 21:12:14 [info]  Verify Page title
Mar 07,2015 21:12:19 [info]  Pass
Mar 07,2015 21:12:19 [info]  Enter User name at login page.
Mar 07,2015 21:12:19 [info]  Pass
Mar 07,2015 21:12:19 [info]  Enter password at login page.
Mar 07,2015 21:12:21 [info]  Pass
Mar 07,2015 21:12:21 [info]  Click on Sign In button
Mar 07,2015 21:12:40 [info]  Pass
Mar 07,2015 21:12:40 [info]  Verify home page title
Mar 07,2015 21:12:45 [info]  Pass
Mar 07,2015 21:12:45 [info]  Click on 'EMR'
Mar 07,2015 21:12:49 [info]  Pass
Mar 07,2015 21:12:49 [info]  Verify EMR title
Mar 07,2015 21:12:54 [info]  Pass
Mar 07,2015 21:12:54 [info]  Verify No 500 error page displayed
Mar 07,2015 21:13:01 [info]  Pass
Mar 07,2015 21:13:01 [info]  End Execution of Test Class com.iCM.scripts.EMRWithoutError
*****************************************************************************

*****************************************************************************
Mar 07,2015 21:17:30 [info]   Execution Started of Test Class com.iCM.scripts.EMRAdminResidentHold and Test method testEMRAdminResidentHold
*****************************************************************************
Mar 07,2015 21:17:30 [info]  Open application url
Mar 07,2015 21:17:48 [info]  Pass
Mar 07,2015 21:17:48 [info]  Verify Page title
Mar 07,2015 21:17:53 [info]  Pass
Mar 07,2015 21:17:53 [info]  Enter User name at login page.
Mar 07,2015 21:17:53 [info]  Pass
Mar 07,2015 21:17:53 [info]  Enter password at login page.
Mar 07,2015 21:17:55 [info]  Pass
Mar 07,2015 21:17:55 [info]  Click on Sign In button
Mar 07,2015 21:18:15 [info]  Pass
Mar 07,2015 21:18:15 [info]  Verify home page title
Mar 07,2015 21:18:20 [info]  Pass
Mar 07,2015 21:18:46 [info]  Click on All Meds Tab
Mar 07,2015 21:18:50 [info]  Pass
Mar 07,2015 21:18:53 [info]  Click on Admin Button dropdown
Mar 07,2015 21:19:01 [info]  Pass
Mar 07,2015 21:19:01 [info]  Mouse hover Omission
Mar 07,2015 21:19:03 [info]  Pass
Mar 07,2015 21:19:03 [info]  Mouse hover Resident Hold
Mar 07,2015 21:19:06 [info]  Pass
Mar 07,2015 21:19:06 [info]  Click on ReResident Refused
Mar 07,2015 21:19:12 [info]  Pass
Mar 07,2015 21:19:12 [info]  Click on Save button
Mar 07,2015 21:19:12 [info]  Mar 07,2015 21:19:12 [info]  <<<<<<<<<<<<<<<<<<<<<<<<<<<<<<<<<< Error message >>>>>>>>>>>>>>>>>>>>>>>>>>>>>>
org.openqa.selenium.ElementNotVisibleException: Element is not currently visible and so may not be interacted with
Command duration or timeout: 41 milliseconds
Build info: version: '2.41.0', revision: '3192d8a', time: '2014-03-27 17:17:32'
System info: host: 'user-PC', ip: '192.168.21.1', os.name: 'Windows 7', os.arch: 'x86', os.version: '6.1', java.version: '1.8.0_20'
Driver info: org.openqa.selenium.firefox.FirefoxDriver
Capabilities [{applicationCacheEnabled=true, rotatable=false, handlesAlerts=true, databaseEnabled=true, version=29.0.1, platform=XP, browserConnectionEnabled=true, nativeEvents=false, acceptSslCerts=true, webStorageEnabled=true, locationContextEnabled=true, browserName=firefox, takesScreenshot=true, javascriptEnabled=true, cssSelectorsEnabled=true}]
Session ID: 4b037d67-b92e-4bee-bc10-5ae677625ecb
	at sun.reflect.NativeConstructorAccessorImpl.newInstance0(Native Method)
	at sun.reflect.NativeConstructorAccessorImpl.newInstance(Unknown Source)
	at sun.reflect.DelegatingConstructorAccessorImpl.newInstance(Unknown Source)
	at java.lang.reflect.Constructor.newInstance(Unknown Source)
	at org.openqa.selenium.remote.ErrorHandler.createThrowable(ErrorHandler.java:193)
	at org.openqa.selenium.remote.ErrorHandler.throwIfResponseFailed(ErrorHandler.java:145)
	at org.openqa.selenium.remote.RemoteWebDriver.execute(RemoteWebDriver.java:595)
	at org.openqa.selenium.remote.RemoteWebElement.execute(RemoteWebElement.java:268)
	at org.openqa.selenium.remote.RemoteWebElement.click(RemoteWebElement.java:79)
	at com.iCM.util.DriverHelper.clickOn(DriverHelper.java:254)
	at com.iCM.pagehelper.EMRHelper.click(EMRHelper.java:32)
	at com.iCM.scripts.EMRAdminResidentHold.testEMRAdminResidentHold(EMRAdminResidentHold.java:299)
	at sun.reflect.NativeMethodAccessorImpl.invoke0(Native Method)
	at sun.reflect.NativeMethodAccessorImpl.invoke(Unknown Source)
	at sun.reflect.DelegatingMethodAccessorImpl.invoke(Unknown Source)
	at java.lang.reflect.Method.invoke(Unknown Source)
	at org.testng.internal.MethodInvocationHelper.invokeMethod(MethodInvocationHelper.java:84)
	at org.testng.internal.Invoker.invokeMethod(Invoker.java:714)
	at org.testng.internal.Invoker.invokeTestMethod(Invoker.java:901)
	at org.testng.internal.Invoker.invokeTestMethods(Invoker.java:1231)
	at org.testng.internal.TestMethodWorker.invokeTestMethods(TestMethodWorker.java:127)
	at org.testng.internal.TestMethodWorker.run(TestMethodWorker.java:111)
	at org.testng.TestRunner.privateRun(TestRunner.java:767)
	at org.testng.TestRunner.run(TestRunner.java:617)
	at org.testng.SuiteRunner.runTest(SuiteRunner.java:334)
	at org.testng.SuiteRunner.runSequentially(SuiteRunner.java:329)
	at org.testng.SuiteRunner.privateRun(SuiteRunner.java:291)
	at org.testng.SuiteRunner.run(SuiteRunner.java:240)
	at org.testng.SuiteRunnerWorker.runSuite(SuiteRunnerWorker.java:52)
	at org.testng.SuiteRunnerWorker.run(SuiteRunnerWorker.java:86)
	at org.testng.TestNG.runSuitesSequentially(TestNG.java:1224)
	at org.testng.TestNG.runSuitesLocally(TestNG.java:1149)
	at org.testng.TestNG.run(TestNG.java:1057)
	at org.testng.remote.RemoteTestNG.run(RemoteTestNG.java:111)
	at org.testng.remote.RemoteTestNG.initAndRun(RemoteTestNG.java:204)
	at org.testng.remote.RemoteTestNG.main(RemoteTestNG.java:175)
Caused by: org.openqa.selenium.remote.ErrorHandler$UnknownServerException: Element is not currently visible and so may not be interacted with
Build info: version: '2.41.0', revision: '3192d8a', time: '2014-03-27 17:17:32'
System info: host: 'user-PC', ip: '192.168.21.1', os.name: 'Windows 7', os.arch: 'x86', os.version: '6.1', java.version: '1.8.0_20'
Driver info: driver.version: unknown
	at <anonymous class>.fxdriver.preconditions.visible(file:///C:/Users/user/AppData/Local/Temp/anonymous7373070374836606401webdriver-profile/extensions/fxdriver@googlecode.com/components/command_processor.js:8225)
	at <anonymous class>.DelayedCommand.prototype.checkPreconditions_(file:///C:/Users/user/AppData/Local/Temp/anonymous7373070374836606401webdriver-profile/extensions/fxdriver@googlecode.com/components/command_processor.js:10867)
	at <anonymous class>.DelayedCommand.prototype.executeInternal_/h(file:///C:/Users/user/AppData/Local/Temp/anonymous7373070374836606401webdriver-profile/extensions/fxdriver@googlecode.com/components/command_processor.js:10884)
	at <anonymous class>.DelayedCommand.prototype.executeInternal_(file:///C:/Users/user/AppData/Local/Temp/anonymous7373070374836606401webdriver-profile/extensions/fxdriver@googlecode.com/components/command_processor.js:10889)
	at <anonymous class>.DelayedCommand.prototype.execute/<(file:///C:/Users/user/AppData/Local/Temp/anonymous7373070374836606401webdriver-profile/extensions/fxdriver@googlecode.com/components/command_processor.js:10831)
Mar 07,2015 21:19:12 [info]  End Execution of Test Class com.iCM.scripts.EMRAdminResidentHold
*****************************************************************************

*****************************************************************************
Mar 07,2015 21:20:07 [info]   Execution Started of Test Class com.iCM.scripts.EMRAdminResidentHold and Test method testEMRAdminResidentHold
*****************************************************************************
Mar 07,2015 21:20:07 [info]  Open application url
Mar 07,2015 21:20:22 [info]  Pass
Mar 07,2015 21:20:22 [info]  Verify Page title
Mar 07,2015 21:20:27 [info]  Pass
Mar 07,2015 21:20:27 [info]  Enter User name at login page.
Mar 07,2015 21:20:28 [info]  Pass
Mar 07,2015 21:20:28 [info]  Enter password at login page.
Mar 07,2015 21:20:30 [info]  Pass
Mar 07,2015 21:20:30 [info]  Click on Sign In button
Mar 07,2015 21:20:59 [info]  Pass
Mar 07,2015 21:20:59 [info]  Verify home page title
Mar 07,2015 21:21:04 [info]  Pass
Mar 07,2015 21:21:30 [info]  Click on All Meds Tab
Mar 07,2015 21:21:33 [info]  Pass
Mar 07,2015 21:21:36 [info]  Click on Admin Button dropdown
Mar 07,2015 21:21:45 [info]  Pass
Mar 07,2015 21:21:45 [info]  Mouse hover Omission
Mar 07,2015 21:21:48 [info]  Pass
Mar 07,2015 21:21:48 [info]  Mouse hover Resident Hold
Mar 07,2015 21:21:50 [info]  Pass
Mar 07,2015 21:21:50 [info]  Click on ReResident Refused
Mar 07,2015 21:21:56 [info]  Pass
Mar 07,2015 21:21:59 [info]  Click on Save button
Mar 07,2015 21:21:59 [info]  Mar 07,2015 21:21:59 [info]  <<<<<<<<<<<<<<<<<<<<<<<<<<<<<<<<<< Error message >>>>>>>>>>>>>>>>>>>>>>>>>>>>>>
org.openqa.selenium.ElementNotVisibleException: Element is not currently visible and so may not be interacted with
Command duration or timeout: 49 milliseconds
Build info: version: '2.41.0', revision: '3192d8a', time: '2014-03-27 17:17:32'
System info: host: 'user-PC', ip: '192.168.21.1', os.name: 'Windows 7', os.arch: 'x86', os.version: '6.1', java.version: '1.8.0_20'
Driver info: org.openqa.selenium.firefox.FirefoxDriver
Capabilities [{applicationCacheEnabled=true, rotatable=false, handlesAlerts=true, databaseEnabled=true, version=29.0.1, platform=XP, browserConnectionEnabled=true, nativeEvents=false, acceptSslCerts=true, webStorageEnabled=true, locationContextEnabled=true, browserName=firefox, takesScreenshot=true, javascriptEnabled=true, cssSelectorsEnabled=true}]
Session ID: 89a97bf1-96bb-4276-98a9-06787faf0e27
	at sun.reflect.NativeConstructorAccessorImpl.newInstance0(Native Method)
	at sun.reflect.NativeConstructorAccessorImpl.newInstance(Unknown Source)
	at sun.reflect.DelegatingConstructorAccessorImpl.newInstance(Unknown Source)
	at java.lang.reflect.Constructor.newInstance(Unknown Source)
	at org.openqa.selenium.remote.ErrorHandler.createThrowable(ErrorHandler.java:193)
	at org.openqa.selenium.remote.ErrorHandler.throwIfResponseFailed(ErrorHandler.java:145)
	at org.openqa.selenium.remote.RemoteWebDriver.execute(RemoteWebDriver.java:595)
	at org.openqa.selenium.remote.RemoteWebElement.execute(RemoteWebElement.java:268)
	at org.openqa.selenium.remote.RemoteWebElement.click(RemoteWebElement.java:79)
	at com.iCM.util.DriverHelper.clickOn(DriverHelper.java:254)
	at com.iCM.pagehelper.EMRHelper.click(EMRHelper.java:32)
	at com.iCM.scripts.EMRAdminResidentHold.testEMRAdminResidentHold(EMRAdminResidentHold.java:301)
	at sun.reflect.NativeMethodAccessorImpl.invoke0(Native Method)
	at sun.reflect.NativeMethodAccessorImpl.invoke(Unknown Source)
	at sun.reflect.DelegatingMethodAccessorImpl.invoke(Unknown Source)
	at java.lang.reflect.Method.invoke(Unknown Source)
	at org.testng.internal.MethodInvocationHelper.invokeMethod(MethodInvocationHelper.java:84)
	at org.testng.internal.Invoker.invokeMethod(Invoker.java:714)
	at org.testng.internal.Invoker.invokeTestMethod(Invoker.java:901)
	at org.testng.internal.Invoker.invokeTestMethods(Invoker.java:1231)
	at org.testng.internal.TestMethodWorker.invokeTestMethods(TestMethodWorker.java:127)
	at org.testng.internal.TestMethodWorker.run(TestMethodWorker.java:111)
	at org.testng.TestRunner.privateRun(TestRunner.java:767)
	at org.testng.TestRunner.run(TestRunner.java:617)
	at org.testng.SuiteRunner.runTest(SuiteRunner.java:334)
	at org.testng.SuiteRunner.runSequentially(SuiteRunner.java:329)
	at org.testng.SuiteRunner.privateRun(SuiteRunner.java:291)
	at org.testng.SuiteRunner.run(SuiteRunner.java:240)
	at org.testng.SuiteRunnerWorker.runSuite(SuiteRunnerWorker.java:52)
	at org.testng.SuiteRunnerWorker.run(SuiteRunnerWorker.java:86)
	at org.testng.TestNG.runSuitesSequentially(TestNG.java:1224)
	at org.testng.TestNG.runSuitesLocally(TestNG.java:1149)
	at org.testng.TestNG.run(TestNG.java:1057)
	at org.testng.remote.RemoteTestNG.run(RemoteTestNG.java:111)
	at org.testng.remote.RemoteTestNG.initAndRun(RemoteTestNG.java:204)
	at org.testng.remote.RemoteTestNG.main(RemoteTestNG.java:175)
Caused by: org.openqa.selenium.remote.ErrorHandler$UnknownServerException: Element is not currently visible and so may not be interacted with
Build info: version: '2.41.0', revision: '3192d8a', time: '2014-03-27 17:17:32'
System info: host: 'user-PC', ip: '192.168.21.1', os.name: 'Windows 7', os.arch: 'x86', os.version: '6.1', java.version: '1.8.0_20'
Driver info: driver.version: unknown
	at <anonymous class>.fxdriver.preconditions.visible(file:///C:/Users/user/AppData/Local/Temp/anonymous4164557529612365901webdriver-profile/extensions/fxdriver@googlecode.com/components/command_processor.js:8225)
	at <anonymous class>.DelayedCommand.prototype.checkPreconditions_(file:///C:/Users/user/AppData/Local/Temp/anonymous4164557529612365901webdriver-profile/extensions/fxdriver@googlecode.com/components/command_processor.js:10867)
	at <anonymous class>.DelayedCommand.prototype.executeInternal_/h(file:///C:/Users/user/AppData/Local/Temp/anonymous4164557529612365901webdriver-profile/extensions/fxdriver@googlecode.com/components/command_processor.js:10884)
	at <anonymous class>.DelayedCommand.prototype.executeInternal_(file:///C:/Users/user/AppData/Local/Temp/anonymous4164557529612365901webdriver-profile/extensions/fxdriver@googlecode.com/components/command_processor.js:10889)
	at <anonymous class>.DelayedCommand.prototype.execute/<(file:///C:/Users/user/AppData/Local/Temp/anonymous4164557529612365901webdriver-profile/extensions/fxdriver@googlecode.com/components/command_processor.js:10831)
Mar 07,2015 21:22:00 [info]  End Execution of Test Class com.iCM.scripts.EMRAdminResidentHold
*****************************************************************************

*****************************************************************************
Mar 07,2015 21:23:55 [info]   Execution Started of Test Class com.iCM.scripts.EMRAdminResidentRefused and Test method testEMRAdminResidentRefused
*****************************************************************************
Mar 07,2015 21:23:55 [info]  Open application url
Mar 07,2015 21:24:11 [info]  Pass
Mar 07,2015 21:24:11 [info]  Verify Page title
Mar 07,2015 21:24:16 [info]  Pass
Mar 07,2015 21:24:16 [info]  Enter User name at login page.
Mar 07,2015 21:24:17 [info]  Pass
Mar 07,2015 21:24:17 [info]  Enter password at login page.
Mar 07,2015 21:24:18 [info]  Pass
Mar 07,2015 21:24:18 [info]  Click on Sign In button
Mar 07,2015 21:24:36 [info]  Pass
Mar 07,2015 21:24:36 [info]  Verify home page title
Mar 07,2015 21:24:41 [info]  Pass
Mar 07,2015 21:25:08 [info]  Click on All Meds Tab
Mar 07,2015 21:25:12 [info]  Pass
Mar 07,2015 21:25:15 [info]  Click on Admin Button dropdown
Mar 07,2015 21:25:22 [info]  Pass
Mar 07,2015 21:25:22 [info]  Click on ReResident Refused
Mar 07,2015 21:25:28 [info]  Pass
Mar 07,2015 21:25:28 [info]  Enter Result
Mar 07,2015 21:25:29 [info]  Mar 07,2015 21:25:29 [info]  <<<<<<<<<<<<<<<<<<<<<<<<<<<<<<<<<< Error message >>>>>>>>>>>>>>>>>>>>>>>>>>>>>>
org.openqa.selenium.ElementNotVisibleException: Element is not currently visible and so may not be interacted with
Command duration or timeout: 41 milliseconds
Build info: version: '2.41.0', revision: '3192d8a', time: '2014-03-27 17:17:32'
System info: host: 'user-PC', ip: '192.168.21.1', os.name: 'Windows 7', os.arch: 'x86', os.version: '6.1', java.version: '1.8.0_20'
Driver info: org.openqa.selenium.firefox.FirefoxDriver
Capabilities [{applicationCacheEnabled=true, rotatable=false, handlesAlerts=true, databaseEnabled=true, version=29.0.1, platform=XP, browserConnectionEnabled=true, nativeEvents=false, acceptSslCerts=true, webStorageEnabled=true, locationContextEnabled=true, browserName=firefox, takesScreenshot=true, javascriptEnabled=true, cssSelectorsEnabled=true}]
Session ID: 710e4890-f084-47eb-aa9d-a97164a16b20
	at sun.reflect.NativeConstructorAccessorImpl.newInstance0(Native Method)
	at sun.reflect.NativeConstructorAccessorImpl.newInstance(Unknown Source)
	at sun.reflect.DelegatingConstructorAccessorImpl.newInstance(Unknown Source)
	at java.lang.reflect.Constructor.newInstance(Unknown Source)
	at org.openqa.selenium.remote.ErrorHandler.createThrowable(ErrorHandler.java:193)
	at org.openqa.selenium.remote.ErrorHandler.throwIfResponseFailed(ErrorHandler.java:145)
	at org.openqa.selenium.remote.RemoteWebDriver.execute(RemoteWebDriver.java:595)
	at org.openqa.selenium.remote.RemoteWebElement.execute(RemoteWebElement.java:268)
	at org.openqa.selenium.remote.RemoteWebElement.clear(RemoteWebElement.java:113)
	at com.iCM.util.DriverHelper.sendKeys(DriverHelper.java:262)
	at com.iCM.pagehelper.EMRHelper.type(EMRHelper.java:129)
	at com.iCM.scripts.EMRAdminResidentRefused.testEMRAdminResidentRefused(EMRAdminResidentRefused.java:290)
	at sun.reflect.NativeMethodAccessorImpl.invoke0(Native Method)
	at sun.reflect.NativeMethodAccessorImpl.invoke(Unknown Source)
	at sun.reflect.DelegatingMethodAccessorImpl.invoke(Unknown Source)
	at java.lang.reflect.Method.invoke(Unknown Source)
	at org.testng.internal.MethodInvocationHelper.invokeMethod(MethodInvocationHelper.java:84)
	at org.testng.internal.Invoker.invokeMethod(Invoker.java:714)
	at org.testng.internal.Invoker.invokeTestMethod(Invoker.java:901)
	at org.testng.internal.Invoker.invokeTestMethods(Invoker.java:1231)
	at org.testng.internal.TestMethodWorker.invokeTestMethods(TestMethodWorker.java:127)
	at org.testng.internal.TestMethodWorker.run(TestMethodWorker.java:111)
	at org.testng.TestRunner.privateRun(TestRunner.java:767)
	at org.testng.TestRunner.run(TestRunner.java:617)
	at org.testng.SuiteRunner.runTest(SuiteRunner.java:334)
	at org.testng.SuiteRunner.runSequentially(SuiteRunner.java:329)
	at org.testng.SuiteRunner.privateRun(SuiteRunner.java:291)
	at org.testng.SuiteRunner.run(SuiteRunner.java:240)
	at org.testng.SuiteRunnerWorker.runSuite(SuiteRunnerWorker.java:52)
	at org.testng.SuiteRunnerWorker.run(SuiteRunnerWorker.java:86)
	at org.testng.TestNG.runSuitesSequentially(TestNG.java:1224)
	at org.testng.TestNG.runSuitesLocally(TestNG.java:1149)
	at org.testng.TestNG.run(TestNG.java:1057)
	at org.testng.remote.RemoteTestNG.run(RemoteTestNG.java:111)
	at org.testng.remote.RemoteTestNG.initAndRun(RemoteTestNG.java:204)
	at org.testng.remote.RemoteTestNG.main(RemoteTestNG.java:175)
Caused by: org.openqa.selenium.remote.ErrorHandler$UnknownServerException: Element is not currently visible and so may not be interacted with
Build info: version: '2.41.0', revision: '3192d8a', time: '2014-03-27 17:17:32'
System info: host: 'user-PC', ip: '192.168.21.1', os.name: 'Windows 7', os.arch: 'x86', os.version: '6.1', java.version: '1.8.0_20'
Driver info: driver.version: unknown
	at <anonymous class>.fxdriver.preconditions.visible(file:///C:/Users/user/AppData/Local/Temp/anonymous3534562881554919881webdriver-profile/extensions/fxdriver@googlecode.com/components/command_processor.js:8225)
	at <anonymous class>.DelayedCommand.prototype.checkPreconditions_(file:///C:/Users/user/AppData/Local/Temp/anonymous3534562881554919881webdriver-profile/extensions/fxdriver@googlecode.com/components/command_processor.js:10867)
	at <anonymous class>.DelayedCommand.prototype.executeInternal_/h(file:///C:/Users/user/AppData/Local/Temp/anonymous3534562881554919881webdriver-profile/extensions/fxdriver@googlecode.com/components/command_processor.js:10884)
	at <anonymous class>.DelayedCommand.prototype.executeInternal_(file:///C:/Users/user/AppData/Local/Temp/anonymous3534562881554919881webdriver-profile/extensions/fxdriver@googlecode.com/components/command_processor.js:10889)
	at <anonymous class>.DelayedCommand.prototype.execute/<(file:///C:/Users/user/AppData/Local/Temp/anonymous3534562881554919881webdriver-profile/extensions/fxdriver@googlecode.com/components/command_processor.js:10831)
Mar 07,2015 21:25:29 [info]  End Execution of Test Class com.iCM.scripts.EMRAdminResidentRefused
*****************************************************************************

*****************************************************************************
Mar 07,2015 21:26:41 [info]   Execution Started of Test Class com.iCM.scripts.EMRAdminResidentRefused and Test method testEMRAdminResidentRefused
*****************************************************************************
Mar 07,2015 21:26:41 [info]  Open application url
Mar 07,2015 21:26:57 [info]  Pass
Mar 07,2015 21:26:57 [info]  Verify Page title
Mar 07,2015 21:27:02 [info]  Pass
Mar 07,2015 21:27:02 [info]  Enter User name at login page.
Mar 07,2015 21:27:03 [info]  Pass
Mar 07,2015 21:27:03 [info]  Enter password at login page.
Mar 07,2015 21:27:04 [info]  Pass
Mar 07,2015 21:27:04 [info]  Click on Sign In button
Mar 07,2015 21:27:24 [info]  Pass
Mar 07,2015 21:27:24 [info]  Verify home page title
Mar 07,2015 21:27:30 [info]  Pass
Mar 07,2015 21:27:56 [info]  Click on All Meds Tab
Mar 07,2015 21:27:59 [info]  Pass
Mar 07,2015 21:28:02 [info]  Click on Admin Button dropdown
Mar 07,2015 21:28:11 [info]  Pass
Mar 07,2015 21:28:11 [info]  Click on ReResident Refused
Mar 07,2015 21:28:17 [info]  Pass
Mar 07,2015 21:28:20 [info]  Enter Result
Mar 07,2015 21:28:20 [info]  Mar 07,2015 21:28:20 [info]  <<<<<<<<<<<<<<<<<<<<<<<<<<<<<<<<<< Error message >>>>>>>>>>>>>>>>>>>>>>>>>>>>>>
org.openqa.selenium.ElementNotVisibleException: Element is not currently visible and so may not be interacted with
Command duration or timeout: 45 milliseconds
Build info: version: '2.41.0', revision: '3192d8a', time: '2014-03-27 17:17:32'
System info: host: 'user-PC', ip: '192.168.21.1', os.name: 'Windows 7', os.arch: 'x86', os.version: '6.1', java.version: '1.8.0_20'
Driver info: org.openqa.selenium.firefox.FirefoxDriver
Capabilities [{applicationCacheEnabled=true, rotatable=false, handlesAlerts=true, databaseEnabled=true, version=29.0.1, platform=XP, browserConnectionEnabled=true, nativeEvents=false, acceptSslCerts=true, webStorageEnabled=true, locationContextEnabled=true, browserName=firefox, takesScreenshot=true, javascriptEnabled=true, cssSelectorsEnabled=true}]
Session ID: 6c3ea1f3-d152-42f0-a05c-bfff2908782f
	at sun.reflect.NativeConstructorAccessorImpl.newInstance0(Native Method)
	at sun.reflect.NativeConstructorAccessorImpl.newInstance(Unknown Source)
	at sun.reflect.DelegatingConstructorAccessorImpl.newInstance(Unknown Source)
	at java.lang.reflect.Constructor.newInstance(Unknown Source)
	at org.openqa.selenium.remote.ErrorHandler.createThrowable(ErrorHandler.java:193)
	at org.openqa.selenium.remote.ErrorHandler.throwIfResponseFailed(ErrorHandler.java:145)
	at org.openqa.selenium.remote.RemoteWebDriver.execute(RemoteWebDriver.java:595)
	at org.openqa.selenium.remote.RemoteWebElement.execute(RemoteWebElement.java:268)
	at org.openqa.selenium.remote.RemoteWebElement.clear(RemoteWebElement.java:113)
	at com.iCM.util.DriverHelper.sendKeys(DriverHelper.java:262)
	at com.iCM.pagehelper.EMRHelper.type(EMRHelper.java:129)
	at com.iCM.scripts.EMRAdminResidentRefused.testEMRAdminResidentRefused(EMRAdminResidentRefused.java:292)
	at sun.reflect.NativeMethodAccessorImpl.invoke0(Native Method)
	at sun.reflect.NativeMethodAccessorImpl.invoke(Unknown Source)
	at sun.reflect.DelegatingMethodAccessorImpl.invoke(Unknown Source)
	at java.lang.reflect.Method.invoke(Unknown Source)
	at org.testng.internal.MethodInvocationHelper.invokeMethod(MethodInvocationHelper.java:84)
	at org.testng.internal.Invoker.invokeMethod(Invoker.java:714)
	at org.testng.internal.Invoker.invokeTestMethod(Invoker.java:901)
	at org.testng.internal.Invoker.invokeTestMethods(Invoker.java:1231)
	at org.testng.internal.TestMethodWorker.invokeTestMethods(TestMethodWorker.java:127)
	at org.testng.internal.TestMethodWorker.run(TestMethodWorker.java:111)
	at org.testng.TestRunner.privateRun(TestRunner.java:767)
	at org.testng.TestRunner.run(TestRunner.java:617)
	at org.testng.SuiteRunner.runTest(SuiteRunner.java:334)
	at org.testng.SuiteRunner.runSequentially(SuiteRunner.java:329)
	at org.testng.SuiteRunner.privateRun(SuiteRunner.java:291)
	at org.testng.SuiteRunner.run(SuiteRunner.java:240)
	at org.testng.SuiteRunnerWorker.runSuite(SuiteRunnerWorker.java:52)
	at org.testng.SuiteRunnerWorker.run(SuiteRunnerWorker.java:86)
	at org.testng.TestNG.runSuitesSequentially(TestNG.java:1224)
	at org.testng.TestNG.runSuitesLocally(TestNG.java:1149)
	at org.testng.TestNG.run(TestNG.java:1057)
	at org.testng.remote.RemoteTestNG.run(RemoteTestNG.java:111)
	at org.testng.remote.RemoteTestNG.initAndRun(RemoteTestNG.java:204)
	at org.testng.remote.RemoteTestNG.main(RemoteTestNG.java:175)
Caused by: org.openqa.selenium.remote.ErrorHandler$UnknownServerException: Element is not currently visible and so may not be interacted with
Build info: version: '2.41.0', revision: '3192d8a', time: '2014-03-27 17:17:32'
System info: host: 'user-PC', ip: '192.168.21.1', os.name: 'Windows 7', os.arch: 'x86', os.version: '6.1', java.version: '1.8.0_20'
Driver info: driver.version: unknown
	at <anonymous class>.fxdriver.preconditions.visible(file:///C:/Users/user/AppData/Local/Temp/anonymous2136281960880365038webdriver-profile/extensions/fxdriver@googlecode.com/components/command_processor.js:8225)
	at <anonymous class>.DelayedCommand.prototype.checkPreconditions_(file:///C:/Users/user/AppData/Local/Temp/anonymous2136281960880365038webdriver-profile/extensions/fxdriver@googlecode.com/components/command_processor.js:10867)
	at <anonymous class>.DelayedCommand.prototype.executeInternal_/h(file:///C:/Users/user/AppData/Local/Temp/anonymous2136281960880365038webdriver-profile/extensions/fxdriver@googlecode.com/components/command_processor.js:10884)
	at <anonymous class>.DelayedCommand.prototype.executeInternal_(file:///C:/Users/user/AppData/Local/Temp/anonymous2136281960880365038webdriver-profile/extensions/fxdriver@googlecode.com/components/command_processor.js:10889)
	at <anonymous class>.DelayedCommand.prototype.execute/<(file:///C:/Users/user/AppData/Local/Temp/anonymous2136281960880365038webdriver-profile/extensions/fxdriver@googlecode.com/components/command_processor.js:10831)
Mar 07,2015 21:28:20 [info]  End Execution of Test Class com.iCM.scripts.EMRAdminResidentRefused
*****************************************************************************

*****************************************************************************
Mar 07,2015 21:29:33 [info]   Execution Started of Test Class com.iCM.scripts.EMRAdminResidentRefused and Test method testEMRAdminResidentRefused
*****************************************************************************
Mar 07,2015 21:29:33 [info]  Open application url
Mar 07,2015 21:29:48 [info]  Pass
Mar 07,2015 21:29:48 [info]  Verify Page title
Mar 07,2015 21:29:53 [info]  Pass
Mar 07,2015 21:29:53 [info]  Enter User name at login page.
Mar 07,2015 21:29:54 [info]  Pass
Mar 07,2015 21:29:54 [info]  Enter password at login page.
Mar 07,2015 21:29:55 [info]  Pass
Mar 07,2015 21:29:55 [info]  Click on Sign In button
Mar 07,2015 21:30:16 [info]  Pass
Mar 07,2015 21:30:16 [info]  Verify home page title
Mar 07,2015 21:30:21 [info]  Pass
Mar 07,2015 21:30:47 [info]  Click on All Meds Tab
Mar 07,2015 21:30:50 [info]  Pass
Mar 07,2015 21:30:53 [info]  Click on Admin Button dropdown
Mar 07,2015 21:31:02 [info]  Pass
Mar 07,2015 21:31:02 [info]  Click on ReResident Refused
Mar 07,2015 21:31:08 [info]  Pass
Mar 07,2015 21:31:13 [info]  Enter Result
Mar 07,2015 21:31:13 [info]  Mar 07,2015 21:31:13 [info]  <<<<<<<<<<<<<<<<<<<<<<<<<<<<<<<<<< Error message >>>>>>>>>>>>>>>>>>>>>>>>>>>>>>
org.openqa.selenium.ElementNotVisibleException: Element is not currently visible and so may not be interacted with
Command duration or timeout: 44 milliseconds
Build info: version: '2.41.0', revision: '3192d8a', time: '2014-03-27 17:17:32'
System info: host: 'user-PC', ip: '192.168.21.1', os.name: 'Windows 7', os.arch: 'x86', os.version: '6.1', java.version: '1.8.0_20'
Driver info: org.openqa.selenium.firefox.FirefoxDriver
Capabilities [{applicationCacheEnabled=true, rotatable=false, handlesAlerts=true, databaseEnabled=true, version=29.0.1, platform=XP, browserConnectionEnabled=true, nativeEvents=false, acceptSslCerts=true, webStorageEnabled=true, locationContextEnabled=true, browserName=firefox, takesScreenshot=true, javascriptEnabled=true, cssSelectorsEnabled=true}]
Session ID: 84f668f2-2846-47a9-9a31-4eada3d69717
	at sun.reflect.NativeConstructorAccessorImpl.newInstance0(Native Method)
	at sun.reflect.NativeConstructorAccessorImpl.newInstance(Unknown Source)
	at sun.reflect.DelegatingConstructorAccessorImpl.newInstance(Unknown Source)
	at java.lang.reflect.Constructor.newInstance(Unknown Source)
	at org.openqa.selenium.remote.ErrorHandler.createThrowable(ErrorHandler.java:193)
	at org.openqa.selenium.remote.ErrorHandler.throwIfResponseFailed(ErrorHandler.java:145)
	at org.openqa.selenium.remote.RemoteWebDriver.execute(RemoteWebDriver.java:595)
	at org.openqa.selenium.remote.RemoteWebElement.execute(RemoteWebElement.java:268)
	at org.openqa.selenium.remote.RemoteWebElement.clear(RemoteWebElement.java:113)
	at com.iCM.util.DriverHelper.sendKeys(DriverHelper.java:262)
	at com.iCM.pagehelper.EMRHelper.type(EMRHelper.java:129)
	at com.iCM.scripts.EMRAdminResidentRefused.testEMRAdminResidentRefused(EMRAdminResidentRefused.java:292)
	at sun.reflect.NativeMethodAccessorImpl.invoke0(Native Method)
	at sun.reflect.NativeMethodAccessorImpl.invoke(Unknown Source)
	at sun.reflect.DelegatingMethodAccessorImpl.invoke(Unknown Source)
	at java.lang.reflect.Method.invoke(Unknown Source)
	at org.testng.internal.MethodInvocationHelper.invokeMethod(MethodInvocationHelper.java:84)
	at org.testng.internal.Invoker.invokeMethod(Invoker.java:714)
	at org.testng.internal.Invoker.invokeTestMethod(Invoker.java:901)
	at org.testng.internal.Invoker.invokeTestMethods(Invoker.java:1231)
	at org.testng.internal.TestMethodWorker.invokeTestMethods(TestMethodWorker.java:127)
	at org.testng.internal.TestMethodWorker.run(TestMethodWorker.java:111)
	at org.testng.TestRunner.privateRun(TestRunner.java:767)
	at org.testng.TestRunner.run(TestRunner.java:617)
	at org.testng.SuiteRunner.runTest(SuiteRunner.java:334)
	at org.testng.SuiteRunner.runSequentially(SuiteRunner.java:329)
	at org.testng.SuiteRunner.privateRun(SuiteRunner.java:291)
	at org.testng.SuiteRunner.run(SuiteRunner.java:240)
	at org.testng.SuiteRunnerWorker.runSuite(SuiteRunnerWorker.java:52)
	at org.testng.SuiteRunnerWorker.run(SuiteRunnerWorker.java:86)
	at org.testng.TestNG.runSuitesSequentially(TestNG.java:1224)
	at org.testng.TestNG.runSuitesLocally(TestNG.java:1149)
	at org.testng.TestNG.run(TestNG.java:1057)
	at org.testng.remote.RemoteTestNG.run(RemoteTestNG.java:111)
	at org.testng.remote.RemoteTestNG.initAndRun(RemoteTestNG.java:204)
	at org.testng.remote.RemoteTestNG.main(RemoteTestNG.java:175)
Caused by: org.openqa.selenium.remote.ErrorHandler$UnknownServerException: Element is not currently visible and so may not be interacted with
Build info: version: '2.41.0', revision: '3192d8a', time: '2014-03-27 17:17:32'
System info: host: 'user-PC', ip: '192.168.21.1', os.name: 'Windows 7', os.arch: 'x86', os.version: '6.1', java.version: '1.8.0_20'
Driver info: driver.version: unknown
	at <anonymous class>.fxdriver.preconditions.visible(file:///C:/Users/user/AppData/Local/Temp/anonymous6890515255369836168webdriver-profile/extensions/fxdriver@googlecode.com/components/command_processor.js:8225)
	at <anonymous class>.DelayedCommand.prototype.checkPreconditions_(file:///C:/Users/user/AppData/Local/Temp/anonymous6890515255369836168webdriver-profile/extensions/fxdriver@googlecode.com/components/command_processor.js:10867)
	at <anonymous class>.DelayedCommand.prototype.executeInternal_/h(file:///C:/Users/user/AppData/Local/Temp/anonymous6890515255369836168webdriver-profile/extensions/fxdriver@googlecode.com/components/command_processor.js:10884)
	at <anonymous class>.DelayedCommand.prototype.executeInternal_(file:///C:/Users/user/AppData/Local/Temp/anonymous6890515255369836168webdriver-profile/extensions/fxdriver@googlecode.com/components/command_processor.js:10889)
	at <anonymous class>.DelayedCommand.prototype.execute/<(file:///C:/Users/user/AppData/Local/Temp/anonymous6890515255369836168webdriver-profile/extensions/fxdriver@googlecode.com/components/command_processor.js:10831)
Mar 07,2015 21:31:13 [info]  End Execution of Test Class com.iCM.scripts.EMRAdminResidentRefused
*****************************************************************************

*****************************************************************************
Mar 07,2015 21:37:17 [info]   Execution Started of Test Class com.iCM.scripts.EMRAdminResidentRefused and Test method testEMRAdminResidentRefused
*****************************************************************************
Mar 07,2015 21:37:17 [info]  Open application url
Mar 07,2015 21:37:34 [info]  Pass
Mar 07,2015 21:37:34 [info]  Verify Page title
Mar 07,2015 21:37:39 [info]  Pass
Mar 07,2015 21:37:39 [info]  Enter User name at login page.
Mar 07,2015 21:37:40 [info]  Pass
Mar 07,2015 21:37:40 [info]  Enter password at login page.
Mar 07,2015 21:37:41 [info]  Pass
Mar 07,2015 21:37:41 [info]  Click on Sign In button
Mar 07,2015 21:38:00 [info]  Pass
Mar 07,2015 21:38:00 [info]  Verify home page title
Mar 07,2015 21:38:06 [info]  Pass
Mar 07,2015 21:38:31 [info]  Click on All Meds Tab
Mar 07,2015 21:38:34 [info]  Pass
Mar 07,2015 21:38:37 [info]  Click on Admin Button dropdown
Mar 07,2015 21:38:45 [info]  Pass
Mar 07,2015 21:38:45 [info]  Click on ReResident Refused
Mar 07,2015 21:38:51 [info]  Pass
Mar 07,2015 21:38:56 [info]  Enter Result
Mar 07,2015 21:38:56 [info]  Pass
Mar 07,2015 21:38:56 [info]  Click on Save button
Mar 07,2015 21:38:56 [info]  Mar 07,2015 21:38:56 [info]  <<<<<<<<<<<<<<<<<<<<<<<<<<<<<<<<<< Error message >>>>>>>>>>>>>>>>>>>>>>>>>>>>>>
org.openqa.selenium.ElementNotVisibleException: Element is not currently visible and so may not be interacted with
Command duration or timeout: 41 milliseconds
Build info: version: '2.41.0', revision: '3192d8a', time: '2014-03-27 17:17:32'
System info: host: 'user-PC', ip: '192.168.21.1', os.name: 'Windows 7', os.arch: 'x86', os.version: '6.1', java.version: '1.8.0_20'
Driver info: org.openqa.selenium.firefox.FirefoxDriver
Capabilities [{applicationCacheEnabled=true, rotatable=false, handlesAlerts=true, databaseEnabled=true, version=29.0.1, platform=XP, browserConnectionEnabled=true, nativeEvents=false, acceptSslCerts=true, webStorageEnabled=true, locationContextEnabled=true, browserName=firefox, takesScreenshot=true, javascriptEnabled=true, cssSelectorsEnabled=true}]
Session ID: 3fc1e6f7-ac4b-4aa1-9f49-36e1d2333566
	at sun.reflect.NativeConstructorAccessorImpl.newInstance0(Native Method)
	at sun.reflect.NativeConstructorAccessorImpl.newInstance(Unknown Source)
	at sun.reflect.DelegatingConstructorAccessorImpl.newInstance(Unknown Source)
	at java.lang.reflect.Constructor.newInstance(Unknown Source)
	at org.openqa.selenium.remote.ErrorHandler.createThrowable(ErrorHandler.java:193)
	at org.openqa.selenium.remote.ErrorHandler.throwIfResponseFailed(ErrorHandler.java:145)
	at org.openqa.selenium.remote.RemoteWebDriver.execute(RemoteWebDriver.java:595)
	at org.openqa.selenium.remote.RemoteWebElement.execute(RemoteWebElement.java:268)
	at org.openqa.selenium.remote.RemoteWebElement.click(RemoteWebElement.java:79)
	at com.iCM.util.DriverHelper.clickOn(DriverHelper.java:254)
	at com.iCM.pagehelper.EMRHelper.click(EMRHelper.java:32)
	at com.iCM.scripts.EMRAdminResidentRefused.testEMRAdminResidentRefused(EMRAdminResidentRefused.java:297)
	at sun.reflect.NativeMethodAccessorImpl.invoke0(Native Method)
	at sun.reflect.NativeMethodAccessorImpl.invoke(Unknown Source)
	at sun.reflect.DelegatingMethodAccessorImpl.invoke(Unknown Source)
	at java.lang.reflect.Method.invoke(Unknown Source)
	at org.testng.internal.MethodInvocationHelper.invokeMethod(MethodInvocationHelper.java:84)
	at org.testng.internal.Invoker.invokeMethod(Invoker.java:714)
	at org.testng.internal.Invoker.invokeTestMethod(Invoker.java:901)
	at org.testng.internal.Invoker.invokeTestMethods(Invoker.java:1231)
	at org.testng.internal.TestMethodWorker.invokeTestMethods(TestMethodWorker.java:127)
	at org.testng.internal.TestMethodWorker.run(TestMethodWorker.java:111)
	at org.testng.TestRunner.privateRun(TestRunner.java:767)
	at org.testng.TestRunner.run(TestRunner.java:617)
	at org.testng.SuiteRunner.runTest(SuiteRunner.java:334)
	at org.testng.SuiteRunner.runSequentially(SuiteRunner.java:329)
	at org.testng.SuiteRunner.privateRun(SuiteRunner.java:291)
	at org.testng.SuiteRunner.run(SuiteRunner.java:240)
	at org.testng.SuiteRunnerWorker.runSuite(SuiteRunnerWorker.java:52)
	at org.testng.SuiteRunnerWorker.run(SuiteRunnerWorker.java:86)
	at org.testng.TestNG.runSuitesSequentially(TestNG.java:1224)
	at org.testng.TestNG.runSuitesLocally(TestNG.java:1149)
	at org.testng.TestNG.run(TestNG.java:1057)
	at org.testng.remote.RemoteTestNG.run(RemoteTestNG.java:111)
	at org.testng.remote.RemoteTestNG.initAndRun(RemoteTestNG.java:204)
	at org.testng.remote.RemoteTestNG.main(RemoteTestNG.java:175)
Caused by: org.openqa.selenium.remote.ErrorHandler$UnknownServerException: Element is not currently visible and so may not be interacted with
Build info: version: '2.41.0', revision: '3192d8a', time: '2014-03-27 17:17:32'
System info: host: 'user-PC', ip: '192.168.21.1', os.name: 'Windows 7', os.arch: 'x86', os.version: '6.1', java.version: '1.8.0_20'
Driver info: driver.version: unknown
	at <anonymous class>.fxdriver.preconditions.visible(file:///C:/Users/user/AppData/Local/Temp/anonymous8547042204686769174webdriver-profile/extensions/fxdriver@googlecode.com/components/command_processor.js:8225)
	at <anonymous class>.DelayedCommand.prototype.checkPreconditions_(file:///C:/Users/user/AppData/Local/Temp/anonymous8547042204686769174webdriver-profile/extensions/fxdriver@googlecode.com/components/command_processor.js:10867)
	at <anonymous class>.DelayedCommand.prototype.executeInternal_/h(file:///C:/Users/user/AppData/Local/Temp/anonymous8547042204686769174webdriver-profile/extensions/fxdriver@googlecode.com/components/command_processor.js:10884)
	at <anonymous class>.DelayedCommand.prototype.executeInternal_(file:///C:/Users/user/AppData/Local/Temp/anonymous8547042204686769174webdriver-profile/extensions/fxdriver@googlecode.com/components/command_processor.js:10889)
	at <anonymous class>.DelayedCommand.prototype.execute/<(file:///C:/Users/user/AppData/Local/Temp/anonymous8547042204686769174webdriver-profile/extensions/fxdriver@googlecode.com/components/command_processor.js:10831)
Mar 07,2015 21:38:56 [info]  End Execution of Test Class com.iCM.scripts.EMRAdminResidentRefused
*****************************************************************************

*****************************************************************************
Mar 07,2015 21:40:13 [info]   Execution Started of Test Class com.iCM.scripts.EMRAdminResidentRefused and Test method testEMRAdminResidentRefused
*****************************************************************************
Mar 07,2015 21:40:13 [info]  Open application url
Mar 07,2015 21:40:51 [info]  Pass
Mar 07,2015 21:40:51 [info]  Verify Page title
Mar 07,2015 21:40:56 [info]  Pass
Mar 07,2015 21:40:56 [info]  Enter User name at login page.
Mar 07,2015 21:40:57 [info]  Pass
Mar 07,2015 21:40:57 [info]  Enter password at login page.
Mar 07,2015 21:40:58 [info]  Pass
Mar 07,2015 21:40:58 [info]  Click on Sign In button
Mar 07,2015 21:41:37 [info]  Pass
Mar 07,2015 21:41:37 [info]  Verify home page title
Mar 07,2015 21:41:43 [info]  Pass
Mar 07,2015 21:42:24 [info]  Click on All Meds Tab
Mar 07,2015 21:42:28 [info]  Pass
Mar 07,2015 21:42:31 [info]  Click on Admin Button dropdown
Mar 07,2015 21:42:49 [info]  Pass
Mar 07,2015 21:42:49 [info]  Click on ReResident Refused
Mar 07,2015 21:42:55 [info]  Pass
Mar 07,2015 21:43:00 [info]  Enter Result
Mar 07,2015 21:43:00 [info]  Pass
Mar 07,2015 21:43:00 [info]  Click on Save button
Mar 07,2015 21:43:00 [info]  Mar 07,2015 21:43:00 [info]  <<<<<<<<<<<<<<<<<<<<<<<<<<<<<<<<<< Error message >>>>>>>>>>>>>>>>>>>>>>>>>>>>>>
org.openqa.selenium.ElementNotVisibleException: Element is not currently visible and so may not be interacted with
Command duration or timeout: 50 milliseconds
Build info: version: '2.41.0', revision: '3192d8a', time: '2014-03-27 17:17:32'
System info: host: 'user-PC', ip: '192.168.21.1', os.name: 'Windows 7', os.arch: 'x86', os.version: '6.1', java.version: '1.8.0_20'
Driver info: org.openqa.selenium.firefox.FirefoxDriver
Capabilities [{applicationCacheEnabled=true, rotatable=false, handlesAlerts=true, databaseEnabled=true, version=29.0.1, platform=XP, browserConnectionEnabled=true, nativeEvents=false, acceptSslCerts=true, webStorageEnabled=true, locationContextEnabled=true, browserName=firefox, takesScreenshot=true, javascriptEnabled=true, cssSelectorsEnabled=true}]
Session ID: 6e9050e8-0a4f-4065-aabb-e532f63606a7
	at sun.reflect.NativeConstructorAccessorImpl.newInstance0(Native Method)
	at sun.reflect.NativeConstructorAccessorImpl.newInstance(Unknown Source)
	at sun.reflect.DelegatingConstructorAccessorImpl.newInstance(Unknown Source)
	at java.lang.reflect.Constructor.newInstance(Unknown Source)
	at org.openqa.selenium.remote.ErrorHandler.createThrowable(ErrorHandler.java:193)
	at org.openqa.selenium.remote.ErrorHandler.throwIfResponseFailed(ErrorHandler.java:145)
	at org.openqa.selenium.remote.RemoteWebDriver.execute(RemoteWebDriver.java:595)
	at org.openqa.selenium.remote.RemoteWebElement.execute(RemoteWebElement.java:268)
	at org.openqa.selenium.remote.RemoteWebElement.click(RemoteWebElement.java:79)
	at com.iCM.util.DriverHelper.clickOn(DriverHelper.java:254)
	at com.iCM.pagehelper.EMRHelper.click(EMRHelper.java:32)
	at com.iCM.scripts.EMRAdminResidentRefused.testEMRAdminResidentRefused(EMRAdminResidentRefused.java:299)
	at sun.reflect.NativeMethodAccessorImpl.invoke0(Native Method)
	at sun.reflect.NativeMethodAccessorImpl.invoke(Unknown Source)
	at sun.reflect.DelegatingMethodAccessorImpl.invoke(Unknown Source)
	at java.lang.reflect.Method.invoke(Unknown Source)
	at org.testng.internal.MethodInvocationHelper.invokeMethod(MethodInvocationHelper.java:84)
	at org.testng.internal.Invoker.invokeMethod(Invoker.java:714)
	at org.testng.internal.Invoker.invokeTestMethod(Invoker.java:901)
	at org.testng.internal.Invoker.invokeTestMethods(Invoker.java:1231)
	at org.testng.internal.TestMethodWorker.invokeTestMethods(TestMethodWorker.java:127)
	at org.testng.internal.TestMethodWorker.run(TestMethodWorker.java:111)
	at org.testng.TestRunner.privateRun(TestRunner.java:767)
	at org.testng.TestRunner.run(TestRunner.java:617)
	at org.testng.SuiteRunner.runTest(SuiteRunner.java:334)
	at org.testng.SuiteRunner.runSequentially(SuiteRunner.java:329)
	at org.testng.SuiteRunner.privateRun(SuiteRunner.java:291)
	at org.testng.SuiteRunner.run(SuiteRunner.java:240)
	at org.testng.SuiteRunnerWorker.runSuite(SuiteRunnerWorker.java:52)
	at org.testng.SuiteRunnerWorker.run(SuiteRunnerWorker.java:86)
	at org.testng.TestNG.runSuitesSequentially(TestNG.java:1224)
	at org.testng.TestNG.runSuitesLocally(TestNG.java:1149)
	at org.testng.TestNG.run(TestNG.java:1057)
	at org.testng.remote.RemoteTestNG.run(RemoteTestNG.java:111)
	at org.testng.remote.RemoteTestNG.initAndRun(RemoteTestNG.java:204)
	at org.testng.remote.RemoteTestNG.main(RemoteTestNG.java:175)
Caused by: org.openqa.selenium.remote.ErrorHandler$UnknownServerException: Element is not currently visible and so may not be interacted with
Build info: version: '2.41.0', revision: '3192d8a', time: '2014-03-27 17:17:32'
System info: host: 'user-PC', ip: '192.168.21.1', os.name: 'Windows 7', os.arch: 'x86', os.version: '6.1', java.version: '1.8.0_20'
Driver info: driver.version: unknown
	at <anonymous class>.fxdriver.preconditions.visible(file:///C:/Users/user/AppData/Local/Temp/anonymous1360684822874972484webdriver-profile/extensions/fxdriver@googlecode.com/components/command_processor.js:8225)
	at <anonymous class>.DelayedCommand.prototype.checkPreconditions_(file:///C:/Users/user/AppData/Local/Temp/anonymous1360684822874972484webdriver-profile/extensions/fxdriver@googlecode.com/components/command_processor.js:10867)
	at <anonymous class>.DelayedCommand.prototype.executeInternal_/h(file:///C:/Users/user/AppData/Local/Temp/anonymous1360684822874972484webdriver-profile/extensions/fxdriver@googlecode.com/components/command_processor.js:10884)
	at <anonymous class>.DelayedCommand.prototype.executeInternal_(file:///C:/Users/user/AppData/Local/Temp/anonymous1360684822874972484webdriver-profile/extensions/fxdriver@googlecode.com/components/command_processor.js:10889)
	at <anonymous class>.DelayedCommand.prototype.execute/<(file:///C:/Users/user/AppData/Local/Temp/anonymous1360684822874972484webdriver-profile/extensions/fxdriver@googlecode.com/components/command_processor.js:10831)
Mar 07,2015 21:43:00 [info]  End Execution of Test Class com.iCM.scripts.EMRAdminResidentRefused
*****************************************************************************

*****************************************************************************
Mar 07,2015 21:49:22 [info]   Execution Started of Test Class com.iCM.scripts.EMRAdminResidentRefused and Test method testEMRAdminResidentRefused
*****************************************************************************
Mar 07,2015 21:49:22 [info]  Open application url
Mar 07,2015 21:50:02 [info]  Pass
Mar 07,2015 21:50:02 [info]  Verify Page title
Mar 07,2015 21:50:07 [info]  Pass
Mar 07,2015 21:50:07 [info]  Enter User name at login page.
Mar 07,2015 21:50:07 [info]  Pass
Mar 07,2015 21:50:07 [info]  Enter password at login page.
Mar 07,2015 21:50:09 [info]  Pass
Mar 07,2015 21:50:09 [info]  Click on Sign In button
Mar 07,2015 21:50:48 [info]  Pass
Mar 07,2015 21:50:48 [info]  Verify home page title
Mar 07,2015 21:50:53 [info]  Pass
Mar 07,2015 21:51:46 [info]  Click on All Meds Tab
Mar 07,2015 21:51:49 [info]  Pass
Mar 07,2015 21:51:52 [info]  Click on Admin Button dropdown
Mar 07,2015 21:52:04 [info]  Pass
Mar 07,2015 21:52:04 [info]  Click on ReResident Refused
Mar 07,2015 21:52:10 [info]  Pass
Mar 07,2015 21:52:15 [info]  Enter Result
Mar 07,2015 21:52:16 [info]  Pass
Mar 07,2015 21:52:16 [info]  Click on Save button
Mar 07,2015 21:52:16 [info]  Mar 07,2015 21:52:16 [info]  <<<<<<<<<<<<<<<<<<<<<<<<<<<<<<<<<< Error message >>>>>>>>>>>>>>>>>>>>>>>>>>>>>>
org.openqa.selenium.ElementNotVisibleException: Element is not currently visible and so may not be interacted with
Command duration or timeout: 39 milliseconds
Build info: version: '2.41.0', revision: '3192d8a', time: '2014-03-27 17:17:32'
System info: host: 'user-PC', ip: '192.168.21.1', os.name: 'Windows 7', os.arch: 'x86', os.version: '6.1', java.version: '1.8.0_20'
Driver info: org.openqa.selenium.firefox.FirefoxDriver
Capabilities [{applicationCacheEnabled=true, rotatable=false, handlesAlerts=true, databaseEnabled=true, version=29.0.1, platform=XP, browserConnectionEnabled=true, nativeEvents=false, acceptSslCerts=true, webStorageEnabled=true, locationContextEnabled=true, browserName=firefox, takesScreenshot=true, javascriptEnabled=true, cssSelectorsEnabled=true}]
Session ID: b2cd7548-2318-49b0-9bac-20aeb2f327b1
	at sun.reflect.NativeConstructorAccessorImpl.newInstance0(Native Method)
	at sun.reflect.NativeConstructorAccessorImpl.newInstance(Unknown Source)
	at sun.reflect.DelegatingConstructorAccessorImpl.newInstance(Unknown Source)
	at java.lang.reflect.Constructor.newInstance(Unknown Source)
	at org.openqa.selenium.remote.ErrorHandler.createThrowable(ErrorHandler.java:193)
	at org.openqa.selenium.remote.ErrorHandler.throwIfResponseFailed(ErrorHandler.java:145)
	at org.openqa.selenium.remote.RemoteWebDriver.execute(RemoteWebDriver.java:595)
	at org.openqa.selenium.remote.RemoteWebElement.execute(RemoteWebElement.java:268)
	at org.openqa.selenium.remote.RemoteWebElement.click(RemoteWebElement.java:79)
	at com.iCM.util.DriverHelper.clickOn(DriverHelper.java:254)
	at com.iCM.pagehelper.EMRHelper.click(EMRHelper.java:32)
	at com.iCM.scripts.EMRAdminResidentRefused.testEMRAdminResidentRefused(EMRAdminResidentRefused.java:299)
	at sun.reflect.NativeMethodAccessorImpl.invoke0(Native Method)
	at sun.reflect.NativeMethodAccessorImpl.invoke(Unknown Source)
	at sun.reflect.DelegatingMethodAccessorImpl.invoke(Unknown Source)
	at java.lang.reflect.Method.invoke(Unknown Source)
	at org.testng.internal.MethodInvocationHelper.invokeMethod(MethodInvocationHelper.java:84)
	at org.testng.internal.Invoker.invokeMethod(Invoker.java:714)
	at org.testng.internal.Invoker.invokeTestMethod(Invoker.java:901)
	at org.testng.internal.Invoker.invokeTestMethods(Invoker.java:1231)
	at org.testng.internal.TestMethodWorker.invokeTestMethods(TestMethodWorker.java:127)
	at org.testng.internal.TestMethodWorker.run(TestMethodWorker.java:111)
	at org.testng.TestRunner.privateRun(TestRunner.java:767)
	at org.testng.TestRunner.run(TestRunner.java:617)
	at org.testng.SuiteRunner.runTest(SuiteRunner.java:334)
	at org.testng.SuiteRunner.runSequentially(SuiteRunner.java:329)
	at org.testng.SuiteRunner.privateRun(SuiteRunner.java:291)
	at org.testng.SuiteRunner.run(SuiteRunner.java:240)
	at org.testng.SuiteRunnerWorker.runSuite(SuiteRunnerWorker.java:52)
	at org.testng.SuiteRunnerWorker.run(SuiteRunnerWorker.java:86)
	at org.testng.TestNG.runSuitesSequentially(TestNG.java:1224)
	at org.testng.TestNG.runSuitesLocally(TestNG.java:1149)
	at org.testng.TestNG.run(TestNG.java:1057)
	at org.testng.remote.RemoteTestNG.run(RemoteTestNG.java:111)
	at org.testng.remote.RemoteTestNG.initAndRun(RemoteTestNG.java:204)
	at org.testng.remote.RemoteTestNG.main(RemoteTestNG.java:175)
Caused by: org.openqa.selenium.remote.ErrorHandler$UnknownServerException: Element is not currently visible and so may not be interacted with
Build info: version: '2.41.0', revision: '3192d8a', time: '2014-03-27 17:17:32'
System info: host: 'user-PC', ip: '192.168.21.1', os.name: 'Windows 7', os.arch: 'x86', os.version: '6.1', java.version: '1.8.0_20'
Driver info: driver.version: unknown
	at <anonymous class>.fxdriver.preconditions.visible(file:///C:/Users/user/AppData/Local/Temp/anonymous8471204284375815385webdriver-profile/extensions/fxdriver@googlecode.com/components/command_processor.js:8225)
	at <anonymous class>.DelayedCommand.prototype.checkPreconditions_(file:///C:/Users/user/AppData/Local/Temp/anonymous8471204284375815385webdriver-profile/extensions/fxdriver@googlecode.com/components/command_processor.js:10867)
	at <anonymous class>.DelayedCommand.prototype.executeInternal_/h(file:///C:/Users/user/AppData/Local/Temp/anonymous8471204284375815385webdriver-profile/extensions/fxdriver@googlecode.com/components/command_processor.js:10884)
	at <anonymous class>.DelayedCommand.prototype.executeInternal_(file:///C:/Users/user/AppData/Local/Temp/anonymous8471204284375815385webdriver-profile/extensions/fxdriver@googlecode.com/components/command_processor.js:10889)
	at <anonymous class>.DelayedCommand.prototype.execute/<(file:///C:/Users/user/AppData/Local/Temp/anonymous8471204284375815385webdriver-profile/extensions/fxdriver@googlecode.com/components/command_processor.js:10831)
Mar 07,2015 21:52:16 [info]  End Execution of Test Class com.iCM.scripts.EMRAdminResidentRefused
*****************************************************************************

*****************************************************************************
Mar 07,2015 21:57:53 [info]   Execution Started of Test Class com.iCM.scripts.EMRAdminResidentRefused and Test method testEMRAdminResidentRefused
*****************************************************************************
Mar 07,2015 21:57:53 [info]  Open application url
Mar 07,2015 21:58:10 [info]  Pass
Mar 07,2015 21:58:10 [info]  Verify Page title
Mar 07,2015 21:58:16 [info]  Pass
Mar 07,2015 21:58:16 [info]  Enter User name at login page.
Mar 07,2015 21:58:16 [info]  Pass
Mar 07,2015 21:58:16 [info]  Enter password at login page.
Mar 07,2015 21:58:17 [info]  Pass
Mar 07,2015 21:58:17 [info]  Click on Sign In button
Mar 07,2015 21:58:35 [info]  Pass
Mar 07,2015 21:58:35 [info]  Verify home page title
Mar 07,2015 21:58:41 [info]  Pass
Mar 07,2015 21:59:10 [info]  Click on All Meds Tab
Mar 07,2015 21:59:13 [info]  Pass
Mar 07,2015 21:59:16 [info]  Click on Admin Button dropdown
Mar 07,2015 21:59:25 [info]  Pass
Mar 07,2015 21:59:25 [info]  Click on ReResident Refused
Mar 07,2015 21:59:31 [info]  Pass
Mar 07,2015 21:59:36 [info]  Enter Result
Mar 07,2015 21:59:36 [info]  Pass
Mar 07,2015 21:59:36 [info]  Click on Save button
Mar 07,2015 21:59:40 [info]  Pass
Mar 07,2015 21:59:40 [info]  Click on Save button
Mar 07,2015 21:59:44 [info]  Pass
Mar 07,2015 21:59:44 [info]  Verify Omitted displayed
Mar 07,2015 21:59:47 [info]  Pass
Mar 07,2015 21:59:47 [info]  Verify result displayed
Mar 07,2015 21:59:51 [info]  Pass
Mar 07,2015 21:59:51 [info]  End Execution of Test Class com.iCM.scripts.EMRAdminResidentRefused
*****************************************************************************

*****************************************************************************
Mar 07,2015 22:02:41 [info]   Execution Started of Test Class com.iCM.scripts.EMRAdminResidentHold and Test method testEMRAdminResidentHold
*****************************************************************************
Mar 07,2015 22:02:41 [info]  Open application url
Mar 07,2015 22:02:57 [info]  Pass
Mar 07,2015 22:02:57 [info]  Verify Page title
Mar 07,2015 22:03:02 [info]  Pass
Mar 07,2015 22:03:02 [info]  Enter User name at login page.
Mar 07,2015 22:03:02 [info]  Pass
Mar 07,2015 22:03:02 [info]  Enter password at login page.
Mar 07,2015 22:03:04 [info]  Pass
Mar 07,2015 22:03:04 [info]  Click on Sign In button
Mar 07,2015 22:03:23 [info]  Pass
Mar 07,2015 22:03:23 [info]  Verify home page title
Mar 07,2015 22:03:28 [info]  Pass
Mar 07,2015 22:03:54 [info]  Click on All Meds Tab
Mar 07,2015 22:03:57 [info]  Pass
Mar 07,2015 22:04:00 [info]  Click on Admin Button dropdown
Mar 07,2015 22:04:08 [info]  Pass
Mar 07,2015 22:04:08 [info]  Click on ReResident Refused
Mar 07,2015 22:04:15 [info]  Pass
Mar 07,2015 22:04:18 [info]  Click on Save button
Mar 07,2015 22:04:22 [info]  Pass
Mar 07,2015 22:04:22 [info]  verify Fields are requered
Mar 07,2015 22:04:22 [info]  Pass
Mar 07,2015 22:04:22 [info]  Open To date claender
Mar 07,2015 22:04:25 [info]  Pass
Mar 07,2015 22:04:28 [info]  Select Month
Mar 07,2015 22:04:30 [info]  Pass
Mar 07,2015 22:04:30 [info]  Select date
Mar 07,2015 22:07:26 [info]  Mar 07,2015 22:07:26 [info]  <<<<<<<<<<<<<<<<<<<<<<<<<<<<<<<<<< Error message >>>>>>>>>>>>>>>>>>>>>>>>>>>>>>
java.lang.AssertionError: Element Locator :link=3] Not found expected [true] but found [false]
	at org.testng.Assert.fail(Assert.java:94)
	at org.testng.Assert.failNotEquals(Assert.java:494)
	at org.testng.Assert.assertTrue(Assert.java:42)
	at com.iCM.util.DriverHelper.clickOn(DriverHelper.java:251)
	at com.iCM.pagehelper.EMRHelper.clickAt(EMRHelper.java:143)
	at com.iCM.scripts.EMRAdminResidentHold.testEMRAdminResidentHold(EMRAdminResidentHold.java:315)
	at sun.reflect.NativeMethodAccessorImpl.invoke0(Native Method)
	at sun.reflect.NativeMethodAccessorImpl.invoke(Unknown Source)
	at sun.reflect.DelegatingMethodAccessorImpl.invoke(Unknown Source)
	at java.lang.reflect.Method.invoke(Unknown Source)
	at org.testng.internal.MethodInvocationHelper.invokeMethod(MethodInvocationHelper.java:84)
	at org.testng.internal.Invoker.invokeMethod(Invoker.java:714)
	at org.testng.internal.Invoker.invokeTestMethod(Invoker.java:901)
	at org.testng.internal.Invoker.invokeTestMethods(Invoker.java:1231)
	at org.testng.internal.TestMethodWorker.invokeTestMethods(TestMethodWorker.java:127)
	at org.testng.internal.TestMethodWorker.run(TestMethodWorker.java:111)
	at org.testng.TestRunner.privateRun(TestRunner.java:767)
	at org.testng.TestRunner.run(TestRunner.java:617)
	at org.testng.SuiteRunner.runTest(SuiteRunner.java:334)
	at org.testng.SuiteRunner.runSequentially(SuiteRunner.java:329)
	at org.testng.SuiteRunner.privateRun(SuiteRunner.java:291)
	at org.testng.SuiteRunner.run(SuiteRunner.java:240)
	at org.testng.SuiteRunnerWorker.runSuite(SuiteRunnerWorker.java:52)
	at org.testng.SuiteRunnerWorker.run(SuiteRunnerWorker.java:86)
	at org.testng.TestNG.runSuitesSequentially(TestNG.java:1224)
	at org.testng.TestNG.runSuitesLocally(TestNG.java:1149)
	at org.testng.TestNG.run(TestNG.java:1057)
	at org.testng.remote.RemoteTestNG.run(RemoteTestNG.java:111)
	at org.testng.remote.RemoteTestNG.initAndRun(RemoteTestNG.java:204)
	at org.testng.remote.RemoteTestNG.main(RemoteTestNG.java:175)
Mar 07,2015 22:07:26 [info]  End Execution of Test Class com.iCM.scripts.EMRAdminResidentHold
*****************************************************************************

*****************************************************************************
Mar 07,2015 22:09:05 [info]   Execution Started of Test Class com.iCM.scripts.EMRAdminResidentHold and Test method testEMRAdminResidentHold
*****************************************************************************
Mar 07,2015 22:09:05 [info]  Open application url
Mar 07,2015 22:09:30 [info]  Pass
Mar 07,2015 22:09:30 [info]  Verify Page title
Mar 07,2015 22:09:35 [info]  Pass
Mar 07,2015 22:09:35 [info]  Enter User name at login page.
Mar 07,2015 22:09:36 [info]  Pass
Mar 07,2015 22:09:36 [info]  Enter password at login page.
Mar 07,2015 22:09:37 [info]  Pass
Mar 07,2015 22:09:37 [info]  Click on Sign In button
Mar 07,2015 22:10:05 [info]  Pass
Mar 07,2015 22:10:05 [info]  Verify home page title
Mar 07,2015 22:10:10 [info]  Pass
Mar 07,2015 22:10:35 [info]  Click on All Meds Tab
Mar 07,2015 22:10:38 [info]  Pass
Mar 07,2015 22:10:41 [info]  Click on Admin Button dropdown
Mar 07,2015 22:10:50 [info]  Pass
Mar 07,2015 22:10:50 [info]  Click on ReResident Refused
Mar 07,2015 22:10:56 [info]  Pass
Mar 07,2015 22:10:59 [info]  Click on Save button
Mar 07,2015 22:11:03 [info]  Pass
Mar 07,2015 22:11:03 [info]  verify Fields are requered
Mar 07,2015 22:11:03 [info]  Pass
Mar 07,2015 22:11:03 [info]  Open To date claender
Mar 07,2015 22:11:07 [info]  Pass
Mar 07,2015 22:11:10 [info]  Select Month
Mar 07,2015 22:11:11 [info]  Pass
Mar 07,2015 22:11:11 [info]  Select date
Mar 07,2015 22:11:20 [info]  Pass
Mar 07,2015 22:11:20 [info]  Enter Result
Mar 07,2015 22:11:20 [info]  Pass
Mar 07,2015 22:11:20 [info]  Click on Save button
Mar 07,2015 22:11:24 [info]  Pass
Mar 07,2015 22:11:24 [info]  Click on Save button
Mar 07,2015 22:11:27 [info]  Pass
Mar 07,2015 22:11:27 [info]  Verify Omitted displayed
Mar 07,2015 22:11:31 [info]  Pass
Mar 07,2015 22:11:31 [info]  Verify result displayed
Mar 07,2015 22:12:14 [info]  Mar 07,2015 22:12:14 [info]  <<<<<<<<<<<<<<<<<<<<<<<<<<<<<<<<<< Error message >>>>>>>>>>>>>>>>>>>>>>>>>>>>>>
java.lang.AssertionError: Element Locator ://td[@class='All']/div/div/div[2]/div/div[2]/small/strong Not found expected [true] but found [false]
	at org.testng.Assert.fail(Assert.java:94)
	at org.testng.Assert.failNotEquals(Assert.java:494)
	at org.testng.Assert.assertTrue(Assert.java:42)
	at com.iCM.util.DriverHelper.getText(DriverHelper.java:300)
	at com.iCM.pagehelper.EMRHelper.verifyItemText(EMRHelper.java:54)
	at com.iCM.scripts.EMRAdminResidentHold.testEMRAdminResidentHold(EMRAdminResidentHold.java:340)
	at sun.reflect.NativeMethodAccessorImpl.invoke0(Native Method)
	at sun.reflect.NativeMethodAccessorImpl.invoke(Unknown Source)
	at sun.reflect.DelegatingMethodAccessorImpl.invoke(Unknown Source)
	at java.lang.reflect.Method.invoke(Unknown Source)
	at org.testng.internal.MethodInvocationHelper.invokeMethod(MethodInvocationHelper.java:84)
	at org.testng.internal.Invoker.invokeMethod(Invoker.java:714)
	at org.testng.internal.Invoker.invokeTestMethod(Invoker.java:901)
	at org.testng.internal.Invoker.invokeTestMethods(Invoker.java:1231)
	at org.testng.internal.TestMethodWorker.invokeTestMethods(TestMethodWorker.java:127)
	at org.testng.internal.TestMethodWorker.run(TestMethodWorker.java:111)
	at org.testng.TestRunner.privateRun(TestRunner.java:767)
	at org.testng.TestRunner.run(TestRunner.java:617)
	at org.testng.SuiteRunner.runTest(SuiteRunner.java:334)
	at org.testng.SuiteRunner.runSequentially(SuiteRunner.java:329)
	at org.testng.SuiteRunner.privateRun(SuiteRunner.java:291)
	at org.testng.SuiteRunner.run(SuiteRunner.java:240)
	at org.testng.SuiteRunnerWorker.runSuite(SuiteRunnerWorker.java:52)
	at org.testng.SuiteRunnerWorker.run(SuiteRunnerWorker.java:86)
	at org.testng.TestNG.runSuitesSequentially(TestNG.java:1224)
	at org.testng.TestNG.runSuitesLocally(TestNG.java:1149)
	at org.testng.TestNG.run(TestNG.java:1057)
	at org.testng.remote.RemoteTestNG.run(RemoteTestNG.java:111)
	at org.testng.remote.RemoteTestNG.initAndRun(RemoteTestNG.java:204)
	at org.testng.remote.RemoteTestNG.main(RemoteTestNG.java:175)
Mar 07,2015 22:12:14 [info]  End Execution of Test Class com.iCM.scripts.EMRAdminResidentHold
*****************************************************************************

*****************************************************************************
Mar 07,2015 22:18:46 [info]   Execution Started of Test Class com.iCM.scripts.EMRAdminResidentPhysically and Test method testEMRAdminResidentHold
*****************************************************************************
Mar 07,2015 22:18:46 [info]  Open application url
Mar 07,2015 22:19:08 [info]  Pass
Mar 07,2015 22:19:08 [info]  Verify Page title
Mar 07,2015 22:19:13 [info]  Pass
Mar 07,2015 22:19:13 [info]  Enter User name at login page.
Mar 07,2015 22:19:13 [info]  Pass
Mar 07,2015 22:19:13 [info]  Enter password at login page.
Mar 07,2015 22:19:15 [info]  Pass
Mar 07,2015 22:19:15 [info]  Click on Sign In button
Mar 07,2015 22:19:41 [info]  Pass
Mar 07,2015 22:19:41 [info]  Verify home page title
Mar 07,2015 22:19:47 [info]  Pass
Mar 07,2015 22:20:14 [info]  Click on All Meds Tab
Mar 07,2015 22:20:17 [info]  Pass
Mar 07,2015 22:20:20 [info]  Click on Admin Button dropdown
Mar 07,2015 22:20:30 [info]  Pass
Mar 07,2015 22:20:30 [info]  Click on Phycally
Mar 07,2015 22:20:36 [info]  Pass
Mar 07,2015 22:20:37 [info]  Verify current Date is populated in field
Mar 07,2015 22:20:37 [info]  Pass
Mar 07,2015 22:20:37 [info]  Verify current time is populated in field
Mar 07,2015 22:20:38 [info]  Mar 07,2015 22:20:38 [info]  <<<<<<<<<<<<<<<<<<<<<<<<<<<<<<<<<< Error message >>>>>>>>>>>>>>>>>>>>>>>>>>>>>>
java.lang.AssertionError: expected [true] but found [false]
	at org.testng.Assert.fail(Assert.java:94)
	at org.testng.Assert.failNotEquals(Assert.java:494)
	at org.testng.Assert.assertTrue(Assert.java:42)
	at org.testng.Assert.assertTrue(Assert.java:52)
	at com.iCM.pagehelper.EMRHelper.verifyDateTime(EMRHelper.java:183)
	at com.iCM.scripts.EMRAdminResidentPhysically.testEMRAdminResidentHold(EMRAdminResidentPhysically.java:295)
	at sun.reflect.NativeMethodAccessorImpl.invoke0(Native Method)
	at sun.reflect.NativeMethodAccessorImpl.invoke(Unknown Source)
	at sun.reflect.DelegatingMethodAccessorImpl.invoke(Unknown Source)
	at java.lang.reflect.Method.invoke(Unknown Source)
	at org.testng.internal.MethodInvocationHelper.invokeMethod(MethodInvocationHelper.java:84)
	at org.testng.internal.Invoker.invokeMethod(Invoker.java:714)
	at org.testng.internal.Invoker.invokeTestMethod(Invoker.java:901)
	at org.testng.internal.Invoker.invokeTestMethods(Invoker.java:1231)
	at org.testng.internal.TestMethodWorker.invokeTestMethods(TestMethodWorker.java:127)
	at org.testng.internal.TestMethodWorker.run(TestMethodWorker.java:111)
	at org.testng.TestRunner.privateRun(TestRunner.java:767)
	at org.testng.TestRunner.run(TestRunner.java:617)
	at org.testng.SuiteRunner.runTest(SuiteRunner.java:334)
	at org.testng.SuiteRunner.runSequentially(SuiteRunner.java:329)
	at org.testng.SuiteRunner.privateRun(SuiteRunner.java:291)
	at org.testng.SuiteRunner.run(SuiteRunner.java:240)
	at org.testng.SuiteRunnerWorker.runSuite(SuiteRunnerWorker.java:52)
	at org.testng.SuiteRunnerWorker.run(SuiteRunnerWorker.java:86)
	at org.testng.TestNG.runSuitesSequentially(TestNG.java:1224)
	at org.testng.TestNG.runSuitesLocally(TestNG.java:1149)
	at org.testng.TestNG.run(TestNG.java:1057)
	at org.testng.remote.RemoteTestNG.run(RemoteTestNG.java:111)
	at org.testng.remote.RemoteTestNG.initAndRun(RemoteTestNG.java:204)
	at org.testng.remote.RemoteTestNG.main(RemoteTestNG.java:175)
Mar 07,2015 22:20:38 [info]  End Execution of Test Class com.iCM.scripts.EMRAdminResidentPhysically
*****************************************************************************

*****************************************************************************
Mar 07,2015 22:28:45 [info]   Execution Started of Test Class com.iCM.scripts.EMRAdministerUndo and Test method testEMRAdministerLate
*****************************************************************************
Mar 07,2015 22:28:45 [info]  Open application url
Mar 07,2015 22:29:09 [info]  Pass
Mar 07,2015 22:29:09 [info]  Verify Page title
Mar 07,2015 22:29:15 [info]  Pass
Mar 07,2015 22:29:15 [info]  Enter User name at login page.
Mar 07,2015 22:29:15 [info]  Pass
Mar 07,2015 22:29:15 [info]  Enter password at login page.
Mar 07,2015 22:29:16 [info]  Pass
Mar 07,2015 22:29:16 [info]  Click on Sign In button
Mar 07,2015 22:29:41 [info]  Pass
Mar 07,2015 22:29:41 [info]  Verify home page title
Mar 07,2015 22:29:47 [info]  Pass
Mar 07,2015 22:29:47 [info]  Click on 'EMR'
Mar 07,2015 22:29:47 [info]  Mar 07,2015 22:29:47 [info]  <<<<<<<<<<<<<<<<<<<<<<<<<<<<<<<<<< Error message >>>>>>>>>>>>>>>>>>>>>>>>>>>>>>
java.lang.NullPointerException
	at com.iCM.locators.LocatorReader.getLocator(LocatorReader.java:32)
	at com.iCM.pagehelper.EMRHelper.click(EMRHelper.java:30)
	at com.iCM.scripts.EMRAdministerUndo.testEMRAdministerLate(EMRAdministerUndo.java:57)
	at sun.reflect.NativeMethodAccessorImpl.invoke0(Native Method)
	at sun.reflect.NativeMethodAccessorImpl.invoke(Unknown Source)
	at sun.reflect.DelegatingMethodAccessorImpl.invoke(Unknown Source)
	at java.lang.reflect.Method.invoke(Unknown Source)
	at org.testng.internal.MethodInvocationHelper.invokeMethod(MethodInvocationHelper.java:84)
	at org.testng.internal.Invoker.invokeMethod(Invoker.java:714)
	at org.testng.internal.Invoker.invokeTestMethod(Invoker.java:901)
	at org.testng.internal.Invoker.invokeTestMethods(Invoker.java:1231)
	at org.testng.internal.TestMethodWorker.invokeTestMethods(TestMethodWorker.java:127)
	at org.testng.internal.TestMethodWorker.run(TestMethodWorker.java:111)
	at org.testng.TestRunner.privateRun(TestRunner.java:767)
	at org.testng.TestRunner.run(TestRunner.java:617)
	at org.testng.SuiteRunner.runTest(SuiteRunner.java:334)
	at org.testng.SuiteRunner.runSequentially(SuiteRunner.java:329)
	at org.testng.SuiteRunner.privateRun(SuiteRunner.java:291)
	at org.testng.SuiteRunner.run(SuiteRunner.java:240)
	at org.testng.SuiteRunnerWorker.runSuite(SuiteRunnerWorker.java:52)
	at org.testng.SuiteRunnerWorker.run(SuiteRunnerWorker.java:86)
	at org.testng.TestNG.runSuitesSequentially(TestNG.java:1224)
	at org.testng.TestNG.runSuitesLocally(TestNG.java:1149)
	at org.testng.TestNG.run(TestNG.java:1057)
	at org.testng.remote.RemoteTestNG.run(RemoteTestNG.java:111)
	at org.testng.remote.RemoteTestNG.initAndRun(RemoteTestNG.java:204)
	at org.testng.remote.RemoteTestNG.main(RemoteTestNG.java:175)
Mar 07,2015 22:29:47 [info]  End Execution of Test Class com.iCM.scripts.EMRAdministerUndo
*****************************************************************************

*****************************************************************************
Mar 07,2015 22:32:02 [info]   Execution Started of Test Class com.iCM.scripts.EMRAdminLate and Test method testEMRAdminLate
*****************************************************************************
Mar 07,2015 22:32:02 [info]  Open application url
Mar 07,2015 22:32:20 [info]  Pass
Mar 07,2015 22:32:20 [info]  Verify Page title
Mar 07,2015 22:32:25 [info]  Pass
Mar 07,2015 22:32:25 [info]  Enter User name at login page.
Mar 07,2015 22:32:26 [info]  Pass
Mar 07,2015 22:32:26 [info]  Enter password at login page.
Mar 07,2015 22:32:27 [info]  Pass
Mar 07,2015 22:32:27 [info]  Click on Sign In button
Mar 07,2015 22:32:47 [info]  Pass
Mar 07,2015 22:32:47 [info]  Verify home page title
Mar 07,2015 22:32:52 [info]  Pass
Mar 07,2015 22:32:52 [info]  Open Add resident form via deep link
Mar 07,2015 22:33:04 [info]  Pass
Mar 07,2015 22:33:04 [info]  Enter Resident First Name
Mar 07,2015 22:33:07 [info]  Pass
Mar 07,2015 22:33:07 [info]  Enter Middle name
Mar 07,2015 22:33:11 [info]  Pass
Mar 07,2015 22:33:11 [info]  Enter last name
Mar 07,2015 22:33:14 [info]  Pass
Mar 07,2015 22:33:14 [info]  Open 'Calender'
Mar 07,2015 22:33:16 [info]  Pass
Mar 07,2015 22:33:21 [info]  Select Year
Mar 07,2015 22:33:27 [info]  Pass
Mar 07,2015 22:33:30 [info]  Select date
Mar 07,2015 22:33:33 [info]  Pass
Mar 07,2015 22:33:33 [info]  Select gender
Mar 07,2015 22:33:36 [info]  Pass
Mar 07,2015 22:33:36 [info]  Select Marital Status
Mar 07,2015 22:33:37 [info]  Pass
Mar 07,2015 22:33:37 [info]  Open 'Calender' for admit date
Mar 07,2015 22:33:39 [info]  Pass
Mar 07,2015 22:33:42 [info]  Select Year
Mar 07,2015 22:33:48 [info]  Pass
Mar 07,2015 22:33:48 [info]  Select Month
Mar 07,2015 22:33:50 [info]  Pass
Mar 07,2015 22:33:50 [info]  Select date
Mar 07,2015 22:33:52 [info]  Pass
Mar 07,2015 22:33:52 [info]  Select Facality
Mar 07,2015 22:33:54 [info]  Pass
Mar 07,2015 22:33:57 [info]  Select Nurse
Mar 07,2015 22:33:58 [info]  Pass
Mar 07,2015 22:33:58 [info]  Enter level of care
Mar 07,2015 22:34:02 [info]  Pass
Mar 07,2015 22:34:02 [info]  Click on 'Save' button
Mar 07,2015 22:34:05 [info]  Pass
Mar 07,2015 22:34:05 [info]  Search Added resident
Mar 07,2015 22:34:10 [info]  Pass
Mar 07,2015 22:34:10 [info]  Verify added resident
Mar 07,2015 22:34:13 [info]  Pass
Mar 07,2015 22:34:13 [info]  Open resident Profile
Mar 07,2015 22:34:17 [info]  Pass
Mar 07,2015 22:34:20 [info]  Click on Medication button
Mar 07,2015 22:34:24 [info]  Pass
Mar 07,2015 22:34:24 [info]  Click on Add Medication button
Mar 07,2015 22:34:39 [info]  Pass
Mar 07,2015 22:34:39 [info]  Enter Medicine Name
Mar 07,2015 22:34:52 [info]  Pass
Mar 07,2015 22:34:52 [info]  Enter Dosage
Mar 07,2015 22:34:56 [info]  Pass
Mar 07,2015 22:34:56 [info]  Enter instruction
Mar 07,2015 22:34:59 [info]  Pass
Mar 07,2015 22:34:59 [info]  Open 'Calender'
Mar 07,2015 22:35:04 [info]  Pass
Mar 07,2015 22:35:07 [info]  Select date
Mar 07,2015 22:35:11 [info]  Pass
Mar 07,2015 22:35:11 [info]  Select time
Mar 07,2015 22:35:11 [info]  Mar 07,2015 22:35:11 [info]  <<<<<<<<<<<<<<<<<<<<<<<<<<<<<<<<<< Error message >>>>>>>>>>>>>>>>>>>>>>>>>>>>>>
org.openqa.selenium.NoSuchElementException: Cannot locate element with text: 13:00
For documentation on this error, please visit: http://seleniumhq.org/exceptions/no_such_element.html
Build info: version: '2.41.0', revision: '3192d8a', time: '2014-03-27 17:17:32'
System info: host: 'user-PC', ip: '192.168.21.1', os.name: 'Windows 7', os.arch: 'x86', os.version: '6.1', java.version: '1.8.0_20'
Driver info: driver.version: unknown
	at org.openqa.selenium.support.ui.Select.selectByVisibleText(Select.java:147)
	at com.iCM.util.DriverHelper.selectDropDown(DriverHelper.java:280)
	at com.iCM.pagehelper.EChartHelper.select(EChartHelper.java:137)
	at com.iCM.scripts.EMRAdminLate.testEMRAdminLate(EMRAdminLate.java:224)
	at sun.reflect.NativeMethodAccessorImpl.invoke0(Native Method)
	at sun.reflect.NativeMethodAccessorImpl.invoke(Unknown Source)
	at sun.reflect.DelegatingMethodAccessorImpl.invoke(Unknown Source)
	at java.lang.reflect.Method.invoke(Unknown Source)
	at org.testng.internal.MethodInvocationHelper.invokeMethod(MethodInvocationHelper.java:84)
	at org.testng.internal.Invoker.invokeMethod(Invoker.java:714)
	at org.testng.internal.Invoker.invokeTestMethod(Invoker.java:901)
	at org.testng.internal.Invoker.invokeTestMethods(Invoker.java:1231)
	at org.testng.internal.TestMethodWorker.invokeTestMethods(TestMethodWorker.java:127)
	at org.testng.internal.TestMethodWorker.run(TestMethodWorker.java:111)
	at org.testng.TestRunner.privateRun(TestRunner.java:767)
	at org.testng.TestRunner.run(TestRunner.java:617)
	at org.testng.SuiteRunner.runTest(SuiteRunner.java:334)
	at org.testng.SuiteRunner.runSequentially(SuiteRunner.java:329)
	at org.testng.SuiteRunner.privateRun(SuiteRunner.java:291)
	at org.testng.SuiteRunner.run(SuiteRunner.java:240)
	at org.testng.SuiteRunnerWorker.runSuite(SuiteRunnerWorker.java:52)
	at org.testng.SuiteRunnerWorker.run(SuiteRunnerWorker.java:86)
	at org.testng.TestNG.runSuitesSequentially(TestNG.java:1224)
	at org.testng.TestNG.runSuitesLocally(TestNG.java:1149)
	at org.testng.TestNG.run(TestNG.java:1057)
	at org.testng.remote.RemoteTestNG.run(RemoteTestNG.java:111)
	at org.testng.remote.RemoteTestNG.initAndRun(RemoteTestNG.java:204)
	at org.testng.remote.RemoteTestNG.main(RemoteTestNG.java:175)
Mar 07,2015 22:35:11 [info]  End Execution of Test Class com.iCM.scripts.EMRAdminLate
*****************************************************************************

*****************************************************************************
Mar 07,2015 22:37:43 [info]   Execution Started of Test Class com.iCM.scripts.EMRAdminLate and Test method testEMRAdminLate
*****************************************************************************
Mar 07,2015 22:37:43 [info]  Open application url
Mar 07,2015 22:37:59 [info]  Pass
Mar 07,2015 22:37:59 [info]  Verify Page title
Mar 07,2015 22:38:04 [info]  Pass
Mar 07,2015 22:38:04 [info]  Enter User name at login page.
Mar 07,2015 22:38:05 [info]  Pass
Mar 07,2015 22:38:05 [info]  Enter password at login page.
Mar 07,2015 22:38:06 [info]  Pass
Mar 07,2015 22:38:06 [info]  Click on Sign In button
Mar 07,2015 22:38:23 [info]  Pass
Mar 07,2015 22:38:23 [info]  Verify home page title
Mar 07,2015 22:38:29 [info]  Pass
Mar 07,2015 22:38:29 [info]  Open Add resident form via deep link
Mar 07,2015 22:38:44 [info]  Pass
Mar 07,2015 22:38:44 [info]  Enter Resident First Name
Mar 07,2015 22:38:47 [info]  Pass
Mar 07,2015 22:38:47 [info]  Enter Middle name
Mar 07,2015 22:38:51 [info]  Pass
Mar 07,2015 22:38:51 [info]  Enter last name
Mar 07,2015 22:38:54 [info]  Pass
Mar 07,2015 22:38:54 [info]  Open 'Calender'
Mar 07,2015 22:38:56 [info]  Pass
Mar 07,2015 22:39:01 [info]  Select Year
Mar 07,2015 22:39:07 [info]  Pass
Mar 07,2015 22:39:10 [info]  Select date
Mar 07,2015 22:39:13 [info]  Pass
Mar 07,2015 22:39:13 [info]  Select gender
Mar 07,2015 22:39:15 [info]  Pass
Mar 07,2015 22:39:15 [info]  Select Marital Status
Mar 07,2015 22:39:16 [info]  Pass
Mar 07,2015 22:39:16 [info]  Open 'Calender' for admit date
Mar 07,2015 22:39:18 [info]  Pass
Mar 07,2015 22:39:21 [info]  Select Year
Mar 07,2015 22:39:27 [info]  Pass
Mar 07,2015 22:39:27 [info]  Select Month
Mar 07,2015 22:39:29 [info]  Pass
Mar 07,2015 22:39:29 [info]  Select date
Mar 07,2015 22:39:32 [info]  Pass
Mar 07,2015 22:39:32 [info]  Select Facality
Mar 07,2015 22:39:34 [info]  Pass
Mar 07,2015 22:39:37 [info]  Select Nurse
Mar 07,2015 22:39:38 [info]  Pass
Mar 07,2015 22:39:38 [info]  Enter level of care
Mar 07,2015 22:39:42 [info]  Pass
Mar 07,2015 22:39:42 [info]  Click on 'Save' button
Mar 07,2015 22:39:46 [info]  Pass
Mar 07,2015 22:39:46 [info]  Search Added resident
Mar 07,2015 22:39:53 [info]  Pass
Mar 07,2015 22:39:53 [info]  Verify added resident
Mar 07,2015 22:39:56 [info]  Pass
Mar 07,2015 22:39:56 [info]  Open resident Profile
Mar 07,2015 22:40:00 [info]  Pass
Mar 07,2015 22:40:03 [info]  Click on Medication button
Mar 07,2015 22:40:07 [info]  Pass
Mar 07,2015 22:40:07 [info]  Click on Add Medication button
Mar 07,2015 22:40:25 [info]  Pass
Mar 07,2015 22:40:25 [info]  Enter Medicine Name
Mar 07,2015 22:40:38 [info]  Pass
Mar 07,2015 22:40:38 [info]  Enter Dosage
Mar 07,2015 22:40:42 [info]  Pass
Mar 07,2015 22:40:42 [info]  Enter instruction
Mar 07,2015 22:40:45 [info]  Pass
Mar 07,2015 22:40:45 [info]  Open 'Calender'
Mar 07,2015 22:40:50 [info]  Pass
Mar 07,2015 22:40:53 [info]  Select date
Mar 07,2015 22:40:57 [info]  Pass
Mar 07,2015 22:40:57 [info]  Select time
Mar 07,2015 22:40:58 [info]  Pass
Mar 07,2015 22:40:58 [info]  Select AM/PM
Mar 07,2015 22:40:59 [info]  Pass
Mar 07,2015 22:40:59 [info]  Click on Add Schedule button
Mar 07,2015 22:41:02 [info]  Pass
Mar 07,2015 22:41:02 [info]  Verify Added Schedule
Mar 07,2015 22:41:03 [info]  Pass
Mar 07,2015 22:41:03 [info]  Click on Save button
Mar 07,2015 22:41:21 [info]  Pass
Mar 07,2015 22:41:21 [info]  Verify Title
Mar 07,2015 22:41:27 [info]  Pass
Mar 07,2015 22:41:37 [info]  Open Medication page
Mar 07,2015 22:41:50 [info]  Pass
Mar 07,2015 22:41:50 [info]  Click on EMR Tab
Mar 07,2015 22:41:54 [info]  Pass
Mar 07,2015 22:41:54 [info]  Click on All Meds Tab
Mar 07,2015 22:42:11 [info]  Pass
Mar 07,2015 22:42:14 [info]  Click on Admin Button dropdown
Mar 07,2015 22:42:18 [info]  Pass
Mar 07,2015 22:42:18 [info]  Click on reading
Mar 07,2015 22:42:24 [info]  Pass
Mar 07,2015 22:42:27 [info]  Verify Date field is populated
Mar 07,2015 22:42:27 [info]  Pass
Mar 07,2015 22:42:27 [info]  Verify Time field is populated
Mar 07,2015 22:42:27 [info]  Pass
Mar 07,2015 22:42:27 [info]  Verify current Date is populated in field
Mar 07,2015 22:42:28 [info]  Pass
Mar 07,2015 22:42:28 [info]  Verify current time is populated in field
Mar 07,2015 22:42:28 [info]  Mar 07,2015 22:42:28 [info]  <<<<<<<<<<<<<<<<<<<<<<<<<<<<<<<<<< Error message >>>>>>>>>>>>>>>>>>>>>>>>>>>>>>
java.lang.AssertionError: expected [true] but found [false]
	at org.testng.Assert.fail(Assert.java:94)
	at org.testng.Assert.failNotEquals(Assert.java:494)
	at org.testng.Assert.assertTrue(Assert.java:42)
	at org.testng.Assert.assertTrue(Assert.java:52)
	at com.iCM.pagehelper.EMRHelper.verifyCurrentDateTime(EMRHelper.java:111)
	at com.iCM.scripts.EMRAdminLate.testEMRAdminLate(EMRAdminLate.java:301)
	at sun.reflect.NativeMethodAccessorImpl.invoke0(Native Method)
	at sun.reflect.NativeMethodAccessorImpl.invoke(Unknown Source)
	at sun.reflect.DelegatingMethodAccessorImpl.invoke(Unknown Source)
	at java.lang.reflect.Method.invoke(Unknown Source)
	at org.testng.internal.MethodInvocationHelper.invokeMethod(MethodInvocationHelper.java:84)
	at org.testng.internal.Invoker.invokeMethod(Invoker.java:714)
	at org.testng.internal.Invoker.invokeTestMethod(Invoker.java:901)
	at org.testng.internal.Invoker.invokeTestMethods(Invoker.java:1231)
	at org.testng.internal.TestMethodWorker.invokeTestMethods(TestMethodWorker.java:127)
	at org.testng.internal.TestMethodWorker.run(TestMethodWorker.java:111)
	at org.testng.TestRunner.privateRun(TestRunner.java:767)
	at org.testng.TestRunner.run(TestRunner.java:617)
	at org.testng.SuiteRunner.runTest(SuiteRunner.java:334)
	at org.testng.SuiteRunner.runSequentially(SuiteRunner.java:329)
	at org.testng.SuiteRunner.privateRun(SuiteRunner.java:291)
	at org.testng.SuiteRunner.run(SuiteRunner.java:240)
	at org.testng.SuiteRunnerWorker.runSuite(SuiteRunnerWorker.java:52)
	at org.testng.SuiteRunnerWorker.run(SuiteRunnerWorker.java:86)
	at org.testng.TestNG.runSuitesSequentially(TestNG.java:1224)
	at org.testng.TestNG.runSuitesLocally(TestNG.java:1149)
	at org.testng.TestNG.run(TestNG.java:1057)
	at org.testng.remote.RemoteTestNG.run(RemoteTestNG.java:111)
	at org.testng.remote.RemoteTestNG.initAndRun(RemoteTestNG.java:204)
	at org.testng.remote.RemoteTestNG.main(RemoteTestNG.java:175)
Mar 07,2015 22:42:28 [info]  End Execution of Test Class com.iCM.scripts.EMRAdminLate
*****************************************************************************
