
*****************************************************************************
Feb 28,2015 00:04:04 [info]   Execution Started of Test Class com.iCM.scripts.EMRAdministerUndo and Test method testEMRAdministerLate
*****************************************************************************
Feb 28,2015 00:04:04 [info]  Open application url
Feb 28,2015 00:04:19 [info]  Pass
Feb 28,2015 00:04:19 [info]  Verify Page title
Feb 28,2015 00:04:24 [info]  Pass
Feb 28,2015 00:04:24 [info]  Enter User name at login page.
Feb 28,2015 00:04:25 [info]  Pass
Feb 28,2015 00:04:25 [info]  Enter password at login page.
Feb 28,2015 00:04:26 [info]  Pass
Feb 28,2015 00:04:26 [info]  Click on Sign In button
Feb 28,2015 00:04:43 [info]  Pass
Feb 28,2015 00:04:43 [info]  Verify home page title
Feb 28,2015 00:04:49 [info]  Pass
Feb 28,2015 00:04:49 [info]  Click on 'EMR'
Feb 28,2015 00:04:51 [info]  Pass
Feb 28,2015 00:04:51 [info]  Verify EMR title
Feb 28,2015 00:04:57 [info]  Pass
Feb 28,2015 00:04:57 [info]  Click on 'EMR'
Feb 28,2015 00:04:59 [info]  Pass
Feb 28,2015 00:04:59 [info]  Click on Administer button
Feb 28,2015 00:05:07 [info]  Pass
Feb 28,2015 00:05:11 [info]  Enter Blood Sugar
Feb 28,2015 00:05:14 [info]  Pass
Feb 28,2015 00:05:14 [info]  Click on Admin Now Button
Feb 28,2015 00:05:18 [info]  Pass
Feb 28,2015 00:05:18 [info]  Click on Ok Button
Feb 28,2015 00:05:21 [info]  Pass
Feb 28,2015 00:05:21 [info]  Verify User is able to Administered
Feb 28,2015 00:05:23 [info]  Pass
Feb 28,2015 00:05:23 [info]  Click on Undo button
Feb 28,2015 00:05:26 [info]  Pass
Feb 28,2015 00:05:29 [info]  Verify User is able to undo the Administered
Feb 28,2015 00:05:50 [info]  Pass
Feb 28,2015 00:05:50 [info]  End Execution of Test Class com.iCM.scripts.EMRAdministerUndo
*****************************************************************************

*****************************************************************************
Feb 28,2015 00:09:27 [info]   Execution Started of Test Class com.iCM.scripts.EMRAdministerLate and Test method testEMRAdministerLate
*****************************************************************************
Feb 28,2015 00:09:27 [info]  Open application url
Feb 28,2015 00:09:41 [info]  Pass
Feb 28,2015 00:09:41 [info]  Verify Page title
Feb 28,2015 00:09:46 [info]  Pass
Feb 28,2015 00:09:46 [info]  Enter User name at login page.
Feb 28,2015 00:09:47 [info]  Pass
Feb 28,2015 00:09:47 [info]  Enter password at login page.
Feb 28,2015 00:09:49 [info]  Pass
Feb 28,2015 00:09:49 [info]  Click on Sign In button
Feb 28,2015 00:10:06 [info]  Pass
Feb 28,2015 00:10:06 [info]  Verify home page title
Feb 28,2015 00:10:06 [info]  Pass
Feb 28,2015 00:10:06 [info]  Click on 'EMR'
Feb 28,2015 00:10:09 [info]  Pass
Feb 28,2015 00:10:09 [info]  Verify EMR title
Feb 28,2015 00:10:15 [info]  Pass
Feb 28,2015 00:10:15 [info]  Click on 'EMR'
Feb 28,2015 00:10:18 [info]  Pass
Feb 28,2015 00:10:21 [info]  Click on Administer button
Feb 28,2015 00:10:23 [info]  Pass
Feb 28,2015 00:10:23 [info]  Click on Administer Late option
Feb 28,2015 00:10:26 [info]  Pass
Feb 28,2015 00:10:29 [info]  Verify Date is populated
Feb 28,2015 00:10:29 [info]  Feb 28,2015 00:10:29 [info]  <<<<<<<<<<<<<<<<<<<<<<<<<<<<<<<<<< Error message >>>>>>>>>>>>>>>>>>>>>>>>>>>>>>
java.lang.AssertionError: expected [false] but found [true]
	at org.testng.Assert.fail(Assert.java:94)
	at org.testng.Assert.failNotEquals(Assert.java:494)
	at org.testng.Assert.assertFalse(Assert.java:63)
	at org.testng.Assert.assertFalse(Assert.java:73)
	at com.iCM.pagehelper.EMRHelper.verifyFieldPopulated(EMRHelper.java:77)
	at com.iCM.scripts.EMRAdministerLate.testEMRAdministerLate(EMRAdministerLate.java:85)
	at sun.reflect.NativeMethodAccessorImpl.invoke0(Native Method)
	at sun.reflect.NativeMethodAccessorImpl.invoke(Unknown Source)
	at sun.reflect.DelegatingMethodAccessorImpl.invoke(Unknown Source)
	at java.lang.reflect.Method.invoke(Unknown Source)
	at org.testng.internal.MethodInvocationHelper.invokeMethod(MethodInvocationHelper.java:84)
	at org.testng.internal.Invoker.invokeMethod(Invoker.java:714)
	at org.testng.internal.Invoker.invokeTestMethod(Invoker.java:901)
	at org.testng.internal.Invoker.invokeTestMethods(Invoker.java:1231)
	at org.testng.internal.TestMethodWorker.invokeTestMethods(TestMethodWorker.java:127)
	at org.testng.internal.TestMethodWorker.run(TestMethodWorker.java:111)
	at org.testng.TestRunner.privateRun(TestRunner.java:767)
	at org.testng.TestRunner.run(TestRunner.java:617)
	at org.testng.SuiteRunner.runTest(SuiteRunner.java:334)
	at org.testng.SuiteRunner.runSequentially(SuiteRunner.java:329)
	at org.testng.SuiteRunner.privateRun(SuiteRunner.java:291)
	at org.testng.SuiteRunner.run(SuiteRunner.java:240)
	at org.testng.SuiteRunnerWorker.runSuite(SuiteRunnerWorker.java:52)
	at org.testng.SuiteRunnerWorker.run(SuiteRunnerWorker.java:86)
	at org.testng.TestNG.runSuitesSequentially(TestNG.java:1224)
	at org.testng.TestNG.runSuitesLocally(TestNG.java:1149)
	at org.testng.TestNG.run(TestNG.java:1057)
	at org.testng.remote.RemoteTestNG.run(RemoteTestNG.java:111)
	at org.testng.remote.RemoteTestNG.initAndRun(RemoteTestNG.java:204)
	at org.testng.remote.RemoteTestNG.main(RemoteTestNG.java:175)
Feb 28,2015 00:10:29 [info]  End Execution of Test Class com.iCM.scripts.EMRAdministerLate
*****************************************************************************

*****************************************************************************
Feb 28,2015 00:11:55 [info]   Execution Started of Test Class com.iCM.scripts.EMRAdministerLate and Test method testEMRAdministerLate
*****************************************************************************
Feb 28,2015 00:11:55 [info]  Open application url
Feb 28,2015 00:12:11 [info]  Pass
Feb 28,2015 00:12:11 [info]  Verify Page title
Feb 28,2015 00:12:16 [info]  Pass
Feb 28,2015 00:12:16 [info]  Enter User name at login page.
Feb 28,2015 00:12:16 [info]  Pass
Feb 28,2015 00:12:16 [info]  Enter password at login page.
Feb 28,2015 00:12:17 [info]  Pass
Feb 28,2015 00:12:17 [info]  Click on Sign In button
Feb 28,2015 00:12:34 [info]  Pass
Feb 28,2015 00:12:34 [info]  Verify home page title
Feb 28,2015 00:12:34 [info]  Pass
Feb 28,2015 00:12:34 [info]  Click on 'EMR'
Feb 28,2015 00:12:36 [info]  Pass
Feb 28,2015 00:12:36 [info]  Verify EMR title
Feb 28,2015 00:12:43 [info]  Pass
Feb 28,2015 00:12:43 [info]  Click on 'EMR'
Feb 28,2015 00:12:46 [info]  Pass
Feb 28,2015 00:12:49 [info]  Click on Administer button
Feb 28,2015 00:12:52 [info]  Pass
Feb 28,2015 00:12:52 [info]  Click on Administer Late option
Feb 28,2015 00:12:57 [info]  Pass
Feb 28,2015 00:13:00 [info]  Verify Date is populated
Feb 28,2015 00:13:00 [info]  Feb 28,2015 00:13:00 [info]  <<<<<<<<<<<<<<<<<<<<<<<<<<<<<<<<<< Error message >>>>>>>>>>>>>>>>>>>>>>>>>>>>>>
java.lang.AssertionError: expected [false] but found [true]
	at org.testng.Assert.fail(Assert.java:94)
	at org.testng.Assert.failNotEquals(Assert.java:494)
	at org.testng.Assert.assertFalse(Assert.java:63)
	at org.testng.Assert.assertFalse(Assert.java:73)
	at com.iCM.pagehelper.EMRHelper.verifyFieldPopulated(EMRHelper.java:77)
	at com.iCM.scripts.EMRAdministerLate.testEMRAdministerLate(EMRAdministerLate.java:85)
	at sun.reflect.NativeMethodAccessorImpl.invoke0(Native Method)
	at sun.reflect.NativeMethodAccessorImpl.invoke(Unknown Source)
	at sun.reflect.DelegatingMethodAccessorImpl.invoke(Unknown Source)
	at java.lang.reflect.Method.invoke(Unknown Source)
	at org.testng.internal.MethodInvocationHelper.invokeMethod(MethodInvocationHelper.java:84)
	at org.testng.internal.Invoker.invokeMethod(Invoker.java:714)
	at org.testng.internal.Invoker.invokeTestMethod(Invoker.java:901)
	at org.testng.internal.Invoker.invokeTestMethods(Invoker.java:1231)
	at org.testng.internal.TestMethodWorker.invokeTestMethods(TestMethodWorker.java:127)
	at org.testng.internal.TestMethodWorker.run(TestMethodWorker.java:111)
	at org.testng.TestRunner.privateRun(TestRunner.java:767)
	at org.testng.TestRunner.run(TestRunner.java:617)
	at org.testng.SuiteRunner.runTest(SuiteRunner.java:334)
	at org.testng.SuiteRunner.runSequentially(SuiteRunner.java:329)
	at org.testng.SuiteRunner.privateRun(SuiteRunner.java:291)
	at org.testng.SuiteRunner.run(SuiteRunner.java:240)
	at org.testng.SuiteRunnerWorker.runSuite(SuiteRunnerWorker.java:52)
	at org.testng.SuiteRunnerWorker.run(SuiteRunnerWorker.java:86)
	at org.testng.TestNG.runSuitesSequentially(TestNG.java:1224)
	at org.testng.TestNG.runSuitesLocally(TestNG.java:1149)
	at org.testng.TestNG.run(TestNG.java:1057)
	at org.testng.remote.RemoteTestNG.run(RemoteTestNG.java:111)
	at org.testng.remote.RemoteTestNG.initAndRun(RemoteTestNG.java:204)
	at org.testng.remote.RemoteTestNG.main(RemoteTestNG.java:175)
Feb 28,2015 00:13:00 [info]  End Execution of Test Class com.iCM.scripts.EMRAdministerLate
*****************************************************************************

*****************************************************************************
Feb 28,2015 00:15:25 [info]   Execution Started of Test Class com.iCM.scripts.EMRAdministerLate and Test method testEMRAdministerLate
*****************************************************************************
Feb 28,2015 00:15:25 [info]  Open application url
Feb 28,2015 00:15:40 [info]  Pass
Feb 28,2015 00:15:40 [info]  Verify Page title
Feb 28,2015 00:15:45 [info]  Pass
Feb 28,2015 00:15:45 [info]  Enter User name at login page.
Feb 28,2015 00:15:46 [info]  Pass
Feb 28,2015 00:15:46 [info]  Enter password at login page.
Feb 28,2015 00:15:46 [info]  Pass
Feb 28,2015 00:15:46 [info]  Click on Sign In button
Feb 28,2015 00:16:03 [info]  Pass
Feb 28,2015 00:16:03 [info]  Verify home page title
Feb 28,2015 00:16:03 [info]  Pass
Feb 28,2015 00:16:03 [info]  Click on 'EMR'
Feb 28,2015 00:16:05 [info]  Pass
Feb 28,2015 00:16:05 [info]  Verify EMR title
Feb 28,2015 00:16:11 [info]  Pass
Feb 28,2015 00:16:11 [info]  Click on 'EMR'
Feb 28,2015 00:16:13 [info]  Pass
Feb 28,2015 00:16:16 [info]  Click on Administer button
Feb 28,2015 00:16:19 [info]  Pass
Feb 28,2015 00:16:19 [info]  Click on Administer Late option
Feb 28,2015 00:16:25 [info]  Pass
Feb 28,2015 00:16:28 [info]  Verify Date is populated
Feb 28,2015 00:16:28 [info]  Feb 28,2015 00:16:28 [info]  <<<<<<<<<<<<<<<<<<<<<<<<<<<<<<<<<< Error message >>>>>>>>>>>>>>>>>>>>>>>>>>>>>>
java.lang.AssertionError: expected [false] but found [true]
	at org.testng.Assert.fail(Assert.java:94)
	at org.testng.Assert.failNotEquals(Assert.java:494)
	at org.testng.Assert.assertFalse(Assert.java:63)
	at org.testng.Assert.assertFalse(Assert.java:73)
	at com.iCM.pagehelper.EMRHelper.verifyFieldPopulated(EMRHelper.java:77)
	at com.iCM.scripts.EMRAdministerLate.testEMRAdministerLate(EMRAdministerLate.java:85)
	at sun.reflect.NativeMethodAccessorImpl.invoke0(Native Method)
	at sun.reflect.NativeMethodAccessorImpl.invoke(Unknown Source)
	at sun.reflect.DelegatingMethodAccessorImpl.invoke(Unknown Source)
	at java.lang.reflect.Method.invoke(Unknown Source)
	at org.testng.internal.MethodInvocationHelper.invokeMethod(MethodInvocationHelper.java:84)
	at org.testng.internal.Invoker.invokeMethod(Invoker.java:714)
	at org.testng.internal.Invoker.invokeTestMethod(Invoker.java:901)
	at org.testng.internal.Invoker.invokeTestMethods(Invoker.java:1231)
	at org.testng.internal.TestMethodWorker.invokeTestMethods(TestMethodWorker.java:127)
	at org.testng.internal.TestMethodWorker.run(TestMethodWorker.java:111)
	at org.testng.TestRunner.privateRun(TestRunner.java:767)
	at org.testng.TestRunner.run(TestRunner.java:617)
	at org.testng.SuiteRunner.runTest(SuiteRunner.java:334)
	at org.testng.SuiteRunner.runSequentially(SuiteRunner.java:329)
	at org.testng.SuiteRunner.privateRun(SuiteRunner.java:291)
	at org.testng.SuiteRunner.run(SuiteRunner.java:240)
	at org.testng.SuiteRunnerWorker.runSuite(SuiteRunnerWorker.java:52)
	at org.testng.SuiteRunnerWorker.run(SuiteRunnerWorker.java:86)
	at org.testng.TestNG.runSuitesSequentially(TestNG.java:1224)
	at org.testng.TestNG.runSuitesLocally(TestNG.java:1149)
	at org.testng.TestNG.run(TestNG.java:1057)
	at org.testng.remote.RemoteTestNG.run(RemoteTestNG.java:111)
	at org.testng.remote.RemoteTestNG.initAndRun(RemoteTestNG.java:204)
	at org.testng.remote.RemoteTestNG.main(RemoteTestNG.java:175)
Feb 28,2015 00:16:28 [info]  End Execution of Test Class com.iCM.scripts.EMRAdministerLate
*****************************************************************************

*****************************************************************************
Feb 28,2015 00:17:12 [info]   Execution Started of Test Class com.iCM.scripts.EMRAdministerLate and Test method testEMRAdministerLate
*****************************************************************************
Feb 28,2015 00:17:12 [info]  Open application url
Feb 28,2015 00:17:27 [info]  Pass
Feb 28,2015 00:17:27 [info]  Verify Page title
Feb 28,2015 00:17:32 [info]  Pass
Feb 28,2015 00:17:32 [info]  Enter User name at login page.
Feb 28,2015 00:17:33 [info]  Pass
Feb 28,2015 00:17:33 [info]  Enter password at login page.
Feb 28,2015 00:17:34 [info]  Pass
Feb 28,2015 00:17:34 [info]  Click on Sign In button
Feb 28,2015 00:17:50 [info]  Pass
Feb 28,2015 00:17:50 [info]  Verify home page title
Feb 28,2015 00:17:50 [info]  Pass
Feb 28,2015 00:17:50 [info]  Click on 'EMR'
Feb 28,2015 00:17:52 [info]  Pass
Feb 28,2015 00:17:52 [info]  Verify EMR title
Feb 28,2015 00:17:58 [info]  Pass
Feb 28,2015 00:17:58 [info]  Click on 'EMR'
Feb 28,2015 00:18:00 [info]  Pass
Feb 28,2015 00:18:03 [info]  Click on Administer button
Feb 28,2015 00:18:06 [info]  Pass
Feb 28,2015 00:18:06 [info]  Click on Administer Late option
Feb 28,2015 00:18:09 [info]  Pass
Feb 28,2015 00:18:12 [info]  Verify Date is populated
Feb 28,2015 00:18:12 [info]  Feb 28,2015 00:18:12 [info]  <<<<<<<<<<<<<<<<<<<<<<<<<<<<<<<<<< Error message >>>>>>>>>>>>>>>>>>>>>>>>>>>>>>
java.lang.AssertionError: expected [false] but found [true]
	at org.testng.Assert.fail(Assert.java:94)
	at org.testng.Assert.failNotEquals(Assert.java:494)
	at org.testng.Assert.assertFalse(Assert.java:63)
	at org.testng.Assert.assertFalse(Assert.java:73)
	at com.iCM.pagehelper.EMRHelper.verifyFieldPopulated(EMRHelper.java:77)
	at com.iCM.scripts.EMRAdministerLate.testEMRAdministerLate(EMRAdministerLate.java:85)
	at sun.reflect.NativeMethodAccessorImpl.invoke0(Native Method)
	at sun.reflect.NativeMethodAccessorImpl.invoke(Unknown Source)
	at sun.reflect.DelegatingMethodAccessorImpl.invoke(Unknown Source)
	at java.lang.reflect.Method.invoke(Unknown Source)
	at org.testng.internal.MethodInvocationHelper.invokeMethod(MethodInvocationHelper.java:84)
	at org.testng.internal.Invoker.invokeMethod(Invoker.java:714)
	at org.testng.internal.Invoker.invokeTestMethod(Invoker.java:901)
	at org.testng.internal.Invoker.invokeTestMethods(Invoker.java:1231)
	at org.testng.internal.TestMethodWorker.invokeTestMethods(TestMethodWorker.java:127)
	at org.testng.internal.TestMethodWorker.run(TestMethodWorker.java:111)
	at org.testng.TestRunner.privateRun(TestRunner.java:767)
	at org.testng.TestRunner.run(TestRunner.java:617)
	at org.testng.SuiteRunner.runTest(SuiteRunner.java:334)
	at org.testng.SuiteRunner.runSequentially(SuiteRunner.java:329)
	at org.testng.SuiteRunner.privateRun(SuiteRunner.java:291)
	at org.testng.SuiteRunner.run(SuiteRunner.java:240)
	at org.testng.SuiteRunnerWorker.runSuite(SuiteRunnerWorker.java:52)
	at org.testng.SuiteRunnerWorker.run(SuiteRunnerWorker.java:86)
	at org.testng.TestNG.runSuitesSequentially(TestNG.java:1224)
	at org.testng.TestNG.runSuitesLocally(TestNG.java:1149)
	at org.testng.TestNG.run(TestNG.java:1057)
	at org.testng.remote.RemoteTestNG.run(RemoteTestNG.java:111)
	at org.testng.remote.RemoteTestNG.initAndRun(RemoteTestNG.java:204)
	at org.testng.remote.RemoteTestNG.main(RemoteTestNG.java:175)
Feb 28,2015 00:18:12 [info]  End Execution of Test Class com.iCM.scripts.EMRAdministerLate
*****************************************************************************

*****************************************************************************
Feb 28,2015 00:19:10 [info]   Execution Started of Test Class com.iCM.scripts.EMRAdministerLate and Test method testEMRAdministerLate
*****************************************************************************
Feb 28,2015 00:19:10 [info]  Open application url
Feb 28,2015 00:19:24 [info]  Pass
Feb 28,2015 00:19:24 [info]  Verify Page title
Feb 28,2015 00:19:29 [info]  Pass
Feb 28,2015 00:19:29 [info]  Enter User name at login page.
Feb 28,2015 00:19:30 [info]  Pass
Feb 28,2015 00:19:30 [info]  Enter password at login page.
Feb 28,2015 00:19:31 [info]  Pass
Feb 28,2015 00:19:31 [info]  Click on Sign In button
Feb 28,2015 00:19:49 [info]  Pass
Feb 28,2015 00:19:49 [info]  Verify home page title
Feb 28,2015 00:19:49 [info]  Pass
Feb 28,2015 00:19:49 [info]  Click on 'EMR'
Feb 28,2015 00:19:52 [info]  Pass
Feb 28,2015 00:19:52 [info]  Verify EMR title
Feb 28,2015 00:19:57 [info]  Pass
Feb 28,2015 00:19:57 [info]  Click on 'EMR'
Feb 28,2015 00:20:00 [info]  Pass
Feb 28,2015 00:20:03 [info]  Click on Administer button
Feb 28,2015 00:20:05 [info]  Pass
Feb 28,2015 00:20:05 [info]  Click on Administer Late option
Feb 28,2015 00:20:08 [info]  Pass
Feb 28,2015 00:20:11 [info]  Verify Date is populated
Feb 28,2015 00:20:12 [info]  Feb 28,2015 00:20:12 [info]  <<<<<<<<<<<<<<<<<<<<<<<<<<<<<<<<<< Error message >>>>>>>>>>>>>>>>>>>>>>>>>>>>>>
java.lang.NullPointerException
	at java.lang.String.contains(Unknown Source)
	at com.iCM.pagehelper.EMRHelper.verifyFieldPopulated(EMRHelper.java:77)
	at com.iCM.scripts.EMRAdministerLate.testEMRAdministerLate(EMRAdministerLate.java:85)
	at sun.reflect.NativeMethodAccessorImpl.invoke0(Native Method)
	at sun.reflect.NativeMethodAccessorImpl.invoke(Unknown Source)
	at sun.reflect.DelegatingMethodAccessorImpl.invoke(Unknown Source)
	at java.lang.reflect.Method.invoke(Unknown Source)
	at org.testng.internal.MethodInvocationHelper.invokeMethod(MethodInvocationHelper.java:84)
	at org.testng.internal.Invoker.invokeMethod(Invoker.java:714)
	at org.testng.internal.Invoker.invokeTestMethod(Invoker.java:901)
	at org.testng.internal.Invoker.invokeTestMethods(Invoker.java:1231)
	at org.testng.internal.TestMethodWorker.invokeTestMethods(TestMethodWorker.java:127)
	at org.testng.internal.TestMethodWorker.run(TestMethodWorker.java:111)
	at org.testng.TestRunner.privateRun(TestRunner.java:767)
	at org.testng.TestRunner.run(TestRunner.java:617)
	at org.testng.SuiteRunner.runTest(SuiteRunner.java:334)
	at org.testng.SuiteRunner.runSequentially(SuiteRunner.java:329)
	at org.testng.SuiteRunner.privateRun(SuiteRunner.java:291)
	at org.testng.SuiteRunner.run(SuiteRunner.java:240)
	at org.testng.SuiteRunnerWorker.runSuite(SuiteRunnerWorker.java:52)
	at org.testng.SuiteRunnerWorker.run(SuiteRunnerWorker.java:86)
	at org.testng.TestNG.runSuitesSequentially(TestNG.java:1224)
	at org.testng.TestNG.runSuitesLocally(TestNG.java:1149)
	at org.testng.TestNG.run(TestNG.java:1057)
	at org.testng.remote.RemoteTestNG.run(RemoteTestNG.java:111)
	at org.testng.remote.RemoteTestNG.initAndRun(RemoteTestNG.java:204)
	at org.testng.remote.RemoteTestNG.main(RemoteTestNG.java:175)
Feb 28,2015 00:20:12 [info]  End Execution of Test Class com.iCM.scripts.EMRAdministerLate
*****************************************************************************

*****************************************************************************
Feb 28,2015 00:21:04 [info]   Execution Started of Test Class com.iCM.scripts.EMRAdministerLate and Test method testEMRAdministerLate
*****************************************************************************
Feb 28,2015 00:21:04 [info]  Open application url
Feb 28,2015 00:21:19 [info]  Pass
Feb 28,2015 00:21:19 [info]  Verify Page title
Feb 28,2015 00:21:24 [info]  Pass
Feb 28,2015 00:21:24 [info]  Enter User name at login page.
Feb 28,2015 00:21:25 [info]  Pass
Feb 28,2015 00:21:25 [info]  Enter password at login page.
Feb 28,2015 00:21:26 [info]  Pass
Feb 28,2015 00:21:26 [info]  Click on Sign In button
Feb 28,2015 00:21:41 [info]  Pass
Feb 28,2015 00:21:41 [info]  Verify home page title
Feb 28,2015 00:21:41 [info]  Pass
Feb 28,2015 00:21:41 [info]  Click on 'EMR'
Feb 28,2015 00:21:43 [info]  Pass
Feb 28,2015 00:21:43 [info]  Verify EMR title
Feb 28,2015 00:21:50 [info]  Pass
Feb 28,2015 00:21:50 [info]  Click on 'EMR'
Feb 28,2015 00:21:53 [info]  Pass
Feb 28,2015 00:21:56 [info]  Click on Administer button
Feb 28,2015 00:21:59 [info]  Pass
Feb 28,2015 00:21:59 [info]  Click on Administer Late option
Feb 28,2015 00:22:02 [info]  Pass
Feb 28,2015 00:22:05 [info]  Verify Date is populated
Feb 28,2015 00:22:05 [info]  Pass
Feb 28,2015 00:22:05 [info]  Verify time is populated
Feb 28,2015 00:22:05 [info]  Pass
Feb 28,2015 00:22:05 [info]  End Execution of Test Class com.iCM.scripts.EMRAdministerLate
*****************************************************************************

*****************************************************************************
Feb 28,2015 12:14:36 [info]   Execution Started of Test Class com.iCM.scripts.EMRAdministerLate and Test method testEMRAdministerLate
*****************************************************************************
Feb 28,2015 12:14:36 [info]  Open application url
Feb 28,2015 12:14:59 [info]  Pass
Feb 28,2015 12:14:59 [info]  Verify Page title
Feb 28,2015 12:15:04 [info]  Pass
Feb 28,2015 12:15:04 [info]  Enter User name at login page.
Feb 28,2015 12:15:05 [info]  Pass
Feb 28,2015 12:15:05 [info]  Enter password at login page.
Feb 28,2015 12:15:06 [info]  Pass
Feb 28,2015 12:15:06 [info]  Click on Sign In button
Feb 28,2015 12:15:27 [info]  Pass
Feb 28,2015 12:15:27 [info]  Verify home page title
Feb 28,2015 12:15:27 [info]  Pass
Feb 28,2015 12:15:27 [info]  Click on 'EMR'
Feb 28,2015 12:15:29 [info]  Pass
Feb 28,2015 12:15:29 [info]  Verify EMR title
Feb 28,2015 12:15:36 [info]  Pass
Feb 28,2015 12:15:36 [info]  Click on 'EMR'
Feb 28,2015 12:15:38 [info]  Pass
Feb 28,2015 12:15:41 [info]  Click on Administer button
Feb 28,2015 12:15:44 [info]  Pass
Feb 28,2015 12:15:44 [info]  Click on Administer Late option
Feb 28,2015 12:15:47 [info]  Pass
Feb 28,2015 12:15:50 [info]  Verify Date is populated
Feb 28,2015 12:15:50 [info]  Pass
Feb 28,2015 12:15:50 [info]  Verify time is populated
Feb 28,2015 12:15:51 [info]  Pass
Feb 28,2015 12:15:51 [info]  Verify Current date in Date field
Feb 28,2015 12:15:51 [info]  Pass
Feb 28,2015 12:15:51 [info]  End Execution of Test Class com.iCM.scripts.EMRAdministerLate
*****************************************************************************

*****************************************************************************
Feb 28,2015 12:27:47 [info]   Execution Started of Test Class com.iCM.scripts.EMRAdministerLate and Test method testEMRAdministerLate
*****************************************************************************
Feb 28,2015 12:27:47 [info]  Open application url
Feb 28,2015 12:28:04 [info]  Pass
Feb 28,2015 12:28:04 [info]  Verify Page title
Feb 28,2015 12:28:09 [info]  Pass
Feb 28,2015 12:28:09 [info]  Enter User name at login page.
Feb 28,2015 12:28:09 [info]  Pass
Feb 28,2015 12:28:09 [info]  Enter password at login page.
Feb 28,2015 12:28:11 [info]  Pass
Feb 28,2015 12:28:11 [info]  Click on Sign In button
Feb 28,2015 12:28:28 [info]  Pass
Feb 28,2015 12:28:28 [info]  Verify home page title
Feb 28,2015 12:28:28 [info]  Pass
Feb 28,2015 12:28:28 [info]  Click on 'EMR'
Feb 28,2015 12:28:31 [info]  Pass
Feb 28,2015 12:28:31 [info]  Verify EMR title
Feb 28,2015 12:28:37 [info]  Pass
Feb 28,2015 12:28:37 [info]  Click on 'EMR'
Feb 28,2015 12:28:39 [info]  Pass
Feb 28,2015 12:28:42 [info]  Click on Administer button
Feb 28,2015 12:28:45 [info]  Pass
Feb 28,2015 12:28:45 [info]  Click on Administer Late option
Feb 28,2015 12:28:48 [info]  Pass
Feb 28,2015 12:28:51 [info]  Verify Date is populated
Feb 28,2015 12:28:51 [info]  Pass
Feb 28,2015 12:28:51 [info]  Verify time is populated
Feb 28,2015 12:28:52 [info]  Pass
Feb 28,2015 12:28:52 [info]  Verify Current date in Date field
Feb 28,2015 12:28:52 [info]  Pass
Feb 28,2015 12:28:52 [info]  Verify Current time in time field
Feb 28,2015 12:28:52 [info]  Feb 28,2015 12:28:52 [info]  <<<<<<<<<<<<<<<<<<<<<<<<<<<<<<<<<< Error message >>>>>>>>>>>>>>>>>>>>>>>>>>>>>>
java.lang.AssertionError: expected [true] but found [false]
	at org.testng.Assert.fail(Assert.java:94)
	at org.testng.Assert.failNotEquals(Assert.java:494)
	at org.testng.Assert.assertTrue(Assert.java:42)
	at org.testng.Assert.assertTrue(Assert.java:52)
	at com.iCM.pagehelper.EMRHelper.verifyCurrentDateTime(EMRHelper.java:160)
	at com.iCM.scripts.EMRAdministerLate.testEMRAdministerLate(EMRAdministerLate.java:99)
	at sun.reflect.NativeMethodAccessorImpl.invoke0(Native Method)
	at sun.reflect.NativeMethodAccessorImpl.invoke(Unknown Source)
	at sun.reflect.DelegatingMethodAccessorImpl.invoke(Unknown Source)
	at java.lang.reflect.Method.invoke(Unknown Source)
	at org.testng.internal.MethodInvocationHelper.invokeMethod(MethodInvocationHelper.java:84)
	at org.testng.internal.Invoker.invokeMethod(Invoker.java:714)
	at org.testng.internal.Invoker.invokeTestMethod(Invoker.java:901)
	at org.testng.internal.Invoker.invokeTestMethods(Invoker.java:1231)
	at org.testng.internal.TestMethodWorker.invokeTestMethods(TestMethodWorker.java:127)
	at org.testng.internal.TestMethodWorker.run(TestMethodWorker.java:111)
	at org.testng.TestRunner.privateRun(TestRunner.java:767)
	at org.testng.TestRunner.run(TestRunner.java:617)
	at org.testng.SuiteRunner.runTest(SuiteRunner.java:334)
	at org.testng.SuiteRunner.runSequentially(SuiteRunner.java:329)
	at org.testng.SuiteRunner.privateRun(SuiteRunner.java:291)
	at org.testng.SuiteRunner.run(SuiteRunner.java:240)
	at org.testng.SuiteRunnerWorker.runSuite(SuiteRunnerWorker.java:52)
	at org.testng.SuiteRunnerWorker.run(SuiteRunnerWorker.java:86)
	at org.testng.TestNG.runSuitesSequentially(TestNG.java:1224)
	at org.testng.TestNG.runSuitesLocally(TestNG.java:1149)
	at org.testng.TestNG.run(TestNG.java:1057)
	at org.testng.remote.RemoteTestNG.run(RemoteTestNG.java:111)
	at org.testng.remote.RemoteTestNG.initAndRun(RemoteTestNG.java:204)
	at org.testng.remote.RemoteTestNG.main(RemoteTestNG.java:175)
Feb 28,2015 12:28:52 [info]  End Execution of Test Class com.iCM.scripts.EMRAdministerLate
*****************************************************************************

*****************************************************************************
Feb 28,2015 12:30:15 [info]   Execution Started of Test Class com.iCM.scripts.EMRAdministerLate and Test method testEMRAdministerLate
*****************************************************************************
Feb 28,2015 12:30:15 [info]  Open application url
Feb 28,2015 12:30:36 [info]  Pass
Feb 28,2015 12:30:36 [info]  Verify Page title
Feb 28,2015 12:30:41 [info]  Pass
Feb 28,2015 12:30:41 [info]  Enter User name at login page.
Feb 28,2015 12:30:42 [info]  Pass
Feb 28,2015 12:30:42 [info]  Enter password at login page.
Feb 28,2015 12:30:42 [info]  Pass
Feb 28,2015 12:30:43 [info]  Click on Sign In button
Feb 28,2015 12:31:11 [info]  Pass
Feb 28,2015 12:31:11 [info]  Verify home page title
Feb 28,2015 12:31:11 [info]  Pass
Feb 28,2015 12:31:11 [info]  Click on 'EMR'
Feb 28,2015 12:31:13 [info]  Pass
Feb 28,2015 12:31:13 [info]  Verify EMR title
Feb 28,2015 12:31:20 [info]  Pass
Feb 28,2015 12:31:20 [info]  Click on 'EMR'
Feb 28,2015 12:31:23 [info]  Pass
Feb 28,2015 12:31:26 [info]  Click on Administer button
Feb 28,2015 12:31:29 [info]  Pass
Feb 28,2015 12:31:29 [info]  Click on Administer Late option
Feb 28,2015 12:31:32 [info]  Pass
Feb 28,2015 12:31:35 [info]  Verify Date is populated
Feb 28,2015 12:31:35 [info]  Pass
Feb 28,2015 12:31:35 [info]  Verify time is populated
Feb 28,2015 12:31:35 [info]  Pass
Feb 28,2015 12:31:35 [info]  Verify Current date in Date field
Feb 28,2015 12:31:36 [info]  Pass
Feb 28,2015 12:31:36 [info]  Verify Current time in time field
Feb 28,2015 12:31:36 [info]  Feb 28,2015 12:31:36 [info]  <<<<<<<<<<<<<<<<<<<<<<<<<<<<<<<<<< Error message >>>>>>>>>>>>>>>>>>>>>>>>>>>>>>
java.lang.AssertionError: expected [true] but found [false]
	at org.testng.Assert.fail(Assert.java:94)
	at org.testng.Assert.failNotEquals(Assert.java:494)
	at org.testng.Assert.assertTrue(Assert.java:42)
	at org.testng.Assert.assertTrue(Assert.java:52)
	at com.iCM.pagehelper.EMRHelper.verifyCurrentDateTime(EMRHelper.java:160)
	at com.iCM.scripts.EMRAdministerLate.testEMRAdministerLate(EMRAdministerLate.java:99)
	at sun.reflect.NativeMethodAccessorImpl.invoke0(Native Method)
	at sun.reflect.NativeMethodAccessorImpl.invoke(Unknown Source)
	at sun.reflect.DelegatingMethodAccessorImpl.invoke(Unknown Source)
	at java.lang.reflect.Method.invoke(Unknown Source)
	at org.testng.internal.MethodInvocationHelper.invokeMethod(MethodInvocationHelper.java:84)
	at org.testng.internal.Invoker.invokeMethod(Invoker.java:714)
	at org.testng.internal.Invoker.invokeTestMethod(Invoker.java:901)
	at org.testng.internal.Invoker.invokeTestMethods(Invoker.java:1231)
	at org.testng.internal.TestMethodWorker.invokeTestMethods(TestMethodWorker.java:127)
	at org.testng.internal.TestMethodWorker.run(TestMethodWorker.java:111)
	at org.testng.TestRunner.privateRun(TestRunner.java:767)
	at org.testng.TestRunner.run(TestRunner.java:617)
	at org.testng.SuiteRunner.runTest(SuiteRunner.java:334)
	at org.testng.SuiteRunner.runSequentially(SuiteRunner.java:329)
	at org.testng.SuiteRunner.privateRun(SuiteRunner.java:291)
	at org.testng.SuiteRunner.run(SuiteRunner.java:240)
	at org.testng.SuiteRunnerWorker.runSuite(SuiteRunnerWorker.java:52)
	at org.testng.SuiteRunnerWorker.run(SuiteRunnerWorker.java:86)
	at org.testng.TestNG.runSuitesSequentially(TestNG.java:1224)
	at org.testng.TestNG.runSuitesLocally(TestNG.java:1149)
	at org.testng.TestNG.run(TestNG.java:1057)
	at org.testng.remote.RemoteTestNG.run(RemoteTestNG.java:111)
	at org.testng.remote.RemoteTestNG.initAndRun(RemoteTestNG.java:204)
	at org.testng.remote.RemoteTestNG.main(RemoteTestNG.java:175)
Feb 28,2015 12:31:36 [info]  End Execution of Test Class com.iCM.scripts.EMRAdministerLate
*****************************************************************************

*****************************************************************************
Feb 28,2015 12:34:48 [info]   Execution Started of Test Class com.iCM.scripts.EMRAdministerLate and Test method testEMRAdministerLate
*****************************************************************************
Feb 28,2015 12:34:48 [info]  Open application url

*****************************************************************************
Feb 28,2015 12:35:01 [info]   Execution Started of Test Class com.iCM.scripts.EMRAdministerLate and Test method testEMRAdministerLate
*****************************************************************************
Feb 28,2015 12:35:01 [info]  Open application url
Feb 28,2015 12:35:08 [info]  Pass
Feb 28,2015 12:35:08 [info]  Verify Page title
Feb 28,2015 12:35:13 [info]  Pass
Feb 28,2015 12:35:13 [info]  Enter User name at login page.
Feb 28,2015 12:35:14 [info]  Pass
Feb 28,2015 12:35:14 [info]  Enter password at login page.
Feb 28,2015 12:35:14 [info]  Pass
Feb 28,2015 12:35:14 [info]  Click on Sign In button
Feb 28,2015 12:35:24 [info]  Pass
Feb 28,2015 12:35:24 [info]  Verify Page title
Feb 28,2015 12:35:29 [info]  Pass
Feb 28,2015 12:35:29 [info]  Enter User name at login page.
Feb 28,2015 12:35:29 [info]  Pass
Feb 28,2015 12:35:29 [info]  Enter password at login page.
Feb 28,2015 12:35:31 [info]  Pass
Feb 28,2015 12:35:31 [info]  Click on Sign In button
Feb 28,2015 12:35:45 [info]  Pass
Feb 28,2015 12:35:45 [info]  Verify home page title
Feb 28,2015 12:35:45 [info]  Pass
Feb 28,2015 12:35:45 [info]  Click on 'EMR'
Feb 28,2015 12:35:48 [info]  Pass
Feb 28,2015 12:35:48 [info]  Verify EMR title
Feb 28,2015 12:35:53 [info]  Feb 28,2015 12:35:53 [info]  <<<<<<<<<<<<<<<<<<<<<<<<<<<<<<<<<< Error message >>>>>>>>>>>>>>>>>>>>>>>>>>>>>>
java.lang.AssertionError: Page title is: iCM - Home but expected is: Administer Medication expected [true] but found [false]
	at org.testng.Assert.fail(Assert.java:94)
	at org.testng.Assert.failNotEquals(Assert.java:494)
	at org.testng.Assert.assertTrue(Assert.java:42)
	at com.iCM.pagehelper.LoginHelper.verifyTitle(LoginHelper.java:23)
	at com.iCM.scripts.EMRAdministerLate.testEMRAdministerLate(EMRAdministerLate.java:60)
	at sun.reflect.NativeMethodAccessorImpl.invoke0(Native Method)
	at sun.reflect.NativeMethodAccessorImpl.invoke(Unknown Source)
	at sun.reflect.DelegatingMethodAccessorImpl.invoke(Unknown Source)
	at java.lang.reflect.Method.invoke(Unknown Source)
	at org.testng.internal.MethodInvocationHelper.invokeMethod(MethodInvocationHelper.java:84)
	at org.testng.internal.Invoker.invokeMethod(Invoker.java:714)
	at org.testng.internal.Invoker.invokeTestMethod(Invoker.java:901)
	at org.testng.internal.Invoker.invokeTestMethods(Invoker.java:1231)
	at org.testng.internal.TestMethodWorker.invokeTestMethods(TestMethodWorker.java:127)
	at org.testng.internal.TestMethodWorker.run(TestMethodWorker.java:111)
	at org.testng.TestRunner.privateRun(TestRunner.java:767)
	at org.testng.TestRunner.run(TestRunner.java:617)
	at org.testng.SuiteRunner.runTest(SuiteRunner.java:334)
	at org.testng.SuiteRunner.runSequentially(SuiteRunner.java:329)
	at org.testng.SuiteRunner.privateRun(SuiteRunner.java:291)
	at org.testng.SuiteRunner.run(SuiteRunner.java:240)
	at org.testng.SuiteRunnerWorker.runSuite(SuiteRunnerWorker.java:52)
	at org.testng.SuiteRunnerWorker.run(SuiteRunnerWorker.java:86)
	at org.testng.TestNG.runSuitesSequentially(TestNG.java:1224)
	at org.testng.TestNG.runSuitesLocally(TestNG.java:1149)
	at org.testng.TestNG.run(TestNG.java:1057)
	at org.testng.remote.RemoteTestNG.run(RemoteTestNG.java:111)
	at org.testng.remote.RemoteTestNG.initAndRun(RemoteTestNG.java:204)
	at org.testng.remote.RemoteTestNG.main(RemoteTestNG.java:175)
Feb 28,2015 12:35:53 [info]  End Execution of Test Class com.iCM.scripts.EMRAdministerLate
*****************************************************************************
Feb 28,2015 12:35:57 [info]  Pass
Feb 28,2015 12:35:57 [info]  Verify home page title
Feb 28,2015 12:35:57 [info]  Pass
Feb 28,2015 12:35:57 [info]  Click on 'EMR'
Feb 28,2015 12:36:00 [info]  Pass
Feb 28,2015 12:36:00 [info]  Verify EMR title
Feb 28,2015 12:36:05 [info]  Feb 28,2015 12:36:05 [info]  <<<<<<<<<<<<<<<<<<<<<<<<<<<<<<<<<< Error message >>>>>>>>>>>>>>>>>>>>>>>>>>>>>>
java.lang.AssertionError: Page title is: iCM - Home but expected is: Administer Medication expected [true] but found [false]
	at org.testng.Assert.fail(Assert.java:94)
	at org.testng.Assert.failNotEquals(Assert.java:494)
	at org.testng.Assert.assertTrue(Assert.java:42)
	at com.iCM.pagehelper.LoginHelper.verifyTitle(LoginHelper.java:23)
	at com.iCM.scripts.EMRAdministerLate.testEMRAdministerLate(EMRAdministerLate.java:60)
	at sun.reflect.NativeMethodAccessorImpl.invoke0(Native Method)
	at sun.reflect.NativeMethodAccessorImpl.invoke(Unknown Source)
	at sun.reflect.DelegatingMethodAccessorImpl.invoke(Unknown Source)
	at java.lang.reflect.Method.invoke(Unknown Source)
	at org.testng.internal.MethodInvocationHelper.invokeMethod(MethodInvocationHelper.java:84)
	at org.testng.internal.Invoker.invokeMethod(Invoker.java:714)
	at org.testng.internal.Invoker.invokeTestMethod(Invoker.java:901)
	at org.testng.internal.Invoker.invokeTestMethods(Invoker.java:1231)
	at org.testng.internal.TestMethodWorker.invokeTestMethods(TestMethodWorker.java:127)
	at org.testng.internal.TestMethodWorker.run(TestMethodWorker.java:111)
	at org.testng.TestRunner.privateRun(TestRunner.java:767)
	at org.testng.TestRunner.run(TestRunner.java:617)
	at org.testng.SuiteRunner.runTest(SuiteRunner.java:334)
	at org.testng.SuiteRunner.runSequentially(SuiteRunner.java:329)
	at org.testng.SuiteRunner.privateRun(SuiteRunner.java:291)
	at org.testng.SuiteRunner.run(SuiteRunner.java:240)
	at org.testng.SuiteRunnerWorker.runSuite(SuiteRunnerWorker.java:52)
	at org.testng.SuiteRunnerWorker.run(SuiteRunnerWorker.java:86)
	at org.testng.TestNG.runSuitesSequentially(TestNG.java:1224)
	at org.testng.TestNG.runSuitesLocally(TestNG.java:1149)
	at org.testng.TestNG.run(TestNG.java:1057)
	at org.testng.remote.RemoteTestNG.run(RemoteTestNG.java:111)
	at org.testng.remote.RemoteTestNG.initAndRun(RemoteTestNG.java:204)
	at org.testng.remote.RemoteTestNG.main(RemoteTestNG.java:175)
Feb 28,2015 12:36:05 [info]  End Execution of Test Class com.iCM.scripts.EMRAdministerLate
*****************************************************************************

*****************************************************************************
Feb 28,2015 12:36:29 [info]   Execution Started of Test Class com.iCM.scripts.EMRAdministerLate and Test method testEMRAdministerLate
*****************************************************************************
Feb 28,2015 12:36:29 [info]  Open application url
Feb 28,2015 12:36:50 [info]  Pass
Feb 28,2015 12:36:50 [info]  Verify Page title
Feb 28,2015 12:36:55 [info]  Pass
Feb 28,2015 12:36:55 [info]  Enter User name at login page.
Feb 28,2015 12:36:56 [info]  Pass
Feb 28,2015 12:36:56 [info]  Enter password at login page.
Feb 28,2015 12:36:57 [info]  Pass
Feb 28,2015 12:36:57 [info]  Click on Sign In button
Feb 28,2015 12:37:12 [info]  Pass
Feb 28,2015 12:37:12 [info]  Verify home page title
Feb 28,2015 12:37:12 [info]  Pass
Feb 28,2015 12:37:12 [info]  Click on 'EMR'
Feb 28,2015 12:37:14 [info]  Pass
Feb 28,2015 12:37:14 [info]  Verify EMR title
Feb 28,2015 12:37:21 [info]  Pass
Feb 28,2015 12:37:21 [info]  Click on 'EMR'
Feb 28,2015 12:37:23 [info]  Pass
Feb 28,2015 12:37:26 [info]  Click on Administer button
Feb 28,2015 12:37:37 [info]  Pass
Feb 28,2015 12:37:37 [info]  Click on Administer Late option
Feb 28,2015 12:37:40 [info]  Pass
Feb 28,2015 12:37:43 [info]  Verify Date is populated
Feb 28,2015 12:37:43 [info]  Pass
Feb 28,2015 12:37:43 [info]  Verify time is populated
Feb 28,2015 12:37:44 [info]  Pass
Feb 28,2015 12:37:44 [info]  Verify Current date in Date field
Feb 28,2015 12:37:44 [info]  Pass
Feb 28,2015 12:37:44 [info]  Verify Current time in time field
Feb 28,2015 12:37:44 [info]  Feb 28,2015 12:37:44 [info]  <<<<<<<<<<<<<<<<<<<<<<<<<<<<<<<<<< Error message >>>>>>>>>>>>>>>>>>>>>>>>>>>>>>
java.lang.AssertionError: expected [true] but found [false]
	at org.testng.Assert.fail(Assert.java:94)
	at org.testng.Assert.failNotEquals(Assert.java:494)
	at org.testng.Assert.assertTrue(Assert.java:42)
	at org.testng.Assert.assertTrue(Assert.java:52)
	at com.iCM.pagehelper.EMRHelper.verifyCurrentDateTime(EMRHelper.java:163)
	at com.iCM.scripts.EMRAdministerLate.testEMRAdministerLate(EMRAdministerLate.java:99)
	at sun.reflect.NativeMethodAccessorImpl.invoke0(Native Method)
	at sun.reflect.NativeMethodAccessorImpl.invoke(Unknown Source)
	at sun.reflect.DelegatingMethodAccessorImpl.invoke(Unknown Source)
	at java.lang.reflect.Method.invoke(Unknown Source)
	at org.testng.internal.MethodInvocationHelper.invokeMethod(MethodInvocationHelper.java:84)
	at org.testng.internal.Invoker.invokeMethod(Invoker.java:714)
	at org.testng.internal.Invoker.invokeTestMethod(Invoker.java:901)
	at org.testng.internal.Invoker.invokeTestMethods(Invoker.java:1231)
	at org.testng.internal.TestMethodWorker.invokeTestMethods(TestMethodWorker.java:127)
	at org.testng.internal.TestMethodWorker.run(TestMethodWorker.java:111)
	at org.testng.TestRunner.privateRun(TestRunner.java:767)
	at org.testng.TestRunner.run(TestRunner.java:617)
	at org.testng.SuiteRunner.runTest(SuiteRunner.java:334)
	at org.testng.SuiteRunner.runSequentially(SuiteRunner.java:329)
	at org.testng.SuiteRunner.privateRun(SuiteRunner.java:291)
	at org.testng.SuiteRunner.run(SuiteRunner.java:240)
	at org.testng.SuiteRunnerWorker.runSuite(SuiteRunnerWorker.java:52)
	at org.testng.SuiteRunnerWorker.run(SuiteRunnerWorker.java:86)
	at org.testng.TestNG.runSuitesSequentially(TestNG.java:1224)
	at org.testng.TestNG.runSuitesLocally(TestNG.java:1149)
	at org.testng.TestNG.run(TestNG.java:1057)
	at org.testng.remote.RemoteTestNG.run(RemoteTestNG.java:111)
	at org.testng.remote.RemoteTestNG.initAndRun(RemoteTestNG.java:204)
	at org.testng.remote.RemoteTestNG.main(RemoteTestNG.java:175)
Feb 28,2015 12:37:44 [info]  End Execution of Test Class com.iCM.scripts.EMRAdministerLate
*****************************************************************************

*****************************************************************************
Feb 28,2015 12:45:20 [info]   Execution Started of Test Class com.iCM.scripts.EMRAdministerLate and Test method testEMRAdministerLate
*****************************************************************************
Feb 28,2015 12:45:20 [info]  Open application url
Feb 28,2015 12:45:39 [info]  Pass
Feb 28,2015 12:45:39 [info]  Verify Page title
Feb 28,2015 12:45:44 [info]  Pass
Feb 28,2015 12:45:44 [info]  Enter User name at login page.
Feb 28,2015 12:45:44 [info]  Pass
Feb 28,2015 12:45:44 [info]  Enter password at login page.
Feb 28,2015 12:45:46 [info]  Pass
Feb 28,2015 12:45:46 [info]  Click on Sign In button
Feb 28,2015 12:46:03 [info]  Pass
Feb 28,2015 12:46:03 [info]  Verify home page title
Feb 28,2015 12:46:03 [info]  Pass
Feb 28,2015 12:46:03 [info]  Click on 'EMR'
Feb 28,2015 12:46:06 [info]  Pass
Feb 28,2015 12:46:06 [info]  Verify EMR title
Feb 28,2015 12:46:11 [info]  Feb 28,2015 12:46:11 [info]  <<<<<<<<<<<<<<<<<<<<<<<<<<<<<<<<<< Error message >>>>>>>>>>>>>>>>>>>>>>>>>>>>>>
java.lang.AssertionError: Page title is: iCM - Home but expected is: Administer Medication expected [true] but found [false]
	at org.testng.Assert.fail(Assert.java:94)
	at org.testng.Assert.failNotEquals(Assert.java:494)
	at org.testng.Assert.assertTrue(Assert.java:42)
	at com.iCM.pagehelper.LoginHelper.verifyTitle(LoginHelper.java:23)
	at com.iCM.scripts.EMRAdministerLate.testEMRAdministerLate(EMRAdministerLate.java:60)
	at sun.reflect.NativeMethodAccessorImpl.invoke0(Native Method)
	at sun.reflect.NativeMethodAccessorImpl.invoke(Unknown Source)
	at sun.reflect.DelegatingMethodAccessorImpl.invoke(Unknown Source)
	at java.lang.reflect.Method.invoke(Unknown Source)
	at org.testng.internal.MethodInvocationHelper.invokeMethod(MethodInvocationHelper.java:84)
	at org.testng.internal.Invoker.invokeMethod(Invoker.java:714)
	at org.testng.internal.Invoker.invokeTestMethod(Invoker.java:901)
	at org.testng.internal.Invoker.invokeTestMethods(Invoker.java:1231)
	at org.testng.internal.TestMethodWorker.invokeTestMethods(TestMethodWorker.java:127)
	at org.testng.internal.TestMethodWorker.run(TestMethodWorker.java:111)
	at org.testng.TestRunner.privateRun(TestRunner.java:767)
	at org.testng.TestRunner.run(TestRunner.java:617)
	at org.testng.SuiteRunner.runTest(SuiteRunner.java:334)
	at org.testng.SuiteRunner.runSequentially(SuiteRunner.java:329)
	at org.testng.SuiteRunner.privateRun(SuiteRunner.java:291)
	at org.testng.SuiteRunner.run(SuiteRunner.java:240)
	at org.testng.SuiteRunnerWorker.runSuite(SuiteRunnerWorker.java:52)
	at org.testng.SuiteRunnerWorker.run(SuiteRunnerWorker.java:86)
	at org.testng.TestNG.runSuitesSequentially(TestNG.java:1224)
	at org.testng.TestNG.runSuitesLocally(TestNG.java:1149)
	at org.testng.TestNG.run(TestNG.java:1057)
	at org.testng.remote.RemoteTestNG.run(RemoteTestNG.java:111)
	at org.testng.remote.RemoteTestNG.initAndRun(RemoteTestNG.java:204)
	at org.testng.remote.RemoteTestNG.main(RemoteTestNG.java:175)
Feb 28,2015 12:46:11 [info]  End Execution of Test Class com.iCM.scripts.EMRAdministerLate
*****************************************************************************

*****************************************************************************
Feb 28,2015 12:46:44 [info]   Execution Started of Test Class com.iCM.scripts.EMRAdministerLate and Test method testEMRAdministerLate
*****************************************************************************
Feb 28,2015 12:46:44 [info]  Open application url
Feb 28,2015 12:47:02 [info]  Pass
Feb 28,2015 12:47:02 [info]  Verify Page title
Feb 28,2015 12:47:07 [info]  Pass
Feb 28,2015 12:47:07 [info]  Enter User name at login page.
Feb 28,2015 12:47:07 [info]  Pass
Feb 28,2015 12:47:07 [info]  Enter password at login page.
Feb 28,2015 12:47:08 [info]  Pass
Feb 28,2015 12:47:08 [info]  Click on Sign In button
Feb 28,2015 12:47:31 [info]  Pass
Feb 28,2015 12:47:31 [info]  Verify home page title
Feb 28,2015 12:47:31 [info]  Pass
Feb 28,2015 12:47:31 [info]  Click on 'EMR'
Feb 28,2015 12:47:33 [info]  Pass
Feb 28,2015 12:47:33 [info]  Verify EMR title
Feb 28,2015 12:47:43 [info]  Pass
Feb 28,2015 12:47:43 [info]  Click on 'EMR'
Feb 28,2015 12:47:54 [info]  Pass
Feb 28,2015 12:47:57 [info]  Click on Administer button
Feb 28,2015 12:48:03 [info]  Pass
Feb 28,2015 12:48:03 [info]  Click on Administer Late option
Feb 28,2015 12:48:06 [info]  Pass
Feb 28,2015 12:48:15 [info]  Verify Date is populated
Feb 28,2015 12:48:15 [info]  Pass
Feb 28,2015 12:48:15 [info]  Verify time is populated
Feb 28,2015 12:48:15 [info]  Pass
Feb 28,2015 12:48:15 [info]  Verify Current date in Date field
Feb 28,2015 12:48:15 [info]  Pass
Feb 28,2015 12:48:15 [info]  Verify Current time in time field
Feb 28,2015 12:48:15 [info]  Feb 28,2015 12:48:15 [info]  <<<<<<<<<<<<<<<<<<<<<<<<<<<<<<<<<< Error message >>>>>>>>>>>>>>>>>>>>>>>>>>>>>>
java.lang.AssertionError: expected [true] but found [false]
	at org.testng.Assert.fail(Assert.java:94)
	at org.testng.Assert.failNotEquals(Assert.java:494)
	at org.testng.Assert.assertTrue(Assert.java:42)
	at org.testng.Assert.assertTrue(Assert.java:52)
	at com.iCM.pagehelper.EMRHelper.verifyCurrentDateTime(EMRHelper.java:162)
	at com.iCM.scripts.EMRAdministerLate.testEMRAdministerLate(EMRAdministerLate.java:99)
	at sun.reflect.NativeMethodAccessorImpl.invoke0(Native Method)
	at sun.reflect.NativeMethodAccessorImpl.invoke(Unknown Source)
	at sun.reflect.DelegatingMethodAccessorImpl.invoke(Unknown Source)
	at java.lang.reflect.Method.invoke(Unknown Source)
	at org.testng.internal.MethodInvocationHelper.invokeMethod(MethodInvocationHelper.java:84)
	at org.testng.internal.Invoker.invokeMethod(Invoker.java:714)
	at org.testng.internal.Invoker.invokeTestMethod(Invoker.java:901)
	at org.testng.internal.Invoker.invokeTestMethods(Invoker.java:1231)
	at org.testng.internal.TestMethodWorker.invokeTestMethods(TestMethodWorker.java:127)
	at org.testng.internal.TestMethodWorker.run(TestMethodWorker.java:111)
	at org.testng.TestRunner.privateRun(TestRunner.java:767)
	at org.testng.TestRunner.run(TestRunner.java:617)
	at org.testng.SuiteRunner.runTest(SuiteRunner.java:334)
	at org.testng.SuiteRunner.runSequentially(SuiteRunner.java:329)
	at org.testng.SuiteRunner.privateRun(SuiteRunner.java:291)
	at org.testng.SuiteRunner.run(SuiteRunner.java:240)
	at org.testng.SuiteRunnerWorker.runSuite(SuiteRunnerWorker.java:52)
	at org.testng.SuiteRunnerWorker.run(SuiteRunnerWorker.java:86)
	at org.testng.TestNG.runSuitesSequentially(TestNG.java:1224)
	at org.testng.TestNG.runSuitesLocally(TestNG.java:1149)
	at org.testng.TestNG.run(TestNG.java:1057)
	at org.testng.remote.RemoteTestNG.run(RemoteTestNG.java:111)
	at org.testng.remote.RemoteTestNG.initAndRun(RemoteTestNG.java:204)
	at org.testng.remote.RemoteTestNG.main(RemoteTestNG.java:175)
Feb 28,2015 12:48:16 [info]  End Execution of Test Class com.iCM.scripts.EMRAdministerLate
*****************************************************************************

*****************************************************************************
Feb 28,2015 12:49:45 [info]   Execution Started of Test Class com.iCM.scripts.EMRAdministerLate and Test method testEMRAdministerLate
*****************************************************************************
Feb 28,2015 12:49:46 [info]  Open application url
Feb 28,2015 12:50:08 [info]  Pass
Feb 28,2015 12:50:08 [info]  Verify Page title
Feb 28,2015 12:50:13 [info]  Pass
Feb 28,2015 12:50:14 [info]  Enter User name at login page.
Feb 28,2015 12:50:14 [info]  Pass
Feb 28,2015 12:50:14 [info]  Enter password at login page.
Feb 28,2015 12:50:15 [info]  Pass
Feb 28,2015 12:50:15 [info]  Click on Sign In button
Feb 28,2015 12:50:36 [info]  Pass
Feb 28,2015 12:50:36 [info]  Verify home page title
Feb 28,2015 12:50:36 [info]  Pass
Feb 28,2015 12:50:36 [info]  Click on 'EMR'
Feb 28,2015 12:50:38 [info]  Pass
Feb 28,2015 12:50:38 [info]  Verify EMR title
Feb 28,2015 12:50:43 [info]  Feb 28,2015 12:50:43 [info]  <<<<<<<<<<<<<<<<<<<<<<<<<<<<<<<<<< Error message >>>>>>>>>>>>>>>>>>>>>>>>>>>>>>
java.lang.AssertionError: Page title is: iCM - Home but expected is: Administer Medication expected [true] but found [false]
	at org.testng.Assert.fail(Assert.java:94)
	at org.testng.Assert.failNotEquals(Assert.java:494)
	at org.testng.Assert.assertTrue(Assert.java:42)
	at com.iCM.pagehelper.LoginHelper.verifyTitle(LoginHelper.java:23)
	at com.iCM.scripts.EMRAdministerLate.testEMRAdministerLate(EMRAdministerLate.java:60)
	at sun.reflect.NativeMethodAccessorImpl.invoke0(Native Method)
	at sun.reflect.NativeMethodAccessorImpl.invoke(Unknown Source)
	at sun.reflect.DelegatingMethodAccessorImpl.invoke(Unknown Source)
	at java.lang.reflect.Method.invoke(Unknown Source)
	at org.testng.internal.MethodInvocationHelper.invokeMethod(MethodInvocationHelper.java:84)
	at org.testng.internal.Invoker.invokeMethod(Invoker.java:714)
	at org.testng.internal.Invoker.invokeTestMethod(Invoker.java:901)
	at org.testng.internal.Invoker.invokeTestMethods(Invoker.java:1231)
	at org.testng.internal.TestMethodWorker.invokeTestMethods(TestMethodWorker.java:127)
	at org.testng.internal.TestMethodWorker.run(TestMethodWorker.java:111)
	at org.testng.TestRunner.privateRun(TestRunner.java:767)
	at org.testng.TestRunner.run(TestRunner.java:617)
	at org.testng.SuiteRunner.runTest(SuiteRunner.java:334)
	at org.testng.SuiteRunner.runSequentially(SuiteRunner.java:329)
	at org.testng.SuiteRunner.privateRun(SuiteRunner.java:291)
	at org.testng.SuiteRunner.run(SuiteRunner.java:240)
	at org.testng.SuiteRunnerWorker.runSuite(SuiteRunnerWorker.java:52)
	at org.testng.SuiteRunnerWorker.run(SuiteRunnerWorker.java:86)
	at org.testng.TestNG.runSuitesSequentially(TestNG.java:1224)
	at org.testng.TestNG.runSuitesLocally(TestNG.java:1149)
	at org.testng.TestNG.run(TestNG.java:1057)
	at org.testng.remote.RemoteTestNG.run(RemoteTestNG.java:111)
	at org.testng.remote.RemoteTestNG.initAndRun(RemoteTestNG.java:204)
	at org.testng.remote.RemoteTestNG.main(RemoteTestNG.java:175)
Feb 28,2015 12:50:43 [info]  End Execution of Test Class com.iCM.scripts.EMRAdministerLate
*****************************************************************************

*****************************************************************************
Feb 28,2015 12:51:04 [info]   Execution Started of Test Class com.iCM.scripts.EMRAdministerLate and Test method testEMRAdministerLate
*****************************************************************************
Feb 28,2015 12:51:05 [info]  Open application url
Feb 28,2015 12:51:19 [info]  Pass
Feb 28,2015 12:51:19 [info]  Verify Page title
Feb 28,2015 12:51:24 [info]  Pass
Feb 28,2015 12:51:24 [info]  Enter User name at login page.
Feb 28,2015 12:51:25 [info]  Pass
Feb 28,2015 12:51:25 [info]  Enter password at login page.
Feb 28,2015 12:51:26 [info]  Pass
Feb 28,2015 12:51:26 [info]  Click on Sign In button
Feb 28,2015 12:51:49 [info]  Pass
Feb 28,2015 12:51:49 [info]  Verify home page title
Feb 28,2015 12:51:49 [info]  Pass
Feb 28,2015 12:51:49 [info]  Click on 'EMR'
Feb 28,2015 12:51:51 [info]  Pass
Feb 28,2015 12:51:51 [info]  Verify EMR title
Feb 28,2015 12:51:56 [info]  Feb 28,2015 12:51:56 [info]  <<<<<<<<<<<<<<<<<<<<<<<<<<<<<<<<<< Error message >>>>>>>>>>>>>>>>>>>>>>>>>>>>>>
java.lang.AssertionError: Page title is: iCM - Home but expected is: Administer Medication expected [true] but found [false]
	at org.testng.Assert.fail(Assert.java:94)
	at org.testng.Assert.failNotEquals(Assert.java:494)
	at org.testng.Assert.assertTrue(Assert.java:42)
	at com.iCM.pagehelper.LoginHelper.verifyTitle(LoginHelper.java:23)
	at com.iCM.scripts.EMRAdministerLate.testEMRAdministerLate(EMRAdministerLate.java:60)
	at sun.reflect.NativeMethodAccessorImpl.invoke0(Native Method)
	at sun.reflect.NativeMethodAccessorImpl.invoke(Unknown Source)
	at sun.reflect.DelegatingMethodAccessorImpl.invoke(Unknown Source)
	at java.lang.reflect.Method.invoke(Unknown Source)
	at org.testng.internal.MethodInvocationHelper.invokeMethod(MethodInvocationHelper.java:84)
	at org.testng.internal.Invoker.invokeMethod(Invoker.java:714)
	at org.testng.internal.Invoker.invokeTestMethod(Invoker.java:901)
	at org.testng.internal.Invoker.invokeTestMethods(Invoker.java:1231)
	at org.testng.internal.TestMethodWorker.invokeTestMethods(TestMethodWorker.java:127)
	at org.testng.internal.TestMethodWorker.run(TestMethodWorker.java:111)
	at org.testng.TestRunner.privateRun(TestRunner.java:767)
	at org.testng.TestRunner.run(TestRunner.java:617)
	at org.testng.SuiteRunner.runTest(SuiteRunner.java:334)
	at org.testng.SuiteRunner.runSequentially(SuiteRunner.java:329)
	at org.testng.SuiteRunner.privateRun(SuiteRunner.java:291)
	at org.testng.SuiteRunner.run(SuiteRunner.java:240)
	at org.testng.SuiteRunnerWorker.runSuite(SuiteRunnerWorker.java:52)
	at org.testng.SuiteRunnerWorker.run(SuiteRunnerWorker.java:86)
	at org.testng.TestNG.runSuitesSequentially(TestNG.java:1224)
	at org.testng.TestNG.runSuitesLocally(TestNG.java:1149)
	at org.testng.TestNG.run(TestNG.java:1057)
	at org.testng.remote.RemoteTestNG.run(RemoteTestNG.java:111)
	at org.testng.remote.RemoteTestNG.initAndRun(RemoteTestNG.java:204)
	at org.testng.remote.RemoteTestNG.main(RemoteTestNG.java:175)
Feb 28,2015 12:51:56 [info]  End Execution of Test Class com.iCM.scripts.EMRAdministerLate
*****************************************************************************

*****************************************************************************
Feb 28,2015 12:52:55 [info]   Execution Started of Test Class com.iCM.scripts.EMRAdministerLate and Test method testEMRAdministerLate
*****************************************************************************
Feb 28,2015 12:52:55 [info]  Open application url
Feb 28,2015 12:53:23 [info]  Pass
Feb 28,2015 12:53:23 [info]  Verify Page title
Feb 28,2015 12:53:28 [info]  Pass
Feb 28,2015 12:53:28 [info]  Enter User name at login page.
Feb 28,2015 12:53:28 [info]  Pass
Feb 28,2015 12:53:28 [info]  Enter password at login page.
Feb 28,2015 12:53:30 [info]  Pass
Feb 28,2015 12:53:30 [info]  Click on Sign In button
Feb 28,2015 12:54:04 [info]  Pass
Feb 28,2015 12:54:04 [info]  Verify home page title
Feb 28,2015 12:54:04 [info]  Pass
Feb 28,2015 12:54:04 [info]  Click on 'EMR'
Feb 28,2015 12:54:07 [info]  Pass
Feb 28,2015 12:54:07 [info]  Verify EMR title
Feb 28,2015 12:54:12 [info]  Feb 28,2015 12:54:12 [info]  <<<<<<<<<<<<<<<<<<<<<<<<<<<<<<<<<< Error message >>>>>>>>>>>>>>>>>>>>>>>>>>>>>>
java.lang.AssertionError: Page title is: iCM - Home but expected is: Administer Medication expected [true] but found [false]
	at org.testng.Assert.fail(Assert.java:94)
	at org.testng.Assert.failNotEquals(Assert.java:494)
	at org.testng.Assert.assertTrue(Assert.java:42)
	at com.iCM.pagehelper.LoginHelper.verifyTitle(LoginHelper.java:23)
	at com.iCM.scripts.EMRAdministerLate.testEMRAdministerLate(EMRAdministerLate.java:60)
	at sun.reflect.NativeMethodAccessorImpl.invoke0(Native Method)
	at sun.reflect.NativeMethodAccessorImpl.invoke(Unknown Source)
	at sun.reflect.DelegatingMethodAccessorImpl.invoke(Unknown Source)
	at java.lang.reflect.Method.invoke(Unknown Source)
	at org.testng.internal.MethodInvocationHelper.invokeMethod(MethodInvocationHelper.java:84)
	at org.testng.internal.Invoker.invokeMethod(Invoker.java:714)
	at org.testng.internal.Invoker.invokeTestMethod(Invoker.java:901)
	at org.testng.internal.Invoker.invokeTestMethods(Invoker.java:1231)
	at org.testng.internal.TestMethodWorker.invokeTestMethods(TestMethodWorker.java:127)
	at org.testng.internal.TestMethodWorker.run(TestMethodWorker.java:111)
	at org.testng.TestRunner.privateRun(TestRunner.java:767)
	at org.testng.TestRunner.run(TestRunner.java:617)
	at org.testng.SuiteRunner.runTest(SuiteRunner.java:334)
	at org.testng.SuiteRunner.runSequentially(SuiteRunner.java:329)
	at org.testng.SuiteRunner.privateRun(SuiteRunner.java:291)
	at org.testng.SuiteRunner.run(SuiteRunner.java:240)
	at org.testng.SuiteRunnerWorker.runSuite(SuiteRunnerWorker.java:52)
	at org.testng.SuiteRunnerWorker.run(SuiteRunnerWorker.java:86)
	at org.testng.TestNG.runSuitesSequentially(TestNG.java:1224)
	at org.testng.TestNG.runSuitesLocally(TestNG.java:1149)
	at org.testng.TestNG.run(TestNG.java:1057)
	at org.testng.remote.RemoteTestNG.run(RemoteTestNG.java:111)
	at org.testng.remote.RemoteTestNG.initAndRun(RemoteTestNG.java:204)
	at org.testng.remote.RemoteTestNG.main(RemoteTestNG.java:175)
Feb 28,2015 12:54:12 [info]  End Execution of Test Class com.iCM.scripts.EMRAdministerLate
*****************************************************************************

*****************************************************************************
Feb 28,2015 12:54:47 [info]   Execution Started of Test Class com.iCM.scripts.EMRAdministerLate and Test method testEMRAdministerLate
*****************************************************************************
Feb 28,2015 12:54:47 [info]  Open application url
Feb 28,2015 12:55:16 [info]  Pass
Feb 28,2015 12:55:16 [info]  Verify Page title
Feb 28,2015 12:55:21 [info]  Pass
Feb 28,2015 12:55:21 [info]  Enter User name at login page.
Feb 28,2015 12:55:22 [info]  Pass
Feb 28,2015 12:55:22 [info]  Enter password at login page.
Feb 28,2015 12:55:23 [info]  Pass
Feb 28,2015 12:55:23 [info]  Click on Sign In button
Feb 28,2015 12:55:47 [info]  Pass
Feb 28,2015 12:55:47 [info]  Verify home page title
Feb 28,2015 12:55:47 [info]  Pass
Feb 28,2015 12:55:47 [info]  Click on 'EMR'
Feb 28,2015 12:55:50 [info]  Pass
Feb 28,2015 12:55:50 [info]  Verify EMR title
Feb 28,2015 12:55:50 [info]  Pass
Feb 28,2015 12:55:50 [info]  Click on 'EMR'
Feb 28,2015 12:56:07 [info]  Pass
Feb 28,2015 12:56:10 [info]  Click on Administer button
Feb 28,2015 12:56:17 [info]  Pass
Feb 28,2015 12:56:17 [info]  Click on Administer Late option
Feb 28,2015 12:56:20 [info]  Pass
Feb 28,2015 12:56:23 [info]  Verify Date is populated
Feb 28,2015 12:56:23 [info]  Pass
Feb 28,2015 12:56:23 [info]  Verify time is populated
Feb 28,2015 12:56:23 [info]  Pass
Feb 28,2015 12:56:23 [info]  Verify Current date in Date field
Feb 28,2015 12:56:24 [info]  Pass
Feb 28,2015 12:56:24 [info]  Verify Current time in time field
Feb 28,2015 12:56:24 [info]  Pass
Feb 28,2015 12:56:24 [info]  End Execution of Test Class com.iCM.scripts.EMRAdministerLate
*****************************************************************************

*****************************************************************************
Feb 28,2015 13:06:16 [info]   Execution Started of Test Class com.iCM.scripts.EMRAdministerLate and Test method testEMRAdministerLate
*****************************************************************************
Feb 28,2015 13:06:16 [info]  Open application url
Feb 28,2015 13:06:47 [info]  Pass
Feb 28,2015 13:06:47 [info]  Verify Page title
Feb 28,2015 13:06:52 [info]  Pass
Feb 28,2015 13:06:52 [info]  Enter User name at login page.
Feb 28,2015 13:06:53 [info]  Pass
Feb 28,2015 13:06:53 [info]  Enter password at login page.
Feb 28,2015 13:06:54 [info]  Pass
Feb 28,2015 13:06:54 [info]  Click on Sign In button
Feb 28,2015 13:07:25 [info]  Pass
Feb 28,2015 13:07:25 [info]  Verify home page title
Feb 28,2015 13:07:25 [info]  Pass
Feb 28,2015 13:07:25 [info]  Click on 'EMR'
Feb 28,2015 13:07:28 [info]  Pass
Feb 28,2015 13:07:28 [info]  Verify EMR title
Feb 28,2015 13:07:28 [info]  Pass
Feb 28,2015 13:07:28 [info]  Click on 'EMR'
Feb 28,2015 13:07:40 [info]  Pass
Feb 28,2015 13:07:43 [info]  Click on Administer button
Feb 28,2015 13:07:48 [info]  Pass
Feb 28,2015 13:07:48 [info]  Click on Administer Late option
Feb 28,2015 13:07:51 [info]  Pass
Feb 28,2015 13:07:54 [info]  Verify Date is populated
Feb 28,2015 13:07:54 [info]  Pass
Feb 28,2015 13:07:54 [info]  Verify time is populated
Feb 28,2015 13:07:54 [info]  Pass
Feb 28,2015 13:07:54 [info]  Verify Current date in Date field
Feb 28,2015 13:07:55 [info]  Pass
Feb 28,2015 13:07:55 [info]  Verify Current time in time field
Feb 28,2015 13:07:55 [info]  Pass
Feb 28,2015 13:07:55 [info]  Verify time picker field is available
Feb 28,2015 13:07:55 [info]  Pass
Feb 28,2015 13:07:55 [info]  End Execution of Test Class com.iCM.scripts.EMRAdministerLate
*****************************************************************************

*****************************************************************************
Feb 28,2015 13:19:40 [info]   Execution Started of Test Class com.iCM.scripts.EMRAdministerOmission and Test method testEMRAdministerLate
*****************************************************************************
Feb 28,2015 13:19:40 [info]  Open application url
Feb 28,2015 13:20:04 [info]  Pass
Feb 28,2015 13:20:04 [info]  Verify Page title
Feb 28,2015 13:20:09 [info]  Pass
Feb 28,2015 13:20:09 [info]  Enter User name at login page.
Feb 28,2015 13:20:10 [info]  Pass
Feb 28,2015 13:20:10 [info]  Enter password at login page.
Feb 28,2015 13:20:11 [info]  Pass
Feb 28,2015 13:20:11 [info]  Click on Sign In button
Feb 28,2015 13:20:35 [info]  Pass
Feb 28,2015 13:20:35 [info]  Verify home page title
Feb 28,2015 13:20:35 [info]  Pass
Feb 28,2015 13:20:35 [info]  Click on 'EMR'
Feb 28,2015 13:20:38 [info]  Pass
Feb 28,2015 13:20:38 [info]  Verify EMR title
Feb 28,2015 13:20:38 [info]  Pass
Feb 28,2015 13:20:38 [info]  Click on 'EMR'
Feb 28,2015 13:21:00 [info]  Pass
Feb 28,2015 13:21:03 [info]  Click on Administer button
Feb 28,2015 13:21:10 [info]  Pass
Feb 28,2015 13:21:10 [info]  Click on Administer Late option
Feb 28,2015 13:21:10 [info]  Feb 28,2015 13:21:10 [info]  <<<<<<<<<<<<<<<<<<<<<<<<<<<<<<<<<< Error message >>>>>>>>>>>>>>>>>>>>>>>>>>>>>>
java.lang.NullPointerException
	at com.iCM.locators.LocatorReader.getLocator(LocatorReader.java:32)
	at com.iCM.pagehelper.EMRHelper.mouseHover(EMRHelper.java:73)
	at com.iCM.scripts.EMRAdministerOmission.testEMRAdministerLate(EMRAdministerOmission.java:78)
	at sun.reflect.NativeMethodAccessorImpl.invoke0(Native Method)
	at sun.reflect.NativeMethodAccessorImpl.invoke(Unknown Source)
	at sun.reflect.DelegatingMethodAccessorImpl.invoke(Unknown Source)
	at java.lang.reflect.Method.invoke(Unknown Source)
	at org.testng.internal.MethodInvocationHelper.invokeMethod(MethodInvocationHelper.java:84)
	at org.testng.internal.Invoker.invokeMethod(Invoker.java:714)
	at org.testng.internal.Invoker.invokeTestMethod(Invoker.java:901)
	at org.testng.internal.Invoker.invokeTestMethods(Invoker.java:1231)
	at org.testng.internal.TestMethodWorker.invokeTestMethods(TestMethodWorker.java:127)
	at org.testng.internal.TestMethodWorker.run(TestMethodWorker.java:111)
	at org.testng.TestRunner.privateRun(TestRunner.java:767)
	at org.testng.TestRunner.run(TestRunner.java:617)
	at org.testng.SuiteRunner.runTest(SuiteRunner.java:334)
	at org.testng.SuiteRunner.runSequentially(SuiteRunner.java:329)
	at org.testng.SuiteRunner.privateRun(SuiteRunner.java:291)
	at org.testng.SuiteRunner.run(SuiteRunner.java:240)
	at org.testng.SuiteRunnerWorker.runSuite(SuiteRunnerWorker.java:52)
	at org.testng.SuiteRunnerWorker.run(SuiteRunnerWorker.java:86)
	at org.testng.TestNG.runSuitesSequentially(TestNG.java:1224)
	at org.testng.TestNG.runSuitesLocally(TestNG.java:1149)
	at org.testng.TestNG.run(TestNG.java:1057)
	at org.testng.remote.RemoteTestNG.run(RemoteTestNG.java:111)
	at org.testng.remote.RemoteTestNG.initAndRun(RemoteTestNG.java:204)
	at org.testng.remote.RemoteTestNG.main(RemoteTestNG.java:175)
Feb 28,2015 13:21:10 [info]  End Execution of Test Class com.iCM.scripts.EMRAdministerOmission
*****************************************************************************

*****************************************************************************
Feb 28,2015 13:22:02 [info]   Execution Started of Test Class com.iCM.scripts.EMRAdministerOmission and Test method testEMRAdministerLate
*****************************************************************************
Feb 28,2015 13:22:02 [info]  Open application url
Feb 28,2015 13:22:27 [info]  Pass
Feb 28,2015 13:22:27 [info]  Verify Page title
Feb 28,2015 13:22:32 [info]  Pass
Feb 28,2015 13:22:32 [info]  Enter User name at login page.
Feb 28,2015 13:22:33 [info]  Pass
Feb 28,2015 13:22:33 [info]  Enter password at login page.
Feb 28,2015 13:22:34 [info]  Pass
Feb 28,2015 13:22:34 [info]  Click on Sign In button
Feb 28,2015 13:23:03 [info]  Pass
Feb 28,2015 13:23:03 [info]  Verify home page title
Feb 28,2015 13:23:03 [info]  Pass
Feb 28,2015 13:23:03 [info]  Click on 'EMR'
Feb 28,2015 13:23:05 [info]  Pass
Feb 28,2015 13:23:05 [info]  Verify EMR title
Feb 28,2015 13:23:05 [info]  Pass
Feb 28,2015 13:23:05 [info]  Click on 'EMR'
Feb 28,2015 13:23:17 [info]  Pass
Feb 28,2015 13:23:20 [info]  Click on Administer button
Feb 28,2015 13:23:27 [info]  Pass
Feb 28,2015 13:23:27 [info]  Click on Administer Late option
Feb 28,2015 13:23:27 [info]  Pass
Feb 28,2015 13:23:30 [info]  Mouse hover on Resident Refused
Feb 28,2015 13:24:43 [info]  Feb 28,2015 13:24:43 [info]  <<<<<<<<<<<<<<<<<<<<<<<<<<<<<<<<<< Error message >>>>>>>>>>>>>>>>>>>>>>>>>>>>>>
org.openqa.selenium.InvalidSelectorException: The given selector //ul[@class='dropdown-menu text-left']/li[2]ul/li[1]/a is either invalid or does not result in a WebElement. The following error occurred:
InvalidSelectorError: Unable to locate an element with the xpath expression //ul[@class='dropdown-menu text-left']/li[2]ul/li[1]/a because of the following error:
[Exception... "The expression is not a legal expression."  code: "12" nsresult: "0x805b0033 (SyntaxError)"  location: "<unknown>"]
Command duration or timeout: 40 milliseconds
For documentation on this error, please visit: http://seleniumhq.org/exceptions/invalid_selector_exception.html
Build info: version: '2.41.0', revision: '3192d8a', time: '2014-03-27 17:17:32'
System info: host: 'user-PC', ip: '192.168.21.1', os.name: 'Windows 7', os.arch: 'x86', os.version: '6.1', java.version: '1.8.0_20'
Driver info: org.openqa.selenium.firefox.FirefoxDriver
Capabilities [{applicationCacheEnabled=true, rotatable=false, handlesAlerts=true, databaseEnabled=true, version=29.0.1, platform=XP, browserConnectionEnabled=true, nativeEvents=false, acceptSslCerts=true, webStorageEnabled=true, locationContextEnabled=true, browserName=firefox, takesScreenshot=true, javascriptEnabled=true, cssSelectorsEnabled=true}]
Session ID: e5cba426-0d53-4afb-89e7-df7cd5c4610c
	at sun.reflect.GeneratedConstructorAccessor11.newInstance(Unknown Source)
	at sun.reflect.DelegatingConstructorAccessorImpl.newInstance(Unknown Source)
	at java.lang.reflect.Constructor.newInstance(Unknown Source)
	at org.openqa.selenium.remote.ErrorHandler.createThrowable(ErrorHandler.java:193)
	at org.openqa.selenium.remote.ErrorHandler.throwIfResponseFailed(ErrorHandler.java:145)
	at org.openqa.selenium.remote.RemoteWebDriver.execute(RemoteWebDriver.java:595)
	at org.openqa.selenium.remote.RemoteWebDriver.findElement(RemoteWebDriver.java:348)
	at org.openqa.selenium.remote.RemoteWebDriver.findElementByXPath(RemoteWebDriver.java:445)
	at org.openqa.selenium.By$ByXPath.findElement(By.java:357)
	at org.openqa.selenium.remote.RemoteWebDriver.findElement(RemoteWebDriver.java:340)
	at com.iCM.util.DriverHelper.mouseOver(DriverHelper.java:218)
	at com.iCM.pagehelper.EMRHelper.mouseHover(EMRHelper.java:75)
	at com.iCM.scripts.EMRAdministerOmission.testEMRAdministerLate(EMRAdministerOmission.java:86)
	at sun.reflect.NativeMethodAccessorImpl.invoke0(Native Method)
	at sun.reflect.NativeMethodAccessorImpl.invoke(Unknown Source)
	at sun.reflect.DelegatingMethodAccessorImpl.invoke(Unknown Source)
	at java.lang.reflect.Method.invoke(Unknown Source)
	at org.testng.internal.MethodInvocationHelper.invokeMethod(MethodInvocationHelper.java:84)
	at org.testng.internal.Invoker.invokeMethod(Invoker.java:714)
	at org.testng.internal.Invoker.invokeTestMethod(Invoker.java:901)
	at org.testng.internal.Invoker.invokeTestMethods(Invoker.java:1231)
	at org.testng.internal.TestMethodWorker.invokeTestMethods(TestMethodWorker.java:127)
	at org.testng.internal.TestMethodWorker.run(TestMethodWorker.java:111)
	at org.testng.TestRunner.privateRun(TestRunner.java:767)
	at org.testng.TestRunner.run(TestRunner.java:617)
	at org.testng.SuiteRunner.runTest(SuiteRunner.java:334)
	at org.testng.SuiteRunner.runSequentially(SuiteRunner.java:329)
	at org.testng.SuiteRunner.privateRun(SuiteRunner.java:291)
	at org.testng.SuiteRunner.run(SuiteRunner.java:240)
	at org.testng.SuiteRunnerWorker.runSuite(SuiteRunnerWorker.java:52)
	at org.testng.SuiteRunnerWorker.run(SuiteRunnerWorker.java:86)
	at org.testng.TestNG.runSuitesSequentially(TestNG.java:1224)
	at org.testng.TestNG.runSuitesLocally(TestNG.java:1149)
	at org.testng.TestNG.run(TestNG.java:1057)
	at org.testng.remote.RemoteTestNG.run(RemoteTestNG.java:111)
	at org.testng.remote.RemoteTestNG.initAndRun(RemoteTestNG.java:204)
	at org.testng.remote.RemoteTestNG.main(RemoteTestNG.java:175)
Caused by: org.openqa.selenium.remote.ErrorHandler$UnknownServerException: The given selector //ul[@class='dropdown-menu text-left']/li[2]ul/li[1]/a is either invalid or does not result in a WebElement. The following error occurred:
InvalidSelectorError: Unable to locate an element with the xpath expression //ul[@class='dropdown-menu text-left']/li[2]ul/li[1]/a because of the following error:
[Exception... "The expression is not a legal expression."  code: "12" nsresult: "0x805b0033 (SyntaxError)"  location: "<unknown>"]
Build info: version: '2.41.0', revision: '3192d8a', time: '2014-03-27 17:17:32'
System info: host: 'user-PC', ip: '192.168.21.1', os.name: 'Windows 7', os.arch: 'x86', os.version: '6.1', java.version: '1.8.0_20'
Driver info: driver.version: unknown
	at <anonymous class>.FirefoxDriver.annotateInvalidSelectorError_(file:///C:/Users/user/AppData/Local/Temp/anonymous2397121532287657937webdriver-profile/extensions/fxdriver@googlecode.com/components/driver_component.js:8879)
	at <anonymous class>.FirefoxDriver.prototype.findElementInternal_(file:///C:/Users/user/AppData/Local/Temp/anonymous2397121532287657937webdriver-profile/extensions/fxdriver@googlecode.com/components/driver_component.js:8910)
	at <anonymous class>.FirefoxDriver.prototype.findElement(file:///C:/Users/user/AppData/Local/Temp/anonymous2397121532287657937webdriver-profile/extensions/fxdriver@googlecode.com/components/driver_component.js:8914)
	at <anonymous class>.DelayedCommand.prototype.executeInternal_/h(file:///C:/Users/user/AppData/Local/Temp/anonymous2397121532287657937webdriver-profile/extensions/fxdriver@googlecode.com/components/command_processor.js:10884)
	at <anonymous class>.DelayedCommand.prototype.executeInternal_(file:///C:/Users/user/AppData/Local/Temp/anonymous2397121532287657937webdriver-profile/extensions/fxdriver@googlecode.com/components/command_processor.js:10889)
	at <anonymous class>.DelayedCommand.prototype.execute/<(file:///C:/Users/user/AppData/Local/Temp/anonymous2397121532287657937webdriver-profile/extensions/fxdriver@googlecode.com/components/command_processor.js:10831)
Feb 28,2015 13:24:43 [info]  End Execution of Test Class com.iCM.scripts.EMRAdministerOmission
*****************************************************************************

*****************************************************************************
Feb 28,2015 13:58:08 [info]   Execution Started of Test Class com.iCM.scripts.EMRAdministerLate and Test method testEMRAdministerLate
*****************************************************************************
Feb 28,2015 13:58:08 [info]  Open application url
Feb 28,2015 13:58:32 [info]  Pass
Feb 28,2015 13:58:32 [info]  Verify Page title
Feb 28,2015 13:58:37 [info]  Pass
Feb 28,2015 13:58:37 [info]  Enter User name at login page.
Feb 28,2015 13:58:37 [info]  Pass
Feb 28,2015 13:58:37 [info]  Enter password at login page.
Feb 28,2015 13:58:38 [info]  Pass
Feb 28,2015 13:58:38 [info]  Click on Sign In button
Feb 28,2015 13:59:00 [info]  Pass
Feb 28,2015 13:59:00 [info]  Verify home page title
Feb 28,2015 13:59:00 [info]  Pass
Feb 28,2015 13:59:00 [info]  Click on 'EMR'
Feb 28,2015 13:59:02 [info]  Pass
Feb 28,2015 13:59:02 [info]  Verify EMR title
Feb 28,2015 13:59:02 [info]  Pass
Feb 28,2015 13:59:02 [info]  Click on 'EMR'
Feb 28,2015 13:59:16 [info]  Pass
Feb 28,2015 13:59:19 [info]  Click on Administer button
Feb 28,2015 13:59:23 [info]  Pass
Feb 28,2015 13:59:23 [info]  Click on Administer Late option
Feb 28,2015 13:59:26 [info]  Feb 28,2015 13:59:26 [info]  <<<<<<<<<<<<<<<<<<<<<<<<<<<<<<<<<< Error message >>>>>>>>>>>>>>>>>>>>>>>>>>>>>>
org.openqa.selenium.ElementNotVisibleException: Element is not currently visible and so may not be interacted with
Command duration or timeout: 40 milliseconds
Build info: version: '2.41.0', revision: '3192d8a', time: '2014-03-27 17:17:32'
System info: host: 'user-PC', ip: '192.168.21.1', os.name: 'Windows 7', os.arch: 'x86', os.version: '6.1', java.version: '1.8.0_20'
Driver info: org.openqa.selenium.firefox.FirefoxDriver
Capabilities [{applicationCacheEnabled=true, rotatable=false, handlesAlerts=true, databaseEnabled=true, version=29.0.1, platform=XP, browserConnectionEnabled=true, nativeEvents=false, acceptSslCerts=true, webStorageEnabled=true, locationContextEnabled=true, browserName=firefox, takesScreenshot=true, javascriptEnabled=true, cssSelectorsEnabled=true}]
Session ID: b29a5940-c61b-42b7-9864-e77e2d05a84f
	at sun.reflect.NativeConstructorAccessorImpl.newInstance0(Native Method)
	at sun.reflect.NativeConstructorAccessorImpl.newInstance(Unknown Source)
	at sun.reflect.DelegatingConstructorAccessorImpl.newInstance(Unknown Source)
	at java.lang.reflect.Constructor.newInstance(Unknown Source)
	at org.openqa.selenium.remote.ErrorHandler.createThrowable(ErrorHandler.java:193)
	at org.openqa.selenium.remote.ErrorHandler.throwIfResponseFailed(ErrorHandler.java:145)
	at org.openqa.selenium.remote.RemoteWebDriver.execute(RemoteWebDriver.java:595)
	at org.openqa.selenium.remote.RemoteWebElement.execute(RemoteWebElement.java:268)
	at org.openqa.selenium.remote.RemoteWebElement.click(RemoteWebElement.java:79)
	at com.iCM.pagehelper.EMRHelper.click(EMRHelper.java:39)
	at com.iCM.scripts.EMRAdministerLate.testEMRAdministerLate(EMRAdministerLate.java:78)
	at sun.reflect.NativeMethodAccessorImpl.invoke0(Native Method)
	at sun.reflect.NativeMethodAccessorImpl.invoke(Unknown Source)
	at sun.reflect.DelegatingMethodAccessorImpl.invoke(Unknown Source)
	at java.lang.reflect.Method.invoke(Unknown Source)
	at org.testng.internal.MethodInvocationHelper.invokeMethod(MethodInvocationHelper.java:84)
	at org.testng.internal.Invoker.invokeMethod(Invoker.java:714)
	at org.testng.internal.Invoker.invokeTestMethod(Invoker.java:901)
	at org.testng.internal.Invoker.invokeTestMethods(Invoker.java:1231)
	at org.testng.internal.TestMethodWorker.invokeTestMethods(TestMethodWorker.java:127)
	at org.testng.internal.TestMethodWorker.run(TestMethodWorker.java:111)
	at org.testng.TestRunner.privateRun(TestRunner.java:767)
	at org.testng.TestRunner.run(TestRunner.java:617)
	at org.testng.SuiteRunner.runTest(SuiteRunner.java:334)
	at org.testng.SuiteRunner.runSequentially(SuiteRunner.java:329)
	at org.testng.SuiteRunner.privateRun(SuiteRunner.java:291)
	at org.testng.SuiteRunner.run(SuiteRunner.java:240)
	at org.testng.SuiteRunnerWorker.runSuite(SuiteRunnerWorker.java:52)
	at org.testng.SuiteRunnerWorker.run(SuiteRunnerWorker.java:86)
	at org.testng.TestNG.runSuitesSequentially(TestNG.java:1224)
	at org.testng.TestNG.runSuitesLocally(TestNG.java:1149)
	at org.testng.TestNG.run(TestNG.java:1057)
	at org.testng.remote.RemoteTestNG.run(RemoteTestNG.java:111)
	at org.testng.remote.RemoteTestNG.initAndRun(RemoteTestNG.java:204)
	at org.testng.remote.RemoteTestNG.main(RemoteTestNG.java:175)
Caused by: org.openqa.selenium.remote.ErrorHandler$UnknownServerException: Element is not currently visible and so may not be interacted with
Build info: version: '2.41.0', revision: '3192d8a', time: '2014-03-27 17:17:32'
System info: host: 'user-PC', ip: '192.168.21.1', os.name: 'Windows 7', os.arch: 'x86', os.version: '6.1', java.version: '1.8.0_20'
Driver info: driver.version: unknown
	at <anonymous class>.fxdriver.preconditions.visible(file:///C:/Users/user/AppData/Local/Temp/anonymous8801086017328352029webdriver-profile/extensions/fxdriver@googlecode.com/components/command_processor.js:8225)
	at <anonymous class>.DelayedCommand.prototype.checkPreconditions_(file:///C:/Users/user/AppData/Local/Temp/anonymous8801086017328352029webdriver-profile/extensions/fxdriver@googlecode.com/components/command_processor.js:10867)
	at <anonymous class>.DelayedCommand.prototype.executeInternal_/h(file:///C:/Users/user/AppData/Local/Temp/anonymous8801086017328352029webdriver-profile/extensions/fxdriver@googlecode.com/components/command_processor.js:10884)
	at <anonymous class>.DelayedCommand.prototype.executeInternal_(file:///C:/Users/user/AppData/Local/Temp/anonymous8801086017328352029webdriver-profile/extensions/fxdriver@googlecode.com/components/command_processor.js:10889)
	at <anonymous class>.DelayedCommand.prototype.execute/<(file:///C:/Users/user/AppData/Local/Temp/anonymous8801086017328352029webdriver-profile/extensions/fxdriver@googlecode.com/components/command_processor.js:10831)
Feb 28,2015 13:59:26 [info]  End Execution of Test Class com.iCM.scripts.EMRAdministerLate
*****************************************************************************

*****************************************************************************
Feb 28,2015 14:27:31 [info]   Execution Started of Test Class com.iCM.scripts.AdministrationSchedule and Test method testAdministrationSchedule
*****************************************************************************
Feb 28,2015 14:27:31 [info]  Open application url
Feb 28,2015 14:28:45 [info]  Pass
Feb 28,2015 14:28:45 [info]  Verify Page title
Feb 28,2015 14:28:51 [info]  Pass
Feb 28,2015 14:28:51 [info]  Enter User name at login page.
Feb 28,2015 14:28:51 [info]  Pass
Feb 28,2015 14:28:51 [info]  Enter password at login page.
Feb 28,2015 14:28:52 [info]  Pass
Feb 28,2015 14:28:52 [info]  Click on Sign In button
Feb 28,2015 14:29:15 [info]  Pass
Feb 28,2015 14:29:15 [info]  Verify home page title
Feb 28,2015 14:29:20 [info]  Pass
Feb 28,2015 14:29:20 [info]  Open Add resident form via deep link
Feb 28,2015 14:29:43 [info]  Pass
Feb 28,2015 14:29:43 [info]  Enter Resident First Name
Feb 28,2015 14:29:47 [info]  Pass
Feb 28,2015 14:29:47 [info]  Enter Middle name
Feb 28,2015 14:29:50 [info]  Pass
Feb 28,2015 14:29:50 [info]  Enter last name
Feb 28,2015 14:29:53 [info]  Pass
Feb 28,2015 14:29:53 [info]  Open 'Calender'
Feb 28,2015 14:29:55 [info]  Pass
Feb 28,2015 14:30:00 [info]  Select Year
Feb 28,2015 14:30:06 [info]  Pass
Feb 28,2015 14:30:09 [info]  Select date
Feb 28,2015 14:30:12 [info]  Pass
Feb 28,2015 14:30:12 [info]  Select gender
Feb 28,2015 14:30:14 [info]  Pass
Feb 28,2015 14:30:14 [info]  Select Marital Status
Feb 28,2015 14:30:15 [info]  Pass
Feb 28,2015 14:30:15 [info]  Open 'Calender' for admit date
Feb 28,2015 14:30:17 [info]  Pass
Feb 28,2015 14:30:20 [info]  Select Year
Feb 28,2015 14:30:26 [info]  Pass
Feb 28,2015 14:30:26 [info]  Select Month
Feb 28,2015 14:30:27 [info]  Pass
Feb 28,2015 14:30:27 [info]  Select date
Feb 28,2015 14:30:30 [info]  Pass
Feb 28,2015 14:30:30 [info]  Select Facality
Feb 28,2015 14:30:31 [info]  Pass
Feb 28,2015 14:30:35 [info]  Select Nurse
Feb 28,2015 14:30:36 [info]  Pass
Feb 28,2015 14:30:36 [info]  Enter level of care
Feb 28,2015 14:30:39 [info]  Pass
Feb 28,2015 14:30:39 [info]  Click on 'Save' button
Feb 28,2015 14:30:43 [info]  Pass
Feb 28,2015 14:30:43 [info]  Search Added resident
Feb 28,2015 14:30:48 [info]  Pass
Feb 28,2015 14:30:48 [info]  Verify added resident
Feb 28,2015 14:30:52 [info]  Pass
Feb 28,2015 14:30:52 [info]  Open resident Profile
Feb 28,2015 14:30:55 [info]  Pass
Feb 28,2015 14:30:58 [info]  Click on Medication button
Feb 28,2015 14:31:03 [info]  Pass
Feb 28,2015 14:31:03 [info]  Click on Add Medication button
Feb 28,2015 14:31:59 [info]  Feb 28,2015 14:31:59 [info]  <<<<<<<<<<<<<<<<<<<<<<<<<<<<<<<<<< Error message >>>>>>>>>>>>>>>>>>>>>>>>>>>>>>
java.lang.AssertionError: Element Locator ://*[@class='btn btn-success'] Not found expected [true] but found [false]
	at org.testng.Assert.fail(Assert.java:94)
	at org.testng.Assert.failNotEquals(Assert.java:494)
	at org.testng.Assert.assertTrue(Assert.java:42)
	at com.iCM.util.DriverHelper.clickOn(DriverHelper.java:251)
	at com.iCM.pagehelper.EChartHelper.click(EChartHelper.java:47)
	at com.iCM.scripts.AdministrationSchedule.testAdministrationSchedule(AdministrationSchedule.java:188)
	at sun.reflect.NativeMethodAccessorImpl.invoke0(Native Method)
	at sun.reflect.NativeMethodAccessorImpl.invoke(Unknown Source)
	at sun.reflect.DelegatingMethodAccessorImpl.invoke(Unknown Source)
	at java.lang.reflect.Method.invoke(Unknown Source)
	at org.testng.internal.MethodInvocationHelper.invokeMethod(MethodInvocationHelper.java:84)
	at org.testng.internal.Invoker.invokeMethod(Invoker.java:714)
	at org.testng.internal.Invoker.invokeTestMethod(Invoker.java:901)
	at org.testng.internal.Invoker.invokeTestMethods(Invoker.java:1231)
	at org.testng.internal.TestMethodWorker.invokeTestMethods(TestMethodWorker.java:127)
	at org.testng.internal.TestMethodWorker.run(TestMethodWorker.java:111)
	at org.testng.TestRunner.privateRun(TestRunner.java:767)
	at org.testng.TestRunner.run(TestRunner.java:617)
	at org.testng.SuiteRunner.runTest(SuiteRunner.java:334)
	at org.testng.SuiteRunner.runSequentially(SuiteRunner.java:329)
	at org.testng.SuiteRunner.privateRun(SuiteRunner.java:291)
	at org.testng.SuiteRunner.run(SuiteRunner.java:240)
	at org.testng.SuiteRunnerWorker.runSuite(SuiteRunnerWorker.java:52)
	at org.testng.SuiteRunnerWorker.run(SuiteRunnerWorker.java:86)
	at org.testng.TestNG.runSuitesSequentially(TestNG.java:1224)
	at org.testng.TestNG.runSuitesLocally(TestNG.java:1149)
	at org.testng.TestNG.run(TestNG.java:1057)
	at org.testng.remote.RemoteTestNG.run(RemoteTestNG.java:111)
	at org.testng.remote.RemoteTestNG.initAndRun(RemoteTestNG.java:204)
	at org.testng.remote.RemoteTestNG.main(RemoteTestNG.java:175)
Feb 28,2015 14:31:59 [info]  End Execution of Test Class com.iCM.scripts.AdministrationSchedule
*****************************************************************************

*****************************************************************************
Feb 28,2015 14:32:23 [info]   Execution Started of Test Class com.iCM.scripts.AdministrationSchedule and Test method testAdministrationSchedule
*****************************************************************************
Feb 28,2015 14:32:23 [info]  Open application url
Feb 28,2015 14:32:37 [info]  Pass
Feb 28,2015 14:32:37 [info]  Verify Page title
Feb 28,2015 14:32:42 [info]  Pass
Feb 28,2015 14:32:42 [info]  Enter User name at login page.
Feb 28,2015 14:32:43 [info]  Pass
Feb 28,2015 14:32:43 [info]  Enter password at login page.
Feb 28,2015 14:32:44 [info]  Pass
Feb 28,2015 14:32:44 [info]  Click on Sign In button
Feb 28,2015 14:32:58 [info]  Pass
Feb 28,2015 14:32:58 [info]  Verify home page title
Feb 28,2015 14:33:03 [info]  Pass
Feb 28,2015 14:33:03 [info]  Open Add resident form via deep link
Feb 28,2015 14:33:14 [info]  Pass
Feb 28,2015 14:33:14 [info]  Enter Resident First Name
Feb 28,2015 14:33:18 [info]  Pass
Feb 28,2015 14:33:18 [info]  Enter Middle name
Feb 28,2015 14:33:21 [info]  Pass
Feb 28,2015 14:33:21 [info]  Enter last name
Feb 28,2015 14:33:24 [info]  Pass
Feb 28,2015 14:33:24 [info]  Open 'Calender'
Feb 28,2015 14:33:26 [info]  Pass
Feb 28,2015 14:33:31 [info]  Select Year
Feb 28,2015 14:33:37 [info]  Pass
Feb 28,2015 14:33:40 [info]  Select date
Feb 28,2015 14:33:43 [info]  Pass
Feb 28,2015 14:33:43 [info]  Select gender
Feb 28,2015 14:33:45 [info]  Pass
Feb 28,2015 14:33:45 [info]  Select Marital Status
Feb 28,2015 14:33:46 [info]  Pass
Feb 28,2015 14:33:46 [info]  Open 'Calender' for admit date
Feb 28,2015 14:33:48 [info]  Pass
Feb 28,2015 14:33:51 [info]  Select Year
Feb 28,2015 14:33:57 [info]  Pass
Feb 28,2015 14:33:57 [info]  Select Month
Feb 28,2015 14:33:58 [info]  Pass
Feb 28,2015 14:33:58 [info]  Select date
Feb 28,2015 14:34:01 [info]  Pass
Feb 28,2015 14:34:01 [info]  Select Facality
Feb 28,2015 14:34:03 [info]  Pass
Feb 28,2015 14:34:06 [info]  Select Nurse
Feb 28,2015 14:34:07 [info]  Pass
Feb 28,2015 14:34:07 [info]  Enter level of care
Feb 28,2015 14:34:10 [info]  Pass
Feb 28,2015 14:34:10 [info]  Click on 'Save' button
Feb 28,2015 14:34:14 [info]  Pass
Feb 28,2015 14:34:14 [info]  Search Added resident
Feb 28,2015 14:34:18 [info]  Pass
Feb 28,2015 14:34:18 [info]  Verify added resident
Feb 28,2015 14:34:21 [info]  Pass
Feb 28,2015 14:34:21 [info]  Open resident Profile
Feb 28,2015 14:34:25 [info]  Pass
Feb 28,2015 14:34:28 [info]  Click on Medication button
Feb 28,2015 14:34:31 [info]  Pass
Feb 28,2015 14:34:31 [info]  Click on Add Medication button
Feb 28,2015 14:34:42 [info]  Pass
Feb 28,2015 14:34:42 [info]  Enter Medicine Name
Feb 28,2015 14:34:53 [info]  Pass
Feb 28,2015 14:34:53 [info]  Enter Dosage
Feb 28,2015 14:34:56 [info]  Pass
Feb 28,2015 14:34:56 [info]  Enter instruction
Feb 28,2015 14:35:00 [info]  Pass
Feb 28,2015 14:35:00 [info]  Open 'Calender'
Feb 28,2015 14:35:04 [info]  Pass
Feb 28,2015 14:35:07 [info]  Select date
Feb 28,2015 14:35:11 [info]  Pass
Feb 28,2015 14:35:11 [info]  Select time
Feb 28,2015 14:35:12 [info]  Pass
Feb 28,2015 14:35:12 [info]  Select AM/PM
Feb 28,2015 14:35:13 [info]  Pass
Feb 28,2015 14:35:13 [info]  Click on Add Schedule button
Feb 28,2015 14:35:17 [info]  Pass
Feb 28,2015 14:35:17 [info]  Verify Added Schedule
Feb 28,2015 14:35:17 [info]  Pass
Feb 28,2015 14:35:17 [info]  Click on Save button
Feb 28,2015 14:35:32 [info]  Pass
Feb 28,2015 14:35:32 [info]  Verify Title
Feb 28,2015 14:35:37 [info]  Pass
Feb 28,2015 14:35:47 [info]  Open Medication page
Feb 28,2015 14:35:56 [info]  Pass
Feb 28,2015 14:35:56 [info]  Click on EMR Tab
Feb 28,2015 14:36:00 [info]  Pass
Feb 28,2015 14:36:00 [info]  Click on All Meds Tab
Feb 28,2015 14:36:17 [info]  Pass
Feb 28,2015 14:36:20 [info]  Click on Admin Button
Feb 28,2015 14:36:23 [info]  Pass
Feb 28,2015 14:36:23 [info]  Click on Reading menu
Feb 28,2015 14:36:27 [info]  Pass
Feb 28,2015 14:36:27 [info]  Enter Blood Sugar
Feb 28,2015 14:36:31 [info]  Feb 28,2015 14:36:31 [info]  <<<<<<<<<<<<<<<<<<<<<<<<<<<<<<<<<< Error message >>>>>>>>>>>>>>>>>>>>>>>>>>>>>>
java.lang.AssertionError: Element Locator ://*[@id='BloodSugar'] Not found expected [true] but found [false]
	at org.testng.Assert.fail(Assert.java:94)
	at org.testng.Assert.failNotEquals(Assert.java:494)
	at org.testng.Assert.assertTrue(Assert.java:42)
	at com.iCM.util.DriverHelper.sendKeys(DriverHelper.java:260)
	at com.iCM.pagehelper.EChartHelper.type(EChartHelper.java:39)
	at com.iCM.scripts.AdministrationSchedule.testAdministrationSchedule(AdministrationSchedule.java:285)
	at sun.reflect.NativeMethodAccessorImpl.invoke0(Native Method)
	at sun.reflect.NativeMethodAccessorImpl.invoke(Unknown Source)
	at sun.reflect.DelegatingMethodAccessorImpl.invoke(Unknown Source)
	at java.lang.reflect.Method.invoke(Unknown Source)
	at org.testng.internal.MethodInvocationHelper.invokeMethod(MethodInvocationHelper.java:84)
	at org.testng.internal.Invoker.invokeMethod(Invoker.java:714)
	at org.testng.internal.Invoker.invokeTestMethod(Invoker.java:901)
	at org.testng.internal.Invoker.invokeTestMethods(Invoker.java:1231)
	at org.testng.internal.TestMethodWorker.invokeTestMethods(TestMethodWorker.java:127)
	at org.testng.internal.TestMethodWorker.run(TestMethodWorker.java:111)
	at org.testng.TestRunner.privateRun(TestRunner.java:767)
	at org.testng.TestRunner.run(TestRunner.java:617)
	at org.testng.SuiteRunner.runTest(SuiteRunner.java:334)
	at org.testng.SuiteRunner.runSequentially(SuiteRunner.java:329)
	at org.testng.SuiteRunner.privateRun(SuiteRunner.java:291)
	at org.testng.SuiteRunner.run(SuiteRunner.java:240)
	at org.testng.SuiteRunnerWorker.runSuite(SuiteRunnerWorker.java:52)
	at org.testng.SuiteRunnerWorker.run(SuiteRunnerWorker.java:86)
	at org.testng.TestNG.runSuitesSequentially(TestNG.java:1224)
	at org.testng.TestNG.runSuitesLocally(TestNG.java:1149)
	at org.testng.TestNG.run(TestNG.java:1057)
	at org.testng.remote.RemoteTestNG.run(RemoteTestNG.java:111)
	at org.testng.remote.RemoteTestNG.initAndRun(RemoteTestNG.java:204)
	at org.testng.remote.RemoteTestNG.main(RemoteTestNG.java:175)
Feb 28,2015 14:36:31 [info]  End Execution of Test Class com.iCM.scripts.AdministrationSchedule
*****************************************************************************

*****************************************************************************
Feb 28,2015 15:27:25 [info]   Execution Started of Test Class com.iCM.scripts.EMRAdminLateReading and Test method testEMRAdminUndo
*****************************************************************************
Feb 28,2015 15:27:25 [info]  Open application url
Feb 28,2015 15:27:40 [info]  Pass
Feb 28,2015 15:27:40 [info]  Verify Page title
Feb 28,2015 15:27:45 [info]  Pass
Feb 28,2015 15:27:45 [info]  Enter User name at login page.
Feb 28,2015 15:27:46 [info]  Pass
Feb 28,2015 15:27:46 [info]  Enter password at login page.
Feb 28,2015 15:27:47 [info]  Pass
Feb 28,2015 15:27:47 [info]  Click on Sign In button
Feb 28,2015 15:28:04 [info]  Pass
Feb 28,2015 15:28:26 [info]  Click on EMR Tab
Feb 28,2015 15:28:30 [info]  Pass
Feb 28,2015 15:28:30 [info]  Click on All Meds Tab
Feb 28,2015 15:29:13 [info]  Feb 28,2015 15:29:13 [info]  <<<<<<<<<<<<<<<<<<<<<<<<<<<<<<<<<< Error message >>>>>>>>>>>>>>>>>>>>>>>>>>>>>>
java.lang.AssertionError: Element Locator ://ul[@class = 'nav nav-pills bar']/li[1]/a Not found expected [true] but found [false]
	at org.testng.Assert.fail(Assert.java:94)
	at org.testng.Assert.failNotEquals(Assert.java:494)
	at org.testng.Assert.assertTrue(Assert.java:42)
	at com.iCM.util.DriverHelper.clickOn(DriverHelper.java:251)
	at com.iCM.pagehelper.EChartHelper.click(EChartHelper.java:47)
	at com.iCM.scripts.EMRAdminLateReading.testEMRAdminUndo(EMRAdminLateReading.java:272)
	at sun.reflect.NativeMethodAccessorImpl.invoke0(Native Method)
	at sun.reflect.NativeMethodAccessorImpl.invoke(Unknown Source)
	at sun.reflect.DelegatingMethodAccessorImpl.invoke(Unknown Source)
	at java.lang.reflect.Method.invoke(Unknown Source)
	at org.testng.internal.MethodInvocationHelper.invokeMethod(MethodInvocationHelper.java:84)
	at org.testng.internal.Invoker.invokeMethod(Invoker.java:714)
	at org.testng.internal.Invoker.invokeTestMethod(Invoker.java:901)
	at org.testng.internal.Invoker.invokeTestMethods(Invoker.java:1231)
	at org.testng.internal.TestMethodWorker.invokeTestMethods(TestMethodWorker.java:127)
	at org.testng.internal.TestMethodWorker.run(TestMethodWorker.java:111)
	at org.testng.TestRunner.privateRun(TestRunner.java:767)
	at org.testng.TestRunner.run(TestRunner.java:617)
	at org.testng.SuiteRunner.runTest(SuiteRunner.java:334)
	at org.testng.SuiteRunner.runSequentially(SuiteRunner.java:329)
	at org.testng.SuiteRunner.privateRun(SuiteRunner.java:291)
	at org.testng.SuiteRunner.run(SuiteRunner.java:240)
	at org.testng.SuiteRunnerWorker.runSuite(SuiteRunnerWorker.java:52)
	at org.testng.SuiteRunnerWorker.run(SuiteRunnerWorker.java:86)
	at org.testng.TestNG.runSuitesSequentially(TestNG.java:1224)
	at org.testng.TestNG.runSuitesLocally(TestNG.java:1149)
	at org.testng.TestNG.run(TestNG.java:1057)
	at org.testng.remote.RemoteTestNG.run(RemoteTestNG.java:111)
	at org.testng.remote.RemoteTestNG.initAndRun(RemoteTestNG.java:204)
	at org.testng.remote.RemoteTestNG.main(RemoteTestNG.java:175)
Feb 28,2015 15:29:13 [info]  End Execution of Test Class com.iCM.scripts.EMRAdminLateReading
*****************************************************************************

*****************************************************************************
Feb 28,2015 15:31:30 [info]   Execution Started of Test Class com.iCM.scripts.EMRAdminUndo and Test method testEMRAdminUndo
*****************************************************************************
Feb 28,2015 15:31:30 [info]  Open application url
Feb 28,2015 15:31:46 [info]  Pass
Feb 28,2015 15:31:46 [info]  Verify Page title
Feb 28,2015 15:31:51 [info]  Pass
Feb 28,2015 15:31:51 [info]  Enter User name at login page.
Feb 28,2015 15:31:52 [info]  Pass
Feb 28,2015 15:31:52 [info]  Enter password at login page.
Feb 28,2015 15:31:53 [info]  Pass
Feb 28,2015 15:31:53 [info]  Click on Sign In button
Feb 28,2015 15:32:13 [info]  Pass
Feb 28,2015 15:32:32 [info]  Click on EMR Tab
Feb 28,2015 15:32:36 [info]  Pass
Feb 28,2015 15:32:36 [info]  Click on All Meds Tab
Feb 28,2015 15:33:17 [info]  Feb 28,2015 15:33:17 [info]  <<<<<<<<<<<<<<<<<<<<<<<<<<<<<<<<<< Error message >>>>>>>>>>>>>>>>>>>>>>>>>>>>>>
java.lang.AssertionError: Element Locator ://ul[@class = 'nav nav-pills bar']/li[1]/a Not found expected [true] but found [false]
	at org.testng.Assert.fail(Assert.java:94)
	at org.testng.Assert.failNotEquals(Assert.java:494)
	at org.testng.Assert.assertTrue(Assert.java:42)
	at com.iCM.util.DriverHelper.clickOn(DriverHelper.java:251)
	at com.iCM.pagehelper.EChartHelper.click(EChartHelper.java:47)
	at com.iCM.scripts.EMRAdminUndo.testEMRAdminUndo(EMRAdminUndo.java:273)
	at sun.reflect.NativeMethodAccessorImpl.invoke0(Native Method)
	at sun.reflect.NativeMethodAccessorImpl.invoke(Unknown Source)
	at sun.reflect.DelegatingMethodAccessorImpl.invoke(Unknown Source)
	at java.lang.reflect.Method.invoke(Unknown Source)
	at org.testng.internal.MethodInvocationHelper.invokeMethod(MethodInvocationHelper.java:84)
	at org.testng.internal.Invoker.invokeMethod(Invoker.java:714)
	at org.testng.internal.Invoker.invokeTestMethod(Invoker.java:901)
	at org.testng.internal.Invoker.invokeTestMethods(Invoker.java:1231)
	at org.testng.internal.TestMethodWorker.invokeTestMethods(TestMethodWorker.java:127)
	at org.testng.internal.TestMethodWorker.run(TestMethodWorker.java:111)
	at org.testng.TestRunner.privateRun(TestRunner.java:767)
	at org.testng.TestRunner.run(TestRunner.java:617)
	at org.testng.SuiteRunner.runTest(SuiteRunner.java:334)
	at org.testng.SuiteRunner.runSequentially(SuiteRunner.java:329)
	at org.testng.SuiteRunner.privateRun(SuiteRunner.java:291)
	at org.testng.SuiteRunner.run(SuiteRunner.java:240)
	at org.testng.SuiteRunnerWorker.runSuite(SuiteRunnerWorker.java:52)
	at org.testng.SuiteRunnerWorker.run(SuiteRunnerWorker.java:86)
	at org.testng.TestNG.runSuitesSequentially(TestNG.java:1224)
	at org.testng.TestNG.runSuitesLocally(TestNG.java:1149)
	at org.testng.TestNG.run(TestNG.java:1057)
	at org.testng.remote.RemoteTestNG.run(RemoteTestNG.java:111)
	at org.testng.remote.RemoteTestNG.initAndRun(RemoteTestNG.java:204)
	at org.testng.remote.RemoteTestNG.main(RemoteTestNG.java:175)
Feb 28,2015 15:33:17 [info]  End Execution of Test Class com.iCM.scripts.EMRAdminUndo
*****************************************************************************

*****************************************************************************
Feb 28,2015 15:35:26 [info]   Execution Started of Test Class com.iCM.scripts.EMRAdminUndo and Test method testEMRAdminUndo
*****************************************************************************
Feb 28,2015 15:35:26 [info]  Open application url
Feb 28,2015 15:35:42 [info]  Pass
Feb 28,2015 15:35:42 [info]  Verify Page title
Feb 28,2015 15:35:47 [info]  Pass
Feb 28,2015 15:35:47 [info]  Enter User name at login page.
Feb 28,2015 15:35:48 [info]  Pass
Feb 28,2015 15:35:48 [info]  Enter password at login page.
Feb 28,2015 15:35:49 [info]  Pass
Feb 28,2015 15:35:49 [info]  Click on Sign In button
Feb 28,2015 15:36:06 [info]  Pass
Feb 28,2015 15:36:25 [info]  Click on EMR Tab
Feb 28,2015 15:36:28 [info]  Pass
Feb 28,2015 15:36:31 [info]  Click on All Meds Tab
Feb 28,2015 15:37:12 [info]  Feb 28,2015 15:37:12 [info]  <<<<<<<<<<<<<<<<<<<<<<<<<<<<<<<<<< Error message >>>>>>>>>>>>>>>>>>>>>>>>>>>>>>
java.lang.AssertionError: Element Locator ://ul[@class = 'nav nav-pills bar']/li[1]/a Not found expected [true] but found [false]
	at org.testng.Assert.fail(Assert.java:94)
	at org.testng.Assert.failNotEquals(Assert.java:494)
	at org.testng.Assert.assertTrue(Assert.java:42)
	at com.iCM.util.DriverHelper.clickOn(DriverHelper.java:251)
	at com.iCM.pagehelper.EChartHelper.click(EChartHelper.java:47)
	at com.iCM.scripts.EMRAdminUndo.testEMRAdminUndo(EMRAdminUndo.java:275)
	at sun.reflect.NativeMethodAccessorImpl.invoke0(Native Method)
	at sun.reflect.NativeMethodAccessorImpl.invoke(Unknown Source)
	at sun.reflect.DelegatingMethodAccessorImpl.invoke(Unknown Source)
	at java.lang.reflect.Method.invoke(Unknown Source)
	at org.testng.internal.MethodInvocationHelper.invokeMethod(MethodInvocationHelper.java:84)
	at org.testng.internal.Invoker.invokeMethod(Invoker.java:714)
	at org.testng.internal.Invoker.invokeTestMethod(Invoker.java:901)
	at org.testng.internal.Invoker.invokeTestMethods(Invoker.java:1231)
	at org.testng.internal.TestMethodWorker.invokeTestMethods(TestMethodWorker.java:127)
	at org.testng.internal.TestMethodWorker.run(TestMethodWorker.java:111)
	at org.testng.TestRunner.privateRun(TestRunner.java:767)
	at org.testng.TestRunner.run(TestRunner.java:617)
	at org.testng.SuiteRunner.runTest(SuiteRunner.java:334)
	at org.testng.SuiteRunner.runSequentially(SuiteRunner.java:329)
	at org.testng.SuiteRunner.privateRun(SuiteRunner.java:291)
	at org.testng.SuiteRunner.run(SuiteRunner.java:240)
	at org.testng.SuiteRunnerWorker.runSuite(SuiteRunnerWorker.java:52)
	at org.testng.SuiteRunnerWorker.run(SuiteRunnerWorker.java:86)
	at org.testng.TestNG.runSuitesSequentially(TestNG.java:1224)
	at org.testng.TestNG.runSuitesLocally(TestNG.java:1149)
	at org.testng.TestNG.run(TestNG.java:1057)
	at org.testng.remote.RemoteTestNG.run(RemoteTestNG.java:111)
	at org.testng.remote.RemoteTestNG.initAndRun(RemoteTestNG.java:204)
	at org.testng.remote.RemoteTestNG.main(RemoteTestNG.java:175)
Feb 28,2015 15:37:12 [info]  End Execution of Test Class com.iCM.scripts.EMRAdminUndo
*****************************************************************************

*****************************************************************************
Feb 28,2015 15:38:23 [info]   Execution Started of Test Class com.iCM.scripts.EMRAdminUndo and Test method testEMRAdminUndo
*****************************************************************************
Feb 28,2015 15:38:23 [info]  Open application url
Feb 28,2015 15:38:38 [info]  Pass
Feb 28,2015 15:38:38 [info]  Verify Page title
Feb 28,2015 15:38:43 [info]  Pass
Feb 28,2015 15:38:43 [info]  Enter User name at login page.
Feb 28,2015 15:38:44 [info]  Pass
Feb 28,2015 15:38:44 [info]  Enter password at login page.
Feb 28,2015 15:38:45 [info]  Pass
Feb 28,2015 15:38:45 [info]  Click on Sign In button
Feb 28,2015 15:39:01 [info]  Pass
Feb 28,2015 15:39:01 [info]  Verify home page title
Feb 28,2015 15:39:06 [info]  Pass
Feb 28,2015 15:39:29 [info]  Click on All Meds Tab
Feb 28,2015 15:39:32 [info]  Pass
Feb 28,2015 15:39:35 [info]  Click on Admin Button
Feb 28,2015 15:39:39 [info]  Pass
Feb 28,2015 15:39:39 [info]  Click on Admin Button
Feb 28,2015 15:39:39 [info]  Feb 28,2015 15:39:39 [info]  <<<<<<<<<<<<<<<<<<<<<<<<<<<<<<<<<< Error message >>>>>>>>>>>>>>>>>>>>>>>>>>>>>>
org.openqa.selenium.WebDriverException: Element must be user-editable in order to clear it.
Command duration or timeout: 80 milliseconds
Build info: version: '2.41.0', revision: '3192d8a', time: '2014-03-27 17:17:32'
System info: host: 'user-PC', ip: '192.168.21.1', os.name: 'Windows 7', os.arch: 'x86', os.version: '6.1', java.version: '1.8.0_20'
Driver info: org.openqa.selenium.firefox.FirefoxDriver
Capabilities [{applicationCacheEnabled=true, rotatable=false, handlesAlerts=true, databaseEnabled=true, version=29.0.1, platform=XP, browserConnectionEnabled=true, nativeEvents=false, acceptSslCerts=true, webStorageEnabled=true, locationContextEnabled=true, browserName=firefox, takesScreenshot=true, javascriptEnabled=true, cssSelectorsEnabled=true}]
Session ID: 43098758-93da-4023-b090-9a9aac33919a
	at sun.reflect.NativeConstructorAccessorImpl.newInstance0(Native Method)
	at sun.reflect.NativeConstructorAccessorImpl.newInstance(Unknown Source)
	at sun.reflect.DelegatingConstructorAccessorImpl.newInstance(Unknown Source)
	at java.lang.reflect.Constructor.newInstance(Unknown Source)
	at org.openqa.selenium.remote.ErrorHandler.createThrowable(ErrorHandler.java:193)
	at org.openqa.selenium.remote.ErrorHandler.throwIfResponseFailed(ErrorHandler.java:145)
	at org.openqa.selenium.remote.RemoteWebDriver.execute(RemoteWebDriver.java:595)
	at org.openqa.selenium.remote.RemoteWebElement.execute(RemoteWebElement.java:268)
	at org.openqa.selenium.remote.RemoteWebElement.clear(RemoteWebElement.java:113)
	at com.iCM.util.DriverHelper.sendKeys(DriverHelper.java:262)
	at com.iCM.pagehelper.EMRHelper.verifyItemText(EMRHelper.java:43)
	at com.iCM.scripts.EMRAdminUndo.testEMRAdminUndo(EMRAdminUndo.java:289)
	at sun.reflect.NativeMethodAccessorImpl.invoke0(Native Method)
	at sun.reflect.NativeMethodAccessorImpl.invoke(Unknown Source)
	at sun.reflect.DelegatingMethodAccessorImpl.invoke(Unknown Source)
	at java.lang.reflect.Method.invoke(Unknown Source)
	at org.testng.internal.MethodInvocationHelper.invokeMethod(MethodInvocationHelper.java:84)
	at org.testng.internal.Invoker.invokeMethod(Invoker.java:714)
	at org.testng.internal.Invoker.invokeTestMethod(Invoker.java:901)
	at org.testng.internal.Invoker.invokeTestMethods(Invoker.java:1231)
	at org.testng.internal.TestMethodWorker.invokeTestMethods(TestMethodWorker.java:127)
	at org.testng.internal.TestMethodWorker.run(TestMethodWorker.java:111)
	at org.testng.TestRunner.privateRun(TestRunner.java:767)
	at org.testng.TestRunner.run(TestRunner.java:617)
	at org.testng.SuiteRunner.runTest(SuiteRunner.java:334)
	at org.testng.SuiteRunner.runSequentially(SuiteRunner.java:329)
	at org.testng.SuiteRunner.privateRun(SuiteRunner.java:291)
	at org.testng.SuiteRunner.run(SuiteRunner.java:240)
	at org.testng.SuiteRunnerWorker.runSuite(SuiteRunnerWorker.java:52)
	at org.testng.SuiteRunnerWorker.run(SuiteRunnerWorker.java:86)
	at org.testng.TestNG.runSuitesSequentially(TestNG.java:1224)
	at org.testng.TestNG.runSuitesLocally(TestNG.java:1149)
	at org.testng.TestNG.run(TestNG.java:1057)
	at org.testng.remote.RemoteTestNG.run(RemoteTestNG.java:111)
	at org.testng.remote.RemoteTestNG.initAndRun(RemoteTestNG.java:204)
	at org.testng.remote.RemoteTestNG.main(RemoteTestNG.java:175)
Caused by: org.openqa.selenium.remote.ErrorHandler$UnknownServerException: Element must be user-editable in order to clear it.
Build info: version: '2.41.0', revision: '3192d8a', time: '2014-03-27 17:17:32'
System info: host: 'user-PC', ip: '192.168.21.1', os.name: 'Windows 7', os.arch: 'x86', os.version: '6.1', java.version: '1.8.0_20'
Driver info: driver.version: unknown
	at <anonymous class>.bot.Error(file:///C:/Users/user/AppData/Local/Temp/anonymous6802952176253529111webdriver-profile/extensions/fxdriver@googlecode.com/components/command_processor.js:3373)
	at <anonymous class>.bot.action.clear(file:///C:/Users/user/AppData/Local/Temp/anonymous6802952176253529111webdriver-profile/extensions/fxdriver@googlecode.com/components/command_processor.js:9911)
	at <anonymous class>.WebElement.clearElement(file:///C:/Users/user/AppData/Local/Temp/anonymous6802952176253529111webdriver-profile/extensions/fxdriver@googlecode.com/components/command_processor.js:10354)
	at <anonymous class>.DelayedCommand.prototype.executeInternal_/h(file:///C:/Users/user/AppData/Local/Temp/anonymous6802952176253529111webdriver-profile/extensions/fxdriver@googlecode.com/components/command_processor.js:10884)
	at <anonymous class>.DelayedCommand.prototype.executeInternal_(file:///C:/Users/user/AppData/Local/Temp/anonymous6802952176253529111webdriver-profile/extensions/fxdriver@googlecode.com/components/command_processor.js:10889)
	at <anonymous class>.DelayedCommand.prototype.execute/<(file:///C:/Users/user/AppData/Local/Temp/anonymous6802952176253529111webdriver-profile/extensions/fxdriver@googlecode.com/components/command_processor.js:10831)
Feb 28,2015 15:39:39 [info]  End Execution of Test Class com.iCM.scripts.EMRAdminUndo
*****************************************************************************

*****************************************************************************
Feb 28,2015 15:42:07 [info]   Execution Started of Test Class com.iCM.scripts.EMRAdminUndo and Test method testEMRAdminUndo
*****************************************************************************
Feb 28,2015 15:42:07 [info]  Open application url
Feb 28,2015 15:42:23 [info]  Pass
Feb 28,2015 15:42:23 [info]  Verify Page title
Feb 28,2015 15:42:28 [info]  Pass
Feb 28,2015 15:42:28 [info]  Enter User name at login page.
Feb 28,2015 15:42:29 [info]  Pass
Feb 28,2015 15:42:29 [info]  Enter password at login page.
Feb 28,2015 15:42:30 [info]  Pass
Feb 28,2015 15:42:30 [info]  Click on Sign In button
Feb 28,2015 15:42:46 [info]  Pass
Feb 28,2015 15:42:46 [info]  Verify home page title
Feb 28,2015 15:42:51 [info]  Pass
Feb 28,2015 15:43:19 [info]  Click on All Meds Tab
Feb 28,2015 15:43:23 [info]  Pass
Feb 28,2015 15:43:26 [info]  Click on Admin Button
Feb 28,2015 15:43:29 [info]  Pass
Feb 28,2015 15:43:29 [info]  Click on Admin Button
Feb 28,2015 15:43:29 [info]  Feb 28,2015 15:43:29 [info]  <<<<<<<<<<<<<<<<<<<<<<<<<<<<<<<<<< Error message >>>>>>>>>>>>>>>>>>>>>>>>>>>>>>
org.openqa.selenium.WebDriverException: Element must be user-editable in order to clear it.
Command duration or timeout: 80 milliseconds
Build info: version: '2.41.0', revision: '3192d8a', time: '2014-03-27 17:17:32'
System info: host: 'user-PC', ip: '192.168.21.1', os.name: 'Windows 7', os.arch: 'x86', os.version: '6.1', java.version: '1.8.0_20'
Driver info: org.openqa.selenium.firefox.FirefoxDriver
Capabilities [{applicationCacheEnabled=true, rotatable=false, handlesAlerts=true, databaseEnabled=true, version=29.0.1, platform=XP, browserConnectionEnabled=true, nativeEvents=false, acceptSslCerts=true, webStorageEnabled=true, locationContextEnabled=true, browserName=firefox, takesScreenshot=true, javascriptEnabled=true, cssSelectorsEnabled=true}]
Session ID: d8817ed2-d71a-47c6-87c5-882f559a3ab1
	at sun.reflect.NativeConstructorAccessorImpl.newInstance0(Native Method)
	at sun.reflect.NativeConstructorAccessorImpl.newInstance(Unknown Source)
	at sun.reflect.DelegatingConstructorAccessorImpl.newInstance(Unknown Source)
	at java.lang.reflect.Constructor.newInstance(Unknown Source)
	at org.openqa.selenium.remote.ErrorHandler.createThrowable(ErrorHandler.java:193)
	at org.openqa.selenium.remote.ErrorHandler.throwIfResponseFailed(ErrorHandler.java:145)
	at org.openqa.selenium.remote.RemoteWebDriver.execute(RemoteWebDriver.java:595)
	at org.openqa.selenium.remote.RemoteWebElement.execute(RemoteWebElement.java:268)
	at org.openqa.selenium.remote.RemoteWebElement.clear(RemoteWebElement.java:113)
	at com.iCM.util.DriverHelper.sendKeys(DriverHelper.java:262)
	at com.iCM.pagehelper.EMRHelper.verifyItemText(EMRHelper.java:43)
	at com.iCM.scripts.EMRAdminUndo.testEMRAdminUndo(EMRAdminUndo.java:289)
	at sun.reflect.NativeMethodAccessorImpl.invoke0(Native Method)
	at sun.reflect.NativeMethodAccessorImpl.invoke(Unknown Source)
	at sun.reflect.DelegatingMethodAccessorImpl.invoke(Unknown Source)
	at java.lang.reflect.Method.invoke(Unknown Source)
	at org.testng.internal.MethodInvocationHelper.invokeMethod(MethodInvocationHelper.java:84)
	at org.testng.internal.Invoker.invokeMethod(Invoker.java:714)
	at org.testng.internal.Invoker.invokeTestMethod(Invoker.java:901)
	at org.testng.internal.Invoker.invokeTestMethods(Invoker.java:1231)
	at org.testng.internal.TestMethodWorker.invokeTestMethods(TestMethodWorker.java:127)
	at org.testng.internal.TestMethodWorker.run(TestMethodWorker.java:111)
	at org.testng.TestRunner.privateRun(TestRunner.java:767)
	at org.testng.TestRunner.run(TestRunner.java:617)
	at org.testng.SuiteRunner.runTest(SuiteRunner.java:334)
	at org.testng.SuiteRunner.runSequentially(SuiteRunner.java:329)
	at org.testng.SuiteRunner.privateRun(SuiteRunner.java:291)
	at org.testng.SuiteRunner.run(SuiteRunner.java:240)
	at org.testng.SuiteRunnerWorker.runSuite(SuiteRunnerWorker.java:52)
	at org.testng.SuiteRunnerWorker.run(SuiteRunnerWorker.java:86)
	at org.testng.TestNG.runSuitesSequentially(TestNG.java:1224)
	at org.testng.TestNG.runSuitesLocally(TestNG.java:1149)
	at org.testng.TestNG.run(TestNG.java:1057)
	at org.testng.remote.RemoteTestNG.run(RemoteTestNG.java:111)
	at org.testng.remote.RemoteTestNG.initAndRun(RemoteTestNG.java:204)
	at org.testng.remote.RemoteTestNG.main(RemoteTestNG.java:175)
Caused by: org.openqa.selenium.remote.ErrorHandler$UnknownServerException: Element must be user-editable in order to clear it.
Build info: version: '2.41.0', revision: '3192d8a', time: '2014-03-27 17:17:32'
System info: host: 'user-PC', ip: '192.168.21.1', os.name: 'Windows 7', os.arch: 'x86', os.version: '6.1', java.version: '1.8.0_20'
Driver info: driver.version: unknown
	at <anonymous class>.bot.Error(file:///C:/Users/user/AppData/Local/Temp/anonymous4948035454241678521webdriver-profile/extensions/fxdriver@googlecode.com/components/command_processor.js:3373)
	at <anonymous class>.bot.action.clear(file:///C:/Users/user/AppData/Local/Temp/anonymous4948035454241678521webdriver-profile/extensions/fxdriver@googlecode.com/components/command_processor.js:9911)
	at <anonymous class>.WebElement.clearElement(file:///C:/Users/user/AppData/Local/Temp/anonymous4948035454241678521webdriver-profile/extensions/fxdriver@googlecode.com/components/command_processor.js:10354)
	at <anonymous class>.DelayedCommand.prototype.executeInternal_/h(file:///C:/Users/user/AppData/Local/Temp/anonymous4948035454241678521webdriver-profile/extensions/fxdriver@googlecode.com/components/command_processor.js:10884)
	at <anonymous class>.DelayedCommand.prototype.executeInternal_(file:///C:/Users/user/AppData/Local/Temp/anonymous4948035454241678521webdriver-profile/extensions/fxdriver@googlecode.com/components/command_processor.js:10889)
	at <anonymous class>.DelayedCommand.prototype.execute/<(file:///C:/Users/user/AppData/Local/Temp/anonymous4948035454241678521webdriver-profile/extensions/fxdriver@googlecode.com/components/command_processor.js:10831)
Feb 28,2015 15:43:29 [info]  End Execution of Test Class com.iCM.scripts.EMRAdminUndo
*****************************************************************************

*****************************************************************************
Feb 28,2015 15:45:14 [info]   Execution Started of Test Class com.iCM.scripts.EMRAdminUndo and Test method testEMRAdminUndo
*****************************************************************************
Feb 28,2015 15:45:14 [info]  Open application url
Feb 28,2015 15:45:28 [info]  Pass
Feb 28,2015 15:45:28 [info]  Verify Page title
Feb 28,2015 15:45:33 [info]  Pass
Feb 28,2015 15:45:34 [info]  Enter User name at login page.
Feb 28,2015 15:45:34 [info]  Pass
Feb 28,2015 15:45:34 [info]  Enter password at login page.
Feb 28,2015 15:45:35 [info]  Pass
Feb 28,2015 15:45:35 [info]  Click on Sign In button
Feb 28,2015 15:45:51 [info]  Pass
Feb 28,2015 15:45:51 [info]  Verify home page title
Feb 28,2015 15:45:56 [info]  Pass
Feb 28,2015 15:46:23 [info]  Click on All Meds Tab
Feb 28,2015 15:46:27 [info]  Pass
Feb 28,2015 15:46:30 [info]  Click on Admin Button
Feb 28,2015 15:46:33 [info]  Pass
Feb 28,2015 15:46:33 [info]  Click on Admin Button
Feb 28,2015 15:47:15 [info]  Feb 28,2015 15:47:15 [info]  <<<<<<<<<<<<<<<<<<<<<<<<<<<<<<<<<< Error message >>>>>>>>>>>>>>>>>>>>>>>>>>>>>>
java.lang.AssertionError: Element Locator ://td[@class='All']/div/div/div[2]/div/button[1]/b[2] Not found expected [true] but found [false]
	at org.testng.Assert.fail(Assert.java:94)
	at org.testng.Assert.failNotEquals(Assert.java:494)
	at org.testng.Assert.assertTrue(Assert.java:42)
	at com.iCM.util.DriverHelper.getText(DriverHelper.java:300)
	at com.iCM.pagehelper.EMRHelper.verifyItemText(EMRHelper.java:43)
	at com.iCM.scripts.EMRAdminUndo.testEMRAdminUndo(EMRAdminUndo.java:289)
	at sun.reflect.NativeMethodAccessorImpl.invoke0(Native Method)
	at sun.reflect.NativeMethodAccessorImpl.invoke(Unknown Source)
	at sun.reflect.DelegatingMethodAccessorImpl.invoke(Unknown Source)
	at java.lang.reflect.Method.invoke(Unknown Source)
	at org.testng.internal.MethodInvocationHelper.invokeMethod(MethodInvocationHelper.java:84)
	at org.testng.internal.Invoker.invokeMethod(Invoker.java:714)
	at org.testng.internal.Invoker.invokeTestMethod(Invoker.java:901)
	at org.testng.internal.Invoker.invokeTestMethods(Invoker.java:1231)
	at org.testng.internal.TestMethodWorker.invokeTestMethods(TestMethodWorker.java:127)
	at org.testng.internal.TestMethodWorker.run(TestMethodWorker.java:111)
	at org.testng.TestRunner.privateRun(TestRunner.java:767)
	at org.testng.TestRunner.run(TestRunner.java:617)
	at org.testng.SuiteRunner.runTest(SuiteRunner.java:334)
	at org.testng.SuiteRunner.runSequentially(SuiteRunner.java:329)
	at org.testng.SuiteRunner.privateRun(SuiteRunner.java:291)
	at org.testng.SuiteRunner.run(SuiteRunner.java:240)
	at org.testng.SuiteRunnerWorker.runSuite(SuiteRunnerWorker.java:52)
	at org.testng.SuiteRunnerWorker.run(SuiteRunnerWorker.java:86)
	at org.testng.TestNG.runSuitesSequentially(TestNG.java:1224)
	at org.testng.TestNG.runSuitesLocally(TestNG.java:1149)
	at org.testng.TestNG.run(TestNG.java:1057)
	at org.testng.remote.RemoteTestNG.run(RemoteTestNG.java:111)
	at org.testng.remote.RemoteTestNG.initAndRun(RemoteTestNG.java:204)
	at org.testng.remote.RemoteTestNG.main(RemoteTestNG.java:175)
Feb 28,2015 15:47:15 [info]  End Execution of Test Class com.iCM.scripts.EMRAdminUndo
*****************************************************************************

*****************************************************************************
Feb 28,2015 15:49:26 [info]   Execution Started of Test Class com.iCM.scripts.EMRAdminUndo and Test method testEMRAdminUndo
*****************************************************************************
Feb 28,2015 15:49:26 [info]  Open application url
Feb 28,2015 15:49:43 [info]  Pass
Feb 28,2015 15:49:43 [info]  Verify Page title
Feb 28,2015 15:49:48 [info]  Pass
Feb 28,2015 15:49:48 [info]  Enter User name at login page.
Feb 28,2015 15:49:49 [info]  Pass
Feb 28,2015 15:49:49 [info]  Enter password at login page.
Feb 28,2015 15:49:50 [info]  Pass
Feb 28,2015 15:49:50 [info]  Click on Sign In button
Feb 28,2015 15:50:11 [info]  Pass
Feb 28,2015 15:50:11 [info]  Verify home page title
Feb 28,2015 15:50:16 [info]  Pass
Feb 28,2015 15:50:43 [info]  Click on All Meds Tab
Feb 28,2015 15:50:46 [info]  Pass
Feb 28,2015 15:50:49 [info]  Click on Admin Button
Feb 28,2015 15:50:53 [info]  Pass
Feb 28,2015 15:50:53 [info]  Click on Admin Button
Feb 28,2015 15:50:56 [info]  Pass
Feb 28,2015 15:50:56 [info]  Verify Admin Undo Button
Feb 28,2015 15:50:56 [info]  Pass
Feb 28,2015 15:50:56 [info]  Click on Undo Button
Feb 28,2015 15:51:00 [info]  Pass
Feb 28,2015 15:51:00 [info]  Verify Undo Button working fine
Feb 28,2015 15:51:00 [info]  Pass
Feb 28,2015 15:51:00 [info]  End Execution of Test Class com.iCM.scripts.EMRAdminUndo
*****************************************************************************

*****************************************************************************
Feb 28,2015 15:51:32 [info]   Execution Started of Test Class com.iCM.scripts.EMRAdminUndo and Test method testEMRAdminUndo
*****************************************************************************
Feb 28,2015 15:51:32 [info]  Open application url
Feb 28,2015 15:51:48 [info]  Pass
Feb 28,2015 15:51:48 [info]  Verify Page title
Feb 28,2015 15:51:54 [info]  Pass
Feb 28,2015 15:51:54 [info]  Enter User name at login page.
Feb 28,2015 15:51:54 [info]  Pass
Feb 28,2015 15:51:54 [info]  Enter password at login page.
Feb 28,2015 15:51:55 [info]  Pass
Feb 28,2015 15:51:55 [info]  Click on Sign In button
Feb 28,2015 15:52:11 [info]  Pass
Feb 28,2015 15:52:11 [info]  Verify home page title
Feb 28,2015 15:52:16 [info]  Pass
Feb 28,2015 15:52:42 [info]  Click on All Meds Tab
Feb 28,2015 15:52:46 [info]  Pass
Feb 28,2015 15:52:49 [info]  Click on Admin Button
Feb 28,2015 15:52:52 [info]  Pass
Feb 28,2015 15:52:52 [info]  Click on Admin Button
Feb 28,2015 15:52:56 [info]  Pass
Feb 28,2015 15:52:56 [info]  Verify Admin Undo Button
Feb 28,2015 15:52:56 [info]  Pass
Feb 28,2015 15:52:56 [info]  Click on Undo Button
Feb 28,2015 15:52:59 [info]  Pass
Feb 28,2015 15:52:59 [info]  Verify Undo Button working fine
Feb 28,2015 15:53:00 [info]  Pass
Feb 28,2015 15:53:00 [info]  End Execution of Test Class com.iCM.scripts.EMRAdminUndo
*****************************************************************************

*****************************************************************************
Feb 28,2015 15:53:39 [info]   Execution Started of Test Class com.iCM.scripts.EMRAdminLateReading and Test method testEMRAdminUndo
*****************************************************************************
Feb 28,2015 15:53:39 [info]  Open application url
Feb 28,2015 15:53:55 [info]  Pass
Feb 28,2015 15:53:55 [info]  Verify Page title
Feb 28,2015 15:54:00 [info]  Pass
Feb 28,2015 15:54:00 [info]  Enter User name at login page.
Feb 28,2015 15:54:01 [info]  Pass
Feb 28,2015 15:54:01 [info]  Enter password at login page.
Feb 28,2015 15:54:02 [info]  Pass
Feb 28,2015 15:54:02 [info]  Click on Sign In button
Feb 28,2015 15:54:21 [info]  Pass
Feb 28,2015 15:54:38 [info]  Click on EMR Tab
Feb 28,2015 15:54:42 [info]  Pass
Feb 28,2015 15:54:42 [info]  Click on All Meds Tab
Feb 28,2015 15:55:26 [info]  Feb 28,2015 15:55:26 [info]  <<<<<<<<<<<<<<<<<<<<<<<<<<<<<<<<<< Error message >>>>>>>>>>>>>>>>>>>>>>>>>>>>>>
java.lang.AssertionError: Element Locator ://ul[@class = 'nav nav-pills bar']/li[1]/a Not found expected [true] but found [false]
	at org.testng.Assert.fail(Assert.java:94)
	at org.testng.Assert.failNotEquals(Assert.java:494)
	at org.testng.Assert.assertTrue(Assert.java:42)
	at com.iCM.util.DriverHelper.clickOn(DriverHelper.java:251)
	at com.iCM.pagehelper.EChartHelper.click(EChartHelper.java:47)
	at com.iCM.scripts.EMRAdminLateReading.testEMRAdminUndo(EMRAdminLateReading.java:273)
	at sun.reflect.NativeMethodAccessorImpl.invoke0(Native Method)
	at sun.reflect.NativeMethodAccessorImpl.invoke(Unknown Source)
	at sun.reflect.DelegatingMethodAccessorImpl.invoke(Unknown Source)
	at java.lang.reflect.Method.invoke(Unknown Source)
	at org.testng.internal.MethodInvocationHelper.invokeMethod(MethodInvocationHelper.java:84)
	at org.testng.internal.Invoker.invokeMethod(Invoker.java:714)
	at org.testng.internal.Invoker.invokeTestMethod(Invoker.java:901)
	at org.testng.internal.Invoker.invokeTestMethods(Invoker.java:1231)
	at org.testng.internal.TestMethodWorker.invokeTestMethods(TestMethodWorker.java:127)
	at org.testng.internal.TestMethodWorker.run(TestMethodWorker.java:111)
	at org.testng.TestRunner.privateRun(TestRunner.java:767)
	at org.testng.TestRunner.run(TestRunner.java:617)
	at org.testng.SuiteRunner.runTest(SuiteRunner.java:334)
	at org.testng.SuiteRunner.runSequentially(SuiteRunner.java:329)
	at org.testng.SuiteRunner.privateRun(SuiteRunner.java:291)
	at org.testng.SuiteRunner.run(SuiteRunner.java:240)
	at org.testng.SuiteRunnerWorker.runSuite(SuiteRunnerWorker.java:52)
	at org.testng.SuiteRunnerWorker.run(SuiteRunnerWorker.java:86)
	at org.testng.TestNG.runSuitesSequentially(TestNG.java:1224)
	at org.testng.TestNG.runSuitesLocally(TestNG.java:1149)
	at org.testng.TestNG.run(TestNG.java:1057)
	at org.testng.remote.RemoteTestNG.run(RemoteTestNG.java:111)
	at org.testng.remote.RemoteTestNG.initAndRun(RemoteTestNG.java:204)
	at org.testng.remote.RemoteTestNG.main(RemoteTestNG.java:175)
Feb 28,2015 15:55:26 [info]  End Execution of Test Class com.iCM.scripts.EMRAdminLateReading
*****************************************************************************

*****************************************************************************
Feb 28,2015 15:57:56 [info]   Execution Started of Test Class com.iCM.scripts.EMRAdminLateReading and Test method testEMRAdminUndo
*****************************************************************************
Feb 28,2015 15:57:56 [info]  Open application url
Feb 28,2015 15:58:12 [info]  Pass
Feb 28,2015 15:58:12 [info]  Verify Page title
Feb 28,2015 15:58:17 [info]  Pass
Feb 28,2015 15:58:17 [info]  Enter User name at login page.
Feb 28,2015 15:58:18 [info]  Pass
Feb 28,2015 15:58:18 [info]  Enter password at login page.
Feb 28,2015 15:58:19 [info]  Pass
Feb 28,2015 15:58:19 [info]  Click on Sign In button
Feb 28,2015 15:58:36 [info]  Pass
Feb 28,2015 15:58:36 [info]  Verify home page title
Feb 28,2015 15:58:41 [info]  Pass
Feb 28,2015 15:59:03 [info]  Click on All Meds Tab
Feb 28,2015 15:59:07 [info]  Pass
Feb 28,2015 15:59:10 [info]  Click on Admin Button dropdown
Feb 28,2015 15:59:13 [info]  Pass
Feb 28,2015 15:59:13 [info]  Mouse hover Admin Late
Feb 28,2015 15:59:16 [info]  Pass
Feb 28,2015 15:59:16 [info]  Click on reading
Feb 28,2015 15:59:19 [info]  Pass
Feb 28,2015 15:59:19 [info]  Verify Date field is populated
Feb 28,2015 15:59:19 [info]  Feb 28,2015 15:59:19 [info]  <<<<<<<<<<<<<<<<<<<<<<<<<<<<<<<<<< Error message >>>>>>>>>>>>>>>>>>>>>>>>>>>>>>
java.lang.AssertionError: expected [true] but found [false]
	at org.testng.Assert.fail(Assert.java:94)
	at org.testng.Assert.failNotEquals(Assert.java:494)
	at org.testng.Assert.assertTrue(Assert.java:42)
	at org.testng.Assert.assertTrue(Assert.java:52)
	at com.iCM.pagehelper.EMRHelper.verifyFieldPopulated(EMRHelper.java:68)
	at com.iCM.scripts.EMRAdminLateReading.testEMRAdminUndo(EMRAdminLateReading.java:295)
	at sun.reflect.NativeMethodAccessorImpl.invoke0(Native Method)
	at sun.reflect.NativeMethodAccessorImpl.invoke(Unknown Source)
	at sun.reflect.DelegatingMethodAccessorImpl.invoke(Unknown Source)
	at java.lang.reflect.Method.invoke(Unknown Source)
	at org.testng.internal.MethodInvocationHelper.invokeMethod(MethodInvocationHelper.java:84)
	at org.testng.internal.Invoker.invokeMethod(Invoker.java:714)
	at org.testng.internal.Invoker.invokeTestMethod(Invoker.java:901)
	at org.testng.internal.Invoker.invokeTestMethods(Invoker.java:1231)
	at org.testng.internal.TestMethodWorker.invokeTestMethods(TestMethodWorker.java:127)
	at org.testng.internal.TestMethodWorker.run(TestMethodWorker.java:111)
	at org.testng.TestRunner.privateRun(TestRunner.java:767)
	at org.testng.TestRunner.run(TestRunner.java:617)
	at org.testng.SuiteRunner.runTest(SuiteRunner.java:334)
	at org.testng.SuiteRunner.runSequentially(SuiteRunner.java:329)
	at org.testng.SuiteRunner.privateRun(SuiteRunner.java:291)
	at org.testng.SuiteRunner.run(SuiteRunner.java:240)
	at org.testng.SuiteRunnerWorker.runSuite(SuiteRunnerWorker.java:52)
	at org.testng.SuiteRunnerWorker.run(SuiteRunnerWorker.java:86)
	at org.testng.TestNG.runSuitesSequentially(TestNG.java:1224)
	at org.testng.TestNG.runSuitesLocally(TestNG.java:1149)
	at org.testng.TestNG.run(TestNG.java:1057)
	at org.testng.remote.RemoteTestNG.run(RemoteTestNG.java:111)
	at org.testng.remote.RemoteTestNG.initAndRun(RemoteTestNG.java:204)
	at org.testng.remote.RemoteTestNG.main(RemoteTestNG.java:175)
Feb 28,2015 15:59:19 [info]  End Execution of Test Class com.iCM.scripts.EMRAdminLateReading
*****************************************************************************

*****************************************************************************
Feb 28,2015 16:11:22 [info]   Execution Started of Test Class com.iCM.scripts.EMRAdminLateReading and Test method testEMRAdminUndo
*****************************************************************************
Feb 28,2015 16:11:22 [info]  Open application url
Feb 28,2015 16:11:38 [info]  Pass
Feb 28,2015 16:11:38 [info]  Verify Page title
Feb 28,2015 16:11:43 [info]  Pass
Feb 28,2015 16:11:43 [info]  Enter User name at login page.
Feb 28,2015 16:11:43 [info]  Pass
Feb 28,2015 16:11:43 [info]  Enter password at login page.
Feb 28,2015 16:11:45 [info]  Pass
Feb 28,2015 16:11:45 [info]  Click on Sign In button
Feb 28,2015 16:12:02 [info]  Pass
Feb 28,2015 16:12:02 [info]  Verify home page title
Feb 28,2015 16:12:07 [info]  Pass
Feb 28,2015 16:12:31 [info]  Click on All Meds Tab
Feb 28,2015 16:12:35 [info]  Pass
Feb 28,2015 16:12:38 [info]  Click on Admin Button dropdown
Feb 28,2015 16:12:41 [info]  Pass
Feb 28,2015 16:12:41 [info]  Mouse hover Admin Late
Feb 28,2015 16:12:44 [info]  Pass
Feb 28,2015 16:12:44 [info]  Mouse hover Admin Late
Feb 28,2015 16:12:46 [info]  Pass
Feb 28,2015 16:12:46 [info]  Click on reading
Feb 28,2015 16:12:50 [info]  Pass
Feb 28,2015 16:12:50 [info]  Verify Date field is populated
Feb 28,2015 16:12:50 [info]  Feb 28,2015 16:12:50 [info]  <<<<<<<<<<<<<<<<<<<<<<<<<<<<<<<<<< Error message >>>>>>>>>>>>>>>>>>>>>>>>>>>>>>
java.lang.AssertionError: expected [true] but found [false]
	at org.testng.Assert.fail(Assert.java:94)
	at org.testng.Assert.failNotEquals(Assert.java:494)
	at org.testng.Assert.assertTrue(Assert.java:42)
	at org.testng.Assert.assertTrue(Assert.java:52)
	at com.iCM.pagehelper.EMRHelper.verifyFieldPopulated(EMRHelper.java:69)
	at com.iCM.scripts.EMRAdminLateReading.testEMRAdminUndo(EMRAdminLateReading.java:299)
	at sun.reflect.NativeMethodAccessorImpl.invoke0(Native Method)
	at sun.reflect.NativeMethodAccessorImpl.invoke(Unknown Source)
	at sun.reflect.DelegatingMethodAccessorImpl.invoke(Unknown Source)
	at java.lang.reflect.Method.invoke(Unknown Source)
	at org.testng.internal.MethodInvocationHelper.invokeMethod(MethodInvocationHelper.java:84)
	at org.testng.internal.Invoker.invokeMethod(Invoker.java:714)
	at org.testng.internal.Invoker.invokeTestMethod(Invoker.java:901)
	at org.testng.internal.Invoker.invokeTestMethods(Invoker.java:1231)
	at org.testng.internal.TestMethodWorker.invokeTestMethods(TestMethodWorker.java:127)
	at org.testng.internal.TestMethodWorker.run(TestMethodWorker.java:111)
	at org.testng.TestRunner.privateRun(TestRunner.java:767)
	at org.testng.TestRunner.run(TestRunner.java:617)
	at org.testng.SuiteRunner.runTest(SuiteRunner.java:334)
	at org.testng.SuiteRunner.runSequentially(SuiteRunner.java:329)
	at org.testng.SuiteRunner.privateRun(SuiteRunner.java:291)
	at org.testng.SuiteRunner.run(SuiteRunner.java:240)
	at org.testng.SuiteRunnerWorker.runSuite(SuiteRunnerWorker.java:52)
	at org.testng.SuiteRunnerWorker.run(SuiteRunnerWorker.java:86)
	at org.testng.TestNG.runSuitesSequentially(TestNG.java:1224)
	at org.testng.TestNG.runSuitesLocally(TestNG.java:1149)
	at org.testng.TestNG.run(TestNG.java:1057)
	at org.testng.remote.RemoteTestNG.run(RemoteTestNG.java:111)
	at org.testng.remote.RemoteTestNG.initAndRun(RemoteTestNG.java:204)
	at org.testng.remote.RemoteTestNG.main(RemoteTestNG.java:175)
Feb 28,2015 16:12:50 [info]  End Execution of Test Class com.iCM.scripts.EMRAdminLateReading
*****************************************************************************

*****************************************************************************
Feb 28,2015 16:14:38 [info]   Execution Started of Test Class com.iCM.scripts.EMRAdminLateReading and Test method testEMRAdminUndo
*****************************************************************************
Feb 28,2015 16:14:38 [info]  Open application url
Feb 28,2015 16:14:54 [info]  Pass
Feb 28,2015 16:14:54 [info]  Verify Page title
Feb 28,2015 16:15:00 [info]  Pass
Feb 28,2015 16:15:00 [info]  Enter User name at login page.
Feb 28,2015 16:15:00 [info]  Pass
Feb 28,2015 16:15:00 [info]  Enter password at login page.
Feb 28,2015 16:15:01 [info]  Pass
Feb 28,2015 16:15:01 [info]  Click on Sign In button
Feb 28,2015 16:15:18 [info]  Pass
Feb 28,2015 16:15:18 [info]  Verify home page title
Feb 28,2015 16:15:23 [info]  Pass
Feb 28,2015 16:15:47 [info]  Click on All Meds Tab
Feb 28,2015 16:15:51 [info]  Pass
Feb 28,2015 16:15:54 [info]  Click on Admin Button dropdown
Feb 28,2015 16:15:57 [info]  Pass
Feb 28,2015 16:15:57 [info]  Mouse hover Admin Late
Feb 28,2015 16:16:00 [info]  Pass
Feb 28,2015 16:16:00 [info]  Mouse hover Admin Late
Feb 28,2015 16:16:03 [info]  Pass
Feb 28,2015 16:16:03 [info]  Click on reading
Feb 28,2015 16:16:03 [info]  Pass
Feb 28,2015 16:16:03 [info]  Verify Date field is populated
Feb 28,2015 16:16:03 [info]  Feb 28,2015 16:16:03 [info]  <<<<<<<<<<<<<<<<<<<<<<<<<<<<<<<<<< Error message >>>>>>>>>>>>>>>>>>>>>>>>>>>>>>
java.lang.AssertionError: expected [true] but found [false]
	at org.testng.Assert.fail(Assert.java:94)
	at org.testng.Assert.failNotEquals(Assert.java:494)
	at org.testng.Assert.assertTrue(Assert.java:42)
	at org.testng.Assert.assertTrue(Assert.java:52)
	at com.iCM.pagehelper.EMRHelper.verifyFieldPopulated(EMRHelper.java:69)
	at com.iCM.scripts.EMRAdminLateReading.testEMRAdminUndo(EMRAdminLateReading.java:299)
	at sun.reflect.NativeMethodAccessorImpl.invoke0(Native Method)
	at sun.reflect.NativeMethodAccessorImpl.invoke(Unknown Source)
	at sun.reflect.DelegatingMethodAccessorImpl.invoke(Unknown Source)
	at java.lang.reflect.Method.invoke(Unknown Source)
	at org.testng.internal.MethodInvocationHelper.invokeMethod(MethodInvocationHelper.java:84)
	at org.testng.internal.Invoker.invokeMethod(Invoker.java:714)
	at org.testng.internal.Invoker.invokeTestMethod(Invoker.java:901)
	at org.testng.internal.Invoker.invokeTestMethods(Invoker.java:1231)
	at org.testng.internal.TestMethodWorker.invokeTestMethods(TestMethodWorker.java:127)
	at org.testng.internal.TestMethodWorker.run(TestMethodWorker.java:111)
	at org.testng.TestRunner.privateRun(TestRunner.java:767)
	at org.testng.TestRunner.run(TestRunner.java:617)
	at org.testng.SuiteRunner.runTest(SuiteRunner.java:334)
	at org.testng.SuiteRunner.runSequentially(SuiteRunner.java:329)
	at org.testng.SuiteRunner.privateRun(SuiteRunner.java:291)
	at org.testng.SuiteRunner.run(SuiteRunner.java:240)
	at org.testng.SuiteRunnerWorker.runSuite(SuiteRunnerWorker.java:52)
	at org.testng.SuiteRunnerWorker.run(SuiteRunnerWorker.java:86)
	at org.testng.TestNG.runSuitesSequentially(TestNG.java:1224)
	at org.testng.TestNG.runSuitesLocally(TestNG.java:1149)
	at org.testng.TestNG.run(TestNG.java:1057)
	at org.testng.remote.RemoteTestNG.run(RemoteTestNG.java:111)
	at org.testng.remote.RemoteTestNG.initAndRun(RemoteTestNG.java:204)
	at org.testng.remote.RemoteTestNG.main(RemoteTestNG.java:175)
Feb 28,2015 16:16:03 [info]  End Execution of Test Class com.iCM.scripts.EMRAdminLateReading
*****************************************************************************

*****************************************************************************
Feb 28,2015 16:30:51 [info]   Execution Started of Test Class com.iCM.scripts.EMRAdminLateReading and Test method testEMRAdminUndo
*****************************************************************************
Feb 28,2015 16:30:51 [info]  Open application url
Feb 28,2015 16:31:24 [info]  Pass
Feb 28,2015 16:31:24 [info]  Verify Page title
Feb 28,2015 16:31:29 [info]  Pass
Feb 28,2015 16:31:29 [info]  Enter User name at login page.
Feb 28,2015 16:31:30 [info]  Pass
Feb 28,2015 16:31:30 [info]  Enter password at login page.
Feb 28,2015 16:31:31 [info]  Pass
Feb 28,2015 16:31:31 [info]  Click on Sign In button
Feb 28,2015 16:31:50 [info]  Pass
Feb 28,2015 16:31:50 [info]  Verify home page title
Feb 28,2015 16:31:55 [info]  Pass
Feb 28,2015 16:32:19 [info]  Click on All Meds Tab
Feb 28,2015 16:32:23 [info]  Pass
Feb 28,2015 16:32:26 [info]  Click on Admin Button dropdown
Feb 28,2015 16:32:29 [info]  Pass
Feb 28,2015 16:32:29 [info]  Mouse hover Admin Late
Feb 28,2015 16:32:32 [info]  Pass
Feb 28,2015 16:32:32 [info]  Mouse hover Admin Late
Feb 28,2015 16:32:34 [info]  Pass
Feb 28,2015 16:32:34 [info]  Click on reading
Feb 28,2015 16:32:34 [info]  Pass
Feb 28,2015 16:32:34 [info]  Verify Date field is populated
Feb 28,2015 16:32:35 [info]  Feb 28,2015 16:32:35 [info]  <<<<<<<<<<<<<<<<<<<<<<<<<<<<<<<<<< Error message >>>>>>>>>>>>>>>>>>>>>>>>>>>>>>
java.lang.AssertionError: expected [true] but found [false]
	at org.testng.Assert.fail(Assert.java:94)
	at org.testng.Assert.failNotEquals(Assert.java:494)
	at org.testng.Assert.assertTrue(Assert.java:42)
	at org.testng.Assert.assertTrue(Assert.java:52)
	at com.iCM.pagehelper.EMRHelper.verifyFieldPopulated(EMRHelper.java:72)
	at com.iCM.scripts.EMRAdminLateReading.testEMRAdminUndo(EMRAdminLateReading.java:299)
	at sun.reflect.NativeMethodAccessorImpl.invoke0(Native Method)
	at sun.reflect.NativeMethodAccessorImpl.invoke(Unknown Source)
	at sun.reflect.DelegatingMethodAccessorImpl.invoke(Unknown Source)
	at java.lang.reflect.Method.invoke(Unknown Source)
	at org.testng.internal.MethodInvocationHelper.invokeMethod(MethodInvocationHelper.java:84)
	at org.testng.internal.Invoker.invokeMethod(Invoker.java:714)
	at org.testng.internal.Invoker.invokeTestMethod(Invoker.java:901)
	at org.testng.internal.Invoker.invokeTestMethods(Invoker.java:1231)
	at org.testng.internal.TestMethodWorker.invokeTestMethods(TestMethodWorker.java:127)
	at org.testng.internal.TestMethodWorker.run(TestMethodWorker.java:111)
	at org.testng.TestRunner.privateRun(TestRunner.java:767)
	at org.testng.TestRunner.run(TestRunner.java:617)
	at org.testng.SuiteRunner.runTest(SuiteRunner.java:334)
	at org.testng.SuiteRunner.runSequentially(SuiteRunner.java:329)
	at org.testng.SuiteRunner.privateRun(SuiteRunner.java:291)
	at org.testng.SuiteRunner.run(SuiteRunner.java:240)
	at org.testng.SuiteRunnerWorker.runSuite(SuiteRunnerWorker.java:52)
	at org.testng.SuiteRunnerWorker.run(SuiteRunnerWorker.java:86)
	at org.testng.TestNG.runSuitesSequentially(TestNG.java:1224)
	at org.testng.TestNG.runSuitesLocally(TestNG.java:1149)
	at org.testng.TestNG.run(TestNG.java:1057)
	at org.testng.remote.RemoteTestNG.run(RemoteTestNG.java:111)
	at org.testng.remote.RemoteTestNG.initAndRun(RemoteTestNG.java:204)
	at org.testng.remote.RemoteTestNG.main(RemoteTestNG.java:175)
Feb 28,2015 16:32:35 [info]  End Execution of Test Class com.iCM.scripts.EMRAdminLateReading
*****************************************************************************

*****************************************************************************
Feb 28,2015 16:34:38 [info]   Execution Started of Test Class com.iCM.scripts.EMRAdminLateReading and Test method testEMRAdminUndo
*****************************************************************************
Feb 28,2015 16:34:38 [info]  Open application url
Feb 28,2015 16:35:16 [info]  Pass
Feb 28,2015 16:35:16 [info]  Verify Page title
Feb 28,2015 16:35:21 [info]  Pass
Feb 28,2015 16:35:21 [info]  Enter User name at login page.
Feb 28,2015 16:35:22 [info]  Pass
Feb 28,2015 16:35:22 [info]  Enter password at login page.
Feb 28,2015 16:35:23 [info]  Pass
Feb 28,2015 16:35:23 [info]  Click on Sign In button
Feb 28,2015 16:35:49 [info]  Pass
Feb 28,2015 16:35:49 [info]  Verify home page title
Feb 28,2015 16:35:55 [info]  Pass
Feb 28,2015 16:36:18 [info]  Click on All Meds Tab
Feb 28,2015 16:36:22 [info]  Pass
Feb 28,2015 16:36:25 [info]  Click on Admin Button dropdown
Feb 28,2015 16:36:28 [info]  Pass
Feb 28,2015 16:36:28 [info]  Mouse hover Admin Late
Feb 28,2015 16:36:31 [info]  Pass
Feb 28,2015 16:36:31 [info]  Mouse hover Admin Late
Feb 28,2015 16:36:33 [info]  Pass
Feb 28,2015 16:36:33 [info]  Click on reading
Feb 28,2015 16:36:34 [info]  Pass
Feb 28,2015 16:36:34 [info]  Verify Date field is populated
Feb 28,2015 16:36:34 [info]  Feb 28,2015 16:36:34 [info]  <<<<<<<<<<<<<<<<<<<<<<<<<<<<<<<<<< Error message >>>>>>>>>>>>>>>>>>>>>>>>>>>>>>
java.lang.AssertionError: expected [true] but found [false]
	at org.testng.Assert.fail(Assert.java:94)
	at org.testng.Assert.failNotEquals(Assert.java:494)
	at org.testng.Assert.assertTrue(Assert.java:42)
	at org.testng.Assert.assertTrue(Assert.java:52)
	at com.iCM.pagehelper.EMRHelper.verifyFieldPopulated(EMRHelper.java:72)
	at com.iCM.scripts.EMRAdminLateReading.testEMRAdminUndo(EMRAdminLateReading.java:299)
	at sun.reflect.NativeMethodAccessorImpl.invoke0(Native Method)
	at sun.reflect.NativeMethodAccessorImpl.invoke(Unknown Source)
	at sun.reflect.DelegatingMethodAccessorImpl.invoke(Unknown Source)
	at java.lang.reflect.Method.invoke(Unknown Source)
	at org.testng.internal.MethodInvocationHelper.invokeMethod(MethodInvocationHelper.java:84)
	at org.testng.internal.Invoker.invokeMethod(Invoker.java:714)
	at org.testng.internal.Invoker.invokeTestMethod(Invoker.java:901)
	at org.testng.internal.Invoker.invokeTestMethods(Invoker.java:1231)
	at org.testng.internal.TestMethodWorker.invokeTestMethods(TestMethodWorker.java:127)
	at org.testng.internal.TestMethodWorker.run(TestMethodWorker.java:111)
	at org.testng.TestRunner.privateRun(TestRunner.java:767)
	at org.testng.TestRunner.run(TestRunner.java:617)
	at org.testng.SuiteRunner.runTest(SuiteRunner.java:334)
	at org.testng.SuiteRunner.runSequentially(SuiteRunner.java:329)
	at org.testng.SuiteRunner.privateRun(SuiteRunner.java:291)
	at org.testng.SuiteRunner.run(SuiteRunner.java:240)
	at org.testng.SuiteRunnerWorker.runSuite(SuiteRunnerWorker.java:52)
	at org.testng.SuiteRunnerWorker.run(SuiteRunnerWorker.java:86)
	at org.testng.TestNG.runSuitesSequentially(TestNG.java:1224)
	at org.testng.TestNG.runSuitesLocally(TestNG.java:1149)
	at org.testng.TestNG.run(TestNG.java:1057)
	at org.testng.remote.RemoteTestNG.run(RemoteTestNG.java:111)
	at org.testng.remote.RemoteTestNG.initAndRun(RemoteTestNG.java:204)
	at org.testng.remote.RemoteTestNG.main(RemoteTestNG.java:175)
Feb 28,2015 16:36:34 [info]  End Execution of Test Class com.iCM.scripts.EMRAdminLateReading
*****************************************************************************

*****************************************************************************
Feb 28,2015 18:27:13 [info]   Execution Started of Test Class com.iCM.scripts.EMRAdminResidentPhysically and Test method testEMRAdminResidentHold
*****************************************************************************
Feb 28,2015 18:27:14 [info]  Open application url
Feb 28,2015 18:27:30 [info]  Pass
Feb 28,2015 18:27:30 [info]  Verify Page title
Feb 28,2015 18:27:35 [info]  Pass
Feb 28,2015 18:27:35 [info]  Enter User name at login page.
Feb 28,2015 18:27:35 [info]  Pass
Feb 28,2015 18:27:35 [info]  Enter password at login page.
Feb 28,2015 18:27:37 [info]  Pass
Feb 28,2015 18:27:37 [info]  Click on Sign In button
Feb 28,2015 18:27:56 [info]  Pass
Feb 28,2015 18:27:56 [info]  Verify home page title
Feb 28,2015 18:28:01 [info]  Pass
Feb 28,2015 18:28:21 [info]  Click on All Meds Tab
Feb 28,2015 18:28:25 [info]  Pass
Feb 28,2015 18:28:28 [info]  Click on Admin Button dropdown
Feb 28,2015 18:28:31 [info]  Pass
Feb 28,2015 18:28:31 [info]  Mouse hover Omission
Feb 28,2015 18:28:34 [info]  Pass
Feb 28,2015 18:28:34 [info]  Mouse hover phycally
Feb 28,2015 18:28:36 [info]  Pass
Feb 28,2015 18:28:36 [info]  Click on Phycally
Feb 28,2015 18:28:37 [info]  Pass
Feb 28,2015 18:28:37 [info]  Verify current Date is populated in field
Feb 28,2015 18:28:37 [info]  Feb 28,2015 18:28:37 [info]  <<<<<<<<<<<<<<<<<<<<<<<<<<<<<<<<<< Error message >>>>>>>>>>>>>>>>>>>>>>>>>>>>>>
java.lang.AssertionError: expected [true] but found [false]
	at org.testng.Assert.fail(Assert.java:94)
	at org.testng.Assert.failNotEquals(Assert.java:494)
	at org.testng.Assert.assertTrue(Assert.java:42)
	at org.testng.Assert.assertTrue(Assert.java:52)
	at com.iCM.pagehelper.EMRHelper.verifyDateTime(EMRHelper.java:148)
	at com.iCM.scripts.EMRAdminResidentPhysically.testEMRAdminResidentHold(EMRAdminResidentPhysically.java:299)
	at sun.reflect.NativeMethodAccessorImpl.invoke0(Native Method)
	at sun.reflect.NativeMethodAccessorImpl.invoke(Unknown Source)
	at sun.reflect.DelegatingMethodAccessorImpl.invoke(Unknown Source)
	at java.lang.reflect.Method.invoke(Unknown Source)
	at org.testng.internal.MethodInvocationHelper.invokeMethod(MethodInvocationHelper.java:84)
	at org.testng.internal.Invoker.invokeMethod(Invoker.java:714)
	at org.testng.internal.Invoker.invokeTestMethod(Invoker.java:901)
	at org.testng.internal.Invoker.invokeTestMethods(Invoker.java:1231)
	at org.testng.internal.TestMethodWorker.invokeTestMethods(TestMethodWorker.java:127)
	at org.testng.internal.TestMethodWorker.run(TestMethodWorker.java:111)
	at org.testng.TestRunner.privateRun(TestRunner.java:767)
	at org.testng.TestRunner.run(TestRunner.java:617)
	at org.testng.SuiteRunner.runTest(SuiteRunner.java:334)
	at org.testng.SuiteRunner.runSequentially(SuiteRunner.java:329)
	at org.testng.SuiteRunner.privateRun(SuiteRunner.java:291)
	at org.testng.SuiteRunner.run(SuiteRunner.java:240)
	at org.testng.SuiteRunnerWorker.runSuite(SuiteRunnerWorker.java:52)
	at org.testng.SuiteRunnerWorker.run(SuiteRunnerWorker.java:86)
	at org.testng.TestNG.runSuitesSequentially(TestNG.java:1224)
	at org.testng.TestNG.runSuitesLocally(TestNG.java:1149)
	at org.testng.TestNG.run(TestNG.java:1057)
	at org.testng.remote.RemoteTestNG.run(RemoteTestNG.java:111)
	at org.testng.remote.RemoteTestNG.initAndRun(RemoteTestNG.java:204)
	at org.testng.remote.RemoteTestNG.main(RemoteTestNG.java:175)
Feb 28,2015 18:28:37 [info]  End Execution of Test Class com.iCM.scripts.EMRAdminResidentPhysically
*****************************************************************************

*****************************************************************************
Feb 28,2015 18:54:52 [info]   Execution Started of Test Class com.iCM.scripts.EMRAdminLate and Test method testEMRAdminLate
*****************************************************************************
Feb 28,2015 18:54:52 [info]  Open application url
Feb 28,2015 18:55:15 [info]  Pass
Feb 28,2015 18:55:15 [info]  Verify Page title
Feb 28,2015 18:55:20 [info]  Pass
Feb 28,2015 18:55:20 [info]  Enter User name at login page.
Feb 28,2015 18:55:20 [info]  Pass
Feb 28,2015 18:55:20 [info]  Enter password at login page.
Feb 28,2015 18:55:21 [info]  Pass
Feb 28,2015 18:55:21 [info]  Click on Sign In button
Feb 28,2015 18:55:36 [info]  Pass
Feb 28,2015 18:55:36 [info]  Verify home page title
Feb 28,2015 18:55:41 [info]  Pass
Feb 28,2015 18:56:02 [info]  Click on All Meds Tab
Feb 28,2015 18:56:05 [info]  Pass
Feb 28,2015 18:56:08 [info]  Click on Admin Button dropdown
Feb 28,2015 18:56:12 [info]  Pass
Feb 28,2015 18:56:12 [info]  Mouse hover Admin Late
Feb 28,2015 18:56:15 [info]  Pass
Feb 28,2015 18:56:15 [info]  Mouse hover Admin Late
Feb 28,2015 18:56:17 [info]  Pass
Feb 28,2015 18:56:17 [info]  Click on reading
Feb 28,2015 18:56:17 [info]  Feb 28,2015 18:56:17 [info]  <<<<<<<<<<<<<<<<<<<<<<<<<<<<<<<<<< Error message >>>>>>>>>>>>>>>>>>>>>>>>>>>>>>
java.lang.IndexOutOfBoundsException: Index: 1, Size: 0
	at java.util.ArrayList.rangeCheck(Unknown Source)
	at java.util.ArrayList.get(Unknown Source)
	at com.iCM.pagehelper.EMRHelper.Dclick(EMRHelper.java:109)
	at com.iCM.scripts.EMRAdminLate.testEMRAdminLate(EMRAdminLate.java:294)
	at sun.reflect.NativeMethodAccessorImpl.invoke0(Native Method)
	at sun.reflect.NativeMethodAccessorImpl.invoke(Unknown Source)
	at sun.reflect.DelegatingMethodAccessorImpl.invoke(Unknown Source)
	at java.lang.reflect.Method.invoke(Unknown Source)
	at org.testng.internal.MethodInvocationHelper.invokeMethod(MethodInvocationHelper.java:84)
	at org.testng.internal.Invoker.invokeMethod(Invoker.java:714)
	at org.testng.internal.Invoker.invokeTestMethod(Invoker.java:901)
	at org.testng.internal.Invoker.invokeTestMethods(Invoker.java:1231)
	at org.testng.internal.TestMethodWorker.invokeTestMethods(TestMethodWorker.java:127)
	at org.testng.internal.TestMethodWorker.run(TestMethodWorker.java:111)
	at org.testng.TestRunner.privateRun(TestRunner.java:767)
	at org.testng.TestRunner.run(TestRunner.java:617)
	at org.testng.SuiteRunner.runTest(SuiteRunner.java:334)
	at org.testng.SuiteRunner.runSequentially(SuiteRunner.java:329)
	at org.testng.SuiteRunner.privateRun(SuiteRunner.java:291)
	at org.testng.SuiteRunner.run(SuiteRunner.java:240)
	at org.testng.SuiteRunnerWorker.runSuite(SuiteRunnerWorker.java:52)
	at org.testng.SuiteRunnerWorker.run(SuiteRunnerWorker.java:86)
	at org.testng.TestNG.runSuitesSequentially(TestNG.java:1224)
	at org.testng.TestNG.runSuitesLocally(TestNG.java:1149)
	at org.testng.TestNG.run(TestNG.java:1057)
	at org.testng.remote.RemoteTestNG.run(RemoteTestNG.java:111)
	at org.testng.remote.RemoteTestNG.initAndRun(RemoteTestNG.java:204)
	at org.testng.remote.RemoteTestNG.main(RemoteTestNG.java:175)
Feb 28,2015 18:56:17 [info]  End Execution of Test Class com.iCM.scripts.EMRAdminLate
*****************************************************************************

*****************************************************************************
Feb 28,2015 18:58:36 [info]   Execution Started of Test Class com.iCM.scripts.EMRAdminLate and Test method testEMRAdminLate
*****************************************************************************
Feb 28,2015 18:58:36 [info]  Open application url
Feb 28,2015 18:58:51 [info]  Pass
Feb 28,2015 18:58:51 [info]  Verify Page title
Feb 28,2015 18:58:57 [info]  Pass
Feb 28,2015 18:58:57 [info]  Enter User name at login page.
Feb 28,2015 18:58:57 [info]  Pass
Feb 28,2015 18:58:57 [info]  Enter password at login page.
Feb 28,2015 18:58:58 [info]  Pass
Feb 28,2015 18:58:58 [info]  Click on Sign In button
Feb 28,2015 18:59:17 [info]  Pass
Feb 28,2015 18:59:17 [info]  Verify home page title
Feb 28,2015 18:59:22 [info]  Pass
Feb 28,2015 18:59:41 [info]  Click on All Meds Tab
Feb 28,2015 18:59:44 [info]  Pass
Feb 28,2015 18:59:47 [info]  Click on Admin Button dropdown
Feb 28,2015 18:59:51 [info]  Pass
Feb 28,2015 18:59:51 [info]  Mouse hover Admin Late
Feb 28,2015 18:59:54 [info]  Pass
Feb 28,2015 18:59:54 [info]  Mouse hover Admin Late
Feb 28,2015 18:59:56 [info]  Pass
Feb 28,2015 18:59:56 [info]  Click on reading
Feb 28,2015 18:59:56 [info]  Pass
Feb 28,2015 18:59:56 [info]  Verify Date field is populated
Feb 28,2015 18:59:57 [info]  Feb 28,2015 18:59:57 [info]  <<<<<<<<<<<<<<<<<<<<<<<<<<<<<<<<<< Error message >>>>>>>>>>>>>>>>>>>>>>>>>>>>>>
java.lang.AssertionError: expected [true] but found [false]
	at org.testng.Assert.fail(Assert.java:94)
	at org.testng.Assert.failNotEquals(Assert.java:494)
	at org.testng.Assert.assertTrue(Assert.java:42)
	at org.testng.Assert.assertTrue(Assert.java:52)
	at com.iCM.pagehelper.EMRHelper.verifyFieldPopulated(EMRHelper.java:71)
	at com.iCM.scripts.EMRAdminLate.testEMRAdminLate(EMRAdminLate.java:299)
	at sun.reflect.NativeMethodAccessorImpl.invoke0(Native Method)
	at sun.reflect.NativeMethodAccessorImpl.invoke(Unknown Source)
	at sun.reflect.DelegatingMethodAccessorImpl.invoke(Unknown Source)
	at java.lang.reflect.Method.invoke(Unknown Source)
	at org.testng.internal.MethodInvocationHelper.invokeMethod(MethodInvocationHelper.java:84)
	at org.testng.internal.Invoker.invokeMethod(Invoker.java:714)
	at org.testng.internal.Invoker.invokeTestMethod(Invoker.java:901)
	at org.testng.internal.Invoker.invokeTestMethods(Invoker.java:1231)
	at org.testng.internal.TestMethodWorker.invokeTestMethods(TestMethodWorker.java:127)
	at org.testng.internal.TestMethodWorker.run(TestMethodWorker.java:111)
	at org.testng.TestRunner.privateRun(TestRunner.java:767)
	at org.testng.TestRunner.run(TestRunner.java:617)
	at org.testng.SuiteRunner.runTest(SuiteRunner.java:334)
	at org.testng.SuiteRunner.runSequentially(SuiteRunner.java:329)
	at org.testng.SuiteRunner.privateRun(SuiteRunner.java:291)
	at org.testng.SuiteRunner.run(SuiteRunner.java:240)
	at org.testng.SuiteRunnerWorker.runSuite(SuiteRunnerWorker.java:52)
	at org.testng.SuiteRunnerWorker.run(SuiteRunnerWorker.java:86)
	at org.testng.TestNG.runSuitesSequentially(TestNG.java:1224)
	at org.testng.TestNG.runSuitesLocally(TestNG.java:1149)
	at org.testng.TestNG.run(TestNG.java:1057)
	at org.testng.remote.RemoteTestNG.run(RemoteTestNG.java:111)
	at org.testng.remote.RemoteTestNG.initAndRun(RemoteTestNG.java:204)
	at org.testng.remote.RemoteTestNG.main(RemoteTestNG.java:175)
Feb 28,2015 18:59:57 [info]  End Execution of Test Class com.iCM.scripts.EMRAdminLate
*****************************************************************************

*****************************************************************************
Feb 28,2015 19:00:54 [info]   Execution Started of Test Class com.iCM.scripts.EMRAdminLate and Test method testEMRAdminLate
*****************************************************************************
Feb 28,2015 19:00:54 [info]  Open application url
Feb 28,2015 19:01:09 [info]  Pass
Feb 28,2015 19:01:09 [info]  Verify Page title
Feb 28,2015 19:01:14 [info]  Pass
Feb 28,2015 19:01:14 [info]  Enter User name at login page.
Feb 28,2015 19:01:15 [info]  Pass
Feb 28,2015 19:01:15 [info]  Enter password at login page.
Feb 28,2015 19:01:16 [info]  Pass
Feb 28,2015 19:01:16 [info]  Click on Sign In button
Feb 28,2015 19:01:34 [info]  Pass
Feb 28,2015 19:01:34 [info]  Verify home page title
Feb 28,2015 19:01:39 [info]  Pass
Feb 28,2015 19:02:00 [info]  Click on All Meds Tab
Feb 28,2015 19:02:03 [info]  Pass
Feb 28,2015 19:02:06 [info]  Click on Admin Button dropdown
Feb 28,2015 19:02:10 [info]  Pass
Feb 28,2015 19:02:10 [info]  Mouse hover Admin Late
Feb 28,2015 19:02:12 [info]  Pass
Feb 28,2015 19:02:12 [info]  Mouse hover Admin Late
Feb 28,2015 19:02:15 [info]  Pass
Feb 28,2015 19:02:15 [info]  Click on reading
Feb 28,2015 19:02:15 [info]  Feb 28,2015 19:02:15 [info]  <<<<<<<<<<<<<<<<<<<<<<<<<<<<<<<<<< Error message >>>>>>>>>>>>>>>>>>>>>>>>>>>>>>
org.openqa.selenium.ElementNotVisibleException: Element is not currently visible and so may not be interacted with
Command duration or timeout: 66 milliseconds
Build info: version: '2.41.0', revision: '3192d8a', time: '2014-03-27 17:17:32'
System info: host: 'user-PC', ip: '192.168.21.1', os.name: 'Windows 7', os.arch: 'x86', os.version: '6.1', java.version: '1.8.0_20'
Driver info: org.openqa.selenium.firefox.FirefoxDriver
Capabilities [{applicationCacheEnabled=true, rotatable=false, handlesAlerts=true, databaseEnabled=true, version=29.0.1, platform=XP, browserConnectionEnabled=true, nativeEvents=false, acceptSslCerts=true, webStorageEnabled=true, locationContextEnabled=true, browserName=firefox, takesScreenshot=true, javascriptEnabled=true, cssSelectorsEnabled=true}]
Session ID: 0810803d-724c-4a60-8180-7e51a735cca6
	at sun.reflect.NativeConstructorAccessorImpl.newInstance0(Native Method)
	at sun.reflect.NativeConstructorAccessorImpl.newInstance(Unknown Source)
	at sun.reflect.DelegatingConstructorAccessorImpl.newInstance(Unknown Source)
	at java.lang.reflect.Constructor.newInstance(Unknown Source)
	at org.openqa.selenium.remote.ErrorHandler.createThrowable(ErrorHandler.java:193)
	at org.openqa.selenium.remote.ErrorHandler.throwIfResponseFailed(ErrorHandler.java:145)
	at org.openqa.selenium.remote.RemoteWebDriver.execute(RemoteWebDriver.java:595)
	at org.openqa.selenium.remote.RemoteWebElement.execute(RemoteWebElement.java:268)
	at org.openqa.selenium.remote.RemoteWebElement.click(RemoteWebElement.java:79)
	at com.iCM.util.DriverHelper.clickOn(DriverHelper.java:254)
	at com.iCM.pagehelper.EMRHelper.Dclick(EMRHelper.java:107)
	at com.iCM.scripts.EMRAdminLate.testEMRAdminLate(EMRAdminLate.java:294)
	at sun.reflect.NativeMethodAccessorImpl.invoke0(Native Method)
	at sun.reflect.NativeMethodAccessorImpl.invoke(Unknown Source)
	at sun.reflect.DelegatingMethodAccessorImpl.invoke(Unknown Source)
	at java.lang.reflect.Method.invoke(Unknown Source)
	at org.testng.internal.MethodInvocationHelper.invokeMethod(MethodInvocationHelper.java:84)
	at org.testng.internal.Invoker.invokeMethod(Invoker.java:714)
	at org.testng.internal.Invoker.invokeTestMethod(Invoker.java:901)
	at org.testng.internal.Invoker.invokeTestMethods(Invoker.java:1231)
	at org.testng.internal.TestMethodWorker.invokeTestMethods(TestMethodWorker.java:127)
	at org.testng.internal.TestMethodWorker.run(TestMethodWorker.java:111)
	at org.testng.TestRunner.privateRun(TestRunner.java:767)
	at org.testng.TestRunner.run(TestRunner.java:617)
	at org.testng.SuiteRunner.runTest(SuiteRunner.java:334)
	at org.testng.SuiteRunner.runSequentially(SuiteRunner.java:329)
	at org.testng.SuiteRunner.privateRun(SuiteRunner.java:291)
	at org.testng.SuiteRunner.run(SuiteRunner.java:240)
	at org.testng.SuiteRunnerWorker.runSuite(SuiteRunnerWorker.java:52)
	at org.testng.SuiteRunnerWorker.run(SuiteRunnerWorker.java:86)
	at org.testng.TestNG.runSuitesSequentially(TestNG.java:1224)
	at org.testng.TestNG.runSuitesLocally(TestNG.java:1149)
	at org.testng.TestNG.run(TestNG.java:1057)
	at org.testng.remote.RemoteTestNG.run(RemoteTestNG.java:111)
	at org.testng.remote.RemoteTestNG.initAndRun(RemoteTestNG.java:204)
	at org.testng.remote.RemoteTestNG.main(RemoteTestNG.java:175)
Caused by: org.openqa.selenium.remote.ErrorHandler$UnknownServerException: Element is not currently visible and so may not be interacted with
Build info: version: '2.41.0', revision: '3192d8a', time: '2014-03-27 17:17:32'
System info: host: 'user-PC', ip: '192.168.21.1', os.name: 'Windows 7', os.arch: 'x86', os.version: '6.1', java.version: '1.8.0_20'
Driver info: driver.version: unknown
	at <anonymous class>.fxdriver.preconditions.visible(file:///C:/Users/user/AppData/Local/Temp/anonymous6634914870422467966webdriver-profile/extensions/fxdriver@googlecode.com/components/command_processor.js:8225)
	at <anonymous class>.DelayedCommand.prototype.checkPreconditions_(file:///C:/Users/user/AppData/Local/Temp/anonymous6634914870422467966webdriver-profile/extensions/fxdriver@googlecode.com/components/command_processor.js:10867)
	at <anonymous class>.DelayedCommand.prototype.executeInternal_/h(file:///C:/Users/user/AppData/Local/Temp/anonymous6634914870422467966webdriver-profile/extensions/fxdriver@googlecode.com/components/command_processor.js:10884)
	at <anonymous class>.DelayedCommand.prototype.executeInternal_(file:///C:/Users/user/AppData/Local/Temp/anonymous6634914870422467966webdriver-profile/extensions/fxdriver@googlecode.com/components/command_processor.js:10889)
	at <anonymous class>.DelayedCommand.prototype.execute/<(file:///C:/Users/user/AppData/Local/Temp/anonymous6634914870422467966webdriver-profile/extensions/fxdriver@googlecode.com/components/command_processor.js:10831)
Feb 28,2015 19:02:15 [info]  End Execution of Test Class com.iCM.scripts.EMRAdminLate
*****************************************************************************

*****************************************************************************
Feb 28,2015 19:04:34 [info]   Execution Started of Test Class com.iCM.scripts.EMRAdminLate and Test method testEMRAdminLate
*****************************************************************************
Feb 28,2015 19:04:34 [info]  Open application url
Feb 28,2015 19:04:48 [info]  Pass
Feb 28,2015 19:04:48 [info]  Verify Page title
Feb 28,2015 19:04:54 [info]  Pass
Feb 28,2015 19:04:54 [info]  Enter User name at login page.
Feb 28,2015 19:04:54 [info]  Pass
Feb 28,2015 19:04:54 [info]  Enter password at login page.
Feb 28,2015 19:04:55 [info]  Pass
Feb 28,2015 19:04:55 [info]  Click on Sign In button
Feb 28,2015 19:05:11 [info]  Pass
Feb 28,2015 19:05:11 [info]  Verify home page title
Feb 28,2015 19:05:16 [info]  Pass
Feb 28,2015 19:05:36 [info]  Click on All Meds Tab
Feb 28,2015 19:05:40 [info]  Pass
Feb 28,2015 19:05:43 [info]  Click on Admin Button dropdown
Feb 28,2015 19:05:46 [info]  Pass
Feb 28,2015 19:05:46 [info]  Mouse hover Admin Late
Feb 28,2015 19:05:49 [info]  Pass
Feb 28,2015 19:05:49 [info]  Mouse hover Admin Late
Feb 28,2015 19:05:51 [info]  Pass
Feb 28,2015 19:05:51 [info]  Click on reading
Feb 28,2015 19:05:51 [info]  Feb 28,2015 19:05:51 [info]  <<<<<<<<<<<<<<<<<<<<<<<<<<<<<<<<<< Error message >>>>>>>>>>>>>>>>>>>>>>>>>>>>>>
org.openqa.selenium.WebDriverException: window.document.getElementByClass is not a function
Command duration or timeout: 47 milliseconds
Build info: version: '2.41.0', revision: '3192d8a', time: '2014-03-27 17:17:32'
System info: host: 'user-PC', ip: '192.168.21.1', os.name: 'Windows 7', os.arch: 'x86', os.version: '6.1', java.version: '1.8.0_20'
Driver info: org.openqa.selenium.firefox.FirefoxDriver
Capabilities [{applicationCacheEnabled=true, rotatable=false, handlesAlerts=true, databaseEnabled=true, version=29.0.1, platform=XP, browserConnectionEnabled=true, nativeEvents=false, acceptSslCerts=true, webStorageEnabled=true, locationContextEnabled=true, browserName=firefox, takesScreenshot=true, javascriptEnabled=true, cssSelectorsEnabled=true}]
Session ID: 56871120-12dd-4cfb-b042-6f75f19a5d00
	at sun.reflect.NativeConstructorAccessorImpl.newInstance0(Native Method)
	at sun.reflect.NativeConstructorAccessorImpl.newInstance(Unknown Source)
	at sun.reflect.DelegatingConstructorAccessorImpl.newInstance(Unknown Source)
	at java.lang.reflect.Constructor.newInstance(Unknown Source)
	at org.openqa.selenium.remote.ErrorHandler.createThrowable(ErrorHandler.java:193)
	at org.openqa.selenium.remote.ErrorHandler.throwIfResponseFailed(ErrorHandler.java:145)
	at org.openqa.selenium.remote.RemoteWebDriver.execute(RemoteWebDriver.java:595)
	at org.openqa.selenium.remote.RemoteWebDriver.executeScript(RemoteWebDriver.java:504)
	at com.iCM.pagehelper.EMRHelper.Dclick(EMRHelper.java:109)
	at com.iCM.scripts.EMRAdminLate.testEMRAdminLate(EMRAdminLate.java:294)
	at sun.reflect.NativeMethodAccessorImpl.invoke0(Native Method)
	at sun.reflect.NativeMethodAccessorImpl.invoke(Unknown Source)
	at sun.reflect.DelegatingMethodAccessorImpl.invoke(Unknown Source)
	at java.lang.reflect.Method.invoke(Unknown Source)
	at org.testng.internal.MethodInvocationHelper.invokeMethod(MethodInvocationHelper.java:84)
	at org.testng.internal.Invoker.invokeMethod(Invoker.java:714)
	at org.testng.internal.Invoker.invokeTestMethod(Invoker.java:901)
	at org.testng.internal.Invoker.invokeTestMethods(Invoker.java:1231)
	at org.testng.internal.TestMethodWorker.invokeTestMethods(TestMethodWorker.java:127)
	at org.testng.internal.TestMethodWorker.run(TestMethodWorker.java:111)
	at org.testng.TestRunner.privateRun(TestRunner.java:767)
	at org.testng.TestRunner.run(TestRunner.java:617)
	at org.testng.SuiteRunner.runTest(SuiteRunner.java:334)
	at org.testng.SuiteRunner.runSequentially(SuiteRunner.java:329)
	at org.testng.SuiteRunner.privateRun(SuiteRunner.java:291)
	at org.testng.SuiteRunner.run(SuiteRunner.java:240)
	at org.testng.SuiteRunnerWorker.runSuite(SuiteRunnerWorker.java:52)
	at org.testng.SuiteRunnerWorker.run(SuiteRunnerWorker.java:86)
	at org.testng.TestNG.runSuitesSequentially(TestNG.java:1224)
	at org.testng.TestNG.runSuitesLocally(TestNG.java:1149)
	at org.testng.TestNG.run(TestNG.java:1057)
	at org.testng.remote.RemoteTestNG.run(RemoteTestNG.java:111)
	at org.testng.remote.RemoteTestNG.initAndRun(RemoteTestNG.java:204)
	at org.testng.remote.RemoteTestNG.main(RemoteTestNG.java:175)
Caused by: org.openqa.selenium.remote.ErrorHandler$UnknownServerException: window.document.getElementByClass is not a function
Build info: version: '2.41.0', revision: '3192d8a', time: '2014-03-27 17:17:32'
System info: host: 'user-PC', ip: '192.168.21.1', os.name: 'Windows 7', os.arch: 'x86', os.version: '6.1', java.version: '1.8.0_20'
Driver info: driver.version: unknown
	at <anonymous class>.anonymous(http://65.98.29.34:8087/AdministerMed/List/2602:68)
	at <anonymous class>.handleEvaluateEvent(http://65.98.29.34:8087/AdministerMed/List/2602:68)
Feb 28,2015 19:05:51 [info]  End Execution of Test Class com.iCM.scripts.EMRAdminLate
*****************************************************************************

*****************************************************************************
Feb 28,2015 19:08:05 [info]   Execution Started of Test Class com.iCM.scripts.EMRAdminLate and Test method testEMRAdminLate
*****************************************************************************
Feb 28,2015 19:08:06 [info]  Open application url
Feb 28,2015 19:08:23 [info]  Pass
Feb 28,2015 19:08:23 [info]  Verify Page title
Feb 28,2015 19:08:29 [info]  Pass
Feb 28,2015 19:08:29 [info]  Enter User name at login page.
Feb 28,2015 19:08:29 [info]  Pass
Feb 28,2015 19:08:29 [info]  Enter password at login page.
Feb 28,2015 19:08:30 [info]  Pass
Feb 28,2015 19:08:30 [info]  Click on Sign In button
Feb 28,2015 19:08:46 [info]  Pass
Feb 28,2015 19:08:46 [info]  Verify home page title
Feb 28,2015 19:08:51 [info]  Pass
Feb 28,2015 19:09:12 [info]  Click on All Meds Tab
Feb 28,2015 19:09:15 [info]  Pass
Feb 28,2015 19:09:18 [info]  Click on Admin Button dropdown
Feb 28,2015 19:09:22 [info]  Pass
Feb 28,2015 19:09:22 [info]  Mouse hover Admin Late
Feb 28,2015 19:09:24 [info]  Pass
Feb 28,2015 19:09:24 [info]  Mouse hover Admin Late
Feb 28,2015 19:09:27 [info]  Pass
Feb 28,2015 19:09:27 [info]  Click on reading
Feb 28,2015 19:09:27 [info]  Feb 28,2015 19:09:27 [info]  <<<<<<<<<<<<<<<<<<<<<<<<<<<<<<<<<< Error message >>>>>>>>>>>>>>>>>>>>>>>>>>>>>>
org.openqa.selenium.WebDriverException: window.document.getElementsByClassName(...).click is not a function
Command duration or timeout: 48 milliseconds
Build info: version: '2.41.0', revision: '3192d8a', time: '2014-03-27 17:17:32'
System info: host: 'user-PC', ip: '192.168.21.1', os.name: 'Windows 7', os.arch: 'x86', os.version: '6.1', java.version: '1.8.0_20'
Driver info: org.openqa.selenium.firefox.FirefoxDriver
Capabilities [{applicationCacheEnabled=true, rotatable=false, handlesAlerts=true, databaseEnabled=true, version=29.0.1, platform=XP, browserConnectionEnabled=true, nativeEvents=false, acceptSslCerts=true, webStorageEnabled=true, locationContextEnabled=true, browserName=firefox, takesScreenshot=true, javascriptEnabled=true, cssSelectorsEnabled=true}]
Session ID: 33927216-424c-433b-b6fc-72c9c455e077
	at sun.reflect.NativeConstructorAccessorImpl.newInstance0(Native Method)
	at sun.reflect.NativeConstructorAccessorImpl.newInstance(Unknown Source)
	at sun.reflect.DelegatingConstructorAccessorImpl.newInstance(Unknown Source)
	at java.lang.reflect.Constructor.newInstance(Unknown Source)
	at org.openqa.selenium.remote.ErrorHandler.createThrowable(ErrorHandler.java:193)
	at org.openqa.selenium.remote.ErrorHandler.throwIfResponseFailed(ErrorHandler.java:145)
	at org.openqa.selenium.remote.RemoteWebDriver.execute(RemoteWebDriver.java:595)
	at org.openqa.selenium.remote.RemoteWebDriver.executeScript(RemoteWebDriver.java:504)
	at com.iCM.pagehelper.EMRHelper.Dclick(EMRHelper.java:109)
	at com.iCM.scripts.EMRAdminLate.testEMRAdminLate(EMRAdminLate.java:294)
	at sun.reflect.NativeMethodAccessorImpl.invoke0(Native Method)
	at sun.reflect.NativeMethodAccessorImpl.invoke(Unknown Source)
	at sun.reflect.DelegatingMethodAccessorImpl.invoke(Unknown Source)
	at java.lang.reflect.Method.invoke(Unknown Source)
	at org.testng.internal.MethodInvocationHelper.invokeMethod(MethodInvocationHelper.java:84)
	at org.testng.internal.Invoker.invokeMethod(Invoker.java:714)
	at org.testng.internal.Invoker.invokeTestMethod(Invoker.java:901)
	at org.testng.internal.Invoker.invokeTestMethods(Invoker.java:1231)
	at org.testng.internal.TestMethodWorker.invokeTestMethods(TestMethodWorker.java:127)
	at org.testng.internal.TestMethodWorker.run(TestMethodWorker.java:111)
	at org.testng.TestRunner.privateRun(TestRunner.java:767)
	at org.testng.TestRunner.run(TestRunner.java:617)
	at org.testng.SuiteRunner.runTest(SuiteRunner.java:334)
	at org.testng.SuiteRunner.runSequentially(SuiteRunner.java:329)
	at org.testng.SuiteRunner.privateRun(SuiteRunner.java:291)
	at org.testng.SuiteRunner.run(SuiteRunner.java:240)
	at org.testng.SuiteRunnerWorker.runSuite(SuiteRunnerWorker.java:52)
	at org.testng.SuiteRunnerWorker.run(SuiteRunnerWorker.java:86)
	at org.testng.TestNG.runSuitesSequentially(TestNG.java:1224)
	at org.testng.TestNG.runSuitesLocally(TestNG.java:1149)
	at org.testng.TestNG.run(TestNG.java:1057)
	at org.testng.remote.RemoteTestNG.run(RemoteTestNG.java:111)
	at org.testng.remote.RemoteTestNG.initAndRun(RemoteTestNG.java:204)
	at org.testng.remote.RemoteTestNG.main(RemoteTestNG.java:175)
Caused by: org.openqa.selenium.remote.ErrorHandler$UnknownServerException: window.document.getElementsByClassName(...).click is not a function
Build info: version: '2.41.0', revision: '3192d8a', time: '2014-03-27 17:17:32'
System info: host: 'user-PC', ip: '192.168.21.1', os.name: 'Windows 7', os.arch: 'x86', os.version: '6.1', java.version: '1.8.0_20'
Driver info: driver.version: unknown
	at <anonymous class>.anonymous(http://65.98.29.34:8087/AdministerMed/List/2602:68)
	at <anonymous class>.handleEvaluateEvent(http://65.98.29.34:8087/AdministerMed/List/2602:68)
Feb 28,2015 19:09:27 [info]  End Execution of Test Class com.iCM.scripts.EMRAdminLate
*****************************************************************************
