
*****************************************************************************
Mar 26,2015 11:58:43 [info]   Execution Started of Test Class com.iCM.scripts.NotificationSigleDismiss and Test method testNotificationSigleDismiss
*****************************************************************************
Mar 26,2015 11:58:43 [info]  Open application url
Mar 26,2015 11:59:01 [info]  Pass
Mar 26,2015 11:59:01 [info]  Verify Page title
Mar 26,2015 11:59:06 [info]  Pass
Mar 26,2015 11:59:06 [info]  Enter User name at login page.
Mar 26,2015 11:59:07 [info]  Pass
Mar 26,2015 11:59:07 [info]  Enter password at login page.
Mar 26,2015 11:59:08 [info]  Pass
Mar 26,2015 11:59:08 [info]  Click on Sign In button
Mar 26,2015 11:59:28 [info]  Pass
Mar 26,2015 11:59:28 [info]  Verify home page title
Mar 26,2015 11:59:33 [info]  Pass
Mar 26,2015 11:59:33 [info]  Click on 'Notification'
Mar 26,2015 11:59:34 [info]  Pass
Mar 26,2015 11:59:34 [info]  Click on 'View All Notification' link
Mar 26,2015 11:59:35 [info]  Pass
Mar 26,2015 11:59:35 [info]  Verify title
Mar 26,2015 11:59:48 [info]  Pass
Mar 26,2015 11:59:48 [info]  Click on Notification
Mar 26,2015 11:59:48 [info]  Pass
Mar 26,2015 11:59:48 [info]  User is able to open the notification
Mar 26,2015 11:59:51 [info]  Mar 26,2015 11:59:51 [info]  <<<<<<<<<<<<<<<<<<<<<<<<<<<<<<<<<< Error message >>>>>>>>>>>>>>>>>>>>>>>>>>>>>>
java.lang.AssertionError: expected [true] but found [false]
	at org.testng.Assert.fail(Assert.java:94)
	at org.testng.Assert.failNotEquals(Assert.java:494)
	at org.testng.Assert.assertTrue(Assert.java:42)
	at org.testng.Assert.assertTrue(Assert.java:52)
	at com.iCM.pagehelper.NotificationHelper.verifyFieldsText(NotificationHelper.java:61)
	at com.iCM.scripts.NotificationSigleDismiss.testNotificationSigleDismiss(NotificationSigleDismiss.java:53)
	at sun.reflect.NativeMethodAccessorImpl.invoke0(Native Method)
	at sun.reflect.NativeMethodAccessorImpl.invoke(Unknown Source)
	at sun.reflect.DelegatingMethodAccessorImpl.invoke(Unknown Source)
	at java.lang.reflect.Method.invoke(Unknown Source)
	at org.testng.internal.MethodInvocationHelper.invokeMethod(MethodInvocationHelper.java:84)
	at org.testng.internal.Invoker.invokeMethod(Invoker.java:714)
	at org.testng.internal.Invoker.invokeTestMethod(Invoker.java:901)
	at org.testng.internal.Invoker.invokeTestMethods(Invoker.java:1231)
	at org.testng.internal.TestMethodWorker.invokeTestMethods(TestMethodWorker.java:127)
	at org.testng.internal.TestMethodWorker.run(TestMethodWorker.java:111)
	at org.testng.TestRunner.privateRun(TestRunner.java:767)
	at org.testng.TestRunner.run(TestRunner.java:617)
	at org.testng.SuiteRunner.runTest(SuiteRunner.java:334)
	at org.testng.SuiteRunner.runSequentially(SuiteRunner.java:329)
	at org.testng.SuiteRunner.privateRun(SuiteRunner.java:291)
	at org.testng.SuiteRunner.run(SuiteRunner.java:240)
	at org.testng.SuiteRunnerWorker.runSuite(SuiteRunnerWorker.java:52)
	at org.testng.SuiteRunnerWorker.run(SuiteRunnerWorker.java:86)
	at org.testng.TestNG.runSuitesSequentially(TestNG.java:1224)
	at org.testng.TestNG.runSuitesLocally(TestNG.java:1149)
	at org.testng.TestNG.run(TestNG.java:1057)
	at org.testng.remote.RemoteTestNG.run(RemoteTestNG.java:111)
	at org.testng.remote.RemoteTestNG.initAndRun(RemoteTestNG.java:204)
	at org.testng.remote.RemoteTestNG.main(RemoteTestNG.java:175)
Mar 26,2015 11:59:51 [info]  End Execution of Test Class com.iCM.scripts.NotificationSigleDismiss
*****************************************************************************

*****************************************************************************
Mar 26,2015 13:20:57 [info]   Execution Started of Test Class com.iCM.scripts.AddEditMedicationSchedule and Test method testAddEditMedicationSchedule
*****************************************************************************
Mar 26,2015 13:20:57 [info]  Open application url
Mar 26,2015 13:21:15 [info]  Pass
Mar 26,2015 13:21:15 [info]  Verify Page title
Mar 26,2015 13:21:20 [info]  Pass
Mar 26,2015 13:21:20 [info]  Enter User name at login page.
Mar 26,2015 13:21:21 [info]  Pass
Mar 26,2015 13:21:21 [info]  Enter password at login page.
Mar 26,2015 13:21:22 [info]  Pass
Mar 26,2015 13:21:22 [info]  Click on Sign In button
Mar 26,2015 13:21:42 [info]  Pass
Mar 26,2015 13:21:42 [info]  Verify home page title
Mar 26,2015 13:21:47 [info]  Pass
Mar 26,2015 13:21:47 [info]  Open Add resident form via deep link
Mar 26,2015 13:22:01 [info]  Pass
Mar 26,2015 13:22:01 [info]  Enter Resident First Name
Mar 26,2015 13:22:02 [info]  Pass
Mar 26,2015 13:22:02 [info]  Enter Middle name
Mar 26,2015 13:22:02 [info]  Pass
Mar 26,2015 13:22:02 [info]  Enter last name
Mar 26,2015 13:22:03 [info]  Pass
Mar 26,2015 13:22:03 [info]  Open 'Calender'
Mar 26,2015 13:22:04 [info]  Pass
Mar 26,2015 13:22:09 [info]  Select Year
Mar 26,2015 13:22:16 [info]  Pass
Mar 26,2015 13:22:19 [info]  Select date
Mar 26,2015 13:22:21 [info]  Pass
Mar 26,2015 13:22:21 [info]  Select gender
Mar 26,2015 13:22:23 [info]  Pass
Mar 26,2015 13:22:23 [info]  Select Marital Status
Mar 26,2015 13:22:24 [info]  Pass
Mar 26,2015 13:22:24 [info]  Open 'Calender' for admit date
Mar 26,2015 13:22:26 [info]  Pass
Mar 26,2015 13:22:29 [info]  Select Year
Mar 26,2015 13:22:35 [info]  Pass
Mar 26,2015 13:22:35 [info]  Select Month
Mar 26,2015 13:22:37 [info]  Pass
Mar 26,2015 13:22:37 [info]  Select date
Mar 26,2015 13:22:39 [info]  Pass
Mar 26,2015 13:22:39 [info]  Select Facality
Mar 26,2015 13:22:41 [info]  Pass
Mar 26,2015 13:22:44 [info]  Select Nurse
Mar 26,2015 13:22:45 [info]  Pass
Mar 26,2015 13:22:45 [info]  Enter level of care
Mar 26,2015 13:22:46 [info]  Pass
Mar 26,2015 13:22:46 [info]  Click on 'Save' button
Mar 26,2015 13:23:07 [info]  Pass
Mar 26,2015 13:23:07 [info]  Search Added resident
Mar 26,2015 13:23:09 [info]  Pass
Mar 26,2015 13:23:09 [info]  Verify added resident
Mar 26,2015 13:23:13 [info]  Pass
Mar 26,2015 13:23:13 [info]  Open resident Profile
Mar 26,2015 13:23:34 [info]  Pass
Mar 26,2015 13:23:48 [info]  Click on Medication button
Mar 26,2015 13:24:10 [info]  Pass
Mar 26,2015 13:24:10 [info]  Click on Add Medication button
Mar 26,2015 13:24:46 [info]  Pass
Mar 26,2015 13:24:46 [info]  Enter Medicine Name
Mar 26,2015 13:25:01 [info]  Pass
Mar 26,2015 13:25:01 [info]  Enter Dosage
Mar 26,2015 13:25:02 [info]  Pass
Mar 26,2015 13:25:02 [info]  Enter instruction
Mar 26,2015 13:25:02 [info]  Pass
Mar 26,2015 13:25:02 [info]  Open 'Calender'
Mar 26,2015 13:25:07 [info]  Pass
Mar 26,2015 13:25:10 [info]  Select date
Mar 26,2015 13:25:14 [info]  Pass
Mar 26,2015 13:25:14 [info]  Select time
Mar 26,2015 13:25:15 [info]  Pass
Mar 26,2015 13:25:15 [info]  Select AM/PM
Mar 26,2015 13:25:16 [info]  Pass
Mar 26,2015 13:25:16 [info]  Click on Add Schedule button
Mar 26,2015 13:25:38 [info]  Pass
Mar 26,2015 13:25:38 [info]  Verify Added Schedule
Mar 26,2015 13:25:38 [info]  Pass
Mar 26,2015 13:25:38 [info]  Select time
Mar 26,2015 13:25:39 [info]  Pass
Mar 26,2015 13:25:39 [info]  Select AM/PM
Mar 26,2015 13:25:41 [info]  Pass
Mar 26,2015 13:25:41 [info]  Click on Add Schedule button
Mar 26,2015 13:26:02 [info]  Pass
Mar 26,2015 13:26:02 [info]  Verify Added Schedule
Mar 26,2015 13:26:03 [info]  Pass
Mar 26,2015 13:26:03 [info]  Select time
Mar 26,2015 13:26:04 [info]  Pass
Mar 26,2015 13:26:04 [info]  Select AM/PM
Mar 26,2015 13:26:05 [info]  Pass
Mar 26,2015 13:26:05 [info]  Click on Add Schedule button
Mar 26,2015 13:26:27 [info]  Pass
Mar 26,2015 13:26:27 [info]  Verify Added Schedule
Mar 26,2015 13:26:27 [info]  Pass
Mar 26,2015 13:26:27 [info]  Click on Save button
Mar 26,2015 13:26:48 [info]  Pass
Mar 26,2015 13:26:53 [info]  Mar 26,2015 13:26:53 [info]  <<<<<<<<<<<<<<<<<<<<<<<<<<<<<<<<<< Error message >>>>>>>>>>>>>>>>>>>>>>>>>>>>>>
java.lang.AssertionError: Page title is: Add Medication but expected is: View Medication expected [true] but found [false]
	at org.testng.Assert.fail(Assert.java:94)
	at org.testng.Assert.failNotEquals(Assert.java:494)
	at org.testng.Assert.assertTrue(Assert.java:42)
	at com.iCM.pagehelper.LoginHelper.verifyTitle(LoginHelper.java:23)
	at com.iCM.scripts.AddEditMedicationSchedule.testAddEditMedicationSchedule(AddEditMedicationSchedule.java:264)
	at sun.reflect.NativeMethodAccessorImpl.invoke0(Native Method)
	at sun.reflect.NativeMethodAccessorImpl.invoke(Unknown Source)
	at sun.reflect.DelegatingMethodAccessorImpl.invoke(Unknown Source)
	at java.lang.reflect.Method.invoke(Unknown Source)
	at org.testng.internal.MethodInvocationHelper.invokeMethod(MethodInvocationHelper.java:84)
	at org.testng.internal.Invoker.invokeMethod(Invoker.java:714)
	at org.testng.internal.Invoker.invokeTestMethod(Invoker.java:901)
	at org.testng.internal.Invoker.invokeTestMethods(Invoker.java:1231)
	at org.testng.internal.TestMethodWorker.invokeTestMethods(TestMethodWorker.java:127)
	at org.testng.internal.TestMethodWorker.run(TestMethodWorker.java:111)
	at org.testng.TestRunner.privateRun(TestRunner.java:767)
	at org.testng.TestRunner.run(TestRunner.java:617)
	at org.testng.SuiteRunner.runTest(SuiteRunner.java:334)
	at org.testng.SuiteRunner.runSequentially(SuiteRunner.java:329)
	at org.testng.SuiteRunner.privateRun(SuiteRunner.java:291)
	at org.testng.SuiteRunner.run(SuiteRunner.java:240)
	at org.testng.SuiteRunnerWorker.runSuite(SuiteRunnerWorker.java:52)
	at org.testng.SuiteRunnerWorker.run(SuiteRunnerWorker.java:86)
	at org.testng.TestNG.runSuitesSequentially(TestNG.java:1224)
	at org.testng.TestNG.runSuitesLocally(TestNG.java:1149)
	at org.testng.TestNG.run(TestNG.java:1057)
	at org.testng.remote.RemoteTestNG.run(RemoteTestNG.java:111)
	at org.testng.remote.RemoteTestNG.initAndRun(RemoteTestNG.java:204)
	at org.testng.remote.RemoteTestNG.main(RemoteTestNG.java:175)
Mar 26,2015 13:26:53 [info]  End Execution of Test Class com.iCM.scripts.AddEditMedicationSchedule
*****************************************************************************

*****************************************************************************
Mar 26,2015 13:27:46 [info]   Execution Started of Test Class com.iCM.scripts.AddEditMedicationSchedule and Test method testAddEditMedicationSchedule
*****************************************************************************
Mar 26,2015 13:27:47 [info]  Open application url
Mar 26,2015 13:28:03 [info]  Pass
Mar 26,2015 13:28:03 [info]  Verify Page title
Mar 26,2015 13:28:08 [info]  Pass
Mar 26,2015 13:28:08 [info]  Enter User name at login page.
Mar 26,2015 13:28:09 [info]  Pass
Mar 26,2015 13:28:09 [info]  Enter password at login page.
Mar 26,2015 13:28:10 [info]  Pass
Mar 26,2015 13:28:10 [info]  Click on Sign In button
Mar 26,2015 13:28:29 [info]  Pass
Mar 26,2015 13:28:29 [info]  Verify home page title
Mar 26,2015 13:28:34 [info]  Pass
Mar 26,2015 13:28:34 [info]  Open Add resident form via deep link
Mar 26,2015 13:28:48 [info]  Pass
Mar 26,2015 13:28:48 [info]  Enter Resident First Name
Mar 26,2015 13:28:48 [info]  Pass
Mar 26,2015 13:28:48 [info]  Enter Middle name
Mar 26,2015 13:28:49 [info]  Pass
Mar 26,2015 13:28:49 [info]  Enter last name
Mar 26,2015 13:28:49 [info]  Pass
Mar 26,2015 13:28:49 [info]  Open 'Calender'
Mar 26,2015 13:28:51 [info]  Pass
Mar 26,2015 13:28:56 [info]  Select Year
Mar 26,2015 13:29:02 [info]  Pass
Mar 26,2015 13:29:05 [info]  Select date
Mar 26,2015 13:29:08 [info]  Pass
Mar 26,2015 13:29:08 [info]  Select gender
Mar 26,2015 13:29:09 [info]  Pass
Mar 26,2015 13:29:09 [info]  Select Marital Status
Mar 26,2015 13:29:10 [info]  Pass
Mar 26,2015 13:29:10 [info]  Open 'Calender' for admit date
Mar 26,2015 13:29:12 [info]  Pass
Mar 26,2015 13:29:15 [info]  Select Year
Mar 26,2015 13:29:21 [info]  Pass
Mar 26,2015 13:29:21 [info]  Select Month
Mar 26,2015 13:29:23 [info]  Pass
Mar 26,2015 13:29:23 [info]  Select date
Mar 26,2015 13:29:25 [info]  Pass
Mar 26,2015 13:29:25 [info]  Select Facality
Mar 26,2015 13:29:27 [info]  Pass
Mar 26,2015 13:29:30 [info]  Select Nurse
Mar 26,2015 13:29:31 [info]  Pass
Mar 26,2015 13:29:31 [info]  Enter level of care
Mar 26,2015 13:29:32 [info]  Pass
Mar 26,2015 13:29:32 [info]  Click on 'Save' button
Mar 26,2015 13:29:54 [info]  Pass
Mar 26,2015 13:29:54 [info]  Search Added resident
Mar 26,2015 13:29:59 [info]  Pass
Mar 26,2015 13:29:59 [info]  Verify added resident
Mar 26,2015 13:30:02 [info]  Pass
Mar 26,2015 13:30:02 [info]  Open resident Profile
Mar 26,2015 13:30:24 [info]  Pass
Mar 26,2015 13:30:38 [info]  Click on Medication button
Mar 26,2015 13:31:00 [info]  Pass
Mar 26,2015 13:31:00 [info]  Click on Add Medication button
Mar 26,2015 13:31:38 [info]  Pass
Mar 26,2015 13:31:38 [info]  Enter Medicine Name
Mar 26,2015 13:31:52 [info]  Pass
Mar 26,2015 13:31:52 [info]  Enter Dosage
Mar 26,2015 13:31:52 [info]  Pass
Mar 26,2015 13:31:52 [info]  Enter instruction
Mar 26,2015 13:31:53 [info]  Pass
Mar 26,2015 13:31:53 [info]  Open 'Calender'
Mar 26,2015 13:31:57 [info]  Pass
Mar 26,2015 13:32:00 [info]  Select date
Mar 26,2015 13:32:04 [info]  Pass
Mar 26,2015 13:32:04 [info]  Select time
Mar 26,2015 13:32:05 [info]  Pass
Mar 26,2015 13:32:05 [info]  Select AM/PM
Mar 26,2015 13:32:06 [info]  Pass
Mar 26,2015 13:32:06 [info]  Click on Add Schedule button
Mar 26,2015 13:32:28 [info]  Pass
Mar 26,2015 13:32:28 [info]  Verify Added Schedule
Mar 26,2015 13:32:28 [info]  Pass
Mar 26,2015 13:32:28 [info]  Select time
Mar 26,2015 13:32:30 [info]  Pass
Mar 26,2015 13:32:30 [info]  Select AM/PM
Mar 26,2015 13:32:31 [info]  Pass
Mar 26,2015 13:32:31 [info]  Click on Add Schedule button
Mar 26,2015 13:32:53 [info]  Pass
Mar 26,2015 13:32:53 [info]  Verify Added Schedule
Mar 26,2015 13:32:53 [info]  Pass
Mar 26,2015 13:32:53 [info]  Select time
Mar 26,2015 13:32:54 [info]  Pass
Mar 26,2015 13:32:54 [info]  Select AM/PM
Mar 26,2015 13:32:55 [info]  Pass
Mar 26,2015 13:32:55 [info]  Click on Add Schedule button
Mar 26,2015 13:33:17 [info]  Pass
Mar 26,2015 13:33:17 [info]  Verify Added Schedule
Mar 26,2015 13:33:17 [info]  Pass
Mar 26,2015 13:33:17 [info]  Click on Save button
Mar 26,2015 13:33:39 [info]  Pass
Mar 26,2015 13:34:18 [info]  Open Medication page
Mar 26,2015 13:34:32 [info]  Pass
Mar 26,2015 13:34:32 [info]  Click on EMR Tab
Mar 26,2015 13:34:53 [info]  Pass
Mar 26,2015 13:34:53 [info]  Click on 'Morning' tab
Mar 26,2015 13:35:33 [info]  Pass
Mar 26,2015 13:35:33 [info]  Click on 'Expend' button
Mar 26,2015 13:35:55 [info]  Pass
Mar 26,2015 13:35:55 [info]  Verify Added Schedule
Mar 26,2015 13:35:56 [info]  Pass
Mar 26,2015 13:35:56 [info]  Click on Expend button
Mar 26,2015 13:36:18 [info]  Pass
Mar 26,2015 13:36:18 [info]  Verify Starting Blackout
Mar 26,2015 13:36:27 [info]  Pass
Mar 26,2015 13:36:27 [info]  Click on 'Noon' tab
Mar 26,2015 13:36:49 [info]  Pass
Mar 26,2015 13:36:49 [info]  Verify Added Schedule
Mar 26,2015 13:36:51 [info]  Pass
Mar 26,2015 13:36:51 [info]  Click on Expend button
Mar 26,2015 13:37:12 [info]  Pass
Mar 26,2015 13:37:12 [info]  Verify Starting Blackout
Mar 26,2015 13:37:22 [info]  Pass
Mar 26,2015 13:37:22 [info]  Click on 'Evening' tab
Mar 26,2015 13:37:43 [info]  Pass
Mar 26,2015 13:37:43 [info]  Verify Added Schedule
Mar 26,2015 13:37:46 [info]  Pass
Mar 26,2015 13:37:46 [info]  Click on Expend button
Mar 26,2015 13:38:07 [info]  Pass
Mar 26,2015 13:38:07 [info]  Verify Starting Blackout
Mar 26,2015 13:38:16 [info]  Pass
Mar 26,2015 13:38:16 [info]  Open Medication page
Mar 26,2015 13:38:30 [info]  Pass
Mar 26,2015 13:38:30 [info]  Click on View button
Mar 26,2015 13:38:52 [info]  Pass
Mar 26,2015 13:38:52 [info]  Click on Edit button
Mar 26,2015 13:39:28 [info]  Pass
Mar 26,2015 13:39:33 [info]  Remove scheduled time
Mar 26,2015 13:39:50 [info]  Pass
Mar 26,2015 13:39:50 [info]  Uncheck Sunday
Mar 26,2015 13:39:50 [info]  Pass
Mar 26,2015 13:39:50 [info]  Uncheck Wednesday
Mar 26,2015 13:39:51 [info]  Pass
Mar 26,2015 13:39:51 [info]  Click on 'Scheduled Calender'
Mar 26,2015 13:40:13 [info]  Pass
Mar 26,2015 13:40:18 [info]  Select Date'
Mar 26,2015 13:40:24 [info]  Pass
Mar 26,2015 13:40:24 [info]  Select time
Mar 26,2015 13:40:25 [info]  Pass
Mar 26,2015 13:40:25 [info]  Select AM/PM
Mar 26,2015 13:40:26 [info]  Pass
Mar 26,2015 13:40:26 [info]  Click on Add Schedule button
Mar 26,2015 13:40:48 [info]  Pass
Mar 26,2015 13:40:48 [info]  Select time
Mar 26,2015 13:40:49 [info]  Pass
Mar 26,2015 13:40:49 [info]  Select AM/PM
Mar 26,2015 13:40:51 [info]  Pass
Mar 26,2015 13:40:51 [info]  Click on Add Schedule button
Mar 26,2015 13:41:12 [info]  Pass
Mar 26,2015 13:41:12 [info]  Select time
Mar 26,2015 13:41:14 [info]  Pass
Mar 26,2015 13:41:14 [info]  Select AM/PM
Mar 26,2015 13:41:15 [info]  Pass
Mar 26,2015 13:41:15 [info]  Click on Add Schedule button
Mar 26,2015 13:41:36 [info]  Pass
Mar 26,2015 13:41:36 [info]  Click on Save button
Mar 26,2015 13:42:13 [info]  Pass
Mar 26,2015 13:42:13 [info]  Open Medication page
Mar 26,2015 13:42:26 [info]  Pass
Mar 26,2015 13:42:28 [info]  Click on EMR Tab
Mar 26,2015 13:42:49 [info]  Pass
Mar 26,2015 13:42:49 [info]  Click on 'Morning' tab
Mar 26,2015 13:43:41 [info]  Pass
Mar 26,2015 13:43:41 [info]  Verify Added Schedule
Mar 26,2015 13:43:41 [info]  Pass
Mar 26,2015 13:43:41 [info]  Click on Expend button
Mar 26,2015 13:44:03 [info]  Pass
Mar 26,2015 13:44:03 [info]  Verify New Scheduled Blackout
Mar 26,2015 13:44:09 [info]  Pass
Mar 26,2015 13:44:28 [info]  Open resident profile
Mar 26,2015 13:45:03 [info]  Pass
Mar 26,2015 13:45:04 [info]  End Execution of Test Class com.iCM.scripts.AddEditMedicationSchedule
*****************************************************************************

*****************************************************************************
Mar 26,2015 13:47:20 [info]   Execution Started of Test Class com.iCM.scripts.AddEditMedicationSchedule and Test method testAddEditMedicationSchedule
*****************************************************************************
Mar 26,2015 13:47:20 [info]  Open application url
Mar 26,2015 13:47:40 [info]  Pass
Mar 26,2015 13:47:40 [info]  Verify Page title
Mar 26,2015 13:47:45 [info]  Pass
Mar 26,2015 13:47:46 [info]  Enter User name at login page.
Mar 26,2015 13:47:46 [info]  Pass
Mar 26,2015 13:47:46 [info]  Enter password at login page.
Mar 26,2015 13:47:47 [info]  Pass
Mar 26,2015 13:47:47 [info]  Click on Sign In button
Mar 26,2015 13:48:12 [info]  Pass
Mar 26,2015 13:48:13 [info]  Verify home page title
Mar 26,2015 13:48:18 [info]  Pass
Mar 26,2015 13:48:18 [info]  Open Add resident form via deep link
Mar 26,2015 13:48:35 [info]  Pass
Mar 26,2015 13:48:35 [info]  Enter Resident First Name
Mar 26,2015 13:48:35 [info]  Pass
Mar 26,2015 13:48:35 [info]  Enter Middle name
Mar 26,2015 13:48:35 [info]  Pass
Mar 26,2015 13:48:35 [info]  Enter last name
Mar 26,2015 13:48:36 [info]  Pass
Mar 26,2015 13:48:36 [info]  Open 'Calender'
Mar 26,2015 13:48:37 [info]  Pass
Mar 26,2015 13:48:42 [info]  Select Year
Mar 26,2015 13:48:49 [info]  Pass
Mar 26,2015 13:48:52 [info]  Select date
Mar 26,2015 13:48:54 [info]  Pass
Mar 26,2015 13:48:54 [info]  Select gender
Mar 26,2015 13:48:56 [info]  Pass
Mar 26,2015 13:48:56 [info]  Select Marital Status
Mar 26,2015 13:48:57 [info]  Pass
Mar 26,2015 13:48:57 [info]  Open 'Calender' for admit date
Mar 26,2015 13:48:59 [info]  Pass
Mar 26,2015 13:49:02 [info]  Select Year
Mar 26,2015 13:49:08 [info]  Pass
Mar 26,2015 13:49:08 [info]  Select Month
Mar 26,2015 13:49:09 [info]  Pass
Mar 26,2015 13:49:09 [info]  Select date
Mar 26,2015 13:49:12 [info]  Pass
Mar 26,2015 13:49:12 [info]  Select Facality
Mar 26,2015 13:49:13 [info]  Pass
Mar 26,2015 13:49:16 [info]  Select Nurse
Mar 26,2015 13:49:18 [info]  Pass
Mar 26,2015 13:49:18 [info]  Enter level of care
Mar 26,2015 13:49:18 [info]  Pass
Mar 26,2015 13:49:18 [info]  Click on 'Save' button
Mar 26,2015 13:49:40 [info]  Pass
Mar 26,2015 13:49:40 [info]  Search Added resident
Mar 26,2015 13:49:53 [info]  Pass
Mar 26,2015 13:49:53 [info]  Verify added resident
Mar 26,2015 13:49:57 [info]  Pass
Mar 26,2015 13:49:57 [info]  Open resident Profile
Mar 26,2015 13:50:18 [info]  Pass
Mar 26,2015 13:50:32 [info]  Click on Medication button
Mar 26,2015 13:50:54 [info]  Pass
Mar 26,2015 13:50:54 [info]  Click on Add Medication button
Mar 26,2015 13:51:29 [info]  Pass
Mar 26,2015 13:51:29 [info]  Enter Medicine Name
Mar 26,2015 13:51:43 [info]  Pass
Mar 26,2015 13:51:43 [info]  Enter Dosage
Mar 26,2015 13:51:44 [info]  Pass
Mar 26,2015 13:51:44 [info]  Enter instruction
Mar 26,2015 13:51:44 [info]  Pass
Mar 26,2015 13:51:44 [info]  Open 'Calender'
Mar 26,2015 13:51:49 [info]  Pass
Mar 26,2015 13:51:52 [info]  Select date
Mar 26,2015 13:51:55 [info]  Pass
Mar 26,2015 13:51:55 [info]  Select time
Mar 26,2015 13:51:57 [info]  Pass
Mar 26,2015 13:51:57 [info]  Select AM/PM
Mar 26,2015 13:51:58 [info]  Pass
Mar 26,2015 13:51:58 [info]  Click on Add Schedule button
Mar 26,2015 13:52:20 [info]  Pass
Mar 26,2015 13:52:20 [info]  Verify Added Schedule
Mar 26,2015 13:52:20 [info]  Pass
Mar 26,2015 13:52:20 [info]  Select time
Mar 26,2015 13:52:22 [info]  Pass
Mar 26,2015 13:52:22 [info]  Select AM/PM
Mar 26,2015 13:52:23 [info]  Pass
Mar 26,2015 13:52:23 [info]  Click on Add Schedule button
Mar 26,2015 13:52:45 [info]  Pass
Mar 26,2015 13:52:45 [info]  Verify Added Schedule
Mar 26,2015 13:52:45 [info]  Pass
Mar 26,2015 13:52:45 [info]  Select time
Mar 26,2015 13:52:46 [info]  Pass
Mar 26,2015 13:52:46 [info]  Select AM/PM
Mar 26,2015 13:52:47 [info]  Pass
Mar 26,2015 13:52:47 [info]  Click on Add Schedule button
Mar 26,2015 13:53:09 [info]  Pass
Mar 26,2015 13:53:09 [info]  Verify Added Schedule
Mar 26,2015 13:53:09 [info]  Pass
Mar 26,2015 13:53:09 [info]  Click on Save button
Mar 26,2015 13:53:47 [info]  Pass
Mar 26,2015 13:54:12 [info]  Open Medication page
Mar 26,2015 13:54:26 [info]  Pass
Mar 26,2015 13:54:26 [info]  Click on EMR Tab
Mar 26,2015 13:54:47 [info]  Pass
Mar 26,2015 13:54:47 [info]  Click on 'Morning' tab
Mar 26,2015 13:55:23 [info]  Pass
Mar 26,2015 13:55:23 [info]  Click on 'Expend' button
Mar 26,2015 13:55:45 [info]  Pass
Mar 26,2015 13:55:45 [info]  Verify Added Schedule
Mar 26,2015 13:55:46 [info]  Pass
Mar 26,2015 13:55:46 [info]  Click on Expend button
Mar 26,2015 13:56:15 [info]  Pass
Mar 26,2015 13:56:15 [info]  Verify Starting Blackout
Mar 26,2015 13:56:24 [info]  Pass
Mar 26,2015 13:56:24 [info]  Click on 'Noon' tab
Mar 26,2015 13:56:46 [info]  Pass
Mar 26,2015 13:56:46 [info]  Verify Added Schedule
Mar 26,2015 13:56:50 [info]  Pass
Mar 26,2015 13:56:50 [info]  Click on Expend button
Mar 26,2015 13:57:12 [info]  Pass
Mar 26,2015 13:57:12 [info]  Verify Starting Blackout
Mar 26,2015 13:57:21 [info]  Pass
Mar 26,2015 13:57:21 [info]  Click on 'Evening' tab
Mar 26,2015 13:57:43 [info]  Pass
Mar 26,2015 13:57:43 [info]  Verify Added Schedule
Mar 26,2015 13:57:45 [info]  Pass
Mar 26,2015 13:57:45 [info]  Click on Expend button
Mar 26,2015 13:58:07 [info]  Pass
Mar 26,2015 13:58:07 [info]  Verify Starting Blackout
Mar 26,2015 13:58:16 [info]  Pass
Mar 26,2015 13:58:16 [info]  Open Medication page
Mar 26,2015 13:58:30 [info]  Pass
Mar 26,2015 13:58:30 [info]  Click on View button
Mar 26,2015 13:58:52 [info]  Pass
Mar 26,2015 13:58:52 [info]  Click on Edit button
Mar 26,2015 13:59:28 [info]  Pass
Mar 26,2015 13:59:33 [info]  Remove scheduled time
Mar 26,2015 13:59:50 [info]  Pass
Mar 26,2015 13:59:50 [info]  Uncheck Sunday
Mar 26,2015 13:59:50 [info]  Pass
Mar 26,2015 13:59:51 [info]  Uncheck Wednesday
Mar 26,2015 13:59:51 [info]  Pass
Mar 26,2015 13:59:51 [info]  Click on 'Scheduled Calender'
Mar 26,2015 14:00:13 [info]  Pass
Mar 26,2015 14:00:18 [info]  Select Date'
Mar 26,2015 14:00:24 [info]  Pass
Mar 26,2015 14:00:24 [info]  Select time
Mar 26,2015 14:00:26 [info]  Pass
Mar 26,2015 14:00:26 [info]  Select AM/PM
Mar 26,2015 14:00:27 [info]  Pass
Mar 26,2015 14:00:27 [info]  Click on Add Schedule button
Mar 26,2015 14:00:48 [info]  Pass
Mar 26,2015 14:00:48 [info]  Select time
Mar 26,2015 14:00:50 [info]  Pass
Mar 26,2015 14:00:50 [info]  Select AM/PM
Mar 26,2015 14:00:51 [info]  Pass
Mar 26,2015 14:00:51 [info]  Click on Add Schedule button
Mar 26,2015 14:01:13 [info]  Pass
Mar 26,2015 14:01:13 [info]  Select time
Mar 26,2015 14:01:14 [info]  Pass
Mar 26,2015 14:01:14 [info]  Select AM/PM
Mar 26,2015 14:01:15 [info]  Pass
Mar 26,2015 14:01:15 [info]  Click on Add Schedule button
Mar 26,2015 14:01:37 [info]  Pass
Mar 26,2015 14:01:37 [info]  Click on Save button
Mar 26,2015 14:02:14 [info]  Pass
Mar 26,2015 14:02:14 [info]  Open Medication page
Mar 26,2015 14:02:27 [info]  Pass
Mar 26,2015 14:02:29 [info]  Click on EMR Tab
Mar 26,2015 14:02:50 [info]  Pass
Mar 26,2015 14:02:50 [info]  Click on 'Morning' tab
Mar 26,2015 14:03:27 [info]  Pass
Mar 26,2015 14:03:27 [info]  Verify Added Schedule
Mar 26,2015 14:03:27 [info]  Pass
Mar 26,2015 14:03:27 [info]  Click on Expend button
Mar 26,2015 14:03:48 [info]  Pass
Mar 26,2015 14:03:48 [info]  Verify New Scheduled Blackout
Mar 26,2015 14:04:27 [info]  Pass
Mar 26,2015 14:04:43 [info]  Open resident profile
Mar 26,2015 14:05:16 [info]  Pass
Mar 26,2015 14:05:16 [info]  End Execution of Test Class com.iCM.scripts.AddEditMedicationSchedule
*****************************************************************************

*****************************************************************************
Mar 26,2015 14:05:41 [info]   Execution Started of Test Class com.iCM.scripts.AddMedicationDayOfMonth and Test method testAddMedicationDayOfMonth
*****************************************************************************
Mar 26,2015 14:05:41 [info]  Open application url
Mar 26,2015 14:05:58 [info]  Pass
Mar 26,2015 14:05:58 [info]  Verify Page title
Mar 26,2015 14:06:03 [info]  Pass
Mar 26,2015 14:06:04 [info]  Enter User name at login page.
Mar 26,2015 14:06:04 [info]  Pass
Mar 26,2015 14:06:04 [info]  Enter password at login page.
Mar 26,2015 14:06:05 [info]  Pass
Mar 26,2015 14:06:05 [info]  Click on Sign In button
Mar 26,2015 14:06:21 [info]  Pass
Mar 26,2015 14:06:21 [info]  Verify home page title
Mar 26,2015 14:06:27 [info]  Mar 26,2015 14:06:27 [info]  <<<<<<<<<<<<<<<<<<<<<<<<<<<<<<<<<< Error message >>>>>>>>>>>>>>>>>>>>>>>>>>>>>>
org.openqa.selenium.remote.UnreachableBrowserException: Error communicating with the remote browser. It may have died.
Build info: version: '2.44.0', revision: '76d78cf', time: '2014-10-23 20:02:37'
System info: host: 'user-PC', ip: '192.168.21.1', os.name: 'Windows 7', os.arch: 'x86', os.version: '6.1', java.version: '1.8.0_20'
Driver info: driver.version: RemoteWebDriver
	at org.openqa.selenium.remote.RemoteWebDriver.execute(RemoteWebDriver.java:593)
	at org.openqa.selenium.remote.RemoteWebDriver.execute(RemoteWebDriver.java:614)
	at org.openqa.selenium.remote.RemoteWebDriver.getTitle(RemoteWebDriver.java:313)
	at com.iCM.pagehelper.LoginHelper.verifyTitle(LoginHelper.java:23)
	at com.iCM.util.DriverTestCase.LoginLive(DriverTestCase.java:288)
	at com.iCM.scripts.AddMedicationDayOfMonth.testAddMedicationDayOfMonth(AddMedicationDayOfMonth.java:38)
	at sun.reflect.NativeMethodAccessorImpl.invoke0(Native Method)
	at sun.reflect.NativeMethodAccessorImpl.invoke(Unknown Source)
	at sun.reflect.DelegatingMethodAccessorImpl.invoke(Unknown Source)
	at java.lang.reflect.Method.invoke(Unknown Source)
	at org.testng.internal.MethodInvocationHelper.invokeMethod(MethodInvocationHelper.java:84)
	at org.testng.internal.Invoker.invokeMethod(Invoker.java:714)
	at org.testng.internal.Invoker.invokeTestMethod(Invoker.java:901)
	at org.testng.internal.Invoker.invokeTestMethods(Invoker.java:1231)
	at org.testng.internal.TestMethodWorker.invokeTestMethods(TestMethodWorker.java:127)
	at org.testng.internal.TestMethodWorker.run(TestMethodWorker.java:111)
	at org.testng.TestRunner.privateRun(TestRunner.java:767)
	at org.testng.TestRunner.run(TestRunner.java:617)
	at org.testng.SuiteRunner.runTest(SuiteRunner.java:334)
	at org.testng.SuiteRunner.runSequentially(SuiteRunner.java:329)
	at org.testng.SuiteRunner.privateRun(SuiteRunner.java:291)
	at org.testng.SuiteRunner.run(SuiteRunner.java:240)
	at org.testng.SuiteRunnerWorker.runSuite(SuiteRunnerWorker.java:52)
	at org.testng.SuiteRunnerWorker.run(SuiteRunnerWorker.java:86)
	at org.testng.TestNG.runSuitesSequentially(TestNG.java:1224)
	at org.testng.TestNG.runSuitesLocally(TestNG.java:1149)
	at org.testng.TestNG.run(TestNG.java:1057)
	at org.testng.remote.RemoteTestNG.run(RemoteTestNG.java:111)
	at org.testng.remote.RemoteTestNG.initAndRun(RemoteTestNG.java:204)
	at org.testng.remote.RemoteTestNG.main(RemoteTestNG.java:175)
Caused by: org.apache.http.conn.HttpHostConnectException: Connect to 127.0.0.1:7055 [/127.0.0.1] failed: Connection refused: connect
	at org.apache.http.impl.conn.HttpClientConnectionOperator.connect(HttpClientConnectionOperator.java:140)
	at org.apache.http.impl.conn.PoolingHttpClientConnectionManager.connect(PoolingHttpClientConnectionManager.java:318)
	at org.apache.http.impl.execchain.MainClientExec.establishRoute(MainClientExec.java:363)
	at org.apache.http.impl.execchain.MainClientExec.execute(MainClientExec.java:219)
	at org.apache.http.impl.execchain.ProtocolExec.execute(ProtocolExec.java:195)
	at org.apache.http.impl.execchain.RetryExec.execute(RetryExec.java:86)
	at org.apache.http.impl.execchain.RedirectExec.execute(RedirectExec.java:108)
	at org.apache.http.impl.client.InternalHttpClient.doExecute(InternalHttpClient.java:184)
	at org.apache.http.impl.client.CloseableHttpClient.execute(CloseableHttpClient.java:72)
	at org.apache.http.impl.client.CloseableHttpClient.execute(CloseableHttpClient.java:57)
	at org.openqa.selenium.remote.HttpCommandExecutor.fallBackExecute(HttpCommandExecutor.java:215)
	at org.openqa.selenium.remote.HttpCommandExecutor.execute(HttpCommandExecutor.java:184)
	at org.openqa.selenium.firefox.internal.NewProfileExtensionConnection.execute(NewProfileExtensionConnection.java:165)
	at org.openqa.selenium.firefox.FirefoxDriver$LazyCommandExecutor.execute(FirefoxDriver.java:362)
	at org.openqa.selenium.remote.RemoteWebDriver.execute(RemoteWebDriver.java:572)
	... 29 more
Caused by: java.net.ConnectException: Connection refused: connect
	at java.net.DualStackPlainSocketImpl.waitForConnect(Native Method)
	at java.net.DualStackPlainSocketImpl.socketConnect(Unknown Source)
	at java.net.AbstractPlainSocketImpl.doConnect(Unknown Source)
	at java.net.AbstractPlainSocketImpl.connectToAddress(Unknown Source)
	at java.net.AbstractPlainSocketImpl.connect(Unknown Source)
	at java.net.PlainSocketImpl.connect(Unknown Source)
	at java.net.SocksSocketImpl.connect(Unknown Source)
	at java.net.Socket.connect(Unknown Source)
	at org.apache.http.conn.socket.PlainConnectionSocketFactory.connectSocket(PlainConnectionSocketFactory.java:72)
	at org.apache.http.impl.conn.HttpClientConnectionOperator.connect(HttpClientConnectionOperator.java:123)
	... 43 more
Mar 26,2015 14:06:27 [info]  End Execution of Test Class com.iCM.scripts.AddMedicationDayOfMonth
*****************************************************************************

*****************************************************************************
Mar 26,2015 14:08:19 [info]   Execution Started of Test Class com.iCM.scripts.AddMedicationDayOfMonth and Test method testAddMedicationDayOfMonth
*****************************************************************************
Mar 26,2015 14:08:19 [info]  Open application url
Mar 26,2015 14:08:38 [info]  Pass
Mar 26,2015 14:08:38 [info]  Verify Page title
Mar 26,2015 14:08:43 [info]  Pass
Mar 26,2015 14:08:44 [info]  Enter User name at login page.
Mar 26,2015 14:08:44 [info]  Pass
Mar 26,2015 14:08:44 [info]  Enter password at login page.
Mar 26,2015 14:08:45 [info]  Pass
Mar 26,2015 14:08:45 [info]  Click on Sign In button
Mar 26,2015 14:09:00 [info]  Pass
Mar 26,2015 14:09:00 [info]  Verify home page title
Mar 26,2015 14:09:06 [info]  Mar 26,2015 14:09:06 [info]  <<<<<<<<<<<<<<<<<<<<<<<<<<<<<<<<<< Error message >>>>>>>>>>>>>>>>>>>>>>>>>>>>>>
org.openqa.selenium.remote.UnreachableBrowserException: Error communicating with the remote browser. It may have died.
Build info: version: '2.44.0', revision: '76d78cf', time: '2014-10-23 20:02:37'
System info: host: 'user-PC', ip: '192.168.21.1', os.name: 'Windows 7', os.arch: 'x86', os.version: '6.1', java.version: '1.8.0_20'
Driver info: driver.version: RemoteWebDriver
	at org.openqa.selenium.remote.RemoteWebDriver.execute(RemoteWebDriver.java:593)
	at org.openqa.selenium.remote.RemoteWebDriver.execute(RemoteWebDriver.java:614)
	at org.openqa.selenium.remote.RemoteWebDriver.getTitle(RemoteWebDriver.java:313)
	at com.iCM.pagehelper.LoginHelper.verifyTitle(LoginHelper.java:23)
	at com.iCM.util.DriverTestCase.LoginLive(DriverTestCase.java:288)
	at com.iCM.scripts.AddMedicationDayOfMonth.testAddMedicationDayOfMonth(AddMedicationDayOfMonth.java:38)
	at sun.reflect.NativeMethodAccessorImpl.invoke0(Native Method)
	at sun.reflect.NativeMethodAccessorImpl.invoke(Unknown Source)
	at sun.reflect.DelegatingMethodAccessorImpl.invoke(Unknown Source)
	at java.lang.reflect.Method.invoke(Unknown Source)
	at org.testng.internal.MethodInvocationHelper.invokeMethod(MethodInvocationHelper.java:84)
	at org.testng.internal.Invoker.invokeMethod(Invoker.java:714)
	at org.testng.internal.Invoker.invokeTestMethod(Invoker.java:901)
	at org.testng.internal.Invoker.invokeTestMethods(Invoker.java:1231)
	at org.testng.internal.TestMethodWorker.invokeTestMethods(TestMethodWorker.java:127)
	at org.testng.internal.TestMethodWorker.run(TestMethodWorker.java:111)
	at org.testng.TestRunner.privateRun(TestRunner.java:767)
	at org.testng.TestRunner.run(TestRunner.java:617)
	at org.testng.SuiteRunner.runTest(SuiteRunner.java:334)
	at org.testng.SuiteRunner.runSequentially(SuiteRunner.java:329)
	at org.testng.SuiteRunner.privateRun(SuiteRunner.java:291)
	at org.testng.SuiteRunner.run(SuiteRunner.java:240)
	at org.testng.SuiteRunnerWorker.runSuite(SuiteRunnerWorker.java:52)
	at org.testng.SuiteRunnerWorker.run(SuiteRunnerWorker.java:86)
	at org.testng.TestNG.runSuitesSequentially(TestNG.java:1224)
	at org.testng.TestNG.runSuitesLocally(TestNG.java:1149)
	at org.testng.TestNG.run(TestNG.java:1057)
	at org.testng.remote.RemoteTestNG.run(RemoteTestNG.java:111)
	at org.testng.remote.RemoteTestNG.initAndRun(RemoteTestNG.java:204)
	at org.testng.remote.RemoteTestNG.main(RemoteTestNG.java:175)
Caused by: org.apache.http.conn.HttpHostConnectException: Connect to 127.0.0.1:7055 [/127.0.0.1] failed: Connection refused: connect
	at org.apache.http.impl.conn.HttpClientConnectionOperator.connect(HttpClientConnectionOperator.java:140)
	at org.apache.http.impl.conn.PoolingHttpClientConnectionManager.connect(PoolingHttpClientConnectionManager.java:318)
	at org.apache.http.impl.execchain.MainClientExec.establishRoute(MainClientExec.java:363)
	at org.apache.http.impl.execchain.MainClientExec.execute(MainClientExec.java:219)
	at org.apache.http.impl.execchain.ProtocolExec.execute(ProtocolExec.java:195)
	at org.apache.http.impl.execchain.RetryExec.execute(RetryExec.java:86)
	at org.apache.http.impl.execchain.RedirectExec.execute(RedirectExec.java:108)
	at org.apache.http.impl.client.InternalHttpClient.doExecute(InternalHttpClient.java:184)
	at org.apache.http.impl.client.CloseableHttpClient.execute(CloseableHttpClient.java:72)
	at org.apache.http.impl.client.CloseableHttpClient.execute(CloseableHttpClient.java:57)
	at org.openqa.selenium.remote.HttpCommandExecutor.fallBackExecute(HttpCommandExecutor.java:215)
	at org.openqa.selenium.remote.HttpCommandExecutor.execute(HttpCommandExecutor.java:184)
	at org.openqa.selenium.firefox.internal.NewProfileExtensionConnection.execute(NewProfileExtensionConnection.java:165)
	at org.openqa.selenium.firefox.FirefoxDriver$LazyCommandExecutor.execute(FirefoxDriver.java:362)
	at org.openqa.selenium.remote.RemoteWebDriver.execute(RemoteWebDriver.java:572)
	... 29 more
Caused by: java.net.ConnectException: Connection refused: connect
	at java.net.DualStackPlainSocketImpl.waitForConnect(Native Method)
	at java.net.DualStackPlainSocketImpl.socketConnect(Unknown Source)
	at java.net.AbstractPlainSocketImpl.doConnect(Unknown Source)
	at java.net.AbstractPlainSocketImpl.connectToAddress(Unknown Source)
	at java.net.AbstractPlainSocketImpl.connect(Unknown Source)
	at java.net.PlainSocketImpl.connect(Unknown Source)
	at java.net.SocksSocketImpl.connect(Unknown Source)
	at java.net.Socket.connect(Unknown Source)
	at org.apache.http.conn.socket.PlainConnectionSocketFactory.connectSocket(PlainConnectionSocketFactory.java:72)
	at org.apache.http.impl.conn.HttpClientConnectionOperator.connect(HttpClientConnectionOperator.java:123)
	... 43 more
Mar 26,2015 14:09:06 [info]  End Execution of Test Class com.iCM.scripts.AddMedicationDayOfMonth
*****************************************************************************

*****************************************************************************
Mar 26,2015 14:09:28 [info]   Execution Started of Test Class com.iCM.scripts.AddMedicationDayOfMonth and Test method testAddMedicationDayOfMonth
*****************************************************************************
Mar 26,2015 14:09:28 [info]  Open application url
Mar 26,2015 14:09:52 [info]  Pass
Mar 26,2015 14:09:52 [info]  Verify Page title
Mar 26,2015 14:09:57 [info]  Pass
Mar 26,2015 14:09:57 [info]  Enter User name at login page.
Mar 26,2015 14:09:58 [info]  Pass
Mar 26,2015 14:09:58 [info]  Enter password at login page.
Mar 26,2015 14:09:59 [info]  Pass
Mar 26,2015 14:09:59 [info]  Click on Sign In button
Mar 26,2015 14:10:22 [info]  Pass
Mar 26,2015 14:10:22 [info]  Verify home page title
Mar 26,2015 14:10:27 [info]  Pass
Mar 26,2015 14:10:27 [info]  Open Add resident form via deep link
Mar 26,2015 14:10:40 [info]  Pass
Mar 26,2015 14:10:40 [info]  Enter Resident First Name
Mar 26,2015 14:10:41 [info]  Pass
Mar 26,2015 14:10:41 [info]  Enter Middle name
Mar 26,2015 14:10:41 [info]  Pass
Mar 26,2015 14:10:41 [info]  Enter last name
Mar 26,2015 14:10:42 [info]  Pass
Mar 26,2015 14:10:42 [info]  Open 'Calender'
Mar 26,2015 14:10:43 [info]  Pass
Mar 26,2015 14:10:48 [info]  Select Year
Mar 26,2015 14:10:55 [info]  Pass
Mar 26,2015 14:10:58 [info]  Select date
Mar 26,2015 14:11:01 [info]  Pass
Mar 26,2015 14:11:01 [info]  Select gender
Mar 26,2015 14:11:02 [info]  Pass
Mar 26,2015 14:11:02 [info]  Select Marital Status
Mar 26,2015 14:11:04 [info]  Pass
Mar 26,2015 14:11:04 [info]  Open 'Calender' for admit date
Mar 26,2015 14:11:05 [info]  Pass
Mar 26,2015 14:11:08 [info]  Select Year
Mar 26,2015 14:11:15 [info]  Pass
Mar 26,2015 14:11:15 [info]  Select Month
Mar 26,2015 14:11:16 [info]  Pass
Mar 26,2015 14:11:16 [info]  Select date
Mar 26,2015 14:11:19 [info]  Pass
Mar 26,2015 14:11:19 [info]  Select Facality
Mar 26,2015 14:11:20 [info]  Pass
Mar 26,2015 14:11:23 [info]  Select Nurse
Mar 26,2015 14:11:25 [info]  Pass
Mar 26,2015 14:11:25 [info]  Enter level of care
Mar 26,2015 14:11:25 [info]  Pass
Mar 26,2015 14:11:25 [info]  Click on 'Save' button
Mar 26,2015 14:11:47 [info]  Pass
Mar 26,2015 14:11:47 [info]  Search Added resident
Mar 26,2015 14:11:50 [info]  Pass
Mar 26,2015 14:11:51 [info]  Verify added resident
Mar 26,2015 14:11:54 [info]  Pass
Mar 26,2015 14:11:54 [info]  Open resident Profile
Mar 26,2015 14:12:15 [info]  Pass
Mar 26,2015 14:12:28 [info]  Click on Medication button
Mar 26,2015 14:12:50 [info]  Pass
Mar 26,2015 14:12:50 [info]  Click on Add Medication button
Mar 26,2015 14:13:27 [info]  Pass
Mar 26,2015 14:13:27 [info]  Enter Medicine Name
Mar 26,2015 14:13:41 [info]  Pass
Mar 26,2015 14:13:41 [info]  Enter Dosage
Mar 26,2015 14:13:41 [info]  Pass
Mar 26,2015 14:14:25 [info]  Enter instruction
Mar 26,2015 14:14:26 [info]  Pass
Mar 26,2015 14:14:26 [info]  Open 'Calender'
Mar 26,2015 14:14:30 [info]  Pass
Mar 26,2015 14:14:33 [info]  Select date
Mar 26,2015 14:14:36 [info]  Pass
Mar 26,2015 14:14:36 [info]  Select Frequency
Mar 26,2015 14:14:58 [info]  Pass
Mar 26,2015 14:14:58 [info]  Select Frequency
Mar 26,2015 14:15:20 [info]  Pass
Mar 26,2015 14:15:20 [info]  Select Days of month
Mar 26,2015 14:15:22 [info]  Pass
Mar 26,2015 14:15:22 [info]  Select time
Mar 26,2015 14:15:24 [info]  Pass
Mar 26,2015 14:15:24 [info]  Select AM/PM
Mar 26,2015 14:15:25 [info]  Pass
Mar 26,2015 14:15:25 [info]  Click on Add Schedule button
Mar 26,2015 14:15:46 [info]  Pass
Mar 26,2015 14:15:46 [info]  Verify Added Schedule
Mar 26,2015 14:15:47 [info]  Pass
Mar 26,2015 14:15:47 [info]  Click on Save button
Mar 26,2015 14:16:23 [info]  Pass
Mar 26,2015 14:16:38 [info]  Open Medication page
Mar 26,2015 14:16:52 [info]  Pass
Mar 26,2015 14:16:52 [info]  Click on EMR Tab
Mar 26,2015 14:17:14 [info]  Pass
Mar 26,2015 14:17:14 [info]  Click on 'Morning' tab
Mar 26,2015 14:17:51 [info]  Pass
Mar 26,2015 14:17:51 [info]  Verify Added Schedule
Mar 26,2015 14:17:51 [info]  Pass
Mar 26,2015 14:17:51 [info]  Click on Expend button
Mar 26,2015 14:18:22 [info]  Pass
Mar 26,2015 14:18:22 [info]  Verify Starting Blackout
Mar 26,2015 14:22:30 [info]  Pass
Mar 26,2015 14:22:44 [info]  Open resident profile
Mar 26,2015 14:23:19 [info]  Pass
Mar 26,2015 14:23:19 [info]  End Execution of Test Class com.iCM.scripts.AddMedicationDayOfMonth
*****************************************************************************

*****************************************************************************
Mar 26,2015 14:24:04 [info]   Execution Started of Test Class com.iCM.scripts.AddMedicationDayOfMonth and Test method testAddMedicationDayOfMonth
*****************************************************************************
Mar 26,2015 14:24:04 [info]  Open application url
Mar 26,2015 14:24:24 [info]  Pass
Mar 26,2015 14:24:24 [info]  Verify Page title
Mar 26,2015 14:24:29 [info]  Pass
Mar 26,2015 14:24:29 [info]  Enter User name at login page.
Mar 26,2015 14:24:30 [info]  Pass
Mar 26,2015 14:24:30 [info]  Enter password at login page.
Mar 26,2015 14:24:31 [info]  Pass
Mar 26,2015 14:24:31 [info]  Click on Sign In button
Mar 26,2015 14:24:55 [info]  Pass
Mar 26,2015 14:24:55 [info]  Verify home page title
Mar 26,2015 14:25:01 [info]  Pass
Mar 26,2015 14:25:01 [info]  Open Add resident form via deep link
Mar 26,2015 14:25:17 [info]  Pass
Mar 26,2015 14:25:17 [info]  Enter Resident First Name
Mar 26,2015 14:25:17 [info]  Pass
Mar 26,2015 14:25:17 [info]  Enter Middle name
Mar 26,2015 14:25:18 [info]  Pass
Mar 26,2015 14:25:18 [info]  Enter last name
Mar 26,2015 14:25:18 [info]  Pass
Mar 26,2015 14:25:18 [info]  Open 'Calender'
Mar 26,2015 14:25:20 [info]  Pass
Mar 26,2015 14:25:25 [info]  Select Year
Mar 26,2015 14:25:31 [info]  Pass
Mar 26,2015 14:25:34 [info]  Select date
Mar 26,2015 14:25:37 [info]  Pass
Mar 26,2015 14:25:37 [info]  Select gender
Mar 26,2015 14:25:38 [info]  Pass
Mar 26,2015 14:25:38 [info]  Select Marital Status
Mar 26,2015 14:25:40 [info]  Pass
Mar 26,2015 14:25:40 [info]  Open 'Calender' for admit date
Mar 26,2015 14:25:41 [info]  Pass
Mar 26,2015 14:25:44 [info]  Select Year
Mar 26,2015 14:25:51 [info]  Pass
Mar 26,2015 14:25:51 [info]  Select Month
Mar 26,2015 14:25:52 [info]  Pass
Mar 26,2015 14:25:52 [info]  Select date
Mar 26,2015 14:25:55 [info]  Pass
Mar 26,2015 14:25:55 [info]  Select Facality
Mar 26,2015 14:25:56 [info]  Pass
Mar 26,2015 14:25:59 [info]  Select Nurse
Mar 26,2015 14:26:01 [info]  Pass
Mar 26,2015 14:26:01 [info]  Enter level of care
Mar 26,2015 14:26:01 [info]  Pass
Mar 26,2015 14:26:01 [info]  Click on 'Save' button
Mar 26,2015 14:26:23 [info]  Pass
Mar 26,2015 14:26:23 [info]  Search Added resident
Mar 26,2015 14:26:26 [info]  Pass
Mar 26,2015 14:26:26 [info]  Verify added resident
Mar 26,2015 14:26:29 [info]  Pass
Mar 26,2015 14:26:29 [info]  Open resident Profile
Mar 26,2015 14:26:51 [info]  Pass
Mar 26,2015 14:27:04 [info]  Click on Medication button
Mar 26,2015 14:27:25 [info]  Pass
Mar 26,2015 14:27:25 [info]  Click on Add Medication button
Mar 26,2015 14:28:03 [info]  Pass
Mar 26,2015 14:28:03 [info]  Enter Medicine Name
Mar 26,2015 14:28:17 [info]  Pass
Mar 26,2015 14:28:17 [info]  Enter Dosage
Mar 26,2015 14:28:18 [info]  Pass
Mar 26,2015 14:29:02 [info]  Enter instruction
Mar 26,2015 14:29:02 [info]  Pass
Mar 26,2015 14:29:02 [info]  Open 'Calender'
Mar 26,2015 14:29:06 [info]  Pass
Mar 26,2015 14:29:09 [info]  Select date
Mar 26,2015 14:29:13 [info]  Pass
Mar 26,2015 14:29:13 [info]  Select Frequency
Mar 26,2015 14:29:34 [info]  Pass
Mar 26,2015 14:29:34 [info]  Select Frequency
Mar 26,2015 14:29:56 [info]  Pass
Mar 26,2015 14:29:56 [info]  Select Days of month
Mar 26,2015 14:29:59 [info]  Pass
Mar 26,2015 14:29:59 [info]  Select time
Mar 26,2015 14:30:00 [info]  Pass
Mar 26,2015 14:30:00 [info]  Select AM/PM
Mar 26,2015 14:30:01 [info]  Pass
Mar 26,2015 14:30:01 [info]  Click on Add Schedule button
Mar 26,2015 14:30:23 [info]  Pass
Mar 26,2015 14:30:23 [info]  Verify Added Schedule
Mar 26,2015 14:30:23 [info]  Pass
Mar 26,2015 14:30:23 [info]  Click on Save button
Mar 26,2015 14:31:00 [info]  Pass
Mar 26,2015 14:31:15 [info]  Open Medication page
Mar 26,2015 14:31:28 [info]  Pass
Mar 26,2015 14:31:28 [info]  Click on EMR Tab
Mar 26,2015 14:31:50 [info]  Pass
Mar 26,2015 14:31:50 [info]  Click on 'Morning' tab
Mar 26,2015 14:32:27 [info]  Pass
Mar 26,2015 14:32:27 [info]  Verify Added Schedule
Mar 26,2015 14:32:27 [info]  Pass
Mar 26,2015 14:32:27 [info]  Click on Expend button
Mar 26,2015 14:32:48 [info]  Pass
Mar 26,2015 14:32:48 [info]  Verify Starting Blackout
Mar 26,2015 14:36:55 [info]  Pass
Mar 26,2015 14:37:13 [info]  Open resident profile
Mar 26,2015 14:37:45 [info]  Pass
Mar 26,2015 14:37:45 [info]  End Execution of Test Class com.iCM.scripts.AddMedicationDayOfMonth
*****************************************************************************

*****************************************************************************
Mar 26,2015 14:38:11 [info]   Execution Started of Test Class com.iCM.scripts.AddTask and Test method testAddTask
*****************************************************************************
Mar 26,2015 14:38:11 [info]  Open application url
Mar 26,2015 14:38:34 [info]  Pass
Mar 26,2015 14:38:34 [info]  Verify Page title
Mar 26,2015 14:38:39 [info]  Pass
Mar 26,2015 14:38:39 [info]  Enter User name at login page.
Mar 26,2015 14:38:40 [info]  Pass
Mar 26,2015 14:38:40 [info]  Enter password at login page.
Mar 26,2015 14:38:41 [info]  Pass
Mar 26,2015 14:38:41 [info]  Click on Sign In button
Mar 26,2015 14:39:12 [info]  Pass
Mar 26,2015 14:39:12 [info]  Verify home page title
Mar 26,2015 14:39:17 [info]  Pass
Mar 26,2015 14:39:17 [info]  Click on 'Location' tab
Mar 26,2015 14:39:18 [info]  Pass
Mar 26,2015 14:39:18 [info]  Verify location page title
Mar 26,2015 14:39:33 [info]  Pass
Mar 26,2015 14:39:33 [info]  Click on 'Staff Task' tab
Mar 26,2015 14:39:33 [info]  Pass
Mar 26,2015 14:39:33 [info]  Verify Staff task page title
Mar 26,2015 14:39:45 [info]  Pass
Mar 26,2015 14:39:45 [info]  Click on Add Task Button
Mar 26,2015 14:39:46 [info]  Pass
Mar 26,2015 14:39:46 [info]  Verify Add task page title
Mar 26,2015 14:40:04 [info]  Pass
Mar 26,2015 14:40:04 [info]  Enter Title
Mar 26,2015 14:40:05 [info]  Pass
Mar 26,2015 14:40:05 [info]  Enter Description
Mar 26,2015 14:40:05 [info]  Pass
Mar 26,2015 14:40:05 [info]  Search Staff
Mar 26,2015 14:40:06 [info]  Pass
Mar 26,2015 14:40:06 [info]  Select Staff
Mar 26,2015 14:40:06 [info]  Mar 26,2015 14:40:06 [info]  <<<<<<<<<<<<<<<<<<<<<<<<<<<<<<<<<< Error message >>>>>>>>>>>>>>>>>>>>>>>>>>>>>>
org.openqa.selenium.ElementNotVisibleException: Element is not currently visible and so may not be interacted with
Command duration or timeout: 40 milliseconds
Build info: version: '2.44.0', revision: '76d78cf', time: '2014-10-23 20:02:37'
System info: host: 'user-PC', ip: '192.168.21.1', os.name: 'Windows 7', os.arch: 'x86', os.version: '6.1', java.version: '1.8.0_20'
Driver info: org.openqa.selenium.firefox.FirefoxDriver
Capabilities [{applicationCacheEnabled=true, rotatable=false, handlesAlerts=true, databaseEnabled=true, version=29.0.1, platform=WINDOWS, browserConnectionEnabled=true, nativeEvents=false, acceptSslCerts=true, webStorageEnabled=true, locationContextEnabled=true, browserName=firefox, takesScreenshot=true, javascriptEnabled=true, cssSelectorsEnabled=true}]
Session ID: 0cdda2fd-bc6b-4dc7-8bb3-887b55bc4498
	at sun.reflect.NativeConstructorAccessorImpl.newInstance0(Native Method)
	at sun.reflect.NativeConstructorAccessorImpl.newInstance(Unknown Source)
	at sun.reflect.DelegatingConstructorAccessorImpl.newInstance(Unknown Source)
	at java.lang.reflect.Constructor.newInstance(Unknown Source)
	at org.openqa.selenium.remote.ErrorHandler.createThrowable(ErrorHandler.java:204)
	at org.openqa.selenium.remote.ErrorHandler.throwIfResponseFailed(ErrorHandler.java:156)
	at org.openqa.selenium.remote.RemoteWebDriver.execute(RemoteWebDriver.java:599)
	at org.openqa.selenium.remote.RemoteWebElement.execute(RemoteWebElement.java:268)
	at org.openqa.selenium.remote.RemoteWebElement.click(RemoteWebElement.java:79)
	at com.iCM.util.DriverHelper.clickOn(DriverHelper.java:243)
	at com.iCM.pagehelper.TaskHelper.click(TaskHelper.java:26)
	at com.iCM.scripts.AddTask.testAddTask(AddTask.java:78)
	at sun.reflect.NativeMethodAccessorImpl.invoke0(Native Method)
	at sun.reflect.NativeMethodAccessorImpl.invoke(Unknown Source)
	at sun.reflect.DelegatingMethodAccessorImpl.invoke(Unknown Source)
	at java.lang.reflect.Method.invoke(Unknown Source)
	at org.testng.internal.MethodInvocationHelper.invokeMethod(MethodInvocationHelper.java:84)
	at org.testng.internal.Invoker.invokeMethod(Invoker.java:714)
	at org.testng.internal.Invoker.invokeTestMethod(Invoker.java:901)
	at org.testng.internal.Invoker.invokeTestMethods(Invoker.java:1231)
	at org.testng.internal.TestMethodWorker.invokeTestMethods(TestMethodWorker.java:127)
	at org.testng.internal.TestMethodWorker.run(TestMethodWorker.java:111)
	at org.testng.TestRunner.privateRun(TestRunner.java:767)
	at org.testng.TestRunner.run(TestRunner.java:617)
	at org.testng.SuiteRunner.runTest(SuiteRunner.java:334)
	at org.testng.SuiteRunner.runSequentially(SuiteRunner.java:329)
	at org.testng.SuiteRunner.privateRun(SuiteRunner.java:291)
	at org.testng.SuiteRunner.run(SuiteRunner.java:240)
	at org.testng.SuiteRunnerWorker.runSuite(SuiteRunnerWorker.java:52)
	at org.testng.SuiteRunnerWorker.run(SuiteRunnerWorker.java:86)
	at org.testng.TestNG.runSuitesSequentially(TestNG.java:1224)
	at org.testng.TestNG.runSuitesLocally(TestNG.java:1149)
	at org.testng.TestNG.run(TestNG.java:1057)
	at org.testng.remote.RemoteTestNG.run(RemoteTestNG.java:111)
	at org.testng.remote.RemoteTestNG.initAndRun(RemoteTestNG.java:204)
	at org.testng.remote.RemoteTestNG.main(RemoteTestNG.java:175)
Caused by: org.openqa.selenium.ElementNotVisibleException: Element is not currently visible and so may not be interacted with
Build info: version: '2.44.0', revision: '76d78cf', time: '2014-10-23 20:02:37'
System info: host: 'user-PC', ip: '192.168.21.1', os.name: 'Windows 7', os.arch: 'x86', os.version: '6.1', java.version: '1.8.0_20'
Driver info: driver.version: unknown
	at <anonymous class>.fxdriver.preconditions.visible(file:///C:/Users/user/AppData/Local/Temp/anonymous3777816764804849174webdriver-profile/extensions/fxdriver@googlecode.com/components/command-processor.js:8959)
	at <anonymous class>.DelayedCommand.prototype.checkPreconditions_(file:///C:/Users/user/AppData/Local/Temp/anonymous3777816764804849174webdriver-profile/extensions/fxdriver@googlecode.com/components/command-processor.js:11618)
	at <anonymous class>.DelayedCommand.prototype.executeInternal_/h(file:///C:/Users/user/AppData/Local/Temp/anonymous3777816764804849174webdriver-profile/extensions/fxdriver@googlecode.com/components/command-processor.js:11635)
	at <anonymous class>.DelayedCommand.prototype.executeInternal_(file:///C:/Users/user/AppData/Local/Temp/anonymous3777816764804849174webdriver-profile/extensions/fxdriver@googlecode.com/components/command-processor.js:11640)
	at <anonymous class>.DelayedCommand.prototype.execute/<(file:///C:/Users/user/AppData/Local/Temp/anonymous3777816764804849174webdriver-profile/extensions/fxdriver@googlecode.com/components/command-processor.js:11582)
Mar 26,2015 14:40:06 [info]  End Execution of Test Class com.iCM.scripts.AddTask
*****************************************************************************

*****************************************************************************
Mar 26,2015 14:46:12 [info]   Execution Started of Test Class com.iCM.scripts.AddTask and Test method testAddTask
*****************************************************************************
Mar 26,2015 14:46:12 [info]  Open application url
Mar 26,2015 14:46:29 [info]  Pass
Mar 26,2015 14:46:29 [info]  Verify Page title
Mar 26,2015 14:46:34 [info]  Pass
Mar 26,2015 14:46:34 [info]  Enter User name at login page.
Mar 26,2015 14:46:34 [info]  Pass
Mar 26,2015 14:46:34 [info]  Enter password at login page.
Mar 26,2015 14:46:35 [info]  Pass
Mar 26,2015 14:46:35 [info]  Click on Sign In button
Mar 26,2015 14:46:55 [info]  Pass
Mar 26,2015 14:46:55 [info]  Verify home page title
Mar 26,2015 14:47:00 [info]  Pass
Mar 26,2015 14:47:00 [info]  Click on 'Location' tab
Mar 26,2015 14:47:01 [info]  Pass
Mar 26,2015 14:47:01 [info]  Verify location page title
Mar 26,2015 14:47:14 [info]  Pass
Mar 26,2015 14:47:14 [info]  Click on 'Staff Task' tab
Mar 26,2015 14:47:14 [info]  Pass
Mar 26,2015 14:47:14 [info]  Verify Staff task page title
Mar 26,2015 14:47:26 [info]  Pass
Mar 26,2015 14:47:26 [info]  Click on Add Task Button
Mar 26,2015 14:47:26 [info]  Pass
Mar 26,2015 14:47:26 [info]  Verify Add task page title
Mar 26,2015 14:47:43 [info]  Pass
Mar 26,2015 14:47:43 [info]  Enter Title
Mar 26,2015 14:47:43 [info]  Pass
Mar 26,2015 14:47:43 [info]  Enter Description
Mar 26,2015 14:47:44 [info]  Pass
Mar 26,2015 14:47:44 [info]  Search Staff
Mar 26,2015 14:47:45 [info]  Pass
Mar 26,2015 14:47:45 [info]  Select Staff
Mar 26,2015 14:47:45 [info]  Pass
Mar 26,2015 14:47:45 [info]  Open Due Date Calender
Mar 26,2015 14:47:47 [info]  Pass
Mar 26,2015 14:47:47 [info]  Select Year
Mar 26,2015 14:47:53 [info]  Pass
Mar 26,2015 14:47:53 [info]  Select Date
Mar 26,2015 14:47:56 [info]  Pass
Mar 26,2015 14:47:56 [info]  Open Status Dropdown
Mar 26,2015 14:47:56 [info]  Pass
Mar 26,2015 14:47:56 [info]  Select Status
Mar 26,2015 14:47:57 [info]  Pass
Mar 26,2015 14:47:57 [info]  Click on 'Save' button
Mar 26,2015 14:48:21 [info]  Pass
Mar 26,2015 14:48:21 [info]  Search Created Task
Mar 26,2015 14:48:22 [info]  Pass
Mar 26,2015 14:48:22 [info]  Verify Created Task
Mar 26,2015 14:48:22 [info]  Pass
Mar 26,2015 14:48:22 [info]  Delete the task
Mar 26,2015 14:48:22 [info]  Pass
Mar 26,2015 14:48:22 [info]  End Execution of Test Class com.iCM.scripts.AddTask
*****************************************************************************

*****************************************************************************
Mar 26,2015 14:52:03 [info]   Execution Started of Test Class com.iCM.scripts.AddTask and Test method testAddTask
*****************************************************************************
Mar 26,2015 14:52:03 [info]  Open application url
Mar 26,2015 14:52:23 [info]  Pass
Mar 26,2015 14:52:23 [info]  Verify Page title
Mar 26,2015 14:52:28 [info]  Pass
Mar 26,2015 14:52:28 [info]  Enter User name at login page.
Mar 26,2015 14:52:29 [info]  Pass
Mar 26,2015 14:52:29 [info]  Enter password at login page.
Mar 26,2015 14:52:30 [info]  Pass
Mar 26,2015 14:52:30 [info]  Click on Sign In button
Mar 26,2015 14:52:59 [info]  Pass
Mar 26,2015 14:52:59 [info]  Verify home page title
Mar 26,2015 14:53:04 [info]  Pass
Mar 26,2015 14:53:04 [info]  Click on 'Location' tab
Mar 26,2015 14:53:06 [info]  Pass
Mar 26,2015 14:53:06 [info]  Verify location page title
Mar 26,2015 14:53:18 [info]  Pass
Mar 26,2015 14:53:18 [info]  Click on 'Staff Task' tab
Mar 26,2015 14:53:19 [info]  Pass
Mar 26,2015 14:53:19 [info]  Verify Staff task page title
Mar 26,2015 14:53:31 [info]  Pass
Mar 26,2015 14:53:31 [info]  Click on Add Task Button
Mar 26,2015 14:53:32 [info]  Pass
Mar 26,2015 14:53:32 [info]  Verify Add task page title
Mar 26,2015 14:53:51 [info]  Pass
Mar 26,2015 14:53:51 [info]  Enter Title
Mar 26,2015 14:53:52 [info]  Pass
Mar 26,2015 14:53:52 [info]  Enter Description
Mar 26,2015 14:53:53 [info]  Pass
Mar 26,2015 14:53:53 [info]  Search Staff
Mar 26,2015 14:53:54 [info]  Pass
Mar 26,2015 14:53:54 [info]  Select Staff
Mar 26,2015 14:53:54 [info]  Pass
Mar 26,2015 14:53:54 [info]  Open Due Date Calender
Mar 26,2015 14:53:56 [info]  Pass
Mar 26,2015 14:53:56 [info]  Select Year
Mar 26,2015 14:54:02 [info]  Pass
Mar 26,2015 14:54:02 [info]  Select Date
Mar 26,2015 14:54:05 [info]  Pass
Mar 26,2015 14:54:05 [info]  Open Status Dropdown
Mar 26,2015 14:54:05 [info]  Pass
Mar 26,2015 14:54:05 [info]  Select Status
Mar 26,2015 14:54:06 [info]  Pass
Mar 26,2015 14:54:06 [info]  Click on 'Save' button
Mar 26,2015 14:54:32 [info]  Pass
Mar 26,2015 14:54:32 [info]  Search Created Task
Mar 26,2015 14:54:32 [info]  Pass
Mar 26,2015 14:54:32 [info]  Verify Created Task
Mar 26,2015 14:54:32 [info]  Pass
Mar 26,2015 14:54:32 [info]  Delete the task
Mar 26,2015 14:54:33 [info]  Pass
Mar 26,2015 14:54:33 [info]  End Execution of Test Class com.iCM.scripts.AddTask
*****************************************************************************

*****************************************************************************
Mar 26,2015 14:56:02 [info]   Execution Started of Test Class com.iCM.scripts.EChartMedication and Test method testEChartMedication
*****************************************************************************
Mar 26,2015 14:56:03 [info]  Open application url
Mar 26,2015 14:56:33 [info]  Pass
Mar 26,2015 14:56:33 [info]  Verify Page title
Mar 26,2015 14:56:38 [info]  Pass
Mar 26,2015 14:56:38 [info]  Enter User name at login page.
Mar 26,2015 14:56:39 [info]  Pass
Mar 26,2015 14:56:39 [info]  Enter password at login page.
Mar 26,2015 14:56:40 [info]  Pass
Mar 26,2015 14:56:40 [info]  Click on Sign In button
Mar 26,2015 14:57:02 [info]  Pass
Mar 26,2015 14:57:02 [info]  Verify home page title
Mar 26,2015 14:57:07 [info]  Pass
Mar 26,2015 14:57:07 [info]  Open resident list via deep link
Mar 26,2015 14:57:20 [info]  Pass
Mar 26,2015 14:57:20 [info]  Open resident Profile
Mar 26,2015 14:57:42 [info]  Pass
Mar 26,2015 14:57:42 [info]  Verify 'EChart' Page title
Mar 26,2015 14:57:47 [info]  Pass
Mar 26,2015 14:57:47 [info]  Click on Medication button
Mar 26,2015 14:58:09 [info]  Pass
Mar 26,2015 14:58:09 [info]  Verify 'Medication' Page title
Mar 26,2015 14:58:23 [info]  Mar 26,2015 14:58:23 [info]  <<<<<<<<<<<<<<<<<<<<<<<<<<<<<<<<<< Error message >>>>>>>>>>>>>>>>>>>>>>>>>>>>>>
org.openqa.selenium.remote.UnreachableBrowserException: Error communicating with the remote browser. It may have died.
Build info: version: '2.44.0', revision: '76d78cf', time: '2014-10-23 20:02:37'
System info: host: 'user-PC', ip: '192.168.21.1', os.name: 'Windows 7', os.arch: 'x86', os.version: '6.1', java.version: '1.8.0_20'
Driver info: driver.version: RemoteWebDriver
	at org.openqa.selenium.remote.RemoteWebDriver.execute(RemoteWebDriver.java:593)
	at org.openqa.selenium.remote.RemoteWebDriver.execute(RemoteWebDriver.java:614)
	at org.openqa.selenium.remote.RemoteWebDriver.getTitle(RemoteWebDriver.java:313)
	at com.iCM.pagehelper.EChartHelper.verifyTitle(EChartHelper.java:56)
	at com.iCM.scripts.EChartMedication.testEChartMedication(EChartMedication.java:52)
	at sun.reflect.NativeMethodAccessorImpl.invoke0(Native Method)
	at sun.reflect.NativeMethodAccessorImpl.invoke(Unknown Source)
	at sun.reflect.DelegatingMethodAccessorImpl.invoke(Unknown Source)
	at java.lang.reflect.Method.invoke(Unknown Source)
	at org.testng.internal.MethodInvocationHelper.invokeMethod(MethodInvocationHelper.java:84)
	at org.testng.internal.Invoker.invokeMethod(Invoker.java:714)
	at org.testng.internal.Invoker.invokeTestMethod(Invoker.java:901)
	at org.testng.internal.Invoker.invokeTestMethods(Invoker.java:1231)
	at org.testng.internal.TestMethodWorker.invokeTestMethods(TestMethodWorker.java:127)
	at org.testng.internal.TestMethodWorker.run(TestMethodWorker.java:111)
	at org.testng.TestRunner.privateRun(TestRunner.java:767)
	at org.testng.TestRunner.run(TestRunner.java:617)
	at org.testng.SuiteRunner.runTest(SuiteRunner.java:334)
	at org.testng.SuiteRunner.runSequentially(SuiteRunner.java:329)
	at org.testng.SuiteRunner.privateRun(SuiteRunner.java:291)
	at org.testng.SuiteRunner.run(SuiteRunner.java:240)
	at org.testng.SuiteRunnerWorker.runSuite(SuiteRunnerWorker.java:52)
	at org.testng.SuiteRunnerWorker.run(SuiteRunnerWorker.java:86)
	at org.testng.TestNG.runSuitesSequentially(TestNG.java:1224)
	at org.testng.TestNG.runSuitesLocally(TestNG.java:1149)
	at org.testng.TestNG.run(TestNG.java:1057)
	at org.testng.remote.RemoteTestNG.run(RemoteTestNG.java:111)
	at org.testng.remote.RemoteTestNG.initAndRun(RemoteTestNG.java:204)
	at org.testng.remote.RemoteTestNG.main(RemoteTestNG.java:175)
Caused by: org.apache.http.conn.HttpHostConnectException: Connect to 127.0.0.1:7055 [/127.0.0.1] failed: Connection refused: connect
	at org.apache.http.impl.conn.HttpClientConnectionOperator.connect(HttpClientConnectionOperator.java:140)
	at org.apache.http.impl.conn.PoolingHttpClientConnectionManager.connect(PoolingHttpClientConnectionManager.java:318)
	at org.apache.http.impl.execchain.MainClientExec.establishRoute(MainClientExec.java:363)
	at org.apache.http.impl.execchain.MainClientExec.execute(MainClientExec.java:219)
	at org.apache.http.impl.execchain.ProtocolExec.execute(ProtocolExec.java:195)
	at org.apache.http.impl.execchain.RetryExec.execute(RetryExec.java:86)
	at org.apache.http.impl.execchain.RedirectExec.execute(RedirectExec.java:108)
	at org.apache.http.impl.client.InternalHttpClient.doExecute(InternalHttpClient.java:184)
	at org.apache.http.impl.client.CloseableHttpClient.execute(CloseableHttpClient.java:72)
	at org.apache.http.impl.client.CloseableHttpClient.execute(CloseableHttpClient.java:57)
	at org.openqa.selenium.remote.HttpCommandExecutor.fallBackExecute(HttpCommandExecutor.java:215)
	at org.openqa.selenium.remote.HttpCommandExecutor.execute(HttpCommandExecutor.java:184)
	at org.openqa.selenium.firefox.internal.NewProfileExtensionConnection.execute(NewProfileExtensionConnection.java:165)
	at org.openqa.selenium.firefox.FirefoxDriver$LazyCommandExecutor.execute(FirefoxDriver.java:362)
	at org.openqa.selenium.remote.RemoteWebDriver.execute(RemoteWebDriver.java:572)
	... 28 more
Caused by: java.net.ConnectException: Connection refused: connect
	at java.net.DualStackPlainSocketImpl.waitForConnect(Native Method)
	at java.net.DualStackPlainSocketImpl.socketConnect(Unknown Source)
	at java.net.AbstractPlainSocketImpl.doConnect(Unknown Source)
	at java.net.AbstractPlainSocketImpl.connectToAddress(Unknown Source)
	at java.net.AbstractPlainSocketImpl.connect(Unknown Source)
	at java.net.PlainSocketImpl.connect(Unknown Source)
	at java.net.SocksSocketImpl.connect(Unknown Source)
	at java.net.Socket.connect(Unknown Source)
	at org.apache.http.conn.socket.PlainConnectionSocketFactory.connectSocket(PlainConnectionSocketFactory.java:72)
	at org.apache.http.impl.conn.HttpClientConnectionOperator.connect(HttpClientConnectionOperator.java:123)
	... 42 more
Mar 26,2015 14:58:24 [info]  End Execution of Test Class com.iCM.scripts.EChartMedication
*****************************************************************************

*****************************************************************************
Mar 26,2015 14:59:21 [info]   Execution Started of Test Class com.iCM.scripts.GenerateEMRReport and Test method testGenerateEMRReport
*****************************************************************************
Mar 26,2015 14:59:21 [info]  Open application url
Mar 26,2015 14:59:45 [info]  Pass
Mar 26,2015 14:59:45 [info]  Verify Page title
Mar 26,2015 14:59:50 [info]  Pass
Mar 26,2015 14:59:50 [info]  Enter User name at login page.
Mar 26,2015 14:59:51 [info]  Pass
Mar 26,2015 14:59:51 [info]  Enter password at login page.
Mar 26,2015 14:59:52 [info]  Pass
Mar 26,2015 14:59:52 [info]  Click on Sign In button
Mar 26,2015 15:00:21 [info]  Pass
Mar 26,2015 15:00:21 [info]  Verify home page title
Mar 26,2015 15:00:26 [info]  Pass
Mar 26,2015 15:00:26 [info]  Open resident list via deep link
Mar 26,2015 15:00:43 [info]  Pass
Mar 26,2015 15:00:43 [info]  Open resident Profile
Mar 26,2015 15:01:06 [info]  Pass
Mar 26,2015 15:01:06 [info]  Click on Medication button
Mar 26,2015 15:01:28 [info]  Pass
Mar 26,2015 15:01:28 [info]  Click on EMR Tab
Mar 26,2015 15:02:08 [info]  Pass
Mar 26,2015 15:02:08 [info]  Click on 'Generate MAR'
Mar 26,2015 15:02:51 [info]  Pass
Mar 26,2015 15:02:53 [info]  Select Month
Mar 26,2015 15:02:55 [info]  Pass
Mar 26,2015 15:02:55 [info]  Click on 'Generate Now'
Mar 26,2015 15:03:00 [info]  Pass
Mar 26,2015 15:03:00 [info]  End Execution of Test Class com.iCM.scripts.GenerateEMRReport
*****************************************************************************

*****************************************************************************
Mar 26,2015 15:04:22 [info]   Execution Started of Test Class com.iCM.scripts.GenerateEMRReport and Test method testGenerateEMRReport
*****************************************************************************
Mar 26,2015 15:04:22 [info]  Open application url
Mar 26,2015 15:04:48 [info]  Pass
Mar 26,2015 15:04:48 [info]  Verify Page title
Mar 26,2015 15:04:54 [info]  Pass
Mar 26,2015 15:04:54 [info]  Enter User name at login page.
Mar 26,2015 15:04:56 [info]  Pass
Mar 26,2015 15:04:56 [info]  Enter password at login page.
Mar 26,2015 15:04:57 [info]  Pass
Mar 26,2015 15:04:57 [info]  Click on Sign In button
Mar 26,2015 15:05:32 [info]  Pass
Mar 26,2015 15:05:33 [info]  Verify home page title
Mar 26,2015 15:05:38 [info]  Pass
Mar 26,2015 15:05:38 [info]  Open resident list via deep link
Mar 26,2015 15:06:01 [info]  Pass
Mar 26,2015 15:06:01 [info]  Open resident Profile
Mar 26,2015 15:06:26 [info]  Pass
Mar 26,2015 15:06:26 [info]  Click on Medication button
Mar 26,2015 15:06:52 [info]  Pass
Mar 26,2015 15:06:52 [info]  Click on EMR Tab
Mar 26,2015 15:07:42 [info]  Pass
Mar 26,2015 15:07:42 [info]  Click on 'Generate MAR'
Mar 26,2015 15:08:38 [info]  Pass
Mar 26,2015 15:08:40 [info]  Select Month
Mar 26,2015 15:08:43 [info]  Pass
Mar 26,2015 15:08:43 [info]  Click on 'Generate Now'
Mar 26,2015 15:08:49 [info]  Pass
Mar 26,2015 15:08:49 [info]  End Execution of Test Class com.iCM.scripts.GenerateEMRReport
*****************************************************************************

*****************************************************************************
Mar 26,2015 15:10:52 [info]   Execution Started of Test Class com.iCM.scripts.PRNCheckBoxAvail and Test method testPRNCheckBoxAvail
*****************************************************************************
Mar 26,2015 15:10:52 [info]  Open application url
Mar 26,2015 15:11:31 [info]  Pass
Mar 26,2015 15:11:31 [info]  Verify Page title
Mar 26,2015 15:11:36 [info]  Pass
Mar 26,2015 15:11:36 [info]  Enter User name at login page.
Mar 26,2015 15:11:39 [info]  Pass
Mar 26,2015 15:11:39 [info]  Enter password at login page.
Mar 26,2015 15:11:40 [info]  Pass
Mar 26,2015 15:11:40 [info]  Click on Sign In button
Mar 26,2015 15:12:19 [info]  Pass
Mar 26,2015 15:12:19 [info]  Verify home page title
Mar 26,2015 15:12:24 [info]  Pass
Mar 26,2015 15:12:24 [info]  Go to Resident list
Mar 26,2015 15:12:56 [info]  Pass
Mar 26,2015 15:12:56 [info]  Search Added resident
Mar 26,2015 15:12:58 [info]  Pass
Mar 26,2015 15:12:58 [info]  Verify searched resident
Mar 26,2015 15:13:01 [info]  Pass
Mar 26,2015 15:13:01 [info]  Open resident Profile
Mar 26,2015 15:13:26 [info]  Pass
Mar 26,2015 15:13:39 [info]  Click on Medication button
Mar 26,2015 15:14:03 [info]  Pass
Mar 26,2015 15:14:03 [info]  Click on Add Medication button
Mar 26,2015 15:14:59 [info]  Pass
Mar 26,2015 15:14:59 [info]  Verify PRN Checkbox available
Mar 26,2015 15:15:29 [info]  Pass
Mar 26,2015 15:15:29 [info]  Enter Medicine Name
Mar 26,2015 15:15:30 [info]  Pass
Mar 26,2015 15:15:30 [info]  Enter Dosage
Mar 26,2015 15:15:31 [info]  Pass
Mar 26,2015 15:15:31 [info]  Enter instruction
Mar 26,2015 15:15:32 [info]  Pass
Mar 26,2015 15:15:32 [info]  Open 'Calender'
Mar 26,2015 15:15:37 [info]  Pass
Mar 26,2015 15:15:40 [info]  Select date
Mar 26,2015 15:15:45 [info]  Pass
Mar 26,2015 15:15:46 [info]  Select time
Mar 26,2015 15:15:49 [info]  Pass
Mar 26,2015 15:15:49 [info]  Select AM/PM
Mar 26,2015 15:15:50 [info]  Pass
Mar 26,2015 15:15:50 [info]  Click on Add Schedule button
Mar 26,2015 15:16:15 [info]  Pass
Mar 26,2015 15:16:15 [info]  Select time
Mar 26,2015 15:16:18 [info]  Pass
Mar 26,2015 15:16:18 [info]  Select AM/PM
Mar 26,2015 15:16:21 [info]  Pass
Mar 26,2015 15:16:21 [info]  Click on Add Schedule button
Mar 26,2015 15:16:46 [info]  Pass
Mar 26,2015 15:16:46 [info]  Select time
Mar 26,2015 15:16:49 [info]  Pass
Mar 26,2015 15:16:49 [info]  Select AM/PM
Mar 26,2015 15:16:50 [info]  Pass
Mar 26,2015 15:16:50 [info]  Click on Add Schedule button
Mar 26,2015 15:17:15 [info]  Pass
Mar 26,2015 15:17:15 [info]  Click on Save button
Mar 26,2015 15:18:10 [info]  Pass
Mar 26,2015 15:18:14 [info]  End Execution of Test Class com.iCM.scripts.PRNCheckBoxAvail
*****************************************************************************

*****************************************************************************
Mar 26,2015 15:26:27 [info]   Execution Started of Test Class com.iCM.scripts.PRNCheckBoxAvail and Test method testPRNCheckBoxAvail
*****************************************************************************
Mar 26,2015 15:26:27 [info]  Open application url
Mar 26,2015 15:26:46 [info]  Pass
Mar 26,2015 15:26:46 [info]  Verify Page title
Mar 26,2015 15:26:51 [info]  Pass
Mar 26,2015 15:26:51 [info]  Enter User name at login page.
Mar 26,2015 15:26:52 [info]  Pass
Mar 26,2015 15:26:52 [info]  Enter password at login page.
Mar 26,2015 15:26:53 [info]  Pass
Mar 26,2015 15:26:53 [info]  Click on Sign In button
Mar 26,2015 15:27:16 [info]  Pass
Mar 26,2015 15:27:16 [info]  Verify home page title
Mar 26,2015 15:27:22 [info]  Pass
Mar 26,2015 15:27:22 [info]  Go to Resident list
Mar 26,2015 15:27:38 [info]  Pass
Mar 26,2015 15:27:38 [info]  Search Added resident
Mar 26,2015 15:27:38 [info]  Pass
Mar 26,2015 15:27:38 [info]  Verify searched resident
Mar 26,2015 15:27:41 [info]  Pass
Mar 26,2015 15:27:42 [info]  Open resident Profile
Mar 26,2015 15:28:03 [info]  Pass
Mar 26,2015 15:28:17 [info]  Click on Medication button
Mar 26,2015 15:28:38 [info]  Pass
Mar 26,2015 15:28:38 [info]  Click on Add Medication button
Mar 26,2015 15:29:17 [info]  Pass
Mar 26,2015 15:29:17 [info]  Verify PRN Checkbox available
Mar 26,2015 15:29:31 [info]  Pass
Mar 26,2015 15:29:31 [info]  Enter Medicine Name
Mar 26,2015 15:29:31 [info]  Pass
Mar 26,2015 15:29:31 [info]  Enter Dosage
Mar 26,2015 15:29:32 [info]  Pass
Mar 26,2015 15:29:32 [info]  Enter instruction
Mar 26,2015 15:29:32 [info]  Pass
Mar 26,2015 15:29:32 [info]  Open 'Calender'
Mar 26,2015 15:29:37 [info]  Pass
Mar 26,2015 15:29:40 [info]  Select date
Mar 26,2015 15:29:44 [info]  Pass
Mar 26,2015 15:29:44 [info]  Select time
Mar 26,2015 15:29:46 [info]  Pass
Mar 26,2015 15:29:46 [info]  Select AM/PM
Mar 26,2015 15:29:47 [info]  Pass
Mar 26,2015 15:29:47 [info]  Click on Add Schedule button
Mar 26,2015 15:30:08 [info]  Pass
Mar 26,2015 15:30:08 [info]  Select time
Mar 26,2015 15:30:10 [info]  Pass
Mar 26,2015 15:30:10 [info]  Select AM/PM
Mar 26,2015 15:30:11 [info]  Pass
Mar 26,2015 15:30:11 [info]  Click on Add Schedule button
Mar 26,2015 15:30:33 [info]  Pass
Mar 26,2015 15:30:33 [info]  Select time
Mar 26,2015 15:30:34 [info]  Pass
Mar 26,2015 15:30:34 [info]  Select AM/PM
Mar 26,2015 15:30:35 [info]  Pass
Mar 26,2015 15:30:35 [info]  Click on Add Schedule button
Mar 26,2015 15:30:57 [info]  Pass
Mar 26,2015 15:30:57 [info]  Click on Save button
Mar 26,2015 15:31:32 [info]  Pass
Mar 26,2015 15:31:35 [info]  End Execution of Test Class com.iCM.scripts.PRNCheckBoxAvail
*****************************************************************************

*****************************************************************************
Mar 26,2015 18:00:02 [info]   Execution Started of Test Class com.iCM.scripts.NotificationSigleDismiss and Test method testNotificationSigleDismiss
*****************************************************************************
Mar 26,2015 18:00:02 [info]  Open application url
Mar 26,2015 18:00:20 [info]  Pass
Mar 26,2015 18:00:20 [info]  Verify Page title
Mar 26,2015 18:00:25 [info]  Pass
Mar 26,2015 18:00:25 [info]  Enter User name at login page.
Mar 26,2015 18:00:25 [info]  Pass
Mar 26,2015 18:00:25 [info]  Enter password at login page.
Mar 26,2015 18:00:27 [info]  Pass
Mar 26,2015 18:00:27 [info]  Click on Sign In button
Mar 26,2015 18:00:46 [info]  Pass
Mar 26,2015 18:00:46 [info]  Verify home page title
Mar 26,2015 18:00:52 [info]  Pass
Mar 26,2015 18:00:52 [info]  Click on 'Notification'
Mar 26,2015 18:00:52 [info]  Pass
Mar 26,2015 18:00:52 [info]  Click on 'View All Notification' link
Mar 26,2015 18:00:53 [info]  Pass
Mar 26,2015 18:00:53 [info]  Verify title
Mar 26,2015 18:01:08 [info]  Pass
Mar 26,2015 18:01:08 [info]  Click on Notification
Mar 26,2015 18:01:08 [info]  Pass
Mar 26,2015 18:01:08 [info]  User is able to open the notification
Mar 26,2015 18:01:10 [info]  Mar 26,2015 18:01:10 [info]  <<<<<<<<<<<<<<<<<<<<<<<<<<<<<<<<<< Error message >>>>>>>>>>>>>>>>>>>>>>>>>>>>>>
java.lang.AssertionError: expected [true] but found [false]
	at org.testng.Assert.fail(Assert.java:94)
	at org.testng.Assert.failNotEquals(Assert.java:494)
	at org.testng.Assert.assertTrue(Assert.java:42)
	at org.testng.Assert.assertTrue(Assert.java:52)
	at com.iCM.pagehelper.NotificationHelper.verifyFieldsText(NotificationHelper.java:61)
	at com.iCM.scripts.NotificationSigleDismiss.testNotificationSigleDismiss(NotificationSigleDismiss.java:53)
	at sun.reflect.NativeMethodAccessorImpl.invoke0(Native Method)
	at sun.reflect.NativeMethodAccessorImpl.invoke(Unknown Source)
	at sun.reflect.DelegatingMethodAccessorImpl.invoke(Unknown Source)
	at java.lang.reflect.Method.invoke(Unknown Source)
	at org.testng.internal.MethodInvocationHelper.invokeMethod(MethodInvocationHelper.java:84)
	at org.testng.internal.Invoker.invokeMethod(Invoker.java:714)
	at org.testng.internal.Invoker.invokeTestMethod(Invoker.java:901)
	at org.testng.internal.Invoker.invokeTestMethods(Invoker.java:1231)
	at org.testng.internal.TestMethodWorker.invokeTestMethods(TestMethodWorker.java:127)
	at org.testng.internal.TestMethodWorker.run(TestMethodWorker.java:111)
	at org.testng.TestRunner.privateRun(TestRunner.java:767)
	at org.testng.TestRunner.run(TestRunner.java:617)
	at org.testng.SuiteRunner.runTest(SuiteRunner.java:334)
	at org.testng.SuiteRunner.runSequentially(SuiteRunner.java:329)
	at org.testng.SuiteRunner.privateRun(SuiteRunner.java:291)
	at org.testng.SuiteRunner.run(SuiteRunner.java:240)
	at org.testng.SuiteRunnerWorker.runSuite(SuiteRunnerWorker.java:52)
	at org.testng.SuiteRunnerWorker.run(SuiteRunnerWorker.java:86)
	at org.testng.TestNG.runSuitesSequentially(TestNG.java:1224)
	at org.testng.TestNG.runSuitesLocally(TestNG.java:1149)
	at org.testng.TestNG.run(TestNG.java:1057)
	at org.testng.remote.RemoteTestNG.run(RemoteTestNG.java:111)
	at org.testng.remote.RemoteTestNG.initAndRun(RemoteTestNG.java:204)
	at org.testng.remote.RemoteTestNG.main(RemoteTestNG.java:175)
Mar 26,2015 18:01:10 [info]  End Execution of Test Class com.iCM.scripts.NotificationSigleDismiss
*****************************************************************************

*****************************************************************************
Mar 26,2015 18:02:28 [info]   Execution Started of Test Class com.iCM.scripts.NotificationSigleDismiss and Test method testNotificationSigleDismiss
*****************************************************************************
Mar 26,2015 18:02:28 [info]  Open application url
Mar 26,2015 18:02:42 [info]  Pass
Mar 26,2015 18:02:42 [info]  Verify Page title
Mar 26,2015 18:02:47 [info]  Pass
Mar 26,2015 18:02:47 [info]  Enter User name at login page.
Mar 26,2015 18:02:48 [info]  Pass
Mar 26,2015 18:02:48 [info]  Enter password at login page.
Mar 26,2015 18:02:49 [info]  Pass
Mar 26,2015 18:02:49 [info]  Click on Sign In button
Mar 26,2015 18:03:09 [info]  Pass
Mar 26,2015 18:03:09 [info]  Verify home page title
Mar 26,2015 18:03:14 [info]  Pass
Mar 26,2015 18:03:14 [info]  Click on 'Notification'
Mar 26,2015 18:03:14 [info]  Pass
Mar 26,2015 18:03:14 [info]  Click on 'View All Notification' link
Mar 26,2015 18:03:15 [info]  Pass
Mar 26,2015 18:03:15 [info]  Verify title
Mar 26,2015 18:03:28 [info]  Pass
Mar 26,2015 18:03:28 [info]  Click on Notification
Mar 26,2015 18:03:29 [info]  Pass
Mar 26,2015 18:03:29 [info]  User is able to open the notification
Mar 26,2015 18:03:31 [info]  Mar 26,2015 18:03:31 [info]  <<<<<<<<<<<<<<<<<<<<<<<<<<<<<<<<<< Error message >>>>>>>>>>>>>>>>>>>>>>>>>>>>>>
java.lang.AssertionError: expected [true] but found [false]
	at org.testng.Assert.fail(Assert.java:94)
	at org.testng.Assert.failNotEquals(Assert.java:494)
	at org.testng.Assert.assertTrue(Assert.java:42)
	at org.testng.Assert.assertTrue(Assert.java:52)
	at com.iCM.pagehelper.NotificationHelper.verifyFieldsText(NotificationHelper.java:61)
	at com.iCM.scripts.NotificationSigleDismiss.testNotificationSigleDismiss(NotificationSigleDismiss.java:53)
	at sun.reflect.NativeMethodAccessorImpl.invoke0(Native Method)
	at sun.reflect.NativeMethodAccessorImpl.invoke(Unknown Source)
	at sun.reflect.DelegatingMethodAccessorImpl.invoke(Unknown Source)
	at java.lang.reflect.Method.invoke(Unknown Source)
	at org.testng.internal.MethodInvocationHelper.invokeMethod(MethodInvocationHelper.java:84)
	at org.testng.internal.Invoker.invokeMethod(Invoker.java:714)
	at org.testng.internal.Invoker.invokeTestMethod(Invoker.java:901)
	at org.testng.internal.Invoker.invokeTestMethods(Invoker.java:1231)
	at org.testng.internal.TestMethodWorker.invokeTestMethods(TestMethodWorker.java:127)
	at org.testng.internal.TestMethodWorker.run(TestMethodWorker.java:111)
	at org.testng.TestRunner.privateRun(TestRunner.java:767)
	at org.testng.TestRunner.run(TestRunner.java:617)
	at org.testng.SuiteRunner.runTest(SuiteRunner.java:334)
	at org.testng.SuiteRunner.runSequentially(SuiteRunner.java:329)
	at org.testng.SuiteRunner.privateRun(SuiteRunner.java:291)
	at org.testng.SuiteRunner.run(SuiteRunner.java:240)
	at org.testng.SuiteRunnerWorker.runSuite(SuiteRunnerWorker.java:52)
	at org.testng.SuiteRunnerWorker.run(SuiteRunnerWorker.java:86)
	at org.testng.TestNG.runSuitesSequentially(TestNG.java:1224)
	at org.testng.TestNG.runSuitesLocally(TestNG.java:1149)
	at org.testng.TestNG.run(TestNG.java:1057)
	at org.testng.remote.RemoteTestNG.run(RemoteTestNG.java:111)
	at org.testng.remote.RemoteTestNG.initAndRun(RemoteTestNG.java:204)
	at org.testng.remote.RemoteTestNG.main(RemoteTestNG.java:175)
Mar 26,2015 18:03:31 [info]  End Execution of Test Class com.iCM.scripts.NotificationSigleDismiss
*****************************************************************************

*****************************************************************************
Mar 26,2015 18:04:17 [info]   Execution Started of Test Class com.iCM.scripts.NotificationSigleDismiss and Test method testNotificationSigleDismiss
*****************************************************************************
Mar 26,2015 18:04:17 [info]  Open application url
Mar 26,2015 18:04:34 [info]  Pass
Mar 26,2015 18:04:34 [info]  Verify Page title
Mar 26,2015 18:04:39 [info]  Pass
Mar 26,2015 18:04:39 [info]  Enter User name at login page.
Mar 26,2015 18:04:40 [info]  Pass
Mar 26,2015 18:04:40 [info]  Enter password at login page.
Mar 26,2015 18:04:41 [info]  Pass
Mar 26,2015 18:04:41 [info]  Click on Sign In button
Mar 26,2015 18:04:58 [info]  Pass
Mar 26,2015 18:04:58 [info]  Verify home page title
Mar 26,2015 18:05:03 [info]  Pass
Mar 26,2015 18:05:03 [info]  Click on 'Notification'
Mar 26,2015 18:05:04 [info]  Pass
Mar 26,2015 18:05:04 [info]  Click on 'View All Notification' link
Mar 26,2015 18:05:05 [info]  Pass
Mar 26,2015 18:05:05 [info]  Verify title
Mar 26,2015 18:05:20 [info]  Pass
Mar 26,2015 18:05:20 [info]  Click on Notification
Mar 26,2015 18:05:20 [info]  Pass
Mar 26,2015 18:05:20 [info]  User is able to open the notification
Mar 26,2015 18:05:22 [info]  Mar 26,2015 18:05:22 [info]  <<<<<<<<<<<<<<<<<<<<<<<<<<<<<<<<<< Error message >>>>>>>>>>>>>>>>>>>>>>>>>>>>>>
java.lang.AssertionError: expected [true] but found [false]
	at org.testng.Assert.fail(Assert.java:94)
	at org.testng.Assert.failNotEquals(Assert.java:494)
	at org.testng.Assert.assertTrue(Assert.java:42)
	at org.testng.Assert.assertTrue(Assert.java:52)
	at com.iCM.pagehelper.NotificationHelper.verifyFieldsText(NotificationHelper.java:61)
	at com.iCM.scripts.NotificationSigleDismiss.testNotificationSigleDismiss(NotificationSigleDismiss.java:53)
	at sun.reflect.NativeMethodAccessorImpl.invoke0(Native Method)
	at sun.reflect.NativeMethodAccessorImpl.invoke(Unknown Source)
	at sun.reflect.DelegatingMethodAccessorImpl.invoke(Unknown Source)
	at java.lang.reflect.Method.invoke(Unknown Source)
	at org.testng.internal.MethodInvocationHelper.invokeMethod(MethodInvocationHelper.java:84)
	at org.testng.internal.Invoker.invokeMethod(Invoker.java:714)
	at org.testng.internal.Invoker.invokeTestMethod(Invoker.java:901)
	at org.testng.internal.Invoker.invokeTestMethods(Invoker.java:1231)
	at org.testng.internal.TestMethodWorker.invokeTestMethods(TestMethodWorker.java:127)
	at org.testng.internal.TestMethodWorker.run(TestMethodWorker.java:111)
	at org.testng.TestRunner.privateRun(TestRunner.java:767)
	at org.testng.TestRunner.run(TestRunner.java:617)
	at org.testng.SuiteRunner.runTest(SuiteRunner.java:334)
	at org.testng.SuiteRunner.runSequentially(SuiteRunner.java:329)
	at org.testng.SuiteRunner.privateRun(SuiteRunner.java:291)
	at org.testng.SuiteRunner.run(SuiteRunner.java:240)
	at org.testng.SuiteRunnerWorker.runSuite(SuiteRunnerWorker.java:52)
	at org.testng.SuiteRunnerWorker.run(SuiteRunnerWorker.java:86)
	at org.testng.TestNG.runSuitesSequentially(TestNG.java:1224)
	at org.testng.TestNG.runSuitesLocally(TestNG.java:1149)
	at org.testng.TestNG.run(TestNG.java:1057)
	at org.testng.remote.RemoteTestNG.run(RemoteTestNG.java:111)
	at org.testng.remote.RemoteTestNG.initAndRun(RemoteTestNG.java:204)
	at org.testng.remote.RemoteTestNG.main(RemoteTestNG.java:175)
Mar 26,2015 18:05:22 [info]  End Execution of Test Class com.iCM.scripts.NotificationSigleDismiss
*****************************************************************************

*****************************************************************************
Mar 26,2015 18:06:51 [info]   Execution Started of Test Class com.iCM.scripts.NotificationSigleDismiss and Test method testNotificationSigleDismiss
*****************************************************************************
Mar 26,2015 18:06:51 [info]  Open application url
Mar 26,2015 18:07:05 [info]  Pass
Mar 26,2015 18:07:05 [info]  Verify Page title
Mar 26,2015 18:07:10 [info]  Pass
Mar 26,2015 18:07:10 [info]  Enter User name at login page.
Mar 26,2015 18:07:10 [info]  Pass
Mar 26,2015 18:07:10 [info]  Enter password at login page.
Mar 26,2015 18:07:11 [info]  Pass
Mar 26,2015 18:07:11 [info]  Click on Sign In button
Mar 26,2015 18:07:29 [info]  Pass
Mar 26,2015 18:07:29 [info]  Verify home page title
Mar 26,2015 18:07:35 [info]  Pass
Mar 26,2015 18:07:35 [info]  Click on 'Notification'
Mar 26,2015 18:07:35 [info]  Pass
Mar 26,2015 18:07:35 [info]  Click on 'View All Notification' link
Mar 26,2015 18:07:36 [info]  Pass
Mar 26,2015 18:07:36 [info]  Verify title
Mar 26,2015 18:07:46 [info]  Pass
Mar 26,2015 18:07:46 [info]  Click on Notification
Mar 26,2015 18:07:46 [info]  Pass
Mar 26,2015 18:07:46 [info]  User is able to open the notification
Mar 26,2015 18:07:48 [info]  Mar 26,2015 18:07:48 [info]  <<<<<<<<<<<<<<<<<<<<<<<<<<<<<<<<<< Error message >>>>>>>>>>>>>>>>>>>>>>>>>>>>>>
java.lang.AssertionError: expected [true] but found [false]
	at org.testng.Assert.fail(Assert.java:94)
	at org.testng.Assert.failNotEquals(Assert.java:494)
	at org.testng.Assert.assertTrue(Assert.java:42)
	at org.testng.Assert.assertTrue(Assert.java:52)
	at com.iCM.pagehelper.NotificationHelper.verifyFieldsText(NotificationHelper.java:63)
	at com.iCM.scripts.NotificationSigleDismiss.testNotificationSigleDismiss(NotificationSigleDismiss.java:53)
	at sun.reflect.NativeMethodAccessorImpl.invoke0(Native Method)
	at sun.reflect.NativeMethodAccessorImpl.invoke(Unknown Source)
	at sun.reflect.DelegatingMethodAccessorImpl.invoke(Unknown Source)
	at java.lang.reflect.Method.invoke(Unknown Source)
	at org.testng.internal.MethodInvocationHelper.invokeMethod(MethodInvocationHelper.java:84)
	at org.testng.internal.Invoker.invokeMethod(Invoker.java:714)
	at org.testng.internal.Invoker.invokeTestMethod(Invoker.java:901)
	at org.testng.internal.Invoker.invokeTestMethods(Invoker.java:1231)
	at org.testng.internal.TestMethodWorker.invokeTestMethods(TestMethodWorker.java:127)
	at org.testng.internal.TestMethodWorker.run(TestMethodWorker.java:111)
	at org.testng.TestRunner.privateRun(TestRunner.java:767)
	at org.testng.TestRunner.run(TestRunner.java:617)
	at org.testng.SuiteRunner.runTest(SuiteRunner.java:334)
	at org.testng.SuiteRunner.runSequentially(SuiteRunner.java:329)
	at org.testng.SuiteRunner.privateRun(SuiteRunner.java:291)
	at org.testng.SuiteRunner.run(SuiteRunner.java:240)
	at org.testng.SuiteRunnerWorker.runSuite(SuiteRunnerWorker.java:52)
	at org.testng.SuiteRunnerWorker.run(SuiteRunnerWorker.java:86)
	at org.testng.TestNG.runSuitesSequentially(TestNG.java:1224)
	at org.testng.TestNG.runSuitesLocally(TestNG.java:1149)
	at org.testng.TestNG.run(TestNG.java:1057)
	at org.testng.remote.RemoteTestNG.run(RemoteTestNG.java:111)
	at org.testng.remote.RemoteTestNG.initAndRun(RemoteTestNG.java:204)
	at org.testng.remote.RemoteTestNG.main(RemoteTestNG.java:175)
Mar 26,2015 18:07:48 [info]  End Execution of Test Class com.iCM.scripts.NotificationSigleDismiss
*****************************************************************************

*****************************************************************************
Mar 26,2015 18:09:47 [info]   Execution Started of Test Class com.iCM.scripts.NotificationSigleDismiss and Test method testNotificationSigleDismiss
*****************************************************************************
Mar 26,2015 18:09:48 [info]  Open application url
Mar 26,2015 18:10:07 [info]  Pass
Mar 26,2015 18:10:07 [info]  Verify Page title
Mar 26,2015 18:10:12 [info]  Pass
Mar 26,2015 18:10:12 [info]  Enter User name at login page.
Mar 26,2015 18:10:13 [info]  Pass
Mar 26,2015 18:10:13 [info]  Enter password at login page.
Mar 26,2015 18:10:19 [info]  Pass
Mar 26,2015 18:10:19 [info]  Click on Sign In button
Mar 26,2015 18:10:38 [info]  Pass
Mar 26,2015 18:10:38 [info]  Verify home page title
Mar 26,2015 18:10:43 [info]  Pass
Mar 26,2015 18:10:43 [info]  Click on 'Notification'
Mar 26,2015 18:10:44 [info]  Pass
Mar 26,2015 18:10:44 [info]  Click on 'View All Notification' link
Mar 26,2015 18:10:45 [info]  Pass
Mar 26,2015 18:10:45 [info]  Verify title
Mar 26,2015 18:10:59 [info]  Pass
Mar 26,2015 18:10:59 [info]  Click on Notification
Mar 26,2015 18:11:00 [info]  Pass
Mar 26,2015 18:11:00 [info]  User is able to open the notification
Mar 26,2015 18:11:02 [info]  Mar 26,2015 18:11:02 [info]  <<<<<<<<<<<<<<<<<<<<<<<<<<<<<<<<<< Error message >>>>>>>>>>>>>>>>>>>>>>>>>>>>>>
java.lang.AssertionError: expected [true] but found [false]
	at org.testng.Assert.fail(Assert.java:94)
	at org.testng.Assert.failNotEquals(Assert.java:494)
	at org.testng.Assert.assertTrue(Assert.java:42)
	at org.testng.Assert.assertTrue(Assert.java:52)
	at com.iCM.pagehelper.NotificationHelper.verifyFieldsText(NotificationHelper.java:63)
	at com.iCM.scripts.NotificationSigleDismiss.testNotificationSigleDismiss(NotificationSigleDismiss.java:53)
	at sun.reflect.NativeMethodAccessorImpl.invoke0(Native Method)
	at sun.reflect.NativeMethodAccessorImpl.invoke(Unknown Source)
	at sun.reflect.DelegatingMethodAccessorImpl.invoke(Unknown Source)
	at java.lang.reflect.Method.invoke(Unknown Source)
	at org.testng.internal.MethodInvocationHelper.invokeMethod(MethodInvocationHelper.java:84)
	at org.testng.internal.Invoker.invokeMethod(Invoker.java:714)
	at org.testng.internal.Invoker.invokeTestMethod(Invoker.java:901)
	at org.testng.internal.Invoker.invokeTestMethods(Invoker.java:1231)
	at org.testng.internal.TestMethodWorker.invokeTestMethods(TestMethodWorker.java:127)
	at org.testng.internal.TestMethodWorker.run(TestMethodWorker.java:111)
	at org.testng.TestRunner.privateRun(TestRunner.java:767)
	at org.testng.TestRunner.run(TestRunner.java:617)
	at org.testng.SuiteRunner.runTest(SuiteRunner.java:334)
	at org.testng.SuiteRunner.runSequentially(SuiteRunner.java:329)
	at org.testng.SuiteRunner.privateRun(SuiteRunner.java:291)
	at org.testng.SuiteRunner.run(SuiteRunner.java:240)
	at org.testng.SuiteRunnerWorker.runSuite(SuiteRunnerWorker.java:52)
	at org.testng.SuiteRunnerWorker.run(SuiteRunnerWorker.java:86)
	at org.testng.TestNG.runSuitesSequentially(TestNG.java:1224)
	at org.testng.TestNG.runSuitesLocally(TestNG.java:1149)
	at org.testng.TestNG.run(TestNG.java:1057)
	at org.testng.remote.RemoteTestNG.run(RemoteTestNG.java:111)
	at org.testng.remote.RemoteTestNG.initAndRun(RemoteTestNG.java:204)
	at org.testng.remote.RemoteTestNG.main(RemoteTestNG.java:175)
Mar 26,2015 18:11:02 [info]  End Execution of Test Class com.iCM.scripts.NotificationSigleDismiss
*****************************************************************************

*****************************************************************************
Mar 26,2015 18:13:21 [info]   Execution Started of Test Class com.iCM.scripts.NotificationSigleDismiss and Test method testNotificationSigleDismiss
*****************************************************************************
Mar 26,2015 18:13:21 [info]  Open application url
Mar 26,2015 18:13:38 [info]  Pass
Mar 26,2015 18:13:38 [info]  Verify Page title
Mar 26,2015 18:13:43 [info]  Pass
Mar 26,2015 18:13:44 [info]  Enter User name at login page.
Mar 26,2015 18:13:44 [info]  Pass
Mar 26,2015 18:13:44 [info]  Enter password at login page.
Mar 26,2015 18:13:48 [info]  Pass
Mar 26,2015 18:13:48 [info]  Click on Sign In button
Mar 26,2015 18:14:08 [info]  Pass
Mar 26,2015 18:14:08 [info]  Verify home page title
Mar 26,2015 18:14:13 [info]  Pass
Mar 26,2015 18:14:13 [info]  Click on 'Notification'
Mar 26,2015 18:14:13 [info]  Pass
Mar 26,2015 18:14:13 [info]  Click on 'View All Notification' link
Mar 26,2015 18:14:15 [info]  Pass
Mar 26,2015 18:14:15 [info]  Verify title
Mar 26,2015 18:14:29 [info]  Pass
Mar 26,2015 18:14:29 [info]  Click on Notification
Mar 26,2015 18:14:30 [info]  Pass
Mar 26,2015 18:14:30 [info]  User is able to open the notification
Mar 26,2015 18:14:32 [info]  Pass
Mar 26,2015 18:14:32 [info]  Close the notification
Mar 26,2015 18:14:33 [info]  Pass
Mar 26,2015 18:14:33 [info]  Close the notification
Mar 26,2015 18:14:33 [info]  Pass
Mar 26,2015 18:14:33 [info]  Click on 'Dismiss' button
Mar 26,2015 18:14:34 [info]  Pass
Mar 26,2015 18:14:34 [info]  Verify User is able to dismiss the notification
Mar 26,2015 18:14:34 [info]  Mar 26,2015 18:14:34 [info]  <<<<<<<<<<<<<<<<<<<<<<<<<<<<<<<<<< Error message >>>>>>>>>>>>>>>>>>>>>>>>>>>>>>
java.lang.AssertionError: expected [false] but found [true]
	at org.testng.Assert.fail(Assert.java:94)
	at org.testng.Assert.failNotEquals(Assert.java:494)
	at org.testng.Assert.assertFalse(Assert.java:63)
	at org.testng.Assert.assertFalse(Assert.java:73)
	at com.iCM.pagehelper.NotificationHelper.verifyItemTextNot(NotificationHelper.java:73)
	at com.iCM.scripts.NotificationSigleDismiss.testNotificationSigleDismiss(NotificationSigleDismiss.java:73)
	at sun.reflect.NativeMethodAccessorImpl.invoke0(Native Method)
	at sun.reflect.NativeMethodAccessorImpl.invoke(Unknown Source)
	at sun.reflect.DelegatingMethodAccessorImpl.invoke(Unknown Source)
	at java.lang.reflect.Method.invoke(Unknown Source)
	at org.testng.internal.MethodInvocationHelper.invokeMethod(MethodInvocationHelper.java:84)
	at org.testng.internal.Invoker.invokeMethod(Invoker.java:714)
	at org.testng.internal.Invoker.invokeTestMethod(Invoker.java:901)
	at org.testng.internal.Invoker.invokeTestMethods(Invoker.java:1231)
	at org.testng.internal.TestMethodWorker.invokeTestMethods(TestMethodWorker.java:127)
	at org.testng.internal.TestMethodWorker.run(TestMethodWorker.java:111)
	at org.testng.TestRunner.privateRun(TestRunner.java:767)
	at org.testng.TestRunner.run(TestRunner.java:617)
	at org.testng.SuiteRunner.runTest(SuiteRunner.java:334)
	at org.testng.SuiteRunner.runSequentially(SuiteRunner.java:329)
	at org.testng.SuiteRunner.privateRun(SuiteRunner.java:291)
	at org.testng.SuiteRunner.run(SuiteRunner.java:240)
	at org.testng.SuiteRunnerWorker.runSuite(SuiteRunnerWorker.java:52)
	at org.testng.SuiteRunnerWorker.run(SuiteRunnerWorker.java:86)
	at org.testng.TestNG.runSuitesSequentially(TestNG.java:1224)
	at org.testng.TestNG.runSuitesLocally(TestNG.java:1149)
	at org.testng.TestNG.run(TestNG.java:1057)
	at org.testng.remote.RemoteTestNG.run(RemoteTestNG.java:111)
	at org.testng.remote.RemoteTestNG.initAndRun(RemoteTestNG.java:204)
	at org.testng.remote.RemoteTestNG.main(RemoteTestNG.java:175)
Mar 26,2015 18:14:34 [info]  End Execution of Test Class com.iCM.scripts.NotificationSigleDismiss
*****************************************************************************

*****************************************************************************
Mar 26,2015 18:16:11 [info]   Execution Started of Test Class com.iCM.scripts.NotificationSigleDismiss and Test method testNotificationSigleDismiss
*****************************************************************************
Mar 26,2015 18:16:11 [info]  Open application url
Mar 26,2015 18:16:27 [info]  Pass
Mar 26,2015 18:16:27 [info]  Verify Page title
Mar 26,2015 18:16:32 [info]  Pass
Mar 26,2015 18:16:33 [info]  Enter User name at login page.
Mar 26,2015 18:16:33 [info]  Pass
Mar 26,2015 18:16:33 [info]  Enter password at login page.
Mar 26,2015 18:16:34 [info]  Pass
Mar 26,2015 18:16:34 [info]  Click on Sign In button
Mar 26,2015 18:16:53 [info]  Pass
Mar 26,2015 18:16:53 [info]  Verify home page title
Mar 26,2015 18:16:58 [info]  Pass
Mar 26,2015 18:16:58 [info]  Click on 'Notification'
Mar 26,2015 18:16:58 [info]  Pass
Mar 26,2015 18:16:58 [info]  Click on 'View All Notification' link
Mar 26,2015 18:16:59 [info]  Pass
Mar 26,2015 18:16:59 [info]  Verify title
Mar 26,2015 18:17:13 [info]  Pass
Mar 26,2015 18:17:13 [info]  Click on Notification
Mar 26,2015 18:17:14 [info]  Pass
Mar 26,2015 18:17:14 [info]  User is able to open the notification
Mar 26,2015 18:17:16 [info]  Pass
Mar 26,2015 18:17:16 [info]  Close the notification
Mar 26,2015 18:17:17 [info]  Pass
Mar 26,2015 18:17:17 [info]  Close the notification
Mar 26,2015 18:17:17 [info]  Pass
Mar 26,2015 18:17:17 [info]  Click on 'Dismiss' button
Mar 26,2015 18:17:18 [info]  Pass
Mar 26,2015 18:17:18 [info]  Verify User is able to dismiss the notification
Mar 26,2015 18:17:19 [info]  Mar 26,2015 18:17:19 [info]  <<<<<<<<<<<<<<<<<<<<<<<<<<<<<<<<<< Error message >>>>>>>>>>>>>>>>>>>>>>>>>>>>>>
java.lang.AssertionError: expected [false] but found [true]
	at org.testng.Assert.fail(Assert.java:94)
	at org.testng.Assert.failNotEquals(Assert.java:494)
	at org.testng.Assert.assertFalse(Assert.java:63)
	at org.testng.Assert.assertFalse(Assert.java:73)
	at com.iCM.pagehelper.NotificationHelper.verifyItemTextNot(NotificationHelper.java:73)
	at com.iCM.scripts.NotificationSigleDismiss.testNotificationSigleDismiss(NotificationSigleDismiss.java:73)
	at sun.reflect.NativeMethodAccessorImpl.invoke0(Native Method)
	at sun.reflect.NativeMethodAccessorImpl.invoke(Unknown Source)
	at sun.reflect.DelegatingMethodAccessorImpl.invoke(Unknown Source)
	at java.lang.reflect.Method.invoke(Unknown Source)
	at org.testng.internal.MethodInvocationHelper.invokeMethod(MethodInvocationHelper.java:84)
	at org.testng.internal.Invoker.invokeMethod(Invoker.java:714)
	at org.testng.internal.Invoker.invokeTestMethod(Invoker.java:901)
	at org.testng.internal.Invoker.invokeTestMethods(Invoker.java:1231)
	at org.testng.internal.TestMethodWorker.invokeTestMethods(TestMethodWorker.java:127)
	at org.testng.internal.TestMethodWorker.run(TestMethodWorker.java:111)
	at org.testng.TestRunner.privateRun(TestRunner.java:767)
	at org.testng.TestRunner.run(TestRunner.java:617)
	at org.testng.SuiteRunner.runTest(SuiteRunner.java:334)
	at org.testng.SuiteRunner.runSequentially(SuiteRunner.java:329)
	at org.testng.SuiteRunner.privateRun(SuiteRunner.java:291)
	at org.testng.SuiteRunner.run(SuiteRunner.java:240)
	at org.testng.SuiteRunnerWorker.runSuite(SuiteRunnerWorker.java:52)
	at org.testng.SuiteRunnerWorker.run(SuiteRunnerWorker.java:86)
	at org.testng.TestNG.runSuitesSequentially(TestNG.java:1224)
	at org.testng.TestNG.runSuitesLocally(TestNG.java:1149)
	at org.testng.TestNG.run(TestNG.java:1057)
	at org.testng.remote.RemoteTestNG.run(RemoteTestNG.java:111)
	at org.testng.remote.RemoteTestNG.initAndRun(RemoteTestNG.java:204)
	at org.testng.remote.RemoteTestNG.main(RemoteTestNG.java:175)
Mar 26,2015 18:17:19 [info]  End Execution of Test Class com.iCM.scripts.NotificationSigleDismiss
*****************************************************************************

*****************************************************************************
Mar 26,2015 18:20:58 [info]   Execution Started of Test Class com.iCM.scripts.NotificationSigleDismiss and Test method testNotificationSigleDismiss
*****************************************************************************
Mar 26,2015 18:20:58 [info]  Open application url
Mar 26,2015 18:21:14 [info]  Pass
Mar 26,2015 18:21:14 [info]  Verify Page title
Mar 26,2015 18:21:19 [info]  Pass
Mar 26,2015 18:21:20 [info]  Enter User name at login page.
Mar 26,2015 18:21:21 [info]  Pass
Mar 26,2015 18:21:21 [info]  Enter password at login page.
Mar 26,2015 18:21:22 [info]  Pass
Mar 26,2015 18:21:22 [info]  Click on Sign In button
Mar 26,2015 18:21:42 [info]  Pass
Mar 26,2015 18:21:42 [info]  Verify home page title
Mar 26,2015 18:21:47 [info]  Pass
Mar 26,2015 18:21:47 [info]  Click on 'Notification'
Mar 26,2015 18:21:48 [info]  Pass
Mar 26,2015 18:21:48 [info]  Click on 'View All Notification' link
Mar 26,2015 18:21:49 [info]  Pass
Mar 26,2015 18:21:49 [info]  Verify title
Mar 26,2015 18:22:04 [info]  Pass
Mar 26,2015 18:22:04 [info]  Click on Notification
Mar 26,2015 18:22:04 [info]  Pass
Mar 26,2015 18:22:04 [info]  User is able to open the notification
Mar 26,2015 18:22:07 [info]  Pass
Mar 26,2015 18:22:07 [info]  Close the notification
Mar 26,2015 18:22:07 [info]  Pass
Mar 26,2015 18:22:07 [info]  Close the notification
Mar 26,2015 18:22:08 [info]  Pass
Mar 26,2015 18:22:08 [info]  Click on 'Dismiss' button
Mar 26,2015 18:22:09 [info]  Pass
Mar 26,2015 18:22:09 [info]  Click on 'Ok' button
Mar 26,2015 18:22:10 [info]  Pass
Mar 26,2015 18:22:10 [info]  Verify User is able to dismiss the notification
Mar 26,2015 18:22:55 [info]  Mar 26,2015 18:22:55 [info]  <<<<<<<<<<<<<<<<<<<<<<<<<<<<<<<<<< Error message >>>>>>>>>>>>>>>>>>>>>>>>>>>>>>
java.lang.AssertionError: Element Locator ://*[@id='ul_alerts']/li[1]/span[1]/span Not found expected [true] but found [false]
	at org.testng.Assert.fail(Assert.java:94)
	at org.testng.Assert.failNotEquals(Assert.java:494)
	at org.testng.Assert.assertTrue(Assert.java:42)
	at com.iCM.util.DriverHelper.getText(DriverHelper.java:289)
	at com.iCM.pagehelper.NotificationHelper.verifyItemTextNot(NotificationHelper.java:73)
	at com.iCM.scripts.NotificationSigleDismiss.testNotificationSigleDismiss(NotificationSigleDismiss.java:78)
	at sun.reflect.NativeMethodAccessorImpl.invoke0(Native Method)
	at sun.reflect.NativeMethodAccessorImpl.invoke(Unknown Source)
	at sun.reflect.DelegatingMethodAccessorImpl.invoke(Unknown Source)
	at java.lang.reflect.Method.invoke(Unknown Source)
	at org.testng.internal.MethodInvocationHelper.invokeMethod(MethodInvocationHelper.java:84)
	at org.testng.internal.Invoker.invokeMethod(Invoker.java:714)
	at org.testng.internal.Invoker.invokeTestMethod(Invoker.java:901)
	at org.testng.internal.Invoker.invokeTestMethods(Invoker.java:1231)
	at org.testng.internal.TestMethodWorker.invokeTestMethods(TestMethodWorker.java:127)
	at org.testng.internal.TestMethodWorker.run(TestMethodWorker.java:111)
	at org.testng.TestRunner.privateRun(TestRunner.java:767)
	at org.testng.TestRunner.run(TestRunner.java:617)
	at org.testng.SuiteRunner.runTest(SuiteRunner.java:334)
	at org.testng.SuiteRunner.runSequentially(SuiteRunner.java:329)
	at org.testng.SuiteRunner.privateRun(SuiteRunner.java:291)
	at org.testng.SuiteRunner.run(SuiteRunner.java:240)
	at org.testng.SuiteRunnerWorker.runSuite(SuiteRunnerWorker.java:52)
	at org.testng.SuiteRunnerWorker.run(SuiteRunnerWorker.java:86)
	at org.testng.TestNG.runSuitesSequentially(TestNG.java:1224)
	at org.testng.TestNG.runSuitesLocally(TestNG.java:1149)
	at org.testng.TestNG.run(TestNG.java:1057)
	at org.testng.remote.RemoteTestNG.run(RemoteTestNG.java:111)
	at org.testng.remote.RemoteTestNG.initAndRun(RemoteTestNG.java:204)
	at org.testng.remote.RemoteTestNG.main(RemoteTestNG.java:175)
Mar 26,2015 18:22:55 [info]  End Execution of Test Class com.iCM.scripts.NotificationSigleDismiss
*****************************************************************************

*****************************************************************************
Mar 26,2015 18:28:02 [info]   Execution Started of Test Class com.iCM.scripts.NotificationMultipleDismiss and Test method testNotificationMultipleDismiss
*****************************************************************************
Mar 26,2015 18:28:02 [info]  Open application url
Mar 26,2015 18:28:19 [info]  Pass
Mar 26,2015 18:28:19 [info]  Verify Page title
Mar 26,2015 18:28:24 [info]  Pass
Mar 26,2015 18:28:24 [info]  Enter User name at login page.
Mar 26,2015 18:28:25 [info]  Pass
Mar 26,2015 18:28:25 [info]  Enter password at login page.
Mar 26,2015 18:28:26 [info]  Pass
Mar 26,2015 18:28:26 [info]  Click on Sign In button
Mar 26,2015 18:28:45 [info]  Pass
Mar 26,2015 18:28:45 [info]  Verify home page title
Mar 26,2015 18:28:51 [info]  Pass
Mar 26,2015 18:28:51 [info]  Click on 'Notification'
Mar 26,2015 18:28:51 [info]  Pass
Mar 26,2015 18:28:52 [info]  Click on 'View All Notification' link
Mar 26,2015 18:28:53 [info]  Pass
Mar 26,2015 18:28:53 [info]  Verify title
Mar 26,2015 18:29:08 [info]  Pass
Mar 26,2015 18:29:08 [info]  Click on Notification
Mar 26,2015 18:30:00 [info]  Mar 26,2015 18:30:00 [info]  <<<<<<<<<<<<<<<<<<<<<<<<<<<<<<<<<< Error message >>>>>>>>>>>>>>>>>>>>>>>>>>>>>>
java.lang.AssertionError: Element Locator ://*[@id='ul_alerts']/li[1]/span[1]/span Not found expected [true] but found [false]
	at org.testng.Assert.fail(Assert.java:94)
	at org.testng.Assert.failNotEquals(Assert.java:494)
	at org.testng.Assert.assertTrue(Assert.java:42)
	at com.iCM.util.DriverHelper.clickOn(DriverHelper.java:240)
	at com.iCM.pagehelper.NotificationHelper.click(NotificationHelper.java:25)
	at com.iCM.scripts.NotificationMultipleDismiss.testNotificationMultipleDismiss(NotificationMultipleDismiss.java:48)
	at sun.reflect.NativeMethodAccessorImpl.invoke0(Native Method)
	at sun.reflect.NativeMethodAccessorImpl.invoke(Unknown Source)
	at sun.reflect.DelegatingMethodAccessorImpl.invoke(Unknown Source)
	at java.lang.reflect.Method.invoke(Unknown Source)
	at org.testng.internal.MethodInvocationHelper.invokeMethod(MethodInvocationHelper.java:84)
	at org.testng.internal.Invoker.invokeMethod(Invoker.java:714)
	at org.testng.internal.Invoker.invokeTestMethod(Invoker.java:901)
	at org.testng.internal.Invoker.invokeTestMethods(Invoker.java:1231)
	at org.testng.internal.TestMethodWorker.invokeTestMethods(TestMethodWorker.java:127)
	at org.testng.internal.TestMethodWorker.run(TestMethodWorker.java:111)
	at org.testng.TestRunner.privateRun(TestRunner.java:767)
	at org.testng.TestRunner.run(TestRunner.java:617)
	at org.testng.SuiteRunner.runTest(SuiteRunner.java:334)
	at org.testng.SuiteRunner.runSequentially(SuiteRunner.java:329)
	at org.testng.SuiteRunner.privateRun(SuiteRunner.java:291)
	at org.testng.SuiteRunner.run(SuiteRunner.java:240)
	at org.testng.SuiteRunnerWorker.runSuite(SuiteRunnerWorker.java:52)
	at org.testng.SuiteRunnerWorker.run(SuiteRunnerWorker.java:86)
	at org.testng.TestNG.runSuitesSequentially(TestNG.java:1224)
	at org.testng.TestNG.runSuitesLocally(TestNG.java:1149)
	at org.testng.TestNG.run(TestNG.java:1057)
	at org.testng.remote.RemoteTestNG.run(RemoteTestNG.java:111)
	at org.testng.remote.RemoteTestNG.initAndRun(RemoteTestNG.java:204)
	at org.testng.remote.RemoteTestNG.main(RemoteTestNG.java:175)
Mar 26,2015 18:30:00 [info]  End Execution of Test Class com.iCM.scripts.NotificationMultipleDismiss
*****************************************************************************

*****************************************************************************
Mar 26,2015 18:32:43 [info]   Execution Started of Test Class com.iCM.scripts.NotificationMultipleDismiss and Test method testNotificationMultipleDismiss
*****************************************************************************
Mar 26,2015 18:32:43 [info]  Open application url
Mar 26,2015 18:32:58 [info]  Pass
Mar 26,2015 18:32:58 [info]  Verify Page title
Mar 26,2015 18:33:03 [info]  Pass
Mar 26,2015 18:33:03 [info]  Enter User name at login page.
Mar 26,2015 18:33:04 [info]  Pass
Mar 26,2015 18:33:04 [info]  Enter password at login page.
Mar 26,2015 18:33:05 [info]  Pass
Mar 26,2015 18:33:05 [info]  Click on Sign In button
Mar 26,2015 18:33:24 [info]  Pass
Mar 26,2015 18:33:24 [info]  Verify home page title
Mar 26,2015 18:33:30 [info]  Pass
Mar 26,2015 18:33:30 [info]  Click on 'Notification'
Mar 26,2015 18:33:30 [info]  Pass
Mar 26,2015 18:33:30 [info]  Click on 'View All Notification' link
Mar 26,2015 18:33:31 [info]  Pass
Mar 26,2015 18:33:31 [info]  Verify title
Mar 26,2015 18:33:45 [info]  Pass
Mar 26,2015 18:33:45 [info]  Select multiple Notification
Mar 26,2015 18:33:48 [info]  Pass
Mar 26,2015 18:33:48 [info]  Click on 'Dismiss' button
Mar 26,2015 18:33:48 [info]  Pass
Mar 26,2015 18:33:48 [info]  Verify User is able to dismiss the notification
Mar 26,2015 18:34:33 [info]  Mar 26,2015 18:34:33 [info]  <<<<<<<<<<<<<<<<<<<<<<<<<<<<<<<<<< Error message >>>>>>>>>>>>>>>>>>>>>>>>>>>>>>
java.lang.AssertionError: Element Locator ://*[@id='ul_alerts']/li[1]/span[1]/span Not found expected [true] but found [false]
	at org.testng.Assert.fail(Assert.java:94)
	at org.testng.Assert.failNotEquals(Assert.java:494)
	at org.testng.Assert.assertTrue(Assert.java:42)
	at com.iCM.util.DriverHelper.getText(DriverHelper.java:289)
	at com.iCM.pagehelper.NotificationHelper.verifyItemTextNot(NotificationHelper.java:73)
	at com.iCM.scripts.NotificationMultipleDismiss.testNotificationMultipleDismiss(NotificationMultipleDismiss.java:58)
	at sun.reflect.NativeMethodAccessorImpl.invoke0(Native Method)
	at sun.reflect.NativeMethodAccessorImpl.invoke(Unknown Source)
	at sun.reflect.DelegatingMethodAccessorImpl.invoke(Unknown Source)
	at java.lang.reflect.Method.invoke(Unknown Source)
	at org.testng.internal.MethodInvocationHelper.invokeMethod(MethodInvocationHelper.java:84)
	at org.testng.internal.Invoker.invokeMethod(Invoker.java:714)
	at org.testng.internal.Invoker.invokeTestMethod(Invoker.java:901)
	at org.testng.internal.Invoker.invokeTestMethods(Invoker.java:1231)
	at org.testng.internal.TestMethodWorker.invokeTestMethods(TestMethodWorker.java:127)
	at org.testng.internal.TestMethodWorker.run(TestMethodWorker.java:111)
	at org.testng.TestRunner.privateRun(TestRunner.java:767)
	at org.testng.TestRunner.run(TestRunner.java:617)
	at org.testng.SuiteRunner.runTest(SuiteRunner.java:334)
	at org.testng.SuiteRunner.runSequentially(SuiteRunner.java:329)
	at org.testng.SuiteRunner.privateRun(SuiteRunner.java:291)
	at org.testng.SuiteRunner.run(SuiteRunner.java:240)
	at org.testng.SuiteRunnerWorker.runSuite(SuiteRunnerWorker.java:52)
	at org.testng.SuiteRunnerWorker.run(SuiteRunnerWorker.java:86)
	at org.testng.TestNG.runSuitesSequentially(TestNG.java:1224)
	at org.testng.TestNG.runSuitesLocally(TestNG.java:1149)
	at org.testng.TestNG.run(TestNG.java:1057)
	at org.testng.remote.RemoteTestNG.run(RemoteTestNG.java:111)
	at org.testng.remote.RemoteTestNG.initAndRun(RemoteTestNG.java:204)
	at org.testng.remote.RemoteTestNG.main(RemoteTestNG.java:175)
Mar 26,2015 18:34:33 [info]  End Execution of Test Class com.iCM.scripts.NotificationMultipleDismiss
*****************************************************************************

*****************************************************************************
Mar 26,2015 18:35:15 [info]   Execution Started of Test Class com.iCM.scripts.NotificationMultipleDismiss and Test method testNotificationMultipleDismiss
*****************************************************************************
Mar 26,2015 18:35:15 [info]  Open application url
Mar 26,2015 18:35:35 [info]  Pass
Mar 26,2015 18:35:35 [info]  Verify Page title
Mar 26,2015 18:35:40 [info]  Pass
Mar 26,2015 18:35:40 [info]  Enter User name at login page.
Mar 26,2015 18:35:42 [info]  Pass
Mar 26,2015 18:35:42 [info]  Enter password at login page.
Mar 26,2015 18:35:42 [info]  Pass
Mar 26,2015 18:35:42 [info]  Click on Sign In button
Mar 26,2015 18:35:58 [info]  Pass
Mar 26,2015 18:35:58 [info]  Verify home page title
Mar 26,2015 18:36:03 [info]  Mar 26,2015 18:36:03 [info]  <<<<<<<<<<<<<<<<<<<<<<<<<<<<<<<<<< Error message >>>>>>>>>>>>>>>>>>>>>>>>>>>>>>
java.lang.AssertionError: Page title is: iCM - Login but expected is: iCM - Home expected [true] but found [false]
	at org.testng.Assert.fail(Assert.java:94)
	at org.testng.Assert.failNotEquals(Assert.java:494)
	at org.testng.Assert.assertTrue(Assert.java:42)
	at com.iCM.pagehelper.LoginHelper.verifyTitle(LoginHelper.java:23)
	at com.iCM.util.DriverTestCase.LoginLive(DriverTestCase.java:288)
	at com.iCM.scripts.NotificationMultipleDismiss.testNotificationMultipleDismiss(NotificationMultipleDismiss.java:29)
	at sun.reflect.NativeMethodAccessorImpl.invoke0(Native Method)
	at sun.reflect.NativeMethodAccessorImpl.invoke(Unknown Source)
	at sun.reflect.DelegatingMethodAccessorImpl.invoke(Unknown Source)
	at java.lang.reflect.Method.invoke(Unknown Source)
	at org.testng.internal.MethodInvocationHelper.invokeMethod(MethodInvocationHelper.java:84)
	at org.testng.internal.Invoker.invokeMethod(Invoker.java:714)
	at org.testng.internal.Invoker.invokeTestMethod(Invoker.java:901)
	at org.testng.internal.Invoker.invokeTestMethods(Invoker.java:1231)
	at org.testng.internal.TestMethodWorker.invokeTestMethods(TestMethodWorker.java:127)
	at org.testng.internal.TestMethodWorker.run(TestMethodWorker.java:111)
	at org.testng.TestRunner.privateRun(TestRunner.java:767)
	at org.testng.TestRunner.run(TestRunner.java:617)
	at org.testng.SuiteRunner.runTest(SuiteRunner.java:334)
	at org.testng.SuiteRunner.runSequentially(SuiteRunner.java:329)
	at org.testng.SuiteRunner.privateRun(SuiteRunner.java:291)
	at org.testng.SuiteRunner.run(SuiteRunner.java:240)
	at org.testng.SuiteRunnerWorker.runSuite(SuiteRunnerWorker.java:52)
	at org.testng.SuiteRunnerWorker.run(SuiteRunnerWorker.java:86)
	at org.testng.TestNG.runSuitesSequentially(TestNG.java:1224)
	at org.testng.TestNG.runSuitesLocally(TestNG.java:1149)
	at org.testng.TestNG.run(TestNG.java:1057)
	at org.testng.remote.RemoteTestNG.run(RemoteTestNG.java:111)
	at org.testng.remote.RemoteTestNG.initAndRun(RemoteTestNG.java:204)
	at org.testng.remote.RemoteTestNG.main(RemoteTestNG.java:175)
Mar 26,2015 18:36:03 [info]  End Execution of Test Class com.iCM.scripts.NotificationMultipleDismiss
*****************************************************************************

*****************************************************************************
Mar 26,2015 18:36:23 [info]   Execution Started of Test Class com.iCM.scripts.NotificationMultipleDismiss and Test method testNotificationMultipleDismiss
*****************************************************************************
Mar 26,2015 18:36:24 [info]  Open application url
Mar 26,2015 18:36:40 [info]  Pass
Mar 26,2015 18:36:40 [info]  Verify Page title
Mar 26,2015 18:36:45 [info]  Pass
Mar 26,2015 18:36:45 [info]  Enter User name at login page.
Mar 26,2015 18:36:46 [info]  Pass
Mar 26,2015 18:36:46 [info]  Enter password at login page.
Mar 26,2015 18:36:47 [info]  Pass
Mar 26,2015 18:36:47 [info]  Click on Sign In button
Mar 26,2015 18:37:07 [info]  Pass
Mar 26,2015 18:37:07 [info]  Verify home page title
Mar 26,2015 18:37:12 [info]  Pass
Mar 26,2015 18:37:12 [info]  Click on 'Notification'
Mar 26,2015 18:37:13 [info]  Pass
Mar 26,2015 18:37:13 [info]  Click on 'View All Notification' link
Mar 26,2015 18:37:14 [info]  Pass
Mar 26,2015 18:37:14 [info]  Verify title
Mar 26,2015 18:37:31 [info]  Pass
Mar 26,2015 18:37:31 [info]  Select multiple Notification
Mar 26,2015 18:37:33 [info]  Pass
Mar 26,2015 18:37:33 [info]  Click on 'Dismiss' button
Mar 26,2015 18:37:34 [info]  Pass
Mar 26,2015 18:37:34 [info]  Click on 'Ok' button
Mar 26,2015 18:37:34 [info]  Pass
Mar 26,2015 18:37:34 [info]  Verify User is able to dismiss the notification
Mar 26,2015 18:38:33 [info]  Mar 26,2015 18:38:33 [info]  <<<<<<<<<<<<<<<<<<<<<<<<<<<<<<<<<< Error message >>>>>>>>>>>>>>>>>>>>>>>>>>>>>>
java.lang.AssertionError: Element Locator ://*[@id='ul_alerts']/li[1]/span[1]/span Not found expected [true] but found [false]
	at org.testng.Assert.fail(Assert.java:94)
	at org.testng.Assert.failNotEquals(Assert.java:494)
	at org.testng.Assert.assertTrue(Assert.java:42)
	at com.iCM.util.DriverHelper.getText(DriverHelper.java:289)
	at com.iCM.pagehelper.NotificationHelper.verifyItemTextNot(NotificationHelper.java:73)
	at com.iCM.scripts.NotificationMultipleDismiss.testNotificationMultipleDismiss(NotificationMultipleDismiss.java:63)
	at sun.reflect.NativeMethodAccessorImpl.invoke0(Native Method)
	at sun.reflect.NativeMethodAccessorImpl.invoke(Unknown Source)
	at sun.reflect.DelegatingMethodAccessorImpl.invoke(Unknown Source)
	at java.lang.reflect.Method.invoke(Unknown Source)
	at org.testng.internal.MethodInvocationHelper.invokeMethod(MethodInvocationHelper.java:84)
	at org.testng.internal.Invoker.invokeMethod(Invoker.java:714)
	at org.testng.internal.Invoker.invokeTestMethod(Invoker.java:901)
	at org.testng.internal.Invoker.invokeTestMethods(Invoker.java:1231)
	at org.testng.internal.TestMethodWorker.invokeTestMethods(TestMethodWorker.java:127)
	at org.testng.internal.TestMethodWorker.run(TestMethodWorker.java:111)
	at org.testng.TestRunner.privateRun(TestRunner.java:767)
	at org.testng.TestRunner.run(TestRunner.java:617)
	at org.testng.SuiteRunner.runTest(SuiteRunner.java:334)
	at org.testng.SuiteRunner.runSequentially(SuiteRunner.java:329)
	at org.testng.SuiteRunner.privateRun(SuiteRunner.java:291)
	at org.testng.SuiteRunner.run(SuiteRunner.java:240)
	at org.testng.SuiteRunnerWorker.runSuite(SuiteRunnerWorker.java:52)
	at org.testng.SuiteRunnerWorker.run(SuiteRunnerWorker.java:86)
	at org.testng.TestNG.runSuitesSequentially(TestNG.java:1224)
	at org.testng.TestNG.runSuitesLocally(TestNG.java:1149)
	at org.testng.TestNG.run(TestNG.java:1057)
	at org.testng.remote.RemoteTestNG.run(RemoteTestNG.java:111)
	at org.testng.remote.RemoteTestNG.initAndRun(RemoteTestNG.java:204)
	at org.testng.remote.RemoteTestNG.main(RemoteTestNG.java:175)
Mar 26,2015 18:38:33 [info]  End Execution of Test Class com.iCM.scripts.NotificationMultipleDismiss
*****************************************************************************

*****************************************************************************
Mar 26,2015 18:40:56 [info]   Execution Started of Test Class com.iCM.scripts.NotificationSigleDismiss and Test method testNotificationSigleDismiss
*****************************************************************************
Mar 26,2015 18:40:56 [info]  Open application url
Mar 26,2015 18:41:14 [info]  Pass
Mar 26,2015 18:41:14 [info]  Verify Page title
Mar 26,2015 18:41:19 [info]  Pass
Mar 26,2015 18:41:19 [info]  Enter User name at login page.
Mar 26,2015 18:41:20 [info]  Pass
Mar 26,2015 18:41:20 [info]  Enter password at login page.
Mar 26,2015 18:41:21 [info]  Pass
Mar 26,2015 18:41:21 [info]  Click on Sign In button
Mar 26,2015 18:41:42 [info]  Pass
Mar 26,2015 18:41:42 [info]  Verify home page title
Mar 26,2015 18:41:47 [info]  Pass
Mar 26,2015 18:41:47 [info]  Click on 'Notification'
Mar 26,2015 18:41:48 [info]  Pass
Mar 26,2015 18:41:48 [info]  Click on 'View All Notification' link
Mar 26,2015 18:41:49 [info]  Pass
Mar 26,2015 18:41:49 [info]  Verify title
Mar 26,2015 18:42:03 [info]  Pass
Mar 26,2015 18:42:03 [info]  Click on Notification
Mar 26,2015 18:42:03 [info]  Pass
Mar 26,2015 18:42:03 [info]  User is able to open the notification
Mar 26,2015 18:42:05 [info]  Pass
Mar 26,2015 18:42:05 [info]  Close the notification
Mar 26,2015 18:42:06 [info]  Pass
Mar 26,2015 18:42:06 [info]  Close the notification
Mar 26,2015 18:42:07 [info]  Pass
Mar 26,2015 18:42:07 [info]  Click on 'Dismiss' button
Mar 26,2015 18:42:08 [info]  Pass
Mar 26,2015 18:42:08 [info]  Click on 'Ok' button
Mar 26,2015 18:42:08 [info]  Pass
Mar 26,2015 18:42:08 [info]  Verify User is able to dismiss the notification
Mar 26,2015 18:42:08 [info]  Pass
Mar 26,2015 18:42:08 [info]  End Execution of Test Class com.iCM.scripts.NotificationSigleDismiss
*****************************************************************************

*****************************************************************************
Mar 26,2015 18:43:07 [info]   Execution Started of Test Class com.iCM.scripts.NotificationSigleDismiss and Test method testNotificationSigleDismiss
*****************************************************************************
Mar 26,2015 18:43:07 [info]  Open application url
Mar 26,2015 18:43:23 [info]  Pass
Mar 26,2015 18:43:23 [info]  Verify Page title
Mar 26,2015 18:43:28 [info]  Pass
Mar 26,2015 18:43:28 [info]  Enter User name at login page.
Mar 26,2015 18:43:29 [info]  Pass
Mar 26,2015 18:43:29 [info]  Enter password at login page.
Mar 26,2015 18:43:30 [info]  Pass
Mar 26,2015 18:43:30 [info]  Click on Sign In button
Mar 26,2015 18:43:47 [info]  Pass
Mar 26,2015 18:43:47 [info]  Verify home page title
Mar 26,2015 18:43:52 [info]  Pass
Mar 26,2015 18:43:52 [info]  Click on 'Notification'
Mar 26,2015 18:43:53 [info]  Pass
Mar 26,2015 18:43:53 [info]  Click on 'View All Notification' link
Mar 26,2015 18:43:54 [info]  Pass
Mar 26,2015 18:43:54 [info]  Verify title
Mar 26,2015 18:44:09 [info]  Pass
Mar 26,2015 18:44:09 [info]  Click on Notification
Mar 26,2015 18:44:09 [info]  Pass
Mar 26,2015 18:44:09 [info]  User is able to open the notification
Mar 26,2015 18:44:12 [info]  Pass
Mar 26,2015 18:44:12 [info]  Close the notification
Mar 26,2015 18:44:12 [info]  Pass
Mar 26,2015 18:44:12 [info]  Close the notification
Mar 26,2015 18:44:13 [info]  Pass
Mar 26,2015 18:44:13 [info]  Click on 'Dismiss' button
Mar 26,2015 18:44:14 [info]  Pass
Mar 26,2015 18:44:14 [info]  Click on 'Ok' button
Mar 26,2015 18:44:14 [info]  Pass
Mar 26,2015 18:44:14 [info]  Verify User is able to dismiss the notification
Mar 26,2015 18:44:18 [info]  Pass
Mar 26,2015 18:44:18 [info]  End Execution of Test Class com.iCM.scripts.NotificationSigleDismiss
*****************************************************************************

*****************************************************************************
Mar 26,2015 18:45:40 [info]   Execution Started of Test Class com.iCM.scripts.NotificationMultipleDismiss and Test method testNotificationMultipleDismiss
*****************************************************************************
Mar 26,2015 18:45:40 [info]  Open application url
Mar 26,2015 18:45:55 [info]  Pass
Mar 26,2015 18:45:55 [info]  Verify Page title
Mar 26,2015 18:46:00 [info]  Pass
Mar 26,2015 18:46:00 [info]  Enter User name at login page.
Mar 26,2015 18:46:01 [info]  Pass
Mar 26,2015 18:46:01 [info]  Enter password at login page.
Mar 26,2015 18:46:02 [info]  Pass
Mar 26,2015 18:46:02 [info]  Click on Sign In button
Mar 26,2015 18:46:18 [info]  Pass
Mar 26,2015 18:46:18 [info]  Verify home page title
Mar 26,2015 18:46:24 [info]  Pass
Mar 26,2015 18:46:24 [info]  Click on 'Notification'
Mar 26,2015 18:46:24 [info]  Pass
Mar 26,2015 18:46:24 [info]  Click on 'View All Notification' link
Mar 26,2015 18:46:25 [info]  Pass
Mar 26,2015 18:46:25 [info]  Verify title
Mar 26,2015 18:46:35 [info]  Pass
Mar 26,2015 18:46:35 [info]  Select multiple Notification
Mar 26,2015 18:46:38 [info]  Pass
Mar 26,2015 18:46:38 [info]  Click on 'Dismiss' button
Mar 26,2015 18:46:38 [info]  Pass
Mar 26,2015 18:46:38 [info]  Click on 'Ok' button
Mar 26,2015 18:46:39 [info]  Pass
Mar 26,2015 18:46:39 [info]  End Execution of Test Class com.iCM.scripts.NotificationMultipleDismiss
*****************************************************************************

*****************************************************************************
Mar 26,2015 18:52:25 [info]   Execution Started of Test Class com.iCM.scripts.NotificationDismissAll and Test method testNotificationDismissAll
*****************************************************************************
Mar 26,2015 18:52:25 [info]  Open application url
Mar 26,2015 18:52:47 [info]  Pass
Mar 26,2015 18:52:48 [info]  Verify Page title
Mar 26,2015 18:52:53 [info]  Pass
Mar 26,2015 18:52:53 [info]  Enter User name at login page.
Mar 26,2015 18:52:53 [info]  Pass
Mar 26,2015 18:52:53 [info]  Enter password at login page.
Mar 26,2015 18:52:54 [info]  Pass
Mar 26,2015 18:52:54 [info]  Click on Sign In button
Mar 26,2015 18:53:12 [info]  Pass
Mar 26,2015 18:53:12 [info]  Verify home page title
Mar 26,2015 18:53:17 [info]  Pass
Mar 26,2015 18:53:17 [info]  Click on 'Notification'
Mar 26,2015 18:53:17 [info]  Pass
Mar 26,2015 18:53:17 [info]  Click on 'View All Notification' link
Mar 26,2015 18:53:18 [info]  Pass
Mar 26,2015 18:53:18 [info]  Verify title
Mar 26,2015 18:53:29 [info]  Pass
Mar 26,2015 18:53:29 [info]  Click on Notification
Mar 26,2015 18:53:29 [info]  Pass
Mar 26,2015 18:53:29 [info]  Click on 'Ok' button
Mar 26,2015 18:53:30 [info]  Pass
Mar 26,2015 18:53:30 [info]  Verify User is able to dismiss the notification
Mar 26,2015 18:53:54 [info]  Mar 26,2015 18:53:54 [info]  <<<<<<<<<<<<<<<<<<<<<<<<<<<<<<<<<< Error message >>>>>>>>>>>>>>>>>>>>>>>>>>>>>>
java.lang.AssertionError: Element Locator ://*[@id='ul_alerts']/li[1]/span[1] Not found expected [true] but found [false]
	at org.testng.Assert.fail(Assert.java:94)
	at org.testng.Assert.failNotEquals(Assert.java:494)
	at org.testng.Assert.assertTrue(Assert.java:42)
	at com.iCM.util.DriverHelper.getText(DriverHelper.java:289)
	at com.iCM.pagehelper.NotificationHelper.verifyItemTextNot(NotificationHelper.java:73)
	at com.iCM.scripts.NotificationDismissAll.testNotificationDismissAll(NotificationDismissAll.java:58)
	at sun.reflect.NativeMethodAccessorImpl.invoke0(Native Method)
	at sun.reflect.NativeMethodAccessorImpl.invoke(Unknown Source)
	at sun.reflect.DelegatingMethodAccessorImpl.invoke(Unknown Source)
	at java.lang.reflect.Method.invoke(Unknown Source)
	at org.testng.internal.MethodInvocationHelper.invokeMethod(MethodInvocationHelper.java:84)
	at org.testng.internal.Invoker.invokeMethod(Invoker.java:714)
	at org.testng.internal.Invoker.invokeTestMethod(Invoker.java:901)
	at org.testng.internal.Invoker.invokeTestMethods(Invoker.java:1231)
	at org.testng.internal.TestMethodWorker.invokeTestMethods(TestMethodWorker.java:127)
	at org.testng.internal.TestMethodWorker.run(TestMethodWorker.java:111)
	at org.testng.TestRunner.privateRun(TestRunner.java:767)
	at org.testng.TestRunner.run(TestRunner.java:617)
	at org.testng.SuiteRunner.runTest(SuiteRunner.java:334)
	at org.testng.SuiteRunner.runSequentially(SuiteRunner.java:329)
	at org.testng.SuiteRunner.privateRun(SuiteRunner.java:291)
	at org.testng.SuiteRunner.run(SuiteRunner.java:240)
	at org.testng.SuiteRunnerWorker.runSuite(SuiteRunnerWorker.java:52)
	at org.testng.SuiteRunnerWorker.run(SuiteRunnerWorker.java:86)
	at org.testng.TestNG.runSuitesSequentially(TestNG.java:1224)
	at org.testng.TestNG.runSuitesLocally(TestNG.java:1149)
	at org.testng.TestNG.run(TestNG.java:1057)
	at org.testng.remote.RemoteTestNG.run(RemoteTestNG.java:111)
	at org.testng.remote.RemoteTestNG.initAndRun(RemoteTestNG.java:204)
	at org.testng.remote.RemoteTestNG.main(RemoteTestNG.java:175)
Mar 26,2015 18:53:54 [info]  End Execution of Test Class com.iCM.scripts.NotificationDismissAll
*****************************************************************************

*****************************************************************************
Mar 26,2015 19:06:53 [info]   Execution Started of Test Class com.iCM.scripts.StaffProfile and Test method testStaffProfile
*****************************************************************************
Mar 26,2015 19:06:53 [info]  Open application url
Mar 26,2015 19:07:13 [info]  Pass
Mar 26,2015 19:07:13 [info]  Verify Page title
Mar 26,2015 19:07:18 [info]  Pass
Mar 26,2015 19:07:18 [info]  Enter User name at login page.
Mar 26,2015 19:07:19 [info]  Pass
Mar 26,2015 19:07:19 [info]  Enter password at login page.
Mar 26,2015 19:07:20 [info]  Pass
Mar 26,2015 19:07:20 [info]  Click on Sign In button
Mar 26,2015 19:07:41 [info]  Pass
Mar 26,2015 19:07:41 [info]  Verify home page title
Mar 26,2015 19:07:46 [info]  Mar 26,2015 19:07:46 [info]  <<<<<<<<<<<<<<<<<<<<<<<<<<<<<<<<<< Error message >>>>>>>>>>>>>>>>>>>>>>>>>>>>>>
java.lang.AssertionError: Page title is: iCM - Punch In but expected is: iCM - Home expected [true] but found [false]
	at org.testng.Assert.fail(Assert.java:94)
	at org.testng.Assert.failNotEquals(Assert.java:494)
	at org.testng.Assert.assertTrue(Assert.java:42)
	at com.iCM.pagehelper.LoginHelper.verifyTitle(LoginHelper.java:23)
	at com.iCM.util.DriverTestCase.LoginLive(DriverTestCase.java:292)
	at com.iCM.scripts.StaffProfile.testStaffProfile(StaffProfile.java:29)
	at sun.reflect.NativeMethodAccessorImpl.invoke0(Native Method)
	at sun.reflect.NativeMethodAccessorImpl.invoke(Unknown Source)
	at sun.reflect.DelegatingMethodAccessorImpl.invoke(Unknown Source)
	at java.lang.reflect.Method.invoke(Unknown Source)
	at org.testng.internal.MethodInvocationHelper.invokeMethod(MethodInvocationHelper.java:84)
	at org.testng.internal.Invoker.invokeMethod(Invoker.java:714)
	at org.testng.internal.Invoker.invokeTestMethod(Invoker.java:901)
	at org.testng.internal.Invoker.invokeTestMethods(Invoker.java:1231)
	at org.testng.internal.TestMethodWorker.invokeTestMethods(TestMethodWorker.java:127)
	at org.testng.internal.TestMethodWorker.run(TestMethodWorker.java:111)
	at org.testng.TestRunner.privateRun(TestRunner.java:767)
	at org.testng.TestRunner.run(TestRunner.java:617)
	at org.testng.SuiteRunner.runTest(SuiteRunner.java:334)
	at org.testng.SuiteRunner.runSequentially(SuiteRunner.java:329)
	at org.testng.SuiteRunner.privateRun(SuiteRunner.java:291)
	at org.testng.SuiteRunner.run(SuiteRunner.java:240)
	at org.testng.SuiteRunnerWorker.runSuite(SuiteRunnerWorker.java:52)
	at org.testng.SuiteRunnerWorker.run(SuiteRunnerWorker.java:86)
	at org.testng.TestNG.runSuitesSequentially(TestNG.java:1224)
	at org.testng.TestNG.runSuitesLocally(TestNG.java:1149)
	at org.testng.TestNG.run(TestNG.java:1057)
	at org.testng.remote.RemoteTestNG.run(RemoteTestNG.java:111)
	at org.testng.remote.RemoteTestNG.initAndRun(RemoteTestNG.java:204)
	at org.testng.remote.RemoteTestNG.main(RemoteTestNG.java:175)
Mar 26,2015 19:07:46 [info]  End Execution of Test Class com.iCM.scripts.StaffProfile
*****************************************************************************

*****************************************************************************
Mar 26,2015 19:09:50 [info]   Execution Started of Test Class com.iCM.scripts.StaffProfile and Test method testStaffProfile
*****************************************************************************
Mar 26,2015 19:09:50 [info]  Open application url
Mar 26,2015 19:10:06 [info]  Pass
Mar 26,2015 19:10:06 [info]  Verify Page title
Mar 26,2015 19:10:12 [info]  Pass
Mar 26,2015 19:10:12 [info]  Enter User name at login page.
Mar 26,2015 19:10:12 [info]  Pass
Mar 26,2015 19:10:12 [info]  Enter password at login page.
Mar 26,2015 19:10:14 [info]  Pass
Mar 26,2015 19:10:14 [info]  Click on Sign In button
Mar 26,2015 19:10:31 [info]  Pass
Mar 26,2015 19:10:31 [info]  Verify home page title
Mar 26,2015 19:10:36 [info]  Mar 26,2015 19:10:36 [info]  <<<<<<<<<<<<<<<<<<<<<<<<<<<<<<<<<< Error message >>>>>>>>>>>>>>>>>>>>>>>>>>>>>>
java.lang.AssertionError: Page title is: iCM - Punch In but expected is: iCM - Home expected [true] but found [false]
	at org.testng.Assert.fail(Assert.java:94)
	at org.testng.Assert.failNotEquals(Assert.java:494)
	at org.testng.Assert.assertTrue(Assert.java:42)
	at com.iCM.pagehelper.LoginHelper.verifyTitle(LoginHelper.java:23)
	at com.iCM.util.DriverTestCase.LoginLive(DriverTestCase.java:292)
	at com.iCM.scripts.StaffProfile.testStaffProfile(StaffProfile.java:29)
	at sun.reflect.NativeMethodAccessorImpl.invoke0(Native Method)
	at sun.reflect.NativeMethodAccessorImpl.invoke(Unknown Source)
	at sun.reflect.DelegatingMethodAccessorImpl.invoke(Unknown Source)
	at java.lang.reflect.Method.invoke(Unknown Source)
	at org.testng.internal.MethodInvocationHelper.invokeMethod(MethodInvocationHelper.java:84)
	at org.testng.internal.Invoker.invokeMethod(Invoker.java:714)
	at org.testng.internal.Invoker.invokeTestMethod(Invoker.java:901)
	at org.testng.internal.Invoker.invokeTestMethods(Invoker.java:1231)
	at org.testng.internal.TestMethodWorker.invokeTestMethods(TestMethodWorker.java:127)
	at org.testng.internal.TestMethodWorker.run(TestMethodWorker.java:111)
	at org.testng.TestRunner.privateRun(TestRunner.java:767)
	at org.testng.TestRunner.run(TestRunner.java:617)
	at org.testng.SuiteRunner.runTest(SuiteRunner.java:334)
	at org.testng.SuiteRunner.runSequentially(SuiteRunner.java:329)
	at org.testng.SuiteRunner.privateRun(SuiteRunner.java:291)
	at org.testng.SuiteRunner.run(SuiteRunner.java:240)
	at org.testng.SuiteRunnerWorker.runSuite(SuiteRunnerWorker.java:52)
	at org.testng.SuiteRunnerWorker.run(SuiteRunnerWorker.java:86)
	at org.testng.TestNG.runSuitesSequentially(TestNG.java:1224)
	at org.testng.TestNG.runSuitesLocally(TestNG.java:1149)
	at org.testng.TestNG.run(TestNG.java:1057)
	at org.testng.remote.RemoteTestNG.run(RemoteTestNG.java:111)
	at org.testng.remote.RemoteTestNG.initAndRun(RemoteTestNG.java:204)
	at org.testng.remote.RemoteTestNG.main(RemoteTestNG.java:175)
Mar 26,2015 19:10:36 [info]  End Execution of Test Class com.iCM.scripts.StaffProfile
*****************************************************************************

*****************************************************************************
Mar 26,2015 19:11:22 [info]   Execution Started of Test Class com.iCM.scripts.StaffProfile and Test method testStaffProfile
*****************************************************************************
Mar 26,2015 19:11:22 [info]  Open application url
Mar 26,2015 19:11:38 [info]  Pass
Mar 26,2015 19:11:38 [info]  Verify Page title
Mar 26,2015 19:11:43 [info]  Pass
Mar 26,2015 19:11:43 [info]  Enter User name at login page.
Mar 26,2015 19:11:44 [info]  Pass
Mar 26,2015 19:11:44 [info]  Enter password at login page.
Mar 26,2015 19:11:47 [info]  Pass
Mar 26,2015 19:11:47 [info]  Click on Sign In button
Mar 26,2015 19:12:05 [info]  Pass
Mar 26,2015 19:12:05 [info]  Verify home page title
Mar 26,2015 19:12:10 [info]  Mar 26,2015 19:12:10 [info]  <<<<<<<<<<<<<<<<<<<<<<<<<<<<<<<<<< Error message >>>>>>>>>>>>>>>>>>>>>>>>>>>>>>
java.lang.AssertionError: Page title is: iCM - Punch In but expected is: iCM - Home expected [true] but found [false]
	at org.testng.Assert.fail(Assert.java:94)
	at org.testng.Assert.failNotEquals(Assert.java:494)
	at org.testng.Assert.assertTrue(Assert.java:42)
	at com.iCM.pagehelper.LoginHelper.verifyTitle(LoginHelper.java:23)
	at com.iCM.util.DriverTestCase.LoginLive(DriverTestCase.java:292)
	at com.iCM.scripts.StaffProfile.testStaffProfile(StaffProfile.java:29)
	at sun.reflect.NativeMethodAccessorImpl.invoke0(Native Method)
	at sun.reflect.NativeMethodAccessorImpl.invoke(Unknown Source)
	at sun.reflect.DelegatingMethodAccessorImpl.invoke(Unknown Source)
	at java.lang.reflect.Method.invoke(Unknown Source)
	at org.testng.internal.MethodInvocationHelper.invokeMethod(MethodInvocationHelper.java:84)
	at org.testng.internal.Invoker.invokeMethod(Invoker.java:714)
	at org.testng.internal.Invoker.invokeTestMethod(Invoker.java:901)
	at org.testng.internal.Invoker.invokeTestMethods(Invoker.java:1231)
	at org.testng.internal.TestMethodWorker.invokeTestMethods(TestMethodWorker.java:127)
	at org.testng.internal.TestMethodWorker.run(TestMethodWorker.java:111)
	at org.testng.TestRunner.privateRun(TestRunner.java:767)
	at org.testng.TestRunner.run(TestRunner.java:617)
	at org.testng.SuiteRunner.runTest(SuiteRunner.java:334)
	at org.testng.SuiteRunner.runSequentially(SuiteRunner.java:329)
	at org.testng.SuiteRunner.privateRun(SuiteRunner.java:291)
	at org.testng.SuiteRunner.run(SuiteRunner.java:240)
	at org.testng.SuiteRunnerWorker.runSuite(SuiteRunnerWorker.java:52)
	at org.testng.SuiteRunnerWorker.run(SuiteRunnerWorker.java:86)
	at org.testng.TestNG.runSuitesSequentially(TestNG.java:1224)
	at org.testng.TestNG.runSuitesLocally(TestNG.java:1149)
	at org.testng.TestNG.run(TestNG.java:1057)
	at org.testng.remote.RemoteTestNG.run(RemoteTestNG.java:111)
	at org.testng.remote.RemoteTestNG.initAndRun(RemoteTestNG.java:204)
	at org.testng.remote.RemoteTestNG.main(RemoteTestNG.java:175)
Mar 26,2015 19:12:10 [info]  End Execution of Test Class com.iCM.scripts.StaffProfile
*****************************************************************************

*****************************************************************************
Mar 26,2015 19:13:16 [info]   Execution Started of Test Class com.iCM.scripts.StaffProfile and Test method testStaffProfile
*****************************************************************************
Mar 26,2015 19:13:16 [info]  Open application url
Mar 26,2015 19:13:38 [info]  Pass
Mar 26,2015 19:13:38 [info]  Verify Page title
Mar 26,2015 19:13:43 [info]  Pass
Mar 26,2015 19:13:43 [info]  Enter User name at login page.
Mar 26,2015 19:13:44 [info]  Pass
Mar 26,2015 19:13:44 [info]  Enter password at login page.
Mar 26,2015 19:13:45 [info]  Pass
Mar 26,2015 19:13:45 [info]  Click on Sign In button
Mar 26,2015 19:14:07 [info]  Pass
Mar 26,2015 19:14:07 [info]  Verify home page title
Mar 26,2015 19:14:12 [info]  Mar 26,2015 19:14:12 [info]  <<<<<<<<<<<<<<<<<<<<<<<<<<<<<<<<<< Error message >>>>>>>>>>>>>>>>>>>>>>>>>>>>>>
java.lang.AssertionError: Page title is: iCM - Punch In but expected is: iCM - Home expected [true] but found [false]
	at org.testng.Assert.fail(Assert.java:94)
	at org.testng.Assert.failNotEquals(Assert.java:494)
	at org.testng.Assert.assertTrue(Assert.java:42)
	at com.iCM.pagehelper.LoginHelper.verifyTitle(LoginHelper.java:23)
	at com.iCM.util.DriverTestCase.LoginLive(DriverTestCase.java:292)
	at com.iCM.scripts.StaffProfile.testStaffProfile(StaffProfile.java:29)
	at sun.reflect.NativeMethodAccessorImpl.invoke0(Native Method)
	at sun.reflect.NativeMethodAccessorImpl.invoke(Unknown Source)
	at sun.reflect.DelegatingMethodAccessorImpl.invoke(Unknown Source)
	at java.lang.reflect.Method.invoke(Unknown Source)
	at org.testng.internal.MethodInvocationHelper.invokeMethod(MethodInvocationHelper.java:84)
	at org.testng.internal.Invoker.invokeMethod(Invoker.java:714)
	at org.testng.internal.Invoker.invokeTestMethod(Invoker.java:901)
	at org.testng.internal.Invoker.invokeTestMethods(Invoker.java:1231)
	at org.testng.internal.TestMethodWorker.invokeTestMethods(TestMethodWorker.java:127)
	at org.testng.internal.TestMethodWorker.run(TestMethodWorker.java:111)
	at org.testng.TestRunner.privateRun(TestRunner.java:767)
	at org.testng.TestRunner.run(TestRunner.java:617)
	at org.testng.SuiteRunner.runTest(SuiteRunner.java:334)
	at org.testng.SuiteRunner.runSequentially(SuiteRunner.java:329)
	at org.testng.SuiteRunner.privateRun(SuiteRunner.java:291)
	at org.testng.SuiteRunner.run(SuiteRunner.java:240)
	at org.testng.SuiteRunnerWorker.runSuite(SuiteRunnerWorker.java:52)
	at org.testng.SuiteRunnerWorker.run(SuiteRunnerWorker.java:86)
	at org.testng.TestNG.runSuitesSequentially(TestNG.java:1224)
	at org.testng.TestNG.runSuitesLocally(TestNG.java:1149)
	at org.testng.TestNG.run(TestNG.java:1057)
	at org.testng.remote.RemoteTestNG.run(RemoteTestNG.java:111)
	at org.testng.remote.RemoteTestNG.initAndRun(RemoteTestNG.java:204)
	at org.testng.remote.RemoteTestNG.main(RemoteTestNG.java:175)
Mar 26,2015 19:14:12 [info]  End Execution of Test Class com.iCM.scripts.StaffProfile
*****************************************************************************

*****************************************************************************
Mar 26,2015 19:15:23 [info]   Execution Started of Test Class com.iCM.scripts.StaffProfile and Test method testStaffProfile
*****************************************************************************
Mar 26,2015 19:15:23 [info]  Open application url
Mar 26,2015 19:15:43 [info]  Pass
Mar 26,2015 19:15:43 [info]  Verify Page title
Mar 26,2015 19:15:48 [info]  Pass
Mar 26,2015 19:15:48 [info]  Enter User name at login page.
Mar 26,2015 19:15:49 [info]  Pass
Mar 26,2015 19:15:49 [info]  Enter password at login page.
Mar 26,2015 19:15:50 [info]  Pass
Mar 26,2015 19:15:50 [info]  Click on Sign In button
Mar 26,2015 19:16:12 [info]  Pass
Mar 26,2015 19:16:12 [info]  Verify home page title
Mar 26,2015 19:16:18 [info]  Mar 26,2015 19:16:18 [info]  <<<<<<<<<<<<<<<<<<<<<<<<<<<<<<<<<< Error message >>>>>>>>>>>>>>>>>>>>>>>>>>>>>>
java.lang.AssertionError: Page title is: iCM - Punch In but expected is: iCM - Home expected [true] but found [false]
	at org.testng.Assert.fail(Assert.java:94)
	at org.testng.Assert.failNotEquals(Assert.java:494)
	at org.testng.Assert.assertTrue(Assert.java:42)
	at com.iCM.pagehelper.LoginHelper.verifyTitle(LoginHelper.java:23)
	at com.iCM.util.DriverTestCase.LoginLive(DriverTestCase.java:292)
	at com.iCM.scripts.StaffProfile.testStaffProfile(StaffProfile.java:29)
	at sun.reflect.NativeMethodAccessorImpl.invoke0(Native Method)
	at sun.reflect.NativeMethodAccessorImpl.invoke(Unknown Source)
	at sun.reflect.DelegatingMethodAccessorImpl.invoke(Unknown Source)
	at java.lang.reflect.Method.invoke(Unknown Source)
	at org.testng.internal.MethodInvocationHelper.invokeMethod(MethodInvocationHelper.java:84)
	at org.testng.internal.Invoker.invokeMethod(Invoker.java:714)
	at org.testng.internal.Invoker.invokeTestMethod(Invoker.java:901)
	at org.testng.internal.Invoker.invokeTestMethods(Invoker.java:1231)
	at org.testng.internal.TestMethodWorker.invokeTestMethods(TestMethodWorker.java:127)
	at org.testng.internal.TestMethodWorker.run(TestMethodWorker.java:111)
	at org.testng.TestRunner.privateRun(TestRunner.java:767)
	at org.testng.TestRunner.run(TestRunner.java:617)
	at org.testng.SuiteRunner.runTest(SuiteRunner.java:334)
	at org.testng.SuiteRunner.runSequentially(SuiteRunner.java:329)
	at org.testng.SuiteRunner.privateRun(SuiteRunner.java:291)
	at org.testng.SuiteRunner.run(SuiteRunner.java:240)
	at org.testng.SuiteRunnerWorker.runSuite(SuiteRunnerWorker.java:52)
	at org.testng.SuiteRunnerWorker.run(SuiteRunnerWorker.java:86)
	at org.testng.TestNG.runSuitesSequentially(TestNG.java:1224)
	at org.testng.TestNG.runSuitesLocally(TestNG.java:1149)
	at org.testng.TestNG.run(TestNG.java:1057)
	at org.testng.remote.RemoteTestNG.run(RemoteTestNG.java:111)
	at org.testng.remote.RemoteTestNG.initAndRun(RemoteTestNG.java:204)
	at org.testng.remote.RemoteTestNG.main(RemoteTestNG.java:175)
Mar 26,2015 19:16:18 [info]  End Execution of Test Class com.iCM.scripts.StaffProfile
*****************************************************************************

*****************************************************************************
Mar 26,2015 19:17:04 [info]   Execution Started of Test Class com.iCM.scripts.StaffProfile and Test method testStaffProfile
*****************************************************************************
Mar 26,2015 19:17:04 [info]  Open application url
Mar 26,2015 19:17:24 [info]  Pass
Mar 26,2015 19:17:24 [info]  Verify Page title
Mar 26,2015 19:17:29 [info]  Pass
Mar 26,2015 19:17:29 [info]  Enter User name at login page.
Mar 26,2015 19:17:30 [info]  Pass
Mar 26,2015 19:17:30 [info]  Enter password at login page.
Mar 26,2015 19:17:31 [info]  Pass
Mar 26,2015 19:17:31 [info]  Click on Sign In button
Mar 26,2015 19:17:58 [info]  Pass
Mar 26,2015 19:17:58 [info]  Verify home page title
Mar 26,2015 19:17:58 [info]  Pass
Mar 26,2015 19:18:03 [info]  Click on 'Username' dropdown
Mar 26,2015 19:18:03 [info]  Mar 26,2015 19:18:03 [info]  <<<<<<<<<<<<<<<<<<<<<<<<<<<<<<<<<< Error message >>>>>>>>>>>>>>>>>>>>>>>>>>>>>>
java.lang.NullPointerException
	at com.iCM.locators.LocatorReader.getLocator(LocatorReader.java:32)
	at com.iCM.pagehelper.NotificationHelper.click(NotificationHelper.java:23)
	at com.iCM.scripts.StaffProfile.testStaffProfile(StaffProfile.java:35)
	at sun.reflect.NativeMethodAccessorImpl.invoke0(Native Method)
	at sun.reflect.NativeMethodAccessorImpl.invoke(Unknown Source)
	at sun.reflect.DelegatingMethodAccessorImpl.invoke(Unknown Source)
	at java.lang.reflect.Method.invoke(Unknown Source)
	at org.testng.internal.MethodInvocationHelper.invokeMethod(MethodInvocationHelper.java:84)
	at org.testng.internal.Invoker.invokeMethod(Invoker.java:714)
	at org.testng.internal.Invoker.invokeTestMethod(Invoker.java:901)
	at org.testng.internal.Invoker.invokeTestMethods(Invoker.java:1231)
	at org.testng.internal.TestMethodWorker.invokeTestMethods(TestMethodWorker.java:127)
	at org.testng.internal.TestMethodWorker.run(TestMethodWorker.java:111)
	at org.testng.TestRunner.privateRun(TestRunner.java:767)
	at org.testng.TestRunner.run(TestRunner.java:617)
	at org.testng.SuiteRunner.runTest(SuiteRunner.java:334)
	at org.testng.SuiteRunner.runSequentially(SuiteRunner.java:329)
	at org.testng.SuiteRunner.privateRun(SuiteRunner.java:291)
	at org.testng.SuiteRunner.run(SuiteRunner.java:240)
	at org.testng.SuiteRunnerWorker.runSuite(SuiteRunnerWorker.java:52)
	at org.testng.SuiteRunnerWorker.run(SuiteRunnerWorker.java:86)
	at org.testng.TestNG.runSuitesSequentially(TestNG.java:1224)
	at org.testng.TestNG.runSuitesLocally(TestNG.java:1149)
	at org.testng.TestNG.run(TestNG.java:1057)
	at org.testng.remote.RemoteTestNG.run(RemoteTestNG.java:111)
	at org.testng.remote.RemoteTestNG.initAndRun(RemoteTestNG.java:204)
	at org.testng.remote.RemoteTestNG.main(RemoteTestNG.java:175)
Mar 26,2015 19:18:03 [info]  End Execution of Test Class com.iCM.scripts.StaffProfile
*****************************************************************************

*****************************************************************************
Mar 26,2015 19:22:28 [info]   Execution Started of Test Class com.iCM.scripts.StaffProfile and Test method testStaffProfile
*****************************************************************************
Mar 26,2015 19:22:28 [info]  Open application url
Mar 26,2015 19:22:50 [info]  Pass
Mar 26,2015 19:22:50 [info]  Verify Page title
Mar 26,2015 19:22:55 [info]  Pass
Mar 26,2015 19:22:55 [info]  Enter User name at login page.
Mar 26,2015 19:22:56 [info]  Pass
Mar 26,2015 19:22:56 [info]  Enter password at login page.
Mar 26,2015 19:22:57 [info]  Pass
Mar 26,2015 19:22:57 [info]  Click on Sign In button
Mar 26,2015 19:23:20 [info]  Pass
Mar 26,2015 19:23:20 [info]  Verify home page title
Mar 26,2015 19:23:25 [info]  Pass
Mar 26,2015 19:23:30 [info]  Click on 'Username' dropdown
Mar 26,2015 19:23:30 [info]  Mar 26,2015 19:23:30 [info]  <<<<<<<<<<<<<<<<<<<<<<<<<<<<<<<<<< Error message >>>>>>>>>>>>>>>>>>>>>>>>>>>>>>
java.lang.NullPointerException
	at com.iCM.scripts.StaffProfile.testStaffProfile(StaffProfile.java:35)
	at sun.reflect.NativeMethodAccessorImpl.invoke0(Native Method)
	at sun.reflect.NativeMethodAccessorImpl.invoke(Unknown Source)
	at sun.reflect.DelegatingMethodAccessorImpl.invoke(Unknown Source)
	at java.lang.reflect.Method.invoke(Unknown Source)
	at org.testng.internal.MethodInvocationHelper.invokeMethod(MethodInvocationHelper.java:84)
	at org.testng.internal.Invoker.invokeMethod(Invoker.java:714)
	at org.testng.internal.Invoker.invokeTestMethod(Invoker.java:901)
	at org.testng.internal.Invoker.invokeTestMethods(Invoker.java:1231)
	at org.testng.internal.TestMethodWorker.invokeTestMethods(TestMethodWorker.java:127)
	at org.testng.internal.TestMethodWorker.run(TestMethodWorker.java:111)
	at org.testng.TestRunner.privateRun(TestRunner.java:767)
	at org.testng.TestRunner.run(TestRunner.java:617)
	at org.testng.SuiteRunner.runTest(SuiteRunner.java:334)
	at org.testng.SuiteRunner.runSequentially(SuiteRunner.java:329)
	at org.testng.SuiteRunner.privateRun(SuiteRunner.java:291)
	at org.testng.SuiteRunner.run(SuiteRunner.java:240)
	at org.testng.SuiteRunnerWorker.runSuite(SuiteRunnerWorker.java:52)
	at org.testng.SuiteRunnerWorker.run(SuiteRunnerWorker.java:86)
	at org.testng.TestNG.runSuitesSequentially(TestNG.java:1224)
	at org.testng.TestNG.runSuitesLocally(TestNG.java:1149)
	at org.testng.TestNG.run(TestNG.java:1057)
	at org.testng.remote.RemoteTestNG.run(RemoteTestNG.java:111)
	at org.testng.remote.RemoteTestNG.initAndRun(RemoteTestNG.java:204)
	at org.testng.remote.RemoteTestNG.main(RemoteTestNG.java:175)
Mar 26,2015 19:23:30 [info]  End Execution of Test Class com.iCM.scripts.StaffProfile
*****************************************************************************

*****************************************************************************
Mar 26,2015 19:24:15 [info]   Execution Started of Test Class com.iCM.scripts.StaffProfile and Test method testStaffProfile
*****************************************************************************
Mar 26,2015 19:24:15 [info]  Open application url
Mar 26,2015 19:24:31 [info]  Pass
Mar 26,2015 19:24:31 [info]  Verify Page title
Mar 26,2015 19:24:36 [info]  Pass
Mar 26,2015 19:24:36 [info]  Enter User name at login page.
Mar 26,2015 19:24:37 [info]  Pass
Mar 26,2015 19:24:37 [info]  Enter password at login page.
Mar 26,2015 19:24:38 [info]  Pass
Mar 26,2015 19:24:38 [info]  Click on Sign In button
Mar 26,2015 19:25:03 [info]  Pass
Mar 26,2015 19:25:03 [info]  Verify home page title
Mar 26,2015 19:25:08 [info]  Pass
Mar 26,2015 19:25:13 [info]  Click on 'Username' dropdown
Mar 26,2015 19:25:16 [info]  Pass
Mar 26,2015 19:25:16 [info]  Click on 'Profile' link
Mar 26,2015 19:25:18 [info]  Pass
Mar 26,2015 19:25:21 [info]  Verify title
Mar 26,2015 19:25:33 [info]  Pass
Mar 26,2015 19:25:33 [info]  End Execution of Test Class com.iCM.scripts.StaffProfile
*****************************************************************************

*****************************************************************************
Mar 26,2015 19:47:12 [info]   Execution Started of Test Class com.iCM.scripts.StaffProfileTabs and Test method testStaffProfile
*****************************************************************************
Mar 26,2015 19:47:12 [info]  Open application url
Mar 26,2015 19:47:32 [info]  Pass
Mar 26,2015 19:47:32 [info]  Verify Page title
Mar 26,2015 19:47:37 [info]  Pass
Mar 26,2015 19:47:37 [info]  Enter User name at login page.
Mar 26,2015 19:47:38 [info]  Pass
Mar 26,2015 19:47:38 [info]  Enter password at login page.
Mar 26,2015 19:47:39 [info]  Pass
Mar 26,2015 19:47:39 [info]  Click on Sign In button
Mar 26,2015 19:48:09 [info]  Pass
Mar 26,2015 19:48:09 [info]  Verify home page title
Mar 26,2015 19:48:14 [info]  Pass
Mar 26,2015 19:48:19 [info]  Click on 'Username' dropdown
Mar 26,2015 19:48:25 [info]  Pass
Mar 26,2015 19:48:25 [info]  Click on 'Profile' link
Mar 26,2015 19:48:28 [info]  Pass
Mar 26,2015 19:48:31 [info]  Verify title
Mar 26,2015 19:48:45 [info]  Pass
Mar 26,2015 19:48:45 [info]  Verify tabs available
Mar 26,2015 19:48:45 [info]  Mar 26,2015 19:48:45 [info]  <<<<<<<<<<<<<<<<<<<<<<<<<<<<<<<<<< Error message >>>>>>>>>>>>>>>>>>>>>>>>>>>>>>
java.lang.AssertionError: expected [true] but found [false]
	at org.testng.Assert.fail(Assert.java:94)
	at org.testng.Assert.failNotEquals(Assert.java:494)
	at org.testng.Assert.assertTrue(Assert.java:42)
	at org.testng.Assert.assertTrue(Assert.java:52)
	at com.iCM.pagehelper.StaffHelper.verifyTabs(StaffHelper.java:37)
	at com.iCM.scripts.StaffProfileTabs.testStaffProfile(StaffProfileTabs.java:52)
	at sun.reflect.NativeMethodAccessorImpl.invoke0(Native Method)
	at sun.reflect.NativeMethodAccessorImpl.invoke(Unknown Source)
	at sun.reflect.DelegatingMethodAccessorImpl.invoke(Unknown Source)
	at java.lang.reflect.Method.invoke(Unknown Source)
	at org.testng.internal.MethodInvocationHelper.invokeMethod(MethodInvocationHelper.java:84)
	at org.testng.internal.Invoker.invokeMethod(Invoker.java:714)
	at org.testng.internal.Invoker.invokeTestMethod(Invoker.java:901)
	at org.testng.internal.Invoker.invokeTestMethods(Invoker.java:1231)
	at org.testng.internal.TestMethodWorker.invokeTestMethods(TestMethodWorker.java:127)
	at org.testng.internal.TestMethodWorker.run(TestMethodWorker.java:111)
	at org.testng.TestRunner.privateRun(TestRunner.java:767)
	at org.testng.TestRunner.run(TestRunner.java:617)
	at org.testng.SuiteRunner.runTest(SuiteRunner.java:334)
	at org.testng.SuiteRunner.runSequentially(SuiteRunner.java:329)
	at org.testng.SuiteRunner.privateRun(SuiteRunner.java:291)
	at org.testng.SuiteRunner.run(SuiteRunner.java:240)
	at org.testng.SuiteRunnerWorker.runSuite(SuiteRunnerWorker.java:52)
	at org.testng.SuiteRunnerWorker.run(SuiteRunnerWorker.java:86)
	at org.testng.TestNG.runSuitesSequentially(TestNG.java:1224)
	at org.testng.TestNG.runSuitesLocally(TestNG.java:1149)
	at org.testng.TestNG.run(TestNG.java:1057)
	at org.testng.remote.RemoteTestNG.run(RemoteTestNG.java:111)
	at org.testng.remote.RemoteTestNG.initAndRun(RemoteTestNG.java:204)
	at org.testng.remote.RemoteTestNG.main(RemoteTestNG.java:175)
Mar 26,2015 19:48:45 [info]  End Execution of Test Class com.iCM.scripts.StaffProfileTabs
*****************************************************************************

*****************************************************************************
Mar 26,2015 19:52:07 [info]   Execution Started of Test Class com.iCM.scripts.StaffProfileTabs and Test method testStaffProfile
*****************************************************************************
Mar 26,2015 19:52:07 [info]  Open application url
Mar 26,2015 19:52:50 [info]  Pass
Mar 26,2015 19:52:50 [info]  Verify Page title
Mar 26,2015 19:52:55 [info]  Pass
Mar 26,2015 19:52:55 [info]  Enter User name at login page.
Mar 26,2015 19:52:55 [info]  Pass
Mar 26,2015 19:52:55 [info]  Enter password at login page.
Mar 26,2015 19:52:57 [info]  Pass
Mar 26,2015 19:52:57 [info]  Click on Sign In button
Mar 26,2015 19:53:47 [info]  Pass
Mar 26,2015 19:53:47 [info]  Verify home page title
Mar 26,2015 19:53:53 [info]  Pass
Mar 26,2015 19:53:58 [info]  Click on 'Username' dropdown
Mar 26,2015 19:54:00 [info]  Pass
Mar 26,2015 19:54:00 [info]  Click on 'Profile' link
Mar 26,2015 19:54:03 [info]  Pass
Mar 26,2015 19:54:06 [info]  Verify title
Mar 26,2015 19:54:24 [info]  Pass
Mar 26,2015 19:54:24 [info]  Verify tabs available
Mar 26,2015 19:54:45 [info]  Mar 26,2015 19:54:45 [info]  <<<<<<<<<<<<<<<<<<<<<<<<<<<<<<<<<< Error message >>>>>>>>>>>>>>>>>>>>>>>>>>>>>>
java.lang.AssertionError: Element Locator ://div[@class='tabbable']/ul/li[1]	Permissions Not found expected [true] but found [false]
	at org.testng.Assert.fail(Assert.java:94)
	at org.testng.Assert.failNotEquals(Assert.java:494)
	at org.testng.Assert.assertTrue(Assert.java:42)
	at com.iCM.util.DriverHelper.getText(DriverHelper.java:289)
	at com.iCM.pagehelper.StaffHelper.verifyTabs(StaffHelper.java:37)
	at com.iCM.scripts.StaffProfileTabs.testStaffProfile(StaffProfileTabs.java:52)
	at sun.reflect.NativeMethodAccessorImpl.invoke0(Native Method)
	at sun.reflect.NativeMethodAccessorImpl.invoke(Unknown Source)
	at sun.reflect.DelegatingMethodAccessorImpl.invoke(Unknown Source)
	at java.lang.reflect.Method.invoke(Unknown Source)
	at org.testng.internal.MethodInvocationHelper.invokeMethod(MethodInvocationHelper.java:84)
	at org.testng.internal.Invoker.invokeMethod(Invoker.java:714)
	at org.testng.internal.Invoker.invokeTestMethod(Invoker.java:901)
	at org.testng.internal.Invoker.invokeTestMethods(Invoker.java:1231)
	at org.testng.internal.TestMethodWorker.invokeTestMethods(TestMethodWorker.java:127)
	at org.testng.internal.TestMethodWorker.run(TestMethodWorker.java:111)
	at org.testng.TestRunner.privateRun(TestRunner.java:767)
	at org.testng.TestRunner.run(TestRunner.java:617)
	at org.testng.SuiteRunner.runTest(SuiteRunner.java:334)
	at org.testng.SuiteRunner.runSequentially(SuiteRunner.java:329)
	at org.testng.SuiteRunner.privateRun(SuiteRunner.java:291)
	at org.testng.SuiteRunner.run(SuiteRunner.java:240)
	at org.testng.SuiteRunnerWorker.runSuite(SuiteRunnerWorker.java:52)
	at org.testng.SuiteRunnerWorker.run(SuiteRunnerWorker.java:86)
	at org.testng.TestNG.runSuitesSequentially(TestNG.java:1224)
	at org.testng.TestNG.runSuitesLocally(TestNG.java:1149)
	at org.testng.TestNG.run(TestNG.java:1057)
	at org.testng.remote.RemoteTestNG.run(RemoteTestNG.java:111)
	at org.testng.remote.RemoteTestNG.initAndRun(RemoteTestNG.java:204)
	at org.testng.remote.RemoteTestNG.main(RemoteTestNG.java:175)
Mar 26,2015 19:54:45 [info]  End Execution of Test Class com.iCM.scripts.StaffProfileTabs
*****************************************************************************

*****************************************************************************
Mar 26,2015 19:58:05 [info]   Execution Started of Test Class com.iCM.scripts.StaffProfileTabs and Test method testStaffProfile
*****************************************************************************
Mar 26,2015 19:58:05 [info]  Open application url
Mar 26,2015 19:58:35 [info]  Pass
Mar 26,2015 19:58:35 [info]  Verify Page title
Mar 26,2015 19:58:40 [info]  Pass
Mar 26,2015 19:58:40 [info]  Enter User name at login page.
Mar 26,2015 19:58:41 [info]  Pass
Mar 26,2015 19:58:41 [info]  Enter password at login page.
Mar 26,2015 19:58:42 [info]  Pass
Mar 26,2015 19:58:42 [info]  Click on Sign In button
Mar 26,2015 19:59:32 [info]  Pass
Mar 26,2015 19:59:32 [info]  Verify home page title
Mar 26,2015 19:59:38 [info]  Pass
Mar 26,2015 19:59:43 [info]  Click on 'Username' dropdown
Mar 26,2015 19:59:45 [info]  Pass
Mar 26,2015 19:59:45 [info]  Click on 'Profile' link
Mar 26,2015 19:59:48 [info]  Pass
Mar 26,2015 19:59:51 [info]  Verify title
Mar 26,2015 20:00:07 [info]  Pass
Mar 26,2015 20:00:07 [info]  Verify tabs available
Mar 26,2015 20:00:29 [info]  Mar 26,2015 20:00:29 [info]  <<<<<<<<<<<<<<<<<<<<<<<<<<<<<<<<<< Error message >>>>>>>>>>>>>>>>>>>>>>>>>>>>>>
java.lang.AssertionError: Element Locator ://div[@class='tabbable']/ul/li[1]	Permissions Not found expected [true] but found [false]
	at org.testng.Assert.fail(Assert.java:94)
	at org.testng.Assert.failNotEquals(Assert.java:494)
	at org.testng.Assert.assertTrue(Assert.java:42)
	at com.iCM.util.DriverHelper.getText(DriverHelper.java:289)
	at com.iCM.pagehelper.StaffHelper.verifyTabs(StaffHelper.java:37)
	at com.iCM.scripts.StaffProfileTabs.testStaffProfile(StaffProfileTabs.java:52)
	at sun.reflect.NativeMethodAccessorImpl.invoke0(Native Method)
	at sun.reflect.NativeMethodAccessorImpl.invoke(Unknown Source)
	at sun.reflect.DelegatingMethodAccessorImpl.invoke(Unknown Source)
	at java.lang.reflect.Method.invoke(Unknown Source)
	at org.testng.internal.MethodInvocationHelper.invokeMethod(MethodInvocationHelper.java:84)
	at org.testng.internal.Invoker.invokeMethod(Invoker.java:714)
	at org.testng.internal.Invoker.invokeTestMethod(Invoker.java:901)
	at org.testng.internal.Invoker.invokeTestMethods(Invoker.java:1231)
	at org.testng.internal.TestMethodWorker.invokeTestMethods(TestMethodWorker.java:127)
	at org.testng.internal.TestMethodWorker.run(TestMethodWorker.java:111)
	at org.testng.TestRunner.privateRun(TestRunner.java:767)
	at org.testng.TestRunner.run(TestRunner.java:617)
	at org.testng.SuiteRunner.runTest(SuiteRunner.java:334)
	at org.testng.SuiteRunner.runSequentially(SuiteRunner.java:329)
	at org.testng.SuiteRunner.privateRun(SuiteRunner.java:291)
	at org.testng.SuiteRunner.run(SuiteRunner.java:240)
	at org.testng.SuiteRunnerWorker.runSuite(SuiteRunnerWorker.java:52)
	at org.testng.SuiteRunnerWorker.run(SuiteRunnerWorker.java:86)
	at org.testng.TestNG.runSuitesSequentially(TestNG.java:1224)
	at org.testng.TestNG.runSuitesLocally(TestNG.java:1149)
	at org.testng.TestNG.run(TestNG.java:1057)
	at org.testng.remote.RemoteTestNG.run(RemoteTestNG.java:111)
	at org.testng.remote.RemoteTestNG.initAndRun(RemoteTestNG.java:204)
	at org.testng.remote.RemoteTestNG.main(RemoteTestNG.java:175)
Mar 26,2015 20:00:29 [info]  End Execution of Test Class com.iCM.scripts.StaffProfileTabs
*****************************************************************************

*****************************************************************************
Mar 26,2015 20:02:21 [info]   Execution Started of Test Class com.iCM.scripts.StaffProfileTabs and Test method testStaffProfile
*****************************************************************************
Mar 26,2015 20:02:21 [info]  Open application url
Mar 26,2015 20:02:48 [info]  Pass
Mar 26,2015 20:02:48 [info]  Verify Page title
Mar 26,2015 20:02:53 [info]  Pass
Mar 26,2015 20:02:53 [info]  Enter User name at login page.
Mar 26,2015 20:02:54 [info]  Pass
Mar 26,2015 20:02:54 [info]  Enter password at login page.
Mar 26,2015 20:02:55 [info]  Pass
Mar 26,2015 20:02:55 [info]  Click on Sign In button
Mar 26,2015 20:03:24 [info]  Pass
Mar 26,2015 20:03:24 [info]  Verify home page title
Mar 26,2015 20:03:29 [info]  Pass
Mar 26,2015 20:03:34 [info]  Click on 'Username' dropdown
Mar 26,2015 20:03:36 [info]  Pass
Mar 26,2015 20:03:36 [info]  Click on 'Profile' link
Mar 26,2015 20:03:39 [info]  Pass
Mar 26,2015 20:03:42 [info]  Verify title
Mar 26,2015 20:03:55 [info]  Pass
Mar 26,2015 20:03:55 [info]  Verify tabs available
Mar 26,2015 20:04:16 [info]  Mar 26,2015 20:04:16 [info]  <<<<<<<<<<<<<<<<<<<<<<<<<<<<<<<<<< Error message >>>>>>>>>>>>>>>>>>>>>>>>>>>>>>
java.lang.AssertionError: Element Locator ://div[@class='tabbable']/ul/li[1]	Basic Information Not found expected [true] but found [false]
	at org.testng.Assert.fail(Assert.java:94)
	at org.testng.Assert.failNotEquals(Assert.java:494)
	at org.testng.Assert.assertTrue(Assert.java:42)
	at com.iCM.util.DriverHelper.getText(DriverHelper.java:289)
	at com.iCM.pagehelper.StaffHelper.verifyTabs(StaffHelper.java:37)
	at com.iCM.scripts.StaffProfileTabs.testStaffProfile(StaffProfileTabs.java:52)
	at sun.reflect.NativeMethodAccessorImpl.invoke0(Native Method)
	at sun.reflect.NativeMethodAccessorImpl.invoke(Unknown Source)
	at sun.reflect.DelegatingMethodAccessorImpl.invoke(Unknown Source)
	at java.lang.reflect.Method.invoke(Unknown Source)
	at org.testng.internal.MethodInvocationHelper.invokeMethod(MethodInvocationHelper.java:84)
	at org.testng.internal.Invoker.invokeMethod(Invoker.java:714)
	at org.testng.internal.Invoker.invokeTestMethod(Invoker.java:901)
	at org.testng.internal.Invoker.invokeTestMethods(Invoker.java:1231)
	at org.testng.internal.TestMethodWorker.invokeTestMethods(TestMethodWorker.java:127)
	at org.testng.internal.TestMethodWorker.run(TestMethodWorker.java:111)
	at org.testng.TestRunner.privateRun(TestRunner.java:767)
	at org.testng.TestRunner.run(TestRunner.java:617)
	at org.testng.SuiteRunner.runTest(SuiteRunner.java:334)
	at org.testng.SuiteRunner.runSequentially(SuiteRunner.java:329)
	at org.testng.SuiteRunner.privateRun(SuiteRunner.java:291)
	at org.testng.SuiteRunner.run(SuiteRunner.java:240)
	at org.testng.SuiteRunnerWorker.runSuite(SuiteRunnerWorker.java:52)
	at org.testng.SuiteRunnerWorker.run(SuiteRunnerWorker.java:86)
	at org.testng.TestNG.runSuitesSequentially(TestNG.java:1224)
	at org.testng.TestNG.runSuitesLocally(TestNG.java:1149)
	at org.testng.TestNG.run(TestNG.java:1057)
	at org.testng.remote.RemoteTestNG.run(RemoteTestNG.java:111)
	at org.testng.remote.RemoteTestNG.initAndRun(RemoteTestNG.java:204)
	at org.testng.remote.RemoteTestNG.main(RemoteTestNG.java:175)
Mar 26,2015 20:04:16 [info]  End Execution of Test Class com.iCM.scripts.StaffProfileTabs
*****************************************************************************

*****************************************************************************
Mar 26,2015 20:08:01 [info]   Execution Started of Test Class com.iCM.scripts.StaffProfileTabs and Test method testStaffProfile
*****************************************************************************
Mar 26,2015 20:08:01 [info]  Open application url
Mar 26,2015 20:08:19 [info]  Pass
Mar 26,2015 20:08:19 [info]  Verify Page title
Mar 26,2015 20:08:24 [info]  Pass
Mar 26,2015 20:08:24 [info]  Enter User name at login page.
Mar 26,2015 20:08:25 [info]  Pass
Mar 26,2015 20:08:25 [info]  Enter password at login page.
Mar 26,2015 20:08:26 [info]  Pass
Mar 26,2015 20:08:26 [info]  Click on Sign In button
Mar 26,2015 20:08:48 [info]  Pass
Mar 26,2015 20:08:48 [info]  Verify home page title
Mar 26,2015 20:08:53 [info]  Pass
Mar 26,2015 20:08:59 [info]  Click on 'Username' dropdown
Mar 26,2015 20:09:01 [info]  Pass
Mar 26,2015 20:09:01 [info]  Click on 'Profile' link
Mar 26,2015 20:09:04 [info]  Pass
Mar 26,2015 20:09:07 [info]  Verify title
Mar 26,2015 20:09:21 [info]  Pass
Mar 26,2015 20:09:21 [info]  Verify tabs available
Mar 26,2015 20:09:42 [info]  Mar 26,2015 20:09:42 [info]  <<<<<<<<<<<<<<<<<<<<<<<<<<<<<<<<<< Error message >>>>>>>>>>>>>>>>>>>>>>>>>>>>>>
java.lang.AssertionError: Element Locator ://div[@class='tabbable']/ul/li[1]	Basic Information Not found expected [true] but found [false]
	at org.testng.Assert.fail(Assert.java:94)
	at org.testng.Assert.failNotEquals(Assert.java:494)
	at org.testng.Assert.assertTrue(Assert.java:42)
	at com.iCM.util.DriverHelper.getText(DriverHelper.java:289)
	at com.iCM.pagehelper.StaffHelper.verifyTabs(StaffHelper.java:37)
	at com.iCM.scripts.StaffProfileTabs.testStaffProfile(StaffProfileTabs.java:52)
	at sun.reflect.NativeMethodAccessorImpl.invoke0(Native Method)
	at sun.reflect.NativeMethodAccessorImpl.invoke(Unknown Source)
	at sun.reflect.DelegatingMethodAccessorImpl.invoke(Unknown Source)
	at java.lang.reflect.Method.invoke(Unknown Source)
	at org.testng.internal.MethodInvocationHelper.invokeMethod(MethodInvocationHelper.java:84)
	at org.testng.internal.Invoker.invokeMethod(Invoker.java:714)
	at org.testng.internal.Invoker.invokeTestMethod(Invoker.java:901)
	at org.testng.internal.Invoker.invokeTestMethods(Invoker.java:1231)
	at org.testng.internal.TestMethodWorker.invokeTestMethods(TestMethodWorker.java:127)
	at org.testng.internal.TestMethodWorker.run(TestMethodWorker.java:111)
	at org.testng.TestRunner.privateRun(TestRunner.java:767)
	at org.testng.TestRunner.run(TestRunner.java:617)
	at org.testng.SuiteRunner.runTest(SuiteRunner.java:334)
	at org.testng.SuiteRunner.runSequentially(SuiteRunner.java:329)
	at org.testng.SuiteRunner.privateRun(SuiteRunner.java:291)
	at org.testng.SuiteRunner.run(SuiteRunner.java:240)
	at org.testng.SuiteRunnerWorker.runSuite(SuiteRunnerWorker.java:52)
	at org.testng.SuiteRunnerWorker.run(SuiteRunnerWorker.java:86)
	at org.testng.TestNG.runSuitesSequentially(TestNG.java:1224)
	at org.testng.TestNG.runSuitesLocally(TestNG.java:1149)
	at org.testng.TestNG.run(TestNG.java:1057)
	at org.testng.remote.RemoteTestNG.run(RemoteTestNG.java:111)
	at org.testng.remote.RemoteTestNG.initAndRun(RemoteTestNG.java:204)
	at org.testng.remote.RemoteTestNG.main(RemoteTestNG.java:175)
Mar 26,2015 20:09:42 [info]  End Execution of Test Class com.iCM.scripts.StaffProfileTabs
*****************************************************************************

*****************************************************************************
Mar 26,2015 20:15:30 [info]   Execution Started of Test Class com.iCM.scripts.StaffProfileTabs and Test method testStaffProfile
*****************************************************************************
Mar 26,2015 20:15:30 [info]  Open application url
Mar 26,2015 20:15:59 [info]  Pass
Mar 26,2015 20:15:59 [info]  Verify Page title
Mar 26,2015 20:16:05 [info]  Pass
Mar 26,2015 20:16:05 [info]  Enter User name at login page.
Mar 26,2015 20:16:05 [info]  Pass
Mar 26,2015 20:16:05 [info]  Enter password at login page.
Mar 26,2015 20:16:06 [info]  Pass
Mar 26,2015 20:16:06 [info]  Click on Sign In button
Mar 26,2015 20:16:47 [info]  Pass
Mar 26,2015 20:16:47 [info]  Verify home page title
Mar 26,2015 20:16:52 [info]  Pass
Mar 26,2015 20:16:57 [info]  Click on 'Username' dropdown
Mar 26,2015 20:17:00 [info]  Pass
Mar 26,2015 20:17:00 [info]  Click on 'Profile' link
Mar 26,2015 20:17:02 [info]  Pass
Mar 26,2015 20:17:05 [info]  Verify title
Mar 26,2015 20:17:20 [info]  Pass
Mar 26,2015 20:17:20 [info]  Verify tabs available
Mar 26,2015 20:17:44 [info]  Mar 26,2015 20:17:44 [info]  <<<<<<<<<<<<<<<<<<<<<<<<<<<<<<<<<< Error message >>>>>>>>>>>>>>>>>>>>>>>>>>>>>>
java.lang.AssertionError: Element Locator ://div[@class='tabbable']/ul/li[1]	Basic Information Not found expected [true] but found [false]
	at org.testng.Assert.fail(Assert.java:94)
	at org.testng.Assert.failNotEquals(Assert.java:494)
	at org.testng.Assert.assertTrue(Assert.java:42)
	at com.iCM.util.DriverHelper.getText(DriverHelper.java:289)
	at com.iCM.pagehelper.StaffHelper.verifyTabs(StaffHelper.java:38)
	at com.iCM.scripts.StaffProfileTabs.testStaffProfile(StaffProfileTabs.java:52)
	at sun.reflect.NativeMethodAccessorImpl.invoke0(Native Method)
	at sun.reflect.NativeMethodAccessorImpl.invoke(Unknown Source)
	at sun.reflect.DelegatingMethodAccessorImpl.invoke(Unknown Source)
	at java.lang.reflect.Method.invoke(Unknown Source)
	at org.testng.internal.MethodInvocationHelper.invokeMethod(MethodInvocationHelper.java:84)
	at org.testng.internal.Invoker.invokeMethod(Invoker.java:714)
	at org.testng.internal.Invoker.invokeTestMethod(Invoker.java:901)
	at org.testng.internal.Invoker.invokeTestMethods(Invoker.java:1231)
	at org.testng.internal.TestMethodWorker.invokeTestMethods(TestMethodWorker.java:127)
	at org.testng.internal.TestMethodWorker.run(TestMethodWorker.java:111)
	at org.testng.TestRunner.privateRun(TestRunner.java:767)
	at org.testng.TestRunner.run(TestRunner.java:617)
	at org.testng.SuiteRunner.runTest(SuiteRunner.java:334)
	at org.testng.SuiteRunner.runSequentially(SuiteRunner.java:329)
	at org.testng.SuiteRunner.privateRun(SuiteRunner.java:291)
	at org.testng.SuiteRunner.run(SuiteRunner.java:240)
	at org.testng.SuiteRunnerWorker.runSuite(SuiteRunnerWorker.java:52)
	at org.testng.SuiteRunnerWorker.run(SuiteRunnerWorker.java:86)
	at org.testng.TestNG.runSuitesSequentially(TestNG.java:1224)
	at org.testng.TestNG.runSuitesLocally(TestNG.java:1149)
	at org.testng.TestNG.run(TestNG.java:1057)
	at org.testng.remote.RemoteTestNG.run(RemoteTestNG.java:111)
	at org.testng.remote.RemoteTestNG.initAndRun(RemoteTestNG.java:204)
	at org.testng.remote.RemoteTestNG.main(RemoteTestNG.java:175)
Mar 26,2015 20:17:44 [info]  End Execution of Test Class com.iCM.scripts.StaffProfileTabs
*****************************************************************************

*****************************************************************************
Mar 26,2015 20:24:29 [info]   Execution Started of Test Class com.iCM.scripts.StaffProfileTabs and Test method testStaffProfile
*****************************************************************************
Mar 26,2015 20:24:29 [info]  Open application url
Mar 26,2015 20:24:49 [info]  Pass
Mar 26,2015 20:24:49 [info]  Verify Page title
Mar 26,2015 20:24:54 [info]  Pass
Mar 26,2015 20:24:55 [info]  Enter User name at login page.
Mar 26,2015 20:24:55 [info]  Pass
Mar 26,2015 20:24:55 [info]  Enter password at login page.
Mar 26,2015 20:24:56 [info]  Pass
Mar 26,2015 20:24:56 [info]  Click on Sign In button
Mar 26,2015 20:25:23 [info]  Pass
Mar 26,2015 20:25:23 [info]  Verify home page title
Mar 26,2015 20:25:29 [info]  Pass
Mar 26,2015 20:25:34 [info]  Click on 'Username' dropdown
Mar 26,2015 20:25:36 [info]  Pass
Mar 26,2015 20:25:36 [info]  Click on 'Profile' link
Mar 26,2015 20:25:38 [info]  Pass
Mar 26,2015 20:25:42 [info]  Verify title
Mar 26,2015 20:25:59 [info]  Pass
Mar 26,2015 20:25:59 [info]  Verify tabs available
Mar 26,2015 20:26:20 [info]  Mar 26,2015 20:26:20 [info]  <<<<<<<<<<<<<<<<<<<<<<<<<<<<<<<<<< Error message >>>>>>>>>>>>>>>>>>>>>>>>>>>>>>
java.lang.AssertionError: Element Locator ://div[@class='tabbable']/ul/li[1]	Basic Information Not found expected [true] but found [false]
	at org.testng.Assert.fail(Assert.java:94)
	at org.testng.Assert.failNotEquals(Assert.java:494)
	at org.testng.Assert.assertTrue(Assert.java:42)
	at com.iCM.util.DriverHelper.getText(DriverHelper.java:289)
	at com.iCM.pagehelper.StaffHelper.verifyTabs(StaffHelper.java:38)
	at com.iCM.scripts.StaffProfileTabs.testStaffProfile(StaffProfileTabs.java:52)
	at sun.reflect.NativeMethodAccessorImpl.invoke0(Native Method)
	at sun.reflect.NativeMethodAccessorImpl.invoke(Unknown Source)
	at sun.reflect.DelegatingMethodAccessorImpl.invoke(Unknown Source)
	at java.lang.reflect.Method.invoke(Unknown Source)
	at org.testng.internal.MethodInvocationHelper.invokeMethod(MethodInvocationHelper.java:84)
	at org.testng.internal.Invoker.invokeMethod(Invoker.java:714)
	at org.testng.internal.Invoker.invokeTestMethod(Invoker.java:901)
	at org.testng.internal.Invoker.invokeTestMethods(Invoker.java:1231)
	at org.testng.internal.TestMethodWorker.invokeTestMethods(TestMethodWorker.java:127)
	at org.testng.internal.TestMethodWorker.run(TestMethodWorker.java:111)
	at org.testng.TestRunner.privateRun(TestRunner.java:767)
	at org.testng.TestRunner.run(TestRunner.java:617)
	at org.testng.SuiteRunner.runTest(SuiteRunner.java:334)
	at org.testng.SuiteRunner.runSequentially(SuiteRunner.java:329)
	at org.testng.SuiteRunner.privateRun(SuiteRunner.java:291)
	at org.testng.SuiteRunner.run(SuiteRunner.java:240)
	at org.testng.SuiteRunnerWorker.runSuite(SuiteRunnerWorker.java:52)
	at org.testng.SuiteRunnerWorker.run(SuiteRunnerWorker.java:86)
	at org.testng.TestNG.runSuitesSequentially(TestNG.java:1224)
	at org.testng.TestNG.runSuitesLocally(TestNG.java:1149)
	at org.testng.TestNG.run(TestNG.java:1057)
	at org.testng.remote.RemoteTestNG.run(RemoteTestNG.java:111)
	at org.testng.remote.RemoteTestNG.initAndRun(RemoteTestNG.java:204)
	at org.testng.remote.RemoteTestNG.main(RemoteTestNG.java:175)
Mar 26,2015 20:26:20 [info]  End Execution of Test Class com.iCM.scripts.StaffProfileTabs
*****************************************************************************

*****************************************************************************
Mar 26,2015 20:27:41 [info]   Execution Started of Test Class com.iCM.scripts.StaffProfileTabs and Test method testStaffProfile
*****************************************************************************
Mar 26,2015 20:27:41 [info]  Open application url
Mar 26,2015 20:27:56 [info]  Pass
Mar 26,2015 20:27:56 [info]  Verify Page title
Mar 26,2015 20:28:01 [info]  Pass
Mar 26,2015 20:28:01 [info]  Enter User name at login page.
Mar 26,2015 20:28:01 [info]  Pass
Mar 26,2015 20:28:01 [info]  Enter password at login page.
Mar 26,2015 20:28:03 [info]  Pass
Mar 26,2015 20:28:03 [info]  Click on Sign In button
Mar 26,2015 20:28:27 [info]  Pass
Mar 26,2015 20:28:27 [info]  Verify home page title
Mar 26,2015 20:28:32 [info]  Pass
Mar 26,2015 20:28:37 [info]  Click on 'Username' dropdown
Mar 26,2015 20:28:40 [info]  Pass
Mar 26,2015 20:28:40 [info]  Click on 'Profile' link
Mar 26,2015 20:28:42 [info]  Pass
Mar 26,2015 20:28:45 [info]  Verify title
Mar 26,2015 20:29:05 [info]  Pass
Mar 26,2015 20:29:05 [info]  Verify tabs available
Mar 26,2015 20:29:26 [info]  Mar 26,2015 20:29:26 [info]  <<<<<<<<<<<<<<<<<<<<<<<<<<<<<<<<<< Error message >>>>>>>>>>>>>>>>>>>>>>>>>>>>>>
java.lang.AssertionError: Element Locator ://div[@class='tabbable']/ul/li[1]/a	Basic Information Not found expected [true] but found [false]
	at org.testng.Assert.fail(Assert.java:94)
	at org.testng.Assert.failNotEquals(Assert.java:494)
	at org.testng.Assert.assertTrue(Assert.java:42)
	at com.iCM.util.DriverHelper.getText(DriverHelper.java:289)
	at com.iCM.pagehelper.StaffHelper.verifyTabs(StaffHelper.java:38)
	at com.iCM.scripts.StaffProfileTabs.testStaffProfile(StaffProfileTabs.java:52)
	at sun.reflect.NativeMethodAccessorImpl.invoke0(Native Method)
	at sun.reflect.NativeMethodAccessorImpl.invoke(Unknown Source)
	at sun.reflect.DelegatingMethodAccessorImpl.invoke(Unknown Source)
	at java.lang.reflect.Method.invoke(Unknown Source)
	at org.testng.internal.MethodInvocationHelper.invokeMethod(MethodInvocationHelper.java:84)
	at org.testng.internal.Invoker.invokeMethod(Invoker.java:714)
	at org.testng.internal.Invoker.invokeTestMethod(Invoker.java:901)
	at org.testng.internal.Invoker.invokeTestMethods(Invoker.java:1231)
	at org.testng.internal.TestMethodWorker.invokeTestMethods(TestMethodWorker.java:127)
	at org.testng.internal.TestMethodWorker.run(TestMethodWorker.java:111)
	at org.testng.TestRunner.privateRun(TestRunner.java:767)
	at org.testng.TestRunner.run(TestRunner.java:617)
	at org.testng.SuiteRunner.runTest(SuiteRunner.java:334)
	at org.testng.SuiteRunner.runSequentially(SuiteRunner.java:329)
	at org.testng.SuiteRunner.privateRun(SuiteRunner.java:291)
	at org.testng.SuiteRunner.run(SuiteRunner.java:240)
	at org.testng.SuiteRunnerWorker.runSuite(SuiteRunnerWorker.java:52)
	at org.testng.SuiteRunnerWorker.run(SuiteRunnerWorker.java:86)
	at org.testng.TestNG.runSuitesSequentially(TestNG.java:1224)
	at org.testng.TestNG.runSuitesLocally(TestNG.java:1149)
	at org.testng.TestNG.run(TestNG.java:1057)
	at org.testng.remote.RemoteTestNG.run(RemoteTestNG.java:111)
	at org.testng.remote.RemoteTestNG.initAndRun(RemoteTestNG.java:204)
	at org.testng.remote.RemoteTestNG.main(RemoteTestNG.java:175)
Mar 26,2015 20:29:26 [info]  End Execution of Test Class com.iCM.scripts.StaffProfileTabs
*****************************************************************************

*****************************************************************************
Mar 26,2015 20:30:04 [info]   Execution Started of Test Class com.iCM.scripts.StaffProfileTabs and Test method testStaffProfile
*****************************************************************************
Mar 26,2015 20:30:04 [info]  Open application url
Mar 26,2015 20:30:22 [info]  Pass
Mar 26,2015 20:30:22 [info]  Verify Page title
Mar 26,2015 20:30:27 [info]  Pass
Mar 26,2015 20:30:27 [info]  Enter User name at login page.
Mar 26,2015 20:30:28 [info]  Pass
Mar 26,2015 20:30:28 [info]  Enter password at login page.
Mar 26,2015 20:30:29 [info]  Pass
Mar 26,2015 20:30:29 [info]  Click on Sign In button
Mar 26,2015 20:30:51 [info]  Pass
Mar 26,2015 20:30:51 [info]  Verify home page title
Mar 26,2015 20:30:56 [info]  Pass
Mar 26,2015 20:31:01 [info]  Click on 'Username' dropdown
Mar 26,2015 20:31:04 [info]  Pass
Mar 26,2015 20:31:04 [info]  Click on 'Profile' link
Mar 26,2015 20:31:06 [info]  Pass
Mar 26,2015 20:31:09 [info]  Verify title
Mar 26,2015 20:31:26 [info]  Pass
Mar 26,2015 20:31:26 [info]  Verify tabs available
Mar 26,2015 20:31:47 [info]  Mar 26,2015 20:31:47 [info]  <<<<<<<<<<<<<<<<<<<<<<<<<<<<<<<<<< Error message >>>>>>>>>>>>>>>>>>>>>>>>>>>>>>
java.lang.AssertionError: Element Locator ://div[@class='tabbable']/ul/li[1]/a	Basic Information Not found expected [true] but found [false]
	at org.testng.Assert.fail(Assert.java:94)
	at org.testng.Assert.failNotEquals(Assert.java:494)
	at org.testng.Assert.assertTrue(Assert.java:42)
	at com.iCM.util.DriverHelper.getText(DriverHelper.java:289)
	at com.iCM.pagehelper.StaffHelper.verifyTabs(StaffHelper.java:38)
	at com.iCM.scripts.StaffProfileTabs.testStaffProfile(StaffProfileTabs.java:52)
	at sun.reflect.NativeMethodAccessorImpl.invoke0(Native Method)
	at sun.reflect.NativeMethodAccessorImpl.invoke(Unknown Source)
	at sun.reflect.DelegatingMethodAccessorImpl.invoke(Unknown Source)
	at java.lang.reflect.Method.invoke(Unknown Source)
	at org.testng.internal.MethodInvocationHelper.invokeMethod(MethodInvocationHelper.java:84)
	at org.testng.internal.Invoker.invokeMethod(Invoker.java:714)
	at org.testng.internal.Invoker.invokeTestMethod(Invoker.java:901)
	at org.testng.internal.Invoker.invokeTestMethods(Invoker.java:1231)
	at org.testng.internal.TestMethodWorker.invokeTestMethods(TestMethodWorker.java:127)
	at org.testng.internal.TestMethodWorker.run(TestMethodWorker.java:111)
	at org.testng.TestRunner.privateRun(TestRunner.java:767)
	at org.testng.TestRunner.run(TestRunner.java:617)
	at org.testng.SuiteRunner.runTest(SuiteRunner.java:334)
	at org.testng.SuiteRunner.runSequentially(SuiteRunner.java:329)
	at org.testng.SuiteRunner.privateRun(SuiteRunner.java:291)
	at org.testng.SuiteRunner.run(SuiteRunner.java:240)
	at org.testng.SuiteRunnerWorker.runSuite(SuiteRunnerWorker.java:52)
	at org.testng.SuiteRunnerWorker.run(SuiteRunnerWorker.java:86)
	at org.testng.TestNG.runSuitesSequentially(TestNG.java:1224)
	at org.testng.TestNG.runSuitesLocally(TestNG.java:1149)
	at org.testng.TestNG.run(TestNG.java:1057)
	at org.testng.remote.RemoteTestNG.run(RemoteTestNG.java:111)
	at org.testng.remote.RemoteTestNG.initAndRun(RemoteTestNG.java:204)
	at org.testng.remote.RemoteTestNG.main(RemoteTestNG.java:175)
Mar 26,2015 20:31:47 [info]  End Execution of Test Class com.iCM.scripts.StaffProfileTabs
*****************************************************************************

*****************************************************************************
Mar 26,2015 20:42:31 [info]   Execution Started of Test Class com.iCM.scripts.StaffProfileTabs and Test method testStaffProfile
*****************************************************************************
Mar 26,2015 20:42:31 [info]  Open application url
Mar 26,2015 20:43:08 [info]  Pass
Mar 26,2015 20:43:08 [info]  Verify Page title
Mar 26,2015 20:43:13 [info]  Pass
Mar 26,2015 20:43:13 [info]  Enter User name at login page.
Mar 26,2015 20:43:13 [info]  Pass
Mar 26,2015 20:43:13 [info]  Enter password at login page.
Mar 26,2015 20:43:14 [info]  Pass
Mar 26,2015 20:43:14 [info]  Click on Sign In button
Mar 26,2015 20:44:00 [info]  Pass
Mar 26,2015 20:44:00 [info]  Verify home page title
Mar 26,2015 20:44:05 [info]  Pass
Mar 26,2015 20:44:10 [info]  Click on 'Username' dropdown
Mar 26,2015 20:44:13 [info]  Pass
Mar 26,2015 20:44:13 [info]  Click on 'Profile' link
Mar 26,2015 20:44:15 [info]  Pass
Mar 26,2015 20:44:18 [info]  Verify title
Mar 26,2015 20:44:47 [info]  Pass
Mar 26,2015 20:44:47 [info]  Verify tabs available
Mar 26,2015 20:45:08 [info]  Mar 26,2015 20:45:08 [info]  <<<<<<<<<<<<<<<<<<<<<<<<<<<<<<<<<< Error message >>>>>>>>>>>>>>>>>>>>>>>>>>>>>>
java.lang.AssertionError: Element Locator ://div[@class='box span12']/div/div[3]/ul/li[1]/a	Basic Information Not found expected [true] but found [false]
	at org.testng.Assert.fail(Assert.java:94)
	at org.testng.Assert.failNotEquals(Assert.java:494)
	at org.testng.Assert.assertTrue(Assert.java:42)
	at com.iCM.util.DriverHelper.getText(DriverHelper.java:289)
	at com.iCM.pagehelper.StaffHelper.verifyTabs(StaffHelper.java:39)
	at com.iCM.scripts.StaffProfileTabs.testStaffProfile(StaffProfileTabs.java:52)
	at sun.reflect.NativeMethodAccessorImpl.invoke0(Native Method)
	at sun.reflect.NativeMethodAccessorImpl.invoke(Unknown Source)
	at sun.reflect.DelegatingMethodAccessorImpl.invoke(Unknown Source)
	at java.lang.reflect.Method.invoke(Unknown Source)
	at org.testng.internal.MethodInvocationHelper.invokeMethod(MethodInvocationHelper.java:84)
	at org.testng.internal.Invoker.invokeMethod(Invoker.java:714)
	at org.testng.internal.Invoker.invokeTestMethod(Invoker.java:901)
	at org.testng.internal.Invoker.invokeTestMethods(Invoker.java:1231)
	at org.testng.internal.TestMethodWorker.invokeTestMethods(TestMethodWorker.java:127)
	at org.testng.internal.TestMethodWorker.run(TestMethodWorker.java:111)
	at org.testng.TestRunner.privateRun(TestRunner.java:767)
	at org.testng.TestRunner.run(TestRunner.java:617)
	at org.testng.SuiteRunner.runTest(SuiteRunner.java:334)
	at org.testng.SuiteRunner.runSequentially(SuiteRunner.java:329)
	at org.testng.SuiteRunner.privateRun(SuiteRunner.java:291)
	at org.testng.SuiteRunner.run(SuiteRunner.java:240)
	at org.testng.SuiteRunnerWorker.runSuite(SuiteRunnerWorker.java:52)
	at org.testng.SuiteRunnerWorker.run(SuiteRunnerWorker.java:86)
	at org.testng.TestNG.runSuitesSequentially(TestNG.java:1224)
	at org.testng.TestNG.runSuitesLocally(TestNG.java:1149)
	at org.testng.TestNG.run(TestNG.java:1057)
	at org.testng.remote.RemoteTestNG.run(RemoteTestNG.java:111)
	at org.testng.remote.RemoteTestNG.initAndRun(RemoteTestNG.java:204)
	at org.testng.remote.RemoteTestNG.main(RemoteTestNG.java:175)
Mar 26,2015 20:45:08 [info]  End Execution of Test Class com.iCM.scripts.StaffProfileTabs
*****************************************************************************

*****************************************************************************
Mar 26,2015 20:59:17 [info]   Execution Started of Test Class com.iCM.scripts.StaffProfileTabs and Test method testStaffProfile
*****************************************************************************
Mar 26,2015 20:59:17 [info]  Open application url

*****************************************************************************
Mar 26,2015 20:59:29 [info]   Execution Started of Test Class com.iCM.scripts.StaffProfileTabs and Test method testStaffProfile
*****************************************************************************
Mar 26,2015 20:59:29 [info]  Open application url
Mar 26,2015 20:59:54 [info]  Pass
Mar 26,2015 20:59:54 [info]  Verify Page title
Mar 26,2015 20:59:59 [info]  Pass
Mar 26,2015 20:59:59 [info]  Enter User name at login page.
Mar 26,2015 21:00:00 [info]  Pass
Mar 26,2015 21:00:00 [info]  Enter password at login page.
Mar 26,2015 21:00:00 [info]  Pass
Mar 26,2015 21:00:00 [info]  Click on Sign In button
Mar 26,2015 21:00:01 [info]  Pass
Mar 26,2015 21:00:01 [info]  Verify Page title
Mar 26,2015 21:00:06 [info]  Pass
Mar 26,2015 21:00:07 [info]  Enter User name at login page.
Mar 26,2015 21:00:07 [info]  Pass
Mar 26,2015 21:00:07 [info]  Enter password at login page.
Mar 26,2015 21:00:08 [info]  Pass
Mar 26,2015 21:00:08 [info]  Click on Sign In button
Mar 26,2015 21:00:42 [info]  Pass
Mar 26,2015 21:00:42 [info]  Verify home page title
Mar 26,2015 21:00:45 [info]  Pass
Mar 26,2015 21:00:45 [info]  Verify home page title
Mar 26,2015 21:00:47 [info]  Pass
Mar 26,2015 21:00:50 [info]  Pass
Mar 26,2015 21:00:52 [info]  Click on 'Username' dropdown
Mar 26,2015 21:00:55 [info]  Click on 'Username' dropdown
Mar 26,2015 21:00:55 [info]  Pass
Mar 26,2015 21:00:55 [info]  Click on 'Profile' link
Mar 26,2015 21:00:57 [info]  Pass
Mar 26,2015 21:00:57 [info]  Click on 'Profile' link
Mar 26,2015 21:00:57 [info]  Pass
Mar 26,2015 21:01:00 [info]  Pass
Mar 26,2015 21:01:00 [info]  Verify title
Mar 26,2015 21:01:03 [info]  Verify title
Mar 26,2015 21:01:15 [info]  Pass
Mar 26,2015 21:01:15 [info]  Verify Basic information tab available
Mar 26,2015 21:01:16 [info]  Pass
Mar 26,2015 21:01:16 [info]  Verify Permission tab available
Mar 26,2015 21:01:17 [info]  Pass
Mar 26,2015 21:01:17 [info]  Verify Trainings tab available
Mar 26,2015 21:01:17 [info]  Pass
Mar 26,2015 21:01:17 [info]  Verify Emergency tab available
Mar 26,2015 21:01:17 [info]  Pass
Mar 26,2015 21:01:17 [info]  Verify eSignature tab available
Mar 26,2015 21:01:18 [info]  Pass
Mar 26,2015 21:01:18 [info]  Verify Document tab not available
Mar 26,2015 21:01:18 [info]  Pass
Mar 26,2015 21:01:18 [info]  End Execution of Test Class com.iCM.scripts.StaffProfileTabs
*****************************************************************************
Mar 26,2015 21:01:19 [info]  Pass
Mar 26,2015 21:01:19 [info]  Verify Basic information tab available
Mar 26,2015 21:01:19 [info]  Pass
Mar 26,2015 21:01:19 [info]  Verify Permission tab available
Mar 26,2015 21:01:19 [info]  Pass
Mar 26,2015 21:01:19 [info]  Verify Trainings tab available
Mar 26,2015 21:01:20 [info]  Pass
Mar 26,2015 21:01:20 [info]  Verify Emergency tab available
Mar 26,2015 21:01:20 [info]  Pass
Mar 26,2015 21:01:20 [info]  Verify eSignature tab available
Mar 26,2015 21:01:20 [info]  Pass
Mar 26,2015 21:01:20 [info]  Verify Document tab not available
Mar 26,2015 21:01:20 [info]  Pass
Mar 26,2015 21:01:20 [info]  End Execution of Test Class com.iCM.scripts.StaffProfileTabs
*****************************************************************************

*****************************************************************************
Mar 26,2015 21:10:15 [info]   Execution Started of Test Class com.iCM.scripts.StaffProfileTabs and Test method testStaffProfile
*****************************************************************************
Mar 26,2015 21:10:15 [info]  Open application url
Mar 26,2015 21:10:53 [info]  Pass
Mar 26,2015 21:10:53 [info]  Verify Page title
Mar 26,2015 21:10:58 [info]  Pass
Mar 26,2015 21:10:58 [info]  Enter User name at login page.
Mar 26,2015 21:10:59 [info]  Pass
Mar 26,2015 21:10:59 [info]  Enter password at login page.
Mar 26,2015 21:11:00 [info]  Pass
Mar 26,2015 21:11:00 [info]  Click on Sign In button
Mar 26,2015 21:11:39 [info]  Pass
Mar 26,2015 21:11:39 [info]  Verify home page title
Mar 26,2015 21:11:44 [info]  Pass
Mar 26,2015 21:11:49 [info]  Click on 'Username' dropdown
Mar 26,2015 21:11:51 [info]  Pass
Mar 26,2015 21:11:51 [info]  Click on 'Profile' link
Mar 26,2015 21:11:54 [info]  Pass
Mar 26,2015 21:11:57 [info]  Verify title
Mar 26,2015 21:12:13 [info]  Pass
Mar 26,2015 21:12:13 [info]  Verify Basic information tab available
Mar 26,2015 21:12:14 [info]  Pass
Mar 26,2015 21:12:14 [info]  Verify Permission tab available
Mar 26,2015 21:12:14 [info]  Pass
Mar 26,2015 21:12:14 [info]  Verify Trainings tab available
Mar 26,2015 21:12:14 [info]  Pass
Mar 26,2015 21:12:14 [info]  Verify Emergency tab available
Mar 26,2015 21:12:14 [info]  Pass
Mar 26,2015 21:12:14 [info]  Verify eSignature tab available
Mar 26,2015 21:12:15 [info]  Pass
Mar 26,2015 21:12:15 [info]  Verify Document tab not available
Mar 26,2015 21:12:21 [info]  Pass
Mar 26,2015 21:12:21 [info]  End Execution of Test Class com.iCM.scripts.StaffProfileTabs
*****************************************************************************

*****************************************************************************
Mar 26,2015 21:36:03 [info]   Execution Started of Test Class com.iCM.scripts.StaffEditProfilePassword and Test method testStaffEditProfilePassword
*****************************************************************************
Mar 26,2015 21:36:03 [info]  Open application url
Mar 26,2015 21:36:20 [info]  Pass
Mar 26,2015 21:36:20 [info]  Verify Page title
Mar 26,2015 21:36:25 [info]  Pass
Mar 26,2015 21:36:25 [info]  Enter User name at login page.
Mar 26,2015 21:36:26 [info]  Pass
Mar 26,2015 21:36:26 [info]  Enter password at login page.
Mar 26,2015 21:36:27 [info]  Pass
Mar 26,2015 21:36:27 [info]  Click on Sign In button
Mar 26,2015 21:36:48 [info]  Pass
Mar 26,2015 21:36:48 [info]  Verify home page title
Mar 26,2015 21:36:53 [info]  Mar 26,2015 21:36:53 [info]  <<<<<<<<<<<<<<<<<<<<<<<<<<<<<<<<<< Error message >>>>>>>>>>>>>>>>>>>>>>>>>>>>>>
java.lang.AssertionError: Page title is: iCM - Login but expected is: iCM - Punch In expected [true] but found [false]
	at org.testng.Assert.fail(Assert.java:94)
	at org.testng.Assert.failNotEquals(Assert.java:494)
	at org.testng.Assert.assertTrue(Assert.java:42)
	at com.iCM.pagehelper.LoginHelper.verifyTitle(LoginHelper.java:23)
	at com.iCM.util.DriverTestCase.LoginLive(DriverTestCase.java:299)
	at com.iCM.scripts.StaffEditProfilePassword.testStaffEditProfilePassword(StaffEditProfilePassword.java:29)
	at sun.reflect.NativeMethodAccessorImpl.invoke0(Native Method)
	at sun.reflect.NativeMethodAccessorImpl.invoke(Unknown Source)
	at sun.reflect.DelegatingMethodAccessorImpl.invoke(Unknown Source)
	at java.lang.reflect.Method.invoke(Unknown Source)
	at org.testng.internal.MethodInvocationHelper.invokeMethod(MethodInvocationHelper.java:84)
	at org.testng.internal.Invoker.invokeMethod(Invoker.java:714)
	at org.testng.internal.Invoker.invokeTestMethod(Invoker.java:901)
	at org.testng.internal.Invoker.invokeTestMethods(Invoker.java:1231)
	at org.testng.internal.TestMethodWorker.invokeTestMethods(TestMethodWorker.java:127)
	at org.testng.internal.TestMethodWorker.run(TestMethodWorker.java:111)
	at org.testng.TestRunner.privateRun(TestRunner.java:767)
	at org.testng.TestRunner.run(TestRunner.java:617)
	at org.testng.SuiteRunner.runTest(SuiteRunner.java:334)
	at org.testng.SuiteRunner.runSequentially(SuiteRunner.java:329)
	at org.testng.SuiteRunner.privateRun(SuiteRunner.java:291)
	at org.testng.SuiteRunner.run(SuiteRunner.java:240)
	at org.testng.SuiteRunnerWorker.runSuite(SuiteRunnerWorker.java:52)
	at org.testng.SuiteRunnerWorker.run(SuiteRunnerWorker.java:86)
	at org.testng.TestNG.runSuitesSequentially(TestNG.java:1224)
	at org.testng.TestNG.runSuitesLocally(TestNG.java:1149)
	at org.testng.TestNG.run(TestNG.java:1057)
	at org.testng.remote.RemoteTestNG.run(RemoteTestNG.java:111)
	at org.testng.remote.RemoteTestNG.initAndRun(RemoteTestNG.java:204)
	at org.testng.remote.RemoteTestNG.main(RemoteTestNG.java:175)
Mar 26,2015 21:36:53 [info]  End Execution of Test Class com.iCM.scripts.StaffEditProfilePassword
*****************************************************************************

*****************************************************************************
Mar 26,2015 21:39:33 [info]   Execution Started of Test Class com.iCM.scripts.StaffEditProfilePassword and Test method testStaffEditProfilePassword
*****************************************************************************
Mar 26,2015 21:39:33 [info]  Open application url
Mar 26,2015 21:39:52 [info]  Pass
Mar 26,2015 21:39:52 [info]  Verify Page title
Mar 26,2015 21:39:57 [info]  Pass
Mar 26,2015 21:39:57 [info]  Enter User name at login page.
Mar 26,2015 21:39:59 [info]  Pass
Mar 26,2015 21:39:59 [info]  Enter password at login page.
Mar 26,2015 21:40:01 [info]  Pass
Mar 26,2015 21:40:01 [info]  Click on Sign In button
Mar 26,2015 21:40:20 [info]  Pass
Mar 26,2015 21:40:20 [info]  Verify home page title
Mar 26,2015 21:40:25 [info]  Pass
Mar 26,2015 21:40:30 [info]  Click on 'Username' dropdown
Mar 26,2015 21:40:32 [info]  Pass
Mar 26,2015 21:40:32 [info]  Click on 'Profile' link
Mar 26,2015 21:40:35 [info]  Pass
Mar 26,2015 21:40:38 [info]  Verify title
Mar 26,2015 21:40:51 [info]  Pass
Mar 26,2015 21:40:51 [info]  Verify Basic information tab available
Mar 26,2015 21:40:52 [info]  Pass
Mar 26,2015 21:40:52 [info]  Click on Basic information tab
Mar 26,2015 21:40:54 [info]  Pass
Mar 26,2015 21:40:54 [info]  Verify Edit Profile button not available 
Mar 26,2015 21:40:57 [info]  Pass
Mar 26,2015 21:40:57 [info]  Verify Change Password button is available
Mar 26,2015 21:40:57 [info]  Pass
Mar 26,2015 21:40:57 [info]  Click on Change Password button
Mar 26,2015 21:41:00 [info]  Pass
Mar 26,2015 21:41:00 [info]  Verify an Overlay displayed
Mar 26,2015 21:41:01 [info]  Pass
Mar 26,2015 21:41:01 [info]  Enter (1qaz!QAZ) Password 
Mar 26,2015 21:41:02 [info]  Enter Confirm (1qaz!QAZ) Password 
Mar 26,2015 21:41:02 [info]  Click on Save Button
Mar 26,2015 21:41:09 [info]  Mar 26,2015 21:41:09 [info]  <<<<<<<<<<<<<<<<<<<<<<<<<<<<<<<<<< Error message >>>>>>>>>>>>>>>>>>>>>>>>>>>>>>
org.openqa.selenium.ElementNotVisibleException: Element is not currently visible and so may not be interacted with
Command duration or timeout: 44 milliseconds
Build info: version: '2.44.0', revision: '76d78cf', time: '2014-10-23 20:02:37'
System info: host: 'user-PC', ip: '192.168.21.1', os.name: 'Windows 7', os.arch: 'x86', os.version: '6.1', java.version: '1.8.0_20'
Driver info: org.openqa.selenium.firefox.FirefoxDriver
Capabilities [{applicationCacheEnabled=true, rotatable=false, handlesAlerts=true, databaseEnabled=true, version=29.0.1, platform=WINDOWS, browserConnectionEnabled=true, nativeEvents=false, acceptSslCerts=true, webStorageEnabled=true, locationContextEnabled=true, browserName=firefox, takesScreenshot=true, javascriptEnabled=true, cssSelectorsEnabled=true}]
Session ID: 10b6ec88-f973-43d5-9ac5-3f3136a18780
	at sun.reflect.NativeConstructorAccessorImpl.newInstance0(Native Method)
	at sun.reflect.NativeConstructorAccessorImpl.newInstance(Unknown Source)
	at sun.reflect.DelegatingConstructorAccessorImpl.newInstance(Unknown Source)
	at java.lang.reflect.Constructor.newInstance(Unknown Source)
	at org.openqa.selenium.remote.ErrorHandler.createThrowable(ErrorHandler.java:204)
	at org.openqa.selenium.remote.ErrorHandler.throwIfResponseFailed(ErrorHandler.java:156)
	at org.openqa.selenium.remote.RemoteWebDriver.execute(RemoteWebDriver.java:599)
	at org.openqa.selenium.remote.RemoteWebElement.execute(RemoteWebElement.java:268)
	at org.openqa.selenium.remote.RemoteWebElement.clear(RemoteWebElement.java:113)
	at com.iCM.util.DriverHelper.sendKeys(DriverHelper.java:251)
	at com.iCM.pagehelper.StaffHelper.type(StaffHelper.java:51)
	at com.iCM.scripts.StaffEditProfilePassword.testStaffEditProfilePassword(StaffEditProfilePassword.java:97)
	at sun.reflect.NativeMethodAccessorImpl.invoke0(Native Method)
	at sun.reflect.NativeMethodAccessorImpl.invoke(Unknown Source)
	at sun.reflect.DelegatingMethodAccessorImpl.invoke(Unknown Source)
	at java.lang.reflect.Method.invoke(Unknown Source)
	at org.testng.internal.MethodInvocationHelper.invokeMethod(MethodInvocationHelper.java:84)
	at org.testng.internal.Invoker.invokeMethod(Invoker.java:714)
	at org.testng.internal.Invoker.invokeTestMethod(Invoker.java:901)
	at org.testng.internal.Invoker.invokeTestMethods(Invoker.java:1231)
	at org.testng.internal.TestMethodWorker.invokeTestMethods(TestMethodWorker.java:127)
	at org.testng.internal.TestMethodWorker.run(TestMethodWorker.java:111)
	at org.testng.TestRunner.privateRun(TestRunner.java:767)
	at org.testng.TestRunner.run(TestRunner.java:617)
	at org.testng.SuiteRunner.runTest(SuiteRunner.java:334)
	at org.testng.SuiteRunner.runSequentially(SuiteRunner.java:329)
	at org.testng.SuiteRunner.privateRun(SuiteRunner.java:291)
	at org.testng.SuiteRunner.run(SuiteRunner.java:240)
	at org.testng.SuiteRunnerWorker.runSuite(SuiteRunnerWorker.java:52)
	at org.testng.SuiteRunnerWorker.run(SuiteRunnerWorker.java:86)
	at org.testng.TestNG.runSuitesSequentially(TestNG.java:1224)
	at org.testng.TestNG.runSuitesLocally(TestNG.java:1149)
	at org.testng.TestNG.run(TestNG.java:1057)
	at org.testng.remote.RemoteTestNG.run(RemoteTestNG.java:111)
	at org.testng.remote.RemoteTestNG.initAndRun(RemoteTestNG.java:204)
	at org.testng.remote.RemoteTestNG.main(RemoteTestNG.java:175)
Caused by: org.openqa.selenium.ElementNotVisibleException: Element is not currently visible and so may not be interacted with
Build info: version: '2.44.0', revision: '76d78cf', time: '2014-10-23 20:02:37'
System info: host: 'user-PC', ip: '192.168.21.1', os.name: 'Windows 7', os.arch: 'x86', os.version: '6.1', java.version: '1.8.0_20'
Driver info: driver.version: unknown
	at <anonymous class>.fxdriver.preconditions.visible(file:///C:/Users/user/AppData/Local/Temp/anonymous7590028187009101691webdriver-profile/extensions/fxdriver@googlecode.com/components/command-processor.js:8959)
	at <anonymous class>.DelayedCommand.prototype.checkPreconditions_(file:///C:/Users/user/AppData/Local/Temp/anonymous7590028187009101691webdriver-profile/extensions/fxdriver@googlecode.com/components/command-processor.js:11618)
	at <anonymous class>.DelayedCommand.prototype.executeInternal_/h(file:///C:/Users/user/AppData/Local/Temp/anonymous7590028187009101691webdriver-profile/extensions/fxdriver@googlecode.com/components/command-processor.js:11635)
	at <anonymous class>.DelayedCommand.prototype.executeInternal_(file:///C:/Users/user/AppData/Local/Temp/anonymous7590028187009101691webdriver-profile/extensions/fxdriver@googlecode.com/components/command-processor.js:11640)
	at <anonymous class>.DelayedCommand.prototype.execute/<(file:///C:/Users/user/AppData/Local/Temp/anonymous7590028187009101691webdriver-profile/extensions/fxdriver@googlecode.com/components/command-processor.js:11582)
Mar 26,2015 21:41:09 [info]  End Execution of Test Class com.iCM.scripts.StaffEditProfilePassword
*****************************************************************************

*****************************************************************************
Mar 26,2015 21:43:25 [info]   Execution Started of Test Class com.iCM.scripts.StaffEditProfilePassword and Test method testStaffEditProfilePassword
*****************************************************************************
Mar 26,2015 21:43:25 [info]  Open application url
Mar 26,2015 21:43:37 [info]  Pass
Mar 26,2015 21:43:37 [info]  Verify Page title
Mar 26,2015 21:43:42 [info]  Pass
Mar 26,2015 21:43:42 [info]  Enter User name at login page.
Mar 26,2015 21:43:43 [info]  Pass
Mar 26,2015 21:43:43 [info]  Enter password at login page.
Mar 26,2015 21:43:44 [info]  Pass
Mar 26,2015 21:43:44 [info]  Click on Sign In button
Mar 26,2015 21:44:01 [info]  Pass
Mar 26,2015 21:44:01 [info]  Verify home page title
Mar 26,2015 21:44:06 [info]  Pass
Mar 26,2015 21:44:12 [info]  Click on 'Username' dropdown
Mar 26,2015 21:44:14 [info]  Pass
Mar 26,2015 21:44:14 [info]  Click on 'Profile' link
Mar 26,2015 21:44:17 [info]  Pass
Mar 26,2015 21:44:20 [info]  Verify title
Mar 26,2015 21:44:33 [info]  Pass
Mar 26,2015 21:44:33 [info]  Verify Basic information tab available
Mar 26,2015 21:44:33 [info]  Pass
Mar 26,2015 21:44:33 [info]  Click on Basic information tab
Mar 26,2015 21:44:35 [info]  Pass
Mar 26,2015 21:44:35 [info]  Verify Edit Profile button not available 
Mar 26,2015 21:44:39 [info]  Pass
Mar 26,2015 21:44:39 [info]  Verify Change Password button is available
Mar 26,2015 21:44:39 [info]  Pass
Mar 26,2015 21:44:39 [info]  Click on Change Password button
Mar 26,2015 21:44:42 [info]  Pass
Mar 26,2015 21:44:42 [info]  Verify an Overlay displayed
Mar 26,2015 21:44:43 [info]  Pass
Mar 26,2015 21:44:43 [info]  Enter (1qaz!QAZ) Password 
Mar 26,2015 21:44:44 [info]  Enter Confirm (1qaz!QAZ) Password 
Mar 26,2015 21:44:44 [info]  Click on Save Button
Mar 26,2015 21:44:53 [info]  Mar 26,2015 21:44:53 [info]  <<<<<<<<<<<<<<<<<<<<<<<<<<<<<<<<<< Error message >>>>>>>>>>>>>>>>>>>>>>>>>>>>>>
org.openqa.selenium.ElementNotVisibleException: Element is not currently visible and so may not be interacted with
Command duration or timeout: 57 milliseconds
Build info: version: '2.44.0', revision: '76d78cf', time: '2014-10-23 20:02:37'
System info: host: 'user-PC', ip: '192.168.21.1', os.name: 'Windows 7', os.arch: 'x86', os.version: '6.1', java.version: '1.8.0_20'
Driver info: org.openqa.selenium.firefox.FirefoxDriver
Capabilities [{applicationCacheEnabled=true, rotatable=false, handlesAlerts=true, databaseEnabled=true, version=29.0.1, platform=WINDOWS, browserConnectionEnabled=true, nativeEvents=false, acceptSslCerts=true, webStorageEnabled=true, locationContextEnabled=true, browserName=firefox, takesScreenshot=true, javascriptEnabled=true, cssSelectorsEnabled=true}]
Session ID: 44af4e30-70a2-4e7a-ba48-07f562aa068c
	at sun.reflect.NativeConstructorAccessorImpl.newInstance0(Native Method)
	at sun.reflect.NativeConstructorAccessorImpl.newInstance(Unknown Source)
	at sun.reflect.DelegatingConstructorAccessorImpl.newInstance(Unknown Source)
	at java.lang.reflect.Constructor.newInstance(Unknown Source)
	at org.openqa.selenium.remote.ErrorHandler.createThrowable(ErrorHandler.java:204)
	at org.openqa.selenium.remote.ErrorHandler.throwIfResponseFailed(ErrorHandler.java:156)
	at org.openqa.selenium.remote.RemoteWebDriver.execute(RemoteWebDriver.java:599)
	at org.openqa.selenium.remote.RemoteWebElement.execute(RemoteWebElement.java:268)
	at org.openqa.selenium.remote.RemoteWebElement.clear(RemoteWebElement.java:113)
	at com.iCM.util.DriverHelper.sendKeys(DriverHelper.java:251)
	at com.iCM.pagehelper.StaffHelper.type(StaffHelper.java:51)
	at com.iCM.scripts.StaffEditProfilePassword.testStaffEditProfilePassword(StaffEditProfilePassword.java:98)
	at sun.reflect.NativeMethodAccessorImpl.invoke0(Native Method)
	at sun.reflect.NativeMethodAccessorImpl.invoke(Unknown Source)
	at sun.reflect.DelegatingMethodAccessorImpl.invoke(Unknown Source)
	at java.lang.reflect.Method.invoke(Unknown Source)
	at org.testng.internal.MethodInvocationHelper.invokeMethod(MethodInvocationHelper.java:84)
	at org.testng.internal.Invoker.invokeMethod(Invoker.java:714)
	at org.testng.internal.Invoker.invokeTestMethod(Invoker.java:901)
	at org.testng.internal.Invoker.invokeTestMethods(Invoker.java:1231)
	at org.testng.internal.TestMethodWorker.invokeTestMethods(TestMethodWorker.java:127)
	at org.testng.internal.TestMethodWorker.run(TestMethodWorker.java:111)
	at org.testng.TestRunner.privateRun(TestRunner.java:767)
	at org.testng.TestRunner.run(TestRunner.java:617)
	at org.testng.SuiteRunner.runTest(SuiteRunner.java:334)
	at org.testng.SuiteRunner.runSequentially(SuiteRunner.java:329)
	at org.testng.SuiteRunner.privateRun(SuiteRunner.java:291)
	at org.testng.SuiteRunner.run(SuiteRunner.java:240)
	at org.testng.SuiteRunnerWorker.runSuite(SuiteRunnerWorker.java:52)
	at org.testng.SuiteRunnerWorker.run(SuiteRunnerWorker.java:86)
	at org.testng.TestNG.runSuitesSequentially(TestNG.java:1224)
	at org.testng.TestNG.runSuitesLocally(TestNG.java:1149)
	at org.testng.TestNG.run(TestNG.java:1057)
	at org.testng.remote.RemoteTestNG.run(RemoteTestNG.java:111)
	at org.testng.remote.RemoteTestNG.initAndRun(RemoteTestNG.java:204)
	at org.testng.remote.RemoteTestNG.main(RemoteTestNG.java:175)
Caused by: org.openqa.selenium.ElementNotVisibleException: Element is not currently visible and so may not be interacted with
Build info: version: '2.44.0', revision: '76d78cf', time: '2014-10-23 20:02:37'
System info: host: 'user-PC', ip: '192.168.21.1', os.name: 'Windows 7', os.arch: 'x86', os.version: '6.1', java.version: '1.8.0_20'
Driver info: driver.version: unknown
	at <anonymous class>.fxdriver.preconditions.visible(file:///C:/Users/user/AppData/Local/Temp/anonymous5594390484295025150webdriver-profile/extensions/fxdriver@googlecode.com/components/command-processor.js:8959)
	at <anonymous class>.DelayedCommand.prototype.checkPreconditions_(file:///C:/Users/user/AppData/Local/Temp/anonymous5594390484295025150webdriver-profile/extensions/fxdriver@googlecode.com/components/command-processor.js:11618)
	at <anonymous class>.DelayedCommand.prototype.executeInternal_/h(file:///C:/Users/user/AppData/Local/Temp/anonymous5594390484295025150webdriver-profile/extensions/fxdriver@googlecode.com/components/command-processor.js:11635)
	at <anonymous class>.DelayedCommand.prototype.executeInternal_(file:///C:/Users/user/AppData/Local/Temp/anonymous5594390484295025150webdriver-profile/extensions/fxdriver@googlecode.com/components/command-processor.js:11640)
	at <anonymous class>.DelayedCommand.prototype.execute/<(file:///C:/Users/user/AppData/Local/Temp/anonymous5594390484295025150webdriver-profile/extensions/fxdriver@googlecode.com/components/command-processor.js:11582)
Mar 26,2015 21:44:53 [info]  End Execution of Test Class com.iCM.scripts.StaffEditProfilePassword
*****************************************************************************

*****************************************************************************
Mar 26,2015 21:46:16 [info]   Execution Started of Test Class com.iCM.scripts.StaffEditProfilePassword and Test method testStaffEditProfilePassword
*****************************************************************************
Mar 26,2015 21:46:16 [info]  Open application url
Mar 26,2015 21:46:31 [info]  Pass
Mar 26,2015 21:46:31 [info]  Verify Page title
Mar 26,2015 21:46:36 [info]  Pass
Mar 26,2015 21:46:36 [info]  Enter User name at login page.
Mar 26,2015 21:46:37 [info]  Pass
Mar 26,2015 21:46:37 [info]  Enter password at login page.
Mar 26,2015 21:46:38 [info]  Pass
Mar 26,2015 21:46:38 [info]  Click on Sign In button
Mar 26,2015 21:46:55 [info]  Pass
Mar 26,2015 21:46:55 [info]  Verify home page title
Mar 26,2015 21:47:00 [info]  Pass
Mar 26,2015 21:47:05 [info]  Click on 'Username' dropdown
Mar 26,2015 21:47:07 [info]  Pass
Mar 26,2015 21:47:08 [info]  Click on 'Profile' link
Mar 26,2015 21:47:10 [info]  Pass
Mar 26,2015 21:47:13 [info]  Verify title
Mar 26,2015 21:47:22 [info]  Pass
Mar 26,2015 21:47:22 [info]  Verify Basic information tab available
Mar 26,2015 21:47:23 [info]  Pass
Mar 26,2015 21:47:23 [info]  Click on Basic information tab
Mar 26,2015 21:47:25 [info]  Pass
Mar 26,2015 21:47:25 [info]  Verify Edit Profile button not available 
Mar 26,2015 21:47:29 [info]  Pass
Mar 26,2015 21:47:29 [info]  Verify Change Password button is available
Mar 26,2015 21:47:29 [info]  Pass
Mar 26,2015 21:47:29 [info]  Click on Change Password button
Mar 26,2015 21:47:32 [info]  Pass
Mar 26,2015 21:47:32 [info]  Verify an Overlay displayed
Mar 26,2015 21:47:33 [info]  Pass
Mar 26,2015 21:47:33 [info]  Enter (1qaz!QAZ) Password 
Mar 26,2015 21:47:33 [info]  Enter Confirm (1qaz!QAZ) Password 
Mar 26,2015 21:47:34 [info]  Click on Save Button
Mar 26,2015 21:47:49 [info]  End Execution of Test Class com.iCM.scripts.StaffEditProfilePassword
*****************************************************************************
