
*****************************************************************************
Feb 17,2015 12:28:21 [info]   Execution Started of Test Class com.iCM.scripts.AdministrationSchedule and Test method testAdministrationSchedule
*****************************************************************************
Feb 17,2015 12:28:21 [info]  Open application url
Feb 17,2015 12:28:38 [info]  Pass
Feb 17,2015 12:28:38 [info]  Verify Page title
Feb 17,2015 12:28:43 [info]  Pass
Feb 17,2015 12:28:43 [info]  Enter User name at login page.
Feb 17,2015 12:28:44 [info]  Pass
Feb 17,2015 12:28:44 [info]  Enter password at login page.
Feb 17,2015 12:28:45 [info]  Pass
Feb 17,2015 12:28:45 [info]  Click on Sign In button
Feb 17,2015 12:29:05 [info]  Pass
Feb 17,2015 12:29:05 [info]  Verify home page title
Feb 17,2015 12:29:11 [info]  Pass
Feb 17,2015 12:29:11 [info]  Open Add resident form via deep link
Feb 17,2015 12:29:25 [info]  Pass
Feb 17,2015 12:29:25 [info]  Enter Resident First Name
Feb 17,2015 12:29:29 [info]  Pass
Feb 17,2015 12:29:29 [info]  Enter Middle name
Feb 17,2015 12:29:32 [info]  Pass
Feb 17,2015 12:29:32 [info]  Enter last name
Feb 17,2015 12:29:35 [info]  Pass
Feb 17,2015 12:29:35 [info]  Open 'Calender'
Feb 17,2015 12:29:37 [info]  Pass
Feb 17,2015 12:29:42 [info]  Select Year
Feb 17,2015 12:29:45 [info]  Feb 17,2015 12:29:45 [info]  <<<<<<<<<<<<<<<<<<<<<<<<<<<<<<<<<< Error message >>>>>>>>>>>>>>>>>>>>>>>>>>>>>>
java.lang.AssertionError: Element Locator ://*[@class='ui-datepicker-year'] Not found expected [true] but found [false]
	at org.testng.Assert.fail(Assert.java:94)
	at org.testng.Assert.failNotEquals(Assert.java:494)
	at org.testng.Assert.assertTrue(Assert.java:42)
	at com.iCM.util.DriverHelper.selectDropDown(DriverHelper.java:276)
	at com.iCM.pagehelper.ResidentHelper.selectYear(ResidentHelper.java:49)
	at com.iCM.scripts.AdministrationSchedule.testAdministrationSchedule(AdministrationSchedule.java:91)
	at sun.reflect.NativeMethodAccessorImpl.invoke0(Native Method)
	at sun.reflect.NativeMethodAccessorImpl.invoke(Unknown Source)
	at sun.reflect.DelegatingMethodAccessorImpl.invoke(Unknown Source)
	at java.lang.reflect.Method.invoke(Unknown Source)
	at org.testng.internal.MethodInvocationHelper.invokeMethod(MethodInvocationHelper.java:84)
	at org.testng.internal.Invoker.invokeMethod(Invoker.java:714)
	at org.testng.internal.Invoker.invokeTestMethod(Invoker.java:901)
	at org.testng.internal.Invoker.invokeTestMethods(Invoker.java:1231)
	at org.testng.internal.TestMethodWorker.invokeTestMethods(TestMethodWorker.java:127)
	at org.testng.internal.TestMethodWorker.run(TestMethodWorker.java:111)
	at org.testng.TestRunner.privateRun(TestRunner.java:767)
	at org.testng.TestRunner.run(TestRunner.java:617)
	at org.testng.SuiteRunner.runTest(SuiteRunner.java:334)
	at org.testng.SuiteRunner.runSequentially(SuiteRunner.java:329)
	at org.testng.SuiteRunner.privateRun(SuiteRunner.java:291)
	at org.testng.SuiteRunner.run(SuiteRunner.java:240)
	at org.testng.SuiteRunnerWorker.runSuite(SuiteRunnerWorker.java:52)
	at org.testng.SuiteRunnerWorker.run(SuiteRunnerWorker.java:86)
	at org.testng.TestNG.runSuitesSequentially(TestNG.java:1224)
	at org.testng.TestNG.runSuitesLocally(TestNG.java:1149)
	at org.testng.TestNG.run(TestNG.java:1057)
	at org.testng.remote.RemoteTestNG.run(RemoteTestNG.java:111)
	at org.testng.remote.RemoteTestNG.initAndRun(RemoteTestNG.java:204)
	at org.testng.remote.RemoteTestNG.main(RemoteTestNG.java:175)
Feb 17,2015 12:29:45 [info]  End Execution of Test Class com.iCM.scripts.AdministrationSchedule
*****************************************************************************

*****************************************************************************
Feb 17,2015 12:30:11 [info]   Execution Started of Test Class com.iCM.scripts.AdministrationSchedule and Test method testAdministrationSchedule
*****************************************************************************
Feb 17,2015 12:30:11 [info]  Open application url
Feb 17,2015 12:30:31 [info]  Pass
Feb 17,2015 12:30:31 [info]  Verify Page title
Feb 17,2015 12:30:36 [info]  Pass
Feb 17,2015 12:30:36 [info]  Enter User name at login page.
Feb 17,2015 12:30:36 [info]  Pass
Feb 17,2015 12:30:36 [info]  Enter password at login page.
Feb 17,2015 12:30:36 [info]  Pass
Feb 17,2015 12:30:36 [info]  Click on Sign In button
Feb 17,2015 12:30:59 [info]  Pass
Feb 17,2015 12:30:59 [info]  Verify home page title
Feb 17,2015 12:31:05 [info]  Pass
Feb 17,2015 12:31:05 [info]  Open Add resident form via deep link
Feb 17,2015 12:31:16 [info]  Pass
Feb 17,2015 12:31:16 [info]  Enter Resident First Name
Feb 17,2015 12:31:19 [info]  Pass
Feb 17,2015 12:31:19 [info]  Enter Middle name
Feb 17,2015 12:31:22 [info]  Pass
Feb 17,2015 12:31:22 [info]  Enter last name
Feb 17,2015 12:31:26 [info]  Pass
Feb 17,2015 12:31:26 [info]  Open 'Calender'
Feb 17,2015 12:31:27 [info]  Pass
Feb 17,2015 12:31:32 [info]  Select Year
Feb 17,2015 12:31:36 [info]  Pass
Feb 17,2015 12:31:39 [info]  Select date
Feb 17,2015 12:31:42 [info]  Pass
Feb 17,2015 12:31:42 [info]  Select gender
Feb 17,2015 12:31:44 [info]  Pass
Feb 17,2015 12:31:44 [info]  Select Marital Status
Feb 17,2015 12:31:45 [info]  Pass
Feb 17,2015 12:31:45 [info]  Open 'Calender' for admit date
Feb 17,2015 12:31:47 [info]  Pass
Feb 17,2015 12:31:50 [info]  Select Year
Feb 17,2015 12:31:54 [info]  Pass
Feb 17,2015 12:31:54 [info]  Select Month
Feb 17,2015 12:31:55 [info]  Pass
Feb 17,2015 12:31:55 [info]  Select date
Feb 17,2015 12:31:58 [info]  Pass
Feb 17,2015 12:31:58 [info]  Select Facality
Feb 17,2015 12:31:59 [info]  Pass
Feb 17,2015 12:32:02 [info]  Select Nurse
Feb 17,2015 12:32:04 [info]  Pass
Feb 17,2015 12:32:04 [info]  Enter level of care
Feb 17,2015 12:32:07 [info]  Pass
Feb 17,2015 12:32:07 [info]  Click on 'Save' button
Feb 17,2015 12:32:12 [info]  Pass
Feb 17,2015 12:32:12 [info]  Search Added resident
Feb 17,2015 12:32:19 [info]  Pass
Feb 17,2015 12:32:19 [info]  Verify added resident
Feb 17,2015 12:32:22 [info]  Pass
Feb 17,2015 12:32:22 [info]  Open resident Profile
Feb 17,2015 12:32:26 [info]  Pass
Feb 17,2015 12:32:30 [info]  Click on Medication button
Feb 17,2015 12:32:34 [info]  Pass
Feb 17,2015 12:32:34 [info]  Click on Add Medication button
Feb 17,2015 12:32:50 [info]  Pass
Feb 17,2015 12:32:50 [info]  Enter Medicine Name
Feb 17,2015 12:33:00 [info]  Pass
Feb 17,2015 12:33:00 [info]  Enter Dosage
Feb 17,2015 12:33:03 [info]  Pass
Feb 17,2015 12:33:03 [info]  Enter instruction
Feb 17,2015 12:33:07 [info]  Pass
Feb 17,2015 12:33:07 [info]  Open 'Calender'
Feb 17,2015 12:33:11 [info]  Pass
Feb 17,2015 12:33:14 [info]  Select date
Feb 17,2015 12:34:13 [info]  Pass
Feb 17,2015 12:34:13 [info]  Select time

*****************************************************************************
Feb 17,2015 12:34:43 [info]   Execution Started of Test Class com.iCM.scripts.AdministrationSchedule and Test method testAdministrationSchedule
*****************************************************************************
Feb 17,2015 12:34:43 [info]  Open application url
Feb 17,2015 12:35:04 [info]  Pass
Feb 17,2015 12:35:04 [info]  Verify Page title
Feb 17,2015 12:35:09 [info]  Pass
Feb 17,2015 12:35:09 [info]  Enter User name at login page.
Feb 17,2015 12:35:10 [info]  Pass
Feb 17,2015 12:35:10 [info]  Enter password at login page.
Feb 17,2015 12:35:11 [info]  Pass
Feb 17,2015 12:35:11 [info]  Click on Sign In button
Feb 17,2015 12:35:35 [info]  Pass
Feb 17,2015 12:35:35 [info]  Verify home page title
Feb 17,2015 12:35:41 [info]  Pass
Feb 17,2015 12:35:41 [info]  Open Add resident form via deep link
Feb 17,2015 12:35:56 [info]  Pass
Feb 17,2015 12:35:56 [info]  Enter Resident First Name
Feb 17,2015 12:36:00 [info]  Pass
Feb 17,2015 12:36:00 [info]  Enter Middle name
Feb 17,2015 12:36:03 [info]  Pass
Feb 17,2015 12:36:03 [info]  Enter last name
Feb 17,2015 12:36:06 [info]  Pass
Feb 17,2015 12:36:06 [info]  Open 'Calender'
Feb 17,2015 12:36:08 [info]  Pass
Feb 17,2015 12:36:13 [info]  Select Year
Feb 17,2015 12:36:16 [info]  Feb 17,2015 12:36:16 [info]  <<<<<<<<<<<<<<<<<<<<<<<<<<<<<<<<<< Error message >>>>>>>>>>>>>>>>>>>>>>>>>>>>>>
java.lang.AssertionError: Element Locator ://*[@class='ui-datepicker-year'] Not found expected [true] but found [false]
	at org.testng.Assert.fail(Assert.java:94)
	at org.testng.Assert.failNotEquals(Assert.java:494)
	at org.testng.Assert.assertTrue(Assert.java:42)
	at com.iCM.util.DriverHelper.selectDropDown(DriverHelper.java:276)
	at com.iCM.pagehelper.ResidentHelper.selectYear(ResidentHelper.java:49)
	at com.iCM.scripts.AdministrationSchedule.testAdministrationSchedule(AdministrationSchedule.java:91)
	at sun.reflect.NativeMethodAccessorImpl.invoke0(Native Method)
	at sun.reflect.NativeMethodAccessorImpl.invoke(Unknown Source)
	at sun.reflect.DelegatingMethodAccessorImpl.invoke(Unknown Source)
	at java.lang.reflect.Method.invoke(Unknown Source)
	at org.testng.internal.MethodInvocationHelper.invokeMethod(MethodInvocationHelper.java:84)
	at org.testng.internal.Invoker.invokeMethod(Invoker.java:714)
	at org.testng.internal.Invoker.invokeTestMethod(Invoker.java:901)
	at org.testng.internal.Invoker.invokeTestMethods(Invoker.java:1231)
	at org.testng.internal.TestMethodWorker.invokeTestMethods(TestMethodWorker.java:127)
	at org.testng.internal.TestMethodWorker.run(TestMethodWorker.java:111)
	at org.testng.TestRunner.privateRun(TestRunner.java:767)
	at org.testng.TestRunner.run(TestRunner.java:617)
	at org.testng.SuiteRunner.runTest(SuiteRunner.java:334)
	at org.testng.SuiteRunner.runSequentially(SuiteRunner.java:329)
	at org.testng.SuiteRunner.privateRun(SuiteRunner.java:291)
	at org.testng.SuiteRunner.run(SuiteRunner.java:240)
	at org.testng.SuiteRunnerWorker.runSuite(SuiteRunnerWorker.java:52)
	at org.testng.SuiteRunnerWorker.run(SuiteRunnerWorker.java:86)
	at org.testng.TestNG.runSuitesSequentially(TestNG.java:1224)
	at org.testng.TestNG.runSuitesLocally(TestNG.java:1149)
	at org.testng.TestNG.run(TestNG.java:1057)
	at org.testng.remote.RemoteTestNG.run(RemoteTestNG.java:111)
	at org.testng.remote.RemoteTestNG.initAndRun(RemoteTestNG.java:204)
	at org.testng.remote.RemoteTestNG.main(RemoteTestNG.java:175)
Feb 17,2015 12:36:16 [info]  End Execution of Test Class com.iCM.scripts.AdministrationSchedule
*****************************************************************************

*****************************************************************************
Feb 17,2015 12:37:15 [info]   Execution Started of Test Class com.iCM.scripts.AdministrationSchedule and Test method testAdministrationSchedule
*****************************************************************************
Feb 17,2015 12:37:15 [info]  Open application url
Feb 17,2015 12:37:34 [info]  Pass
Feb 17,2015 12:37:34 [info]  Verify Page title
Feb 17,2015 12:37:39 [info]  Pass
Feb 17,2015 12:37:39 [info]  Enter User name at login page.
Feb 17,2015 12:37:41 [info]  Pass
Feb 17,2015 12:37:41 [info]  Enter password at login page.
Feb 17,2015 12:37:42 [info]  Pass
Feb 17,2015 12:37:42 [info]  Click on Sign In button
Feb 17,2015 12:38:03 [info]  Pass
Feb 17,2015 12:38:04 [info]  Verify home page title
Feb 17,2015 12:38:09 [info]  Pass
Feb 17,2015 12:38:09 [info]  Open Add resident form via deep link
Feb 17,2015 12:38:21 [info]  Pass
Feb 17,2015 12:38:21 [info]  Enter Resident First Name
Feb 17,2015 12:38:24 [info]  Pass
Feb 17,2015 12:38:24 [info]  Enter Middle name
Feb 17,2015 12:38:27 [info]  Pass
Feb 17,2015 12:38:27 [info]  Enter last name
Feb 17,2015 12:38:31 [info]  Pass
Feb 17,2015 12:38:31 [info]  Open 'Calender'
Feb 17,2015 12:38:32 [info]  Pass
Feb 17,2015 12:38:37 [info]  Select Year
Feb 17,2015 12:38:40 [info]  Feb 17,2015 12:38:40 [info]  <<<<<<<<<<<<<<<<<<<<<<<<<<<<<<<<<< Error message >>>>>>>>>>>>>>>>>>>>>>>>>>>>>>
java.lang.AssertionError: Element Locator ://*[@class='ui-datepicker-year'] Not found expected [true] but found [false]
	at org.testng.Assert.fail(Assert.java:94)
	at org.testng.Assert.failNotEquals(Assert.java:494)
	at org.testng.Assert.assertTrue(Assert.java:42)
	at com.iCM.util.DriverHelper.selectDropDown(DriverHelper.java:276)
	at com.iCM.pagehelper.ResidentHelper.selectYear(ResidentHelper.java:49)
	at com.iCM.scripts.AdministrationSchedule.testAdministrationSchedule(AdministrationSchedule.java:91)
	at sun.reflect.NativeMethodAccessorImpl.invoke0(Native Method)
	at sun.reflect.NativeMethodAccessorImpl.invoke(Unknown Source)
	at sun.reflect.DelegatingMethodAccessorImpl.invoke(Unknown Source)
	at java.lang.reflect.Method.invoke(Unknown Source)
	at org.testng.internal.MethodInvocationHelper.invokeMethod(MethodInvocationHelper.java:84)
	at org.testng.internal.Invoker.invokeMethod(Invoker.java:714)
	at org.testng.internal.Invoker.invokeTestMethod(Invoker.java:901)
	at org.testng.internal.Invoker.invokeTestMethods(Invoker.java:1231)
	at org.testng.internal.TestMethodWorker.invokeTestMethods(TestMethodWorker.java:127)
	at org.testng.internal.TestMethodWorker.run(TestMethodWorker.java:111)
	at org.testng.TestRunner.privateRun(TestRunner.java:767)
	at org.testng.TestRunner.run(TestRunner.java:617)
	at org.testng.SuiteRunner.runTest(SuiteRunner.java:334)
	at org.testng.SuiteRunner.runSequentially(SuiteRunner.java:329)
	at org.testng.SuiteRunner.privateRun(SuiteRunner.java:291)
	at org.testng.SuiteRunner.run(SuiteRunner.java:240)
	at org.testng.SuiteRunnerWorker.runSuite(SuiteRunnerWorker.java:52)
	at org.testng.SuiteRunnerWorker.run(SuiteRunnerWorker.java:86)
	at org.testng.TestNG.runSuitesSequentially(TestNG.java:1224)
	at org.testng.TestNG.runSuitesLocally(TestNG.java:1149)
	at org.testng.TestNG.run(TestNG.java:1057)
	at org.testng.remote.RemoteTestNG.run(RemoteTestNG.java:111)
	at org.testng.remote.RemoteTestNG.initAndRun(RemoteTestNG.java:204)
	at org.testng.remote.RemoteTestNG.main(RemoteTestNG.java:175)
Feb 17,2015 12:38:40 [info]  End Execution of Test Class com.iCM.scripts.AdministrationSchedule
*****************************************************************************

*****************************************************************************
Feb 17,2015 12:39:25 [info]   Execution Started of Test Class com.iCM.scripts.AdministrationSchedule and Test method testAdministrationSchedule
*****************************************************************************
Feb 17,2015 12:39:25 [info]  Open application url
Feb 17,2015 12:39:41 [info]  Pass
Feb 17,2015 12:39:41 [info]  Verify Page title
Feb 17,2015 12:39:46 [info]  Pass
Feb 17,2015 12:39:46 [info]  Enter User name at login page.
Feb 17,2015 12:39:47 [info]  Pass
Feb 17,2015 12:39:47 [info]  Enter password at login page.
Feb 17,2015 12:39:48 [info]  Pass
Feb 17,2015 12:39:48 [info]  Click on Sign In button
Feb 17,2015 12:40:10 [info]  Pass
Feb 17,2015 12:40:10 [info]  Verify home page title
Feb 17,2015 12:40:15 [info]  Pass
Feb 17,2015 12:40:15 [info]  Open Add resident form via deep link
Feb 17,2015 12:40:28 [info]  Pass
Feb 17,2015 12:40:28 [info]  Enter Resident First Name
Feb 17,2015 12:40:32 [info]  Pass
Feb 17,2015 12:40:32 [info]  Enter Middle name
Feb 17,2015 12:40:35 [info]  Pass
Feb 17,2015 12:40:35 [info]  Enter last name
Feb 17,2015 12:40:38 [info]  Pass
Feb 17,2015 12:40:38 [info]  Open 'Calender'
Feb 17,2015 12:40:40 [info]  Pass
Feb 17,2015 12:40:45 [info]  Select Year
Feb 17,2015 12:40:51 [info]  Pass
Feb 17,2015 12:40:54 [info]  Select date
Feb 17,2015 12:40:57 [info]  Pass
Feb 17,2015 12:40:57 [info]  Select gender
Feb 17,2015 12:40:58 [info]  Pass
Feb 17,2015 12:40:58 [info]  Select Marital Status
Feb 17,2015 12:41:00 [info]  Pass
Feb 17,2015 12:41:00 [info]  Open 'Calender' for admit date
Feb 17,2015 12:41:01 [info]  Pass
Feb 17,2015 12:41:04 [info]  Select Year
Feb 17,2015 12:41:11 [info]  Pass
Feb 17,2015 12:41:11 [info]  Select Month
Feb 17,2015 12:41:12 [info]  Pass
Feb 17,2015 12:41:12 [info]  Select date
Feb 17,2015 12:41:14 [info]  Pass
Feb 17,2015 12:41:14 [info]  Select Facality
Feb 17,2015 12:41:16 [info]  Pass
Feb 17,2015 12:41:19 [info]  Select Nurse
Feb 17,2015 12:41:20 [info]  Pass
Feb 17,2015 12:41:20 [info]  Enter level of care
Feb 17,2015 12:41:24 [info]  Pass
Feb 17,2015 12:41:24 [info]  Click on 'Save' button
Feb 17,2015 12:41:27 [info]  Pass
Feb 17,2015 12:41:27 [info]  Search Added resident
Feb 17,2015 12:41:33 [info]  Pass
Feb 17,2015 12:41:33 [info]  Verify added resident
Feb 17,2015 12:41:36 [info]  Pass
Feb 17,2015 12:41:36 [info]  Open resident Profile
Feb 17,2015 12:41:39 [info]  Pass
Feb 17,2015 12:41:43 [info]  Click on Medication button
Feb 17,2015 12:41:46 [info]  Pass
Feb 17,2015 12:41:46 [info]  Click on Add Medication button
Feb 17,2015 12:42:01 [info]  Pass
Feb 17,2015 12:42:01 [info]  Enter Medicine Name
Feb 17,2015 12:42:13 [info]  Pass
Feb 17,2015 12:42:13 [info]  Enter Dosage
Feb 17,2015 12:42:16 [info]  Pass
Feb 17,2015 12:42:16 [info]  Enter instruction
Feb 17,2015 12:42:20 [info]  Pass
Feb 17,2015 12:42:20 [info]  Open 'Calender'
Feb 17,2015 12:42:24 [info]  Pass
Feb 17,2015 12:42:27 [info]  Select date
Feb 17,2015 12:42:31 [info]  Pass
Feb 17,2015 12:42:31 [info]  Select time
Feb 17,2015 12:42:31 [info]  Feb 17,2015 12:42:31 [info]  <<<<<<<<<<<<<<<<<<<<<<<<<<<<<<<<<< Error message >>>>>>>>>>>>>>>>>>>>>>>>>>>>>>
org.openqa.selenium.NoSuchElementException: Cannot locate element with text: 14:0
For documentation on this error, please visit: http://seleniumhq.org/exceptions/no_such_element.html
Build info: version: '2.41.0', revision: '3192d8a', time: '2014-03-27 17:17:32'
System info: host: 'user-PC', ip: '192.168.21.1', os.name: 'Windows 7', os.arch: 'x86', os.version: '6.1', java.version: '1.8.0_20'
Driver info: driver.version: unknown
	at org.openqa.selenium.support.ui.Select.selectByVisibleText(Select.java:147)
	at com.iCM.util.DriverHelper.selectDropDown(DriverHelper.java:280)
	at com.iCM.pagehelper.EChartHelper.select(EChartHelper.java:128)
	at com.iCM.scripts.AdministrationSchedule.testAdministrationSchedule(AdministrationSchedule.java:223)
	at sun.reflect.NativeMethodAccessorImpl.invoke0(Native Method)
	at sun.reflect.NativeMethodAccessorImpl.invoke(Unknown Source)
	at sun.reflect.DelegatingMethodAccessorImpl.invoke(Unknown Source)
	at java.lang.reflect.Method.invoke(Unknown Source)
	at org.testng.internal.MethodInvocationHelper.invokeMethod(MethodInvocationHelper.java:84)
	at org.testng.internal.Invoker.invokeMethod(Invoker.java:714)
	at org.testng.internal.Invoker.invokeTestMethod(Invoker.java:901)
	at org.testng.internal.Invoker.invokeTestMethods(Invoker.java:1231)
	at org.testng.internal.TestMethodWorker.invokeTestMethods(TestMethodWorker.java:127)
	at org.testng.internal.TestMethodWorker.run(TestMethodWorker.java:111)
	at org.testng.TestRunner.privateRun(TestRunner.java:767)
	at org.testng.TestRunner.run(TestRunner.java:617)
	at org.testng.SuiteRunner.runTest(SuiteRunner.java:334)
	at org.testng.SuiteRunner.runSequentially(SuiteRunner.java:329)
	at org.testng.SuiteRunner.privateRun(SuiteRunner.java:291)
	at org.testng.SuiteRunner.run(SuiteRunner.java:240)
	at org.testng.SuiteRunnerWorker.runSuite(SuiteRunnerWorker.java:52)
	at org.testng.SuiteRunnerWorker.run(SuiteRunnerWorker.java:86)
	at org.testng.TestNG.runSuitesSequentially(TestNG.java:1224)
	at org.testng.TestNG.runSuitesLocally(TestNG.java:1149)
	at org.testng.TestNG.run(TestNG.java:1057)
	at org.testng.remote.RemoteTestNG.run(RemoteTestNG.java:111)
	at org.testng.remote.RemoteTestNG.initAndRun(RemoteTestNG.java:204)
	at org.testng.remote.RemoteTestNG.main(RemoteTestNG.java:175)
Feb 17,2015 12:42:31 [info]  End Execution of Test Class com.iCM.scripts.AdministrationSchedule
*****************************************************************************

*****************************************************************************
Feb 17,2015 12:46:48 [info]   Execution Started of Test Class com.iCM.scripts.AdministrationSchedule and Test method testAdministrationSchedule
*****************************************************************************
Feb 17,2015 12:46:48 [info]  Open application url
Feb 17,2015 12:47:06 [info]  Pass
Feb 17,2015 12:47:06 [info]  Verify Page title
Feb 17,2015 12:47:11 [info]  Pass
Feb 17,2015 12:47:11 [info]  Enter User name at login page.
Feb 17,2015 12:47:12 [info]  Pass
Feb 17,2015 12:47:12 [info]  Enter password at login page.
Feb 17,2015 12:47:13 [info]  Pass
Feb 17,2015 12:47:13 [info]  Click on Sign In button
Feb 17,2015 12:47:39 [info]  Pass
Feb 17,2015 12:47:39 [info]  Verify home page title
Feb 17,2015 12:47:44 [info]  Pass
Feb 17,2015 12:47:44 [info]  Open Add resident form via deep link
Feb 17,2015 12:47:58 [info]  Pass
Feb 17,2015 12:47:58 [info]  Enter Resident First Name
Feb 17,2015 12:48:01 [info]  Pass
Feb 17,2015 12:48:01 [info]  Enter Middle name
Feb 17,2015 12:48:04 [info]  Pass
Feb 17,2015 12:48:04 [info]  Enter last name
Feb 17,2015 12:48:08 [info]  Pass
Feb 17,2015 12:48:08 [info]  Open 'Calender'
Feb 17,2015 12:48:09 [info]  Pass
Feb 17,2015 12:48:14 [info]  Select Year
Feb 17,2015 12:48:21 [info]  Pass
Feb 17,2015 12:48:24 [info]  Select date
Feb 17,2015 12:48:26 [info]  Pass
Feb 17,2015 12:48:26 [info]  Select gender
Feb 17,2015 12:48:28 [info]  Pass
Feb 17,2015 12:48:28 [info]  Select Marital Status
Feb 17,2015 12:48:29 [info]  Pass
Feb 17,2015 12:48:29 [info]  Open 'Calender' for admit date
Feb 17,2015 12:48:31 [info]  Pass
Feb 17,2015 12:48:34 [info]  Select Year
Feb 17,2015 12:48:40 [info]  Pass
Feb 17,2015 12:48:40 [info]  Select Month
Feb 17,2015 12:48:41 [info]  Pass
Feb 17,2015 12:48:41 [info]  Select date
Feb 17,2015 12:48:44 [info]  Pass
Feb 17,2015 12:48:44 [info]  Select Facality
Feb 17,2015 12:48:45 [info]  Pass
Feb 17,2015 12:48:48 [info]  Select Nurse
Feb 17,2015 12:48:50 [info]  Pass
Feb 17,2015 12:48:50 [info]  Enter level of care
Feb 17,2015 12:48:53 [info]  Pass
Feb 17,2015 12:48:53 [info]  Click on 'Save' button
Feb 17,2015 12:48:57 [info]  Pass
Feb 17,2015 12:48:57 [info]  Search Added resident
Feb 17,2015 12:49:04 [info]  Pass
Feb 17,2015 12:49:04 [info]  Verify added resident
Feb 17,2015 12:49:07 [info]  Pass
Feb 17,2015 12:49:07 [info]  Open resident Profile
Feb 17,2015 12:49:11 [info]  Pass
Feb 17,2015 12:49:14 [info]  Click on Medication button
Feb 17,2015 12:49:17 [info]  Pass
Feb 17,2015 12:49:17 [info]  Click on Add Medication button
Feb 17,2015 12:49:32 [info]  Pass
Feb 17,2015 12:49:32 [info]  Enter Medicine Name
Feb 17,2015 12:49:45 [info]  Pass
Feb 17,2015 12:49:45 [info]  Enter Dosage
Feb 17,2015 12:49:49 [info]  Pass
Feb 17,2015 12:49:49 [info]  Enter instruction
Feb 17,2015 12:49:52 [info]  Pass
Feb 17,2015 12:49:52 [info]  Open 'Calender'
Feb 17,2015 12:49:57 [info]  Pass
Feb 17,2015 12:50:00 [info]  Select date
Feb 17,2015 12:50:04 [info]  Pass
Feb 17,2015 12:50:04 [info]  Select time
Feb 17,2015 12:50:04 [info]  Feb 17,2015 12:50:04 [info]  <<<<<<<<<<<<<<<<<<<<<<<<<<<<<<<<<< Error message >>>>>>>>>>>>>>>>>>>>>>>>>>>>>>
org.openqa.selenium.NoSuchElementException: Cannot locate element with text: 14:00
For documentation on this error, please visit: http://seleniumhq.org/exceptions/no_such_element.html
Build info: version: '2.41.0', revision: '3192d8a', time: '2014-03-27 17:17:32'
System info: host: 'user-PC', ip: '192.168.21.1', os.name: 'Windows 7', os.arch: 'x86', os.version: '6.1', java.version: '1.8.0_20'
Driver info: driver.version: unknown
	at org.openqa.selenium.support.ui.Select.selectByVisibleText(Select.java:147)
	at com.iCM.util.DriverHelper.selectDropDown(DriverHelper.java:280)
	at com.iCM.pagehelper.EChartHelper.select(EChartHelper.java:128)
	at com.iCM.scripts.AdministrationSchedule.testAdministrationSchedule(AdministrationSchedule.java:223)
	at sun.reflect.NativeMethodAccessorImpl.invoke0(Native Method)
	at sun.reflect.NativeMethodAccessorImpl.invoke(Unknown Source)
	at sun.reflect.DelegatingMethodAccessorImpl.invoke(Unknown Source)
	at java.lang.reflect.Method.invoke(Unknown Source)
	at org.testng.internal.MethodInvocationHelper.invokeMethod(MethodInvocationHelper.java:84)
	at org.testng.internal.Invoker.invokeMethod(Invoker.java:714)
	at org.testng.internal.Invoker.invokeTestMethod(Invoker.java:901)
	at org.testng.internal.Invoker.invokeTestMethods(Invoker.java:1231)
	at org.testng.internal.TestMethodWorker.invokeTestMethods(TestMethodWorker.java:127)
	at org.testng.internal.TestMethodWorker.run(TestMethodWorker.java:111)
	at org.testng.TestRunner.privateRun(TestRunner.java:767)
	at org.testng.TestRunner.run(TestRunner.java:617)
	at org.testng.SuiteRunner.runTest(SuiteRunner.java:334)
	at org.testng.SuiteRunner.runSequentially(SuiteRunner.java:329)
	at org.testng.SuiteRunner.privateRun(SuiteRunner.java:291)
	at org.testng.SuiteRunner.run(SuiteRunner.java:240)
	at org.testng.SuiteRunnerWorker.runSuite(SuiteRunnerWorker.java:52)
	at org.testng.SuiteRunnerWorker.run(SuiteRunnerWorker.java:86)
	at org.testng.TestNG.runSuitesSequentially(TestNG.java:1224)
	at org.testng.TestNG.runSuitesLocally(TestNG.java:1149)
	at org.testng.TestNG.run(TestNG.java:1057)
	at org.testng.remote.RemoteTestNG.run(RemoteTestNG.java:111)
	at org.testng.remote.RemoteTestNG.initAndRun(RemoteTestNG.java:204)
	at org.testng.remote.RemoteTestNG.main(RemoteTestNG.java:175)
Feb 17,2015 12:50:04 [info]  End Execution of Test Class com.iCM.scripts.AdministrationSchedule
*****************************************************************************

*****************************************************************************
Feb 17,2015 12:52:15 [info]   Execution Started of Test Class com.iCM.scripts.AdministrationSchedule and Test method testAdministrationSchedule
*****************************************************************************
Feb 17,2015 12:52:15 [info]  Open application url
Feb 17,2015 12:52:32 [info]  Pass
Feb 17,2015 12:52:32 [info]  Verify Page title
Feb 17,2015 12:52:37 [info]  Pass
Feb 17,2015 12:52:37 [info]  Enter User name at login page.
Feb 17,2015 12:52:38 [info]  Pass
Feb 17,2015 12:52:38 [info]  Enter password at login page.
Feb 17,2015 12:52:39 [info]  Pass
Feb 17,2015 12:52:39 [info]  Click on Sign In button
Feb 17,2015 12:52:59 [info]  Pass
Feb 17,2015 12:52:59 [info]  Verify home page title
Feb 17,2015 12:53:05 [info]  Pass
Feb 17,2015 12:53:05 [info]  Open Add resident form via deep link
Feb 17,2015 12:53:18 [info]  Pass
Feb 17,2015 12:53:18 [info]  Enter Resident First Name
Feb 17,2015 12:53:21 [info]  Pass
Feb 17,2015 12:53:21 [info]  Enter Middle name
Feb 17,2015 12:53:25 [info]  Pass
Feb 17,2015 12:53:25 [info]  Enter last name
Feb 17,2015 12:53:28 [info]  Pass
Feb 17,2015 12:53:28 [info]  Open 'Calender'
Feb 17,2015 12:53:29 [info]  Pass
Feb 17,2015 12:53:34 [info]  Select Year
Feb 17,2015 12:53:41 [info]  Pass
Feb 17,2015 12:53:44 [info]  Select date
Feb 17,2015 12:53:46 [info]  Pass
Feb 17,2015 12:53:46 [info]  Select gender
Feb 17,2015 12:53:48 [info]  Pass
Feb 17,2015 12:53:48 [info]  Select Marital Status
Feb 17,2015 12:53:49 [info]  Pass
Feb 17,2015 12:53:49 [info]  Open 'Calender' for admit date
Feb 17,2015 12:53:51 [info]  Pass
Feb 17,2015 12:53:54 [info]  Select Year
Feb 17,2015 12:54:00 [info]  Pass
Feb 17,2015 12:54:00 [info]  Select Month
Feb 17,2015 12:54:01 [info]  Pass
Feb 17,2015 12:54:01 [info]  Select date
Feb 17,2015 12:54:04 [info]  Pass
Feb 17,2015 12:54:04 [info]  Select Facality
Feb 17,2015 12:54:06 [info]  Pass
Feb 17,2015 12:54:09 [info]  Select Nurse
Feb 17,2015 12:54:10 [info]  Pass
Feb 17,2015 12:54:10 [info]  Enter level of care
Feb 17,2015 12:54:13 [info]  Pass
Feb 17,2015 12:54:13 [info]  Click on 'Save' button
Feb 17,2015 12:54:17 [info]  Pass
Feb 17,2015 12:54:17 [info]  Search Added resident
Feb 17,2015 12:54:22 [info]  Pass
Feb 17,2015 12:54:22 [info]  Verify added resident
Feb 17,2015 12:54:25 [info]  Pass
Feb 17,2015 12:54:25 [info]  Open resident Profile
Feb 17,2015 12:54:29 [info]  Pass
Feb 17,2015 12:54:32 [info]  Click on Medication button
Feb 17,2015 12:54:35 [info]  Pass
Feb 17,2015 12:54:35 [info]  Click on Add Medication button
Feb 17,2015 12:54:50 [info]  Pass
Feb 17,2015 12:54:50 [info]  Enter Medicine Name
Feb 17,2015 12:55:02 [info]  Pass
Feb 17,2015 12:55:03 [info]  Enter Dosage
Feb 17,2015 12:55:06 [info]  Pass
Feb 17,2015 12:55:06 [info]  Enter instruction
Feb 17,2015 12:55:09 [info]  Pass
Feb 17,2015 12:55:10 [info]  Open 'Calender'
Feb 17,2015 12:55:14 [info]  Pass
Feb 17,2015 12:55:17 [info]  Select date
Feb 17,2015 12:55:20 [info]  Pass
Feb 17,2015 12:55:20 [info]  Select time
Feb 17,2015 12:55:21 [info]  Pass
Feb 17,2015 12:55:21 [info]  Select AM/PM
Feb 17,2015 12:55:23 [info]  Pass
Feb 17,2015 12:55:23 [info]  Click on Add Schedule button
Feb 17,2015 12:55:27 [info]  Pass
Feb 17,2015 12:55:27 [info]  Verify Added Schedule
Feb 17,2015 12:55:27 [info]  Feb 17,2015 12:55:27 [info]  <<<<<<<<<<<<<<<<<<<<<<<<<<<<<<<<<< Error message >>>>>>>>>>>>>>>>>>>>>>>>>>>>>>
java.lang.AssertionError: expected [true] but found [false]
	at org.testng.Assert.fail(Assert.java:94)
	at org.testng.Assert.failNotEquals(Assert.java:494)
	at org.testng.Assert.assertTrue(Assert.java:42)
	at org.testng.Assert.assertTrue(Assert.java:52)
	at com.iCM.pagehelper.EChartHelper.verifyItemText(EChartHelper.java:153)
	at com.iCM.scripts.AdministrationSchedule.testAdministrationSchedule(AdministrationSchedule.java:240)
	at sun.reflect.NativeMethodAccessorImpl.invoke0(Native Method)
	at sun.reflect.NativeMethodAccessorImpl.invoke(Unknown Source)
	at sun.reflect.DelegatingMethodAccessorImpl.invoke(Unknown Source)
	at java.lang.reflect.Method.invoke(Unknown Source)
	at org.testng.internal.MethodInvocationHelper.invokeMethod(MethodInvocationHelper.java:84)
	at org.testng.internal.Invoker.invokeMethod(Invoker.java:714)
	at org.testng.internal.Invoker.invokeTestMethod(Invoker.java:901)
	at org.testng.internal.Invoker.invokeTestMethods(Invoker.java:1231)
	at org.testng.internal.TestMethodWorker.invokeTestMethods(TestMethodWorker.java:127)
	at org.testng.internal.TestMethodWorker.run(TestMethodWorker.java:111)
	at org.testng.TestRunner.privateRun(TestRunner.java:767)
	at org.testng.TestRunner.run(TestRunner.java:617)
	at org.testng.SuiteRunner.runTest(SuiteRunner.java:334)
	at org.testng.SuiteRunner.runSequentially(SuiteRunner.java:329)
	at org.testng.SuiteRunner.privateRun(SuiteRunner.java:291)
	at org.testng.SuiteRunner.run(SuiteRunner.java:240)
	at org.testng.SuiteRunnerWorker.runSuite(SuiteRunnerWorker.java:52)
	at org.testng.SuiteRunnerWorker.run(SuiteRunnerWorker.java:86)
	at org.testng.TestNG.runSuitesSequentially(TestNG.java:1224)
	at org.testng.TestNG.runSuitesLocally(TestNG.java:1149)
	at org.testng.TestNG.run(TestNG.java:1057)
	at org.testng.remote.RemoteTestNG.run(RemoteTestNG.java:111)
	at org.testng.remote.RemoteTestNG.initAndRun(RemoteTestNG.java:204)
	at org.testng.remote.RemoteTestNG.main(RemoteTestNG.java:175)
Feb 17,2015 12:55:27 [info]  End Execution of Test Class com.iCM.scripts.AdministrationSchedule
*****************************************************************************

*****************************************************************************
Feb 17,2015 12:58:51 [info]   Execution Started of Test Class com.iCM.scripts.AdministrationSchedule and Test method testAdministrationSchedule
*****************************************************************************
Feb 17,2015 12:58:51 [info]  Open application url
Feb 17,2015 12:59:17 [info]  Pass
Feb 17,2015 12:59:17 [info]  Verify Page title
Feb 17,2015 12:59:22 [info]  Pass
Feb 17,2015 12:59:22 [info]  Enter User name at login page.
Feb 17,2015 12:59:23 [info]  Pass
Feb 17,2015 12:59:23 [info]  Enter password at login page.
Feb 17,2015 12:59:24 [info]  Pass
Feb 17,2015 12:59:24 [info]  Click on Sign In button
Feb 17,2015 12:59:48 [info]  Pass
Feb 17,2015 12:59:48 [info]  Verify home page title
Feb 17,2015 12:59:54 [info]  Pass
Feb 17,2015 12:59:54 [info]  Open Add resident form via deep link
Feb 17,2015 13:00:07 [info]  Pass
Feb 17,2015 13:00:07 [info]  Enter Resident First Name
Feb 17,2015 13:00:10 [info]  Pass
Feb 17,2015 13:00:10 [info]  Enter Middle name
Feb 17,2015 13:00:14 [info]  Pass
Feb 17,2015 13:00:14 [info]  Enter last name
Feb 17,2015 13:00:17 [info]  Pass
Feb 17,2015 13:00:17 [info]  Open 'Calender'
Feb 17,2015 13:00:19 [info]  Pass
Feb 17,2015 13:00:24 [info]  Select Year
Feb 17,2015 13:00:30 [info]  Pass
Feb 17,2015 13:00:33 [info]  Select date
Feb 17,2015 13:00:36 [info]  Pass
Feb 17,2015 13:00:36 [info]  Select gender
Feb 17,2015 13:00:37 [info]  Pass
Feb 17,2015 13:00:37 [info]  Select Marital Status
Feb 17,2015 13:00:39 [info]  Pass
Feb 17,2015 13:00:39 [info]  Open 'Calender' for admit date
Feb 17,2015 13:00:41 [info]  Pass
Feb 17,2015 13:00:44 [info]  Select Year
Feb 17,2015 13:00:50 [info]  Pass
Feb 17,2015 13:00:50 [info]  Select Month
Feb 17,2015 13:00:51 [info]  Pass
Feb 17,2015 13:00:51 [info]  Select date
Feb 17,2015 13:00:54 [info]  Pass
Feb 17,2015 13:00:54 [info]  Select Facality
Feb 17,2015 13:00:55 [info]  Pass
Feb 17,2015 13:00:58 [info]  Select Nurse
Feb 17,2015 13:01:00 [info]  Pass
Feb 17,2015 13:01:00 [info]  Enter level of care
Feb 17,2015 13:01:03 [info]  Pass
Feb 17,2015 13:01:03 [info]  Click on 'Save' button
Feb 17,2015 13:01:07 [info]  Pass
Feb 17,2015 13:01:07 [info]  Search Added resident
Feb 17,2015 13:01:14 [info]  Pass
Feb 17,2015 13:01:14 [info]  Verify added resident
Feb 17,2015 13:01:17 [info]  Pass
Feb 17,2015 13:01:17 [info]  Open resident Profile
Feb 17,2015 13:01:21 [info]  Pass
Feb 17,2015 13:01:24 [info]  Click on Medication button
Feb 17,2015 13:01:27 [info]  Pass
Feb 17,2015 13:01:27 [info]  Click on Add Medication button
Feb 17,2015 13:01:41 [info]  Pass
Feb 17,2015 13:01:41 [info]  Enter Medicine Name
Feb 17,2015 13:01:54 [info]  Pass
Feb 17,2015 13:01:54 [info]  Enter Dosage
Feb 17,2015 13:01:57 [info]  Pass
Feb 17,2015 13:01:57 [info]  Enter instruction
Feb 17,2015 13:02:01 [info]  Pass
Feb 17,2015 13:02:01 [info]  Open 'Calender'
Feb 17,2015 13:02:05 [info]  Pass
Feb 17,2015 13:02:08 [info]  Select date
Feb 17,2015 13:02:11 [info]  Pass
Feb 17,2015 13:02:11 [info]  Select time
Feb 17,2015 13:02:12 [info]  Feb 17,2015 13:02:12 [info]  <<<<<<<<<<<<<<<<<<<<<<<<<<<<<<<<<< Error message >>>>>>>>>>>>>>>>>>>>>>>>>>>>>>
org.openqa.selenium.NoSuchElementException: Cannot locate element with text: null:30
For documentation on this error, please visit: http://seleniumhq.org/exceptions/no_such_element.html
Build info: version: '2.41.0', revision: '3192d8a', time: '2014-03-27 17:17:32'
System info: host: 'user-PC', ip: '192.168.21.1', os.name: 'Windows 7', os.arch: 'x86', os.version: '6.1', java.version: '1.8.0_20'
Driver info: driver.version: unknown
	at org.openqa.selenium.support.ui.Select.selectByVisibleText(Select.java:147)
	at com.iCM.util.DriverHelper.selectDropDown(DriverHelper.java:280)
	at com.iCM.pagehelper.EChartHelper.select(EChartHelper.java:128)
	at com.iCM.scripts.AdministrationSchedule.testAdministrationSchedule(AdministrationSchedule.java:223)
	at sun.reflect.NativeMethodAccessorImpl.invoke0(Native Method)
	at sun.reflect.NativeMethodAccessorImpl.invoke(Unknown Source)
	at sun.reflect.DelegatingMethodAccessorImpl.invoke(Unknown Source)
	at java.lang.reflect.Method.invoke(Unknown Source)
	at org.testng.internal.MethodInvocationHelper.invokeMethod(MethodInvocationHelper.java:84)
	at org.testng.internal.Invoker.invokeMethod(Invoker.java:714)
	at org.testng.internal.Invoker.invokeTestMethod(Invoker.java:901)
	at org.testng.internal.Invoker.invokeTestMethods(Invoker.java:1231)
	at org.testng.internal.TestMethodWorker.invokeTestMethods(TestMethodWorker.java:127)
	at org.testng.internal.TestMethodWorker.run(TestMethodWorker.java:111)
	at org.testng.TestRunner.privateRun(TestRunner.java:767)
	at org.testng.TestRunner.run(TestRunner.java:617)
	at org.testng.SuiteRunner.runTest(SuiteRunner.java:334)
	at org.testng.SuiteRunner.runSequentially(SuiteRunner.java:329)
	at org.testng.SuiteRunner.privateRun(SuiteRunner.java:291)
	at org.testng.SuiteRunner.run(SuiteRunner.java:240)
	at org.testng.SuiteRunnerWorker.runSuite(SuiteRunnerWorker.java:52)
	at org.testng.SuiteRunnerWorker.run(SuiteRunnerWorker.java:86)
	at org.testng.TestNG.runSuitesSequentially(TestNG.java:1224)
	at org.testng.TestNG.runSuitesLocally(TestNG.java:1149)
	at org.testng.TestNG.run(TestNG.java:1057)
	at org.testng.remote.RemoteTestNG.run(RemoteTestNG.java:111)
	at org.testng.remote.RemoteTestNG.initAndRun(RemoteTestNG.java:204)
	at org.testng.remote.RemoteTestNG.main(RemoteTestNG.java:175)
Feb 17,2015 13:02:12 [info]  End Execution of Test Class com.iCM.scripts.AdministrationSchedule
*****************************************************************************

*****************************************************************************
Feb 17,2015 13:05:13 [info]   Execution Started of Test Class com.iCM.scripts.AdministrationSchedule and Test method testAdministrationSchedule
*****************************************************************************
Feb 17,2015 13:05:14 [info]  Open application url
Feb 17,2015 13:05:30 [info]  Pass
Feb 17,2015 13:05:30 [info]  Verify Page title
Feb 17,2015 13:05:35 [info]  Pass
Feb 17,2015 13:05:35 [info]  Enter User name at login page.
Feb 17,2015 13:05:36 [info]  Pass
Feb 17,2015 13:05:36 [info]  Enter password at login page.
Feb 17,2015 13:05:37 [info]  Pass
Feb 17,2015 13:05:37 [info]  Click on Sign In button
Feb 17,2015 13:05:58 [info]  Pass
Feb 17,2015 13:05:58 [info]  Verify home page title
Feb 17,2015 13:06:03 [info]  Pass
Feb 17,2015 13:06:03 [info]  Open Add resident form via deep link
Feb 17,2015 13:06:16 [info]  Pass
Feb 17,2015 13:06:16 [info]  Enter Resident First Name
Feb 17,2015 13:06:20 [info]  Pass
Feb 17,2015 13:06:20 [info]  Enter Middle name
Feb 17,2015 13:06:23 [info]  Pass
Feb 17,2015 13:06:23 [info]  Enter last name
Feb 17,2015 13:06:27 [info]  Pass
Feb 17,2015 13:06:27 [info]  Open 'Calender'
Feb 17,2015 13:06:28 [info]  Pass
Feb 17,2015 13:06:33 [info]  Select Year
Feb 17,2015 13:06:40 [info]  Pass
Feb 17,2015 13:06:43 [info]  Select date
Feb 17,2015 13:06:45 [info]  Pass
Feb 17,2015 13:06:45 [info]  Select gender
Feb 17,2015 13:06:47 [info]  Pass
Feb 17,2015 13:06:47 [info]  Select Marital Status
Feb 17,2015 13:06:48 [info]  Pass
Feb 17,2015 13:06:48 [info]  Open 'Calender' for admit date
Feb 17,2015 13:06:50 [info]  Pass
Feb 17,2015 13:06:53 [info]  Select Year
Feb 17,2015 13:06:59 [info]  Pass
Feb 17,2015 13:06:59 [info]  Select Month
Feb 17,2015 13:07:00 [info]  Pass
Feb 17,2015 13:07:00 [info]  Select date
Feb 17,2015 13:07:03 [info]  Pass
Feb 17,2015 13:07:03 [info]  Select Facality
Feb 17,2015 13:07:05 [info]  Pass
Feb 17,2015 13:07:08 [info]  Select Nurse
Feb 17,2015 13:07:09 [info]  Pass
Feb 17,2015 13:07:09 [info]  Enter level of care
Feb 17,2015 13:07:13 [info]  Pass
Feb 17,2015 13:07:13 [info]  Click on 'Save' button
Feb 17,2015 13:07:16 [info]  Pass
Feb 17,2015 13:07:16 [info]  Search Added resident
Feb 17,2015 13:07:22 [info]  Pass
Feb 17,2015 13:07:22 [info]  Verify added resident
Feb 17,2015 13:07:25 [info]  Pass
Feb 17,2015 13:07:25 [info]  Open resident Profile
Feb 17,2015 13:07:29 [info]  Pass
Feb 17,2015 13:07:32 [info]  Click on Medication button
Feb 17,2015 13:07:36 [info]  Pass
Feb 17,2015 13:07:36 [info]  Click on Add Medication button
Feb 17,2015 13:07:50 [info]  Pass
Feb 17,2015 13:07:50 [info]  Enter Medicine Name
Feb 17,2015 13:08:03 [info]  Pass
Feb 17,2015 13:08:03 [info]  Enter Dosage
Feb 17,2015 13:08:06 [info]  Pass
Feb 17,2015 13:08:06 [info]  Enter instruction
Feb 17,2015 13:08:10 [info]  Pass
Feb 17,2015 13:08:10 [info]  Open 'Calender'
Feb 17,2015 13:08:14 [info]  Pass
Feb 17,2015 13:08:17 [info]  Select date
Feb 17,2015 13:08:20 [info]  Pass
Feb 17,2015 13:08:20 [info]  Select time
Feb 17,2015 13:08:21 [info]  Feb 17,2015 13:08:21 [info]  <<<<<<<<<<<<<<<<<<<<<<<<<<<<<<<<<< Error message >>>>>>>>>>>>>>>>>>>>>>>>>>>>>>
org.openqa.selenium.NoSuchElementException: Cannot locate element with text: 00:30
For documentation on this error, please visit: http://seleniumhq.org/exceptions/no_such_element.html
Build info: version: '2.41.0', revision: '3192d8a', time: '2014-03-27 17:17:32'
System info: host: 'user-PC', ip: '192.168.21.1', os.name: 'Windows 7', os.arch: 'x86', os.version: '6.1', java.version: '1.8.0_20'
Driver info: driver.version: unknown
	at org.openqa.selenium.support.ui.Select.selectByVisibleText(Select.java:147)
	at com.iCM.util.DriverHelper.selectDropDown(DriverHelper.java:280)
	at com.iCM.pagehelper.EChartHelper.select(EChartHelper.java:128)
	at com.iCM.scripts.AdministrationSchedule.testAdministrationSchedule(AdministrationSchedule.java:223)
	at sun.reflect.NativeMethodAccessorImpl.invoke0(Native Method)
	at sun.reflect.NativeMethodAccessorImpl.invoke(Unknown Source)
	at sun.reflect.DelegatingMethodAccessorImpl.invoke(Unknown Source)
	at java.lang.reflect.Method.invoke(Unknown Source)
	at org.testng.internal.MethodInvocationHelper.invokeMethod(MethodInvocationHelper.java:84)
	at org.testng.internal.Invoker.invokeMethod(Invoker.java:714)
	at org.testng.internal.Invoker.invokeTestMethod(Invoker.java:901)
	at org.testng.internal.Invoker.invokeTestMethods(Invoker.java:1231)
	at org.testng.internal.TestMethodWorker.invokeTestMethods(TestMethodWorker.java:127)
	at org.testng.internal.TestMethodWorker.run(TestMethodWorker.java:111)
	at org.testng.TestRunner.privateRun(TestRunner.java:767)
	at org.testng.TestRunner.run(TestRunner.java:617)
	at org.testng.SuiteRunner.runTest(SuiteRunner.java:334)
	at org.testng.SuiteRunner.runSequentially(SuiteRunner.java:329)
	at org.testng.SuiteRunner.privateRun(SuiteRunner.java:291)
	at org.testng.SuiteRunner.run(SuiteRunner.java:240)
	at org.testng.SuiteRunnerWorker.runSuite(SuiteRunnerWorker.java:52)
	at org.testng.SuiteRunnerWorker.run(SuiteRunnerWorker.java:86)
	at org.testng.TestNG.runSuitesSequentially(TestNG.java:1224)
	at org.testng.TestNG.runSuitesLocally(TestNG.java:1149)
	at org.testng.TestNG.run(TestNG.java:1057)
	at org.testng.remote.RemoteTestNG.run(RemoteTestNG.java:111)
	at org.testng.remote.RemoteTestNG.initAndRun(RemoteTestNG.java:204)
	at org.testng.remote.RemoteTestNG.main(RemoteTestNG.java:175)
Feb 17,2015 13:08:21 [info]  End Execution of Test Class com.iCM.scripts.AdministrationSchedule
*****************************************************************************

*****************************************************************************
Feb 17,2015 13:11:34 [info]   Execution Started of Test Class com.iCM.scripts.AdministrationSchedule and Test method testAdministrationSchedule
*****************************************************************************
Feb 17,2015 13:11:34 [info]  Open application url
Feb 17,2015 13:11:50 [info]  Pass
Feb 17,2015 13:11:50 [info]  Verify Page title
Feb 17,2015 13:11:55 [info]  Pass
Feb 17,2015 13:11:55 [info]  Enter User name at login page.
Feb 17,2015 13:11:56 [info]  Pass
Feb 17,2015 13:11:56 [info]  Enter password at login page.
Feb 17,2015 13:11:56 [info]  Pass
Feb 17,2015 13:11:56 [info]  Click on Sign In button
Feb 17,2015 13:12:19 [info]  Pass
Feb 17,2015 13:12:19 [info]  Verify home page title
Feb 17,2015 13:12:24 [info]  Pass
Feb 17,2015 13:12:24 [info]  Open Add resident form via deep link
Feb 17,2015 13:12:38 [info]  Pass
Feb 17,2015 13:12:38 [info]  Enter Resident First Name
Feb 17,2015 13:12:41 [info]  Pass
Feb 17,2015 13:12:41 [info]  Enter Middle name
Feb 17,2015 13:12:45 [info]  Pass
Feb 17,2015 13:12:45 [info]  Enter last name
Feb 17,2015 13:12:48 [info]  Pass
Feb 17,2015 13:12:48 [info]  Open 'Calender'
Feb 17,2015 13:12:49 [info]  Pass
Feb 17,2015 13:12:54 [info]  Select Year
Feb 17,2015 13:12:59 [info]  Feb 17,2015 13:12:59 [info]  <<<<<<<<<<<<<<<<<<<<<<<<<<<<<<<<<< Error message >>>>>>>>>>>>>>>>>>>>>>>>>>>>>>
java.lang.AssertionError: Element Locator ://*[@class='ui-datepicker-year'] Not found expected [true] but found [false]
	at org.testng.Assert.fail(Assert.java:94)
	at org.testng.Assert.failNotEquals(Assert.java:494)
	at org.testng.Assert.assertTrue(Assert.java:42)
	at com.iCM.util.DriverHelper.selectDropDown(DriverHelper.java:276)
	at com.iCM.pagehelper.ResidentHelper.selectYear(ResidentHelper.java:49)
	at com.iCM.scripts.AdministrationSchedule.testAdministrationSchedule(AdministrationSchedule.java:91)
	at sun.reflect.NativeMethodAccessorImpl.invoke0(Native Method)
	at sun.reflect.NativeMethodAccessorImpl.invoke(Unknown Source)
	at sun.reflect.DelegatingMethodAccessorImpl.invoke(Unknown Source)
	at java.lang.reflect.Method.invoke(Unknown Source)
	at org.testng.internal.MethodInvocationHelper.invokeMethod(MethodInvocationHelper.java:84)
	at org.testng.internal.Invoker.invokeMethod(Invoker.java:714)
	at org.testng.internal.Invoker.invokeTestMethod(Invoker.java:901)
	at org.testng.internal.Invoker.invokeTestMethods(Invoker.java:1231)
	at org.testng.internal.TestMethodWorker.invokeTestMethods(TestMethodWorker.java:127)
	at org.testng.internal.TestMethodWorker.run(TestMethodWorker.java:111)
	at org.testng.TestRunner.privateRun(TestRunner.java:767)
	at org.testng.TestRunner.run(TestRunner.java:617)
	at org.testng.SuiteRunner.runTest(SuiteRunner.java:334)
	at org.testng.SuiteRunner.runSequentially(SuiteRunner.java:329)
	at org.testng.SuiteRunner.privateRun(SuiteRunner.java:291)
	at org.testng.SuiteRunner.run(SuiteRunner.java:240)
	at org.testng.SuiteRunnerWorker.runSuite(SuiteRunnerWorker.java:52)
	at org.testng.SuiteRunnerWorker.run(SuiteRunnerWorker.java:86)
	at org.testng.TestNG.runSuitesSequentially(TestNG.java:1224)
	at org.testng.TestNG.runSuitesLocally(TestNG.java:1149)
	at org.testng.TestNG.run(TestNG.java:1057)
	at org.testng.remote.RemoteTestNG.run(RemoteTestNG.java:111)
	at org.testng.remote.RemoteTestNG.initAndRun(RemoteTestNG.java:204)
	at org.testng.remote.RemoteTestNG.main(RemoteTestNG.java:175)
Feb 17,2015 13:12:59 [info]  End Execution of Test Class com.iCM.scripts.AdministrationSchedule
*****************************************************************************

*****************************************************************************
Feb 17,2015 13:14:59 [info]   Execution Started of Test Class com.iCM.scripts.AdministrationSchedule and Test method testAdministrationSchedule
*****************************************************************************
Feb 17,2015 13:14:59 [info]  Open application url
Feb 17,2015 13:15:17 [info]  Pass
Feb 17,2015 13:15:17 [info]  Verify Page title
Feb 17,2015 13:15:22 [info]  Pass
Feb 17,2015 13:15:22 [info]  Enter User name at login page.
Feb 17,2015 13:15:23 [info]  Pass
Feb 17,2015 13:15:23 [info]  Enter password at login page.
Feb 17,2015 13:15:23 [info]  Pass
Feb 17,2015 13:15:23 [info]  Click on Sign In button
Feb 17,2015 13:15:43 [info]  Pass
Feb 17,2015 13:15:43 [info]  Verify home page title
Feb 17,2015 13:15:49 [info]  Pass
Feb 17,2015 13:15:49 [info]  Open Add resident form via deep link
Feb 17,2015 13:15:59 [info]  Pass
Feb 17,2015 13:15:59 [info]  Enter Resident First Name
Feb 17,2015 13:16:02 [info]  Pass
Feb 17,2015 13:16:02 [info]  Enter Middle name
Feb 17,2015 13:16:06 [info]  Pass
Feb 17,2015 13:16:06 [info]  Enter last name
Feb 17,2015 13:16:09 [info]  Pass
Feb 17,2015 13:16:09 [info]  Open 'Calender'
Feb 17,2015 13:16:10 [info]  Pass
Feb 17,2015 13:16:15 [info]  Select Year
Feb 17,2015 13:16:22 [info]  Pass
Feb 17,2015 13:16:25 [info]  Select date
Feb 17,2015 13:17:18 [info]  Feb 17,2015 13:17:18 [info]  <<<<<<<<<<<<<<<<<<<<<<<<<<<<<<<<<< Error message >>>>>>>>>>>>>>>>>>>>>>>>>>>>>>
java.lang.AssertionError: Element Locator :link=17 Not found expected [true] but found [false]
	at org.testng.Assert.fail(Assert.java:94)
	at org.testng.Assert.failNotEquals(Assert.java:494)
	at org.testng.Assert.assertTrue(Assert.java:42)
	at com.iCM.util.DriverHelper.clickOn(DriverHelper.java:251)
	at com.iCM.pagehelper.ResidentHelper.selectDate(ResidentHelper.java:59)
	at com.iCM.scripts.AdministrationSchedule.testAdministrationSchedule(AdministrationSchedule.java:99)
	at sun.reflect.NativeMethodAccessorImpl.invoke0(Native Method)
	at sun.reflect.NativeMethodAccessorImpl.invoke(Unknown Source)
	at sun.reflect.DelegatingMethodAccessorImpl.invoke(Unknown Source)
	at java.lang.reflect.Method.invoke(Unknown Source)
	at org.testng.internal.MethodInvocationHelper.invokeMethod(MethodInvocationHelper.java:84)
	at org.testng.internal.Invoker.invokeMethod(Invoker.java:714)
	at org.testng.internal.Invoker.invokeTestMethod(Invoker.java:901)
	at org.testng.internal.Invoker.invokeTestMethods(Invoker.java:1231)
	at org.testng.internal.TestMethodWorker.invokeTestMethods(TestMethodWorker.java:127)
	at org.testng.internal.TestMethodWorker.run(TestMethodWorker.java:111)
	at org.testng.TestRunner.privateRun(TestRunner.java:767)
	at org.testng.TestRunner.run(TestRunner.java:617)
	at org.testng.SuiteRunner.runTest(SuiteRunner.java:334)
	at org.testng.SuiteRunner.runSequentially(SuiteRunner.java:329)
	at org.testng.SuiteRunner.privateRun(SuiteRunner.java:291)
	at org.testng.SuiteRunner.run(SuiteRunner.java:240)
	at org.testng.SuiteRunnerWorker.runSuite(SuiteRunnerWorker.java:52)
	at org.testng.SuiteRunnerWorker.run(SuiteRunnerWorker.java:86)
	at org.testng.TestNG.runSuitesSequentially(TestNG.java:1224)
	at org.testng.TestNG.runSuitesLocally(TestNG.java:1149)
	at org.testng.TestNG.run(TestNG.java:1057)
	at org.testng.remote.RemoteTestNG.run(RemoteTestNG.java:111)
	at org.testng.remote.RemoteTestNG.initAndRun(RemoteTestNG.java:204)
	at org.testng.remote.RemoteTestNG.main(RemoteTestNG.java:175)
Feb 17,2015 13:17:18 [info]  End Execution of Test Class com.iCM.scripts.AdministrationSchedule
*****************************************************************************

*****************************************************************************
Feb 17,2015 13:18:45 [info]   Execution Started of Test Class com.iCM.scripts.AdministrationSchedule and Test method testAdministrationSchedule
*****************************************************************************
Feb 17,2015 13:18:45 [info]  Open application url
Feb 17,2015 13:19:02 [info]  Pass
Feb 17,2015 13:19:02 [info]  Verify Page title
Feb 17,2015 13:19:08 [info]  Pass
Feb 17,2015 13:19:08 [info]  Enter User name at login page.
Feb 17,2015 13:19:08 [info]  Pass
Feb 17,2015 13:19:08 [info]  Enter password at login page.
Feb 17,2015 13:19:09 [info]  Pass
Feb 17,2015 13:19:09 [info]  Click on Sign In button
Feb 17,2015 13:19:29 [info]  Pass
Feb 17,2015 13:19:29 [info]  Verify home page title
Feb 17,2015 13:19:35 [info]  Pass
Feb 17,2015 13:19:35 [info]  Open Add resident form via deep link
Feb 17,2015 13:19:46 [info]  Pass
Feb 17,2015 13:19:46 [info]  Enter Resident First Name
Feb 17,2015 13:19:50 [info]  Pass
Feb 17,2015 13:19:50 [info]  Enter Middle name
Feb 17,2015 13:19:53 [info]  Pass
Feb 17,2015 13:19:53 [info]  Enter last name
Feb 17,2015 13:19:57 [info]  Pass
Feb 17,2015 13:19:57 [info]  Open 'Calender'
Feb 17,2015 13:19:58 [info]  Pass
Feb 17,2015 13:20:03 [info]  Select Year
Feb 17,2015 13:20:09 [info]  Pass
Feb 17,2015 13:20:12 [info]  Select date
Feb 17,2015 13:20:15 [info]  Pass
Feb 17,2015 13:20:15 [info]  Select gender
Feb 17,2015 13:20:16 [info]  Pass
Feb 17,2015 13:20:16 [info]  Select Marital Status
Feb 17,2015 13:20:18 [info]  Pass
Feb 17,2015 13:20:18 [info]  Open 'Calender' for admit date
Feb 17,2015 13:20:19 [info]  Pass
Feb 17,2015 13:20:23 [info]  Select Year
Feb 17,2015 13:20:29 [info]  Pass
Feb 17,2015 13:20:29 [info]  Select Month
Feb 17,2015 13:20:30 [info]  Pass
Feb 17,2015 13:20:30 [info]  Select date
Feb 17,2015 13:20:33 [info]  Pass
Feb 17,2015 13:20:33 [info]  Select Facality
Feb 17,2015 13:20:34 [info]  Pass
Feb 17,2015 13:20:37 [info]  Select Nurse
Feb 17,2015 13:20:39 [info]  Pass
Feb 17,2015 13:20:39 [info]  Enter level of care
Feb 17,2015 13:20:42 [info]  Pass
Feb 17,2015 13:20:42 [info]  Click on 'Save' button
Feb 17,2015 13:20:46 [info]  Pass
Feb 17,2015 13:20:46 [info]  Search Added resident
Feb 17,2015 13:20:55 [info]  Pass
Feb 17,2015 13:20:55 [info]  Verify added resident
Feb 17,2015 13:20:58 [info]  Pass
Feb 17,2015 13:20:58 [info]  Open resident Profile
Feb 17,2015 13:21:02 [info]  Pass
Feb 17,2015 13:21:06 [info]  Click on Medication button
Feb 17,2015 13:21:10 [info]  Pass
Feb 17,2015 13:21:10 [info]  Click on Add Medication button
Feb 17,2015 13:21:23 [info]  Pass
Feb 17,2015 13:21:23 [info]  Enter Medicine Name
Feb 17,2015 13:21:35 [info]  Pass
Feb 17,2015 13:21:35 [info]  Enter Dosage
Feb 17,2015 13:21:38 [info]  Pass
Feb 17,2015 13:21:38 [info]  Enter instruction
Feb 17,2015 13:21:42 [info]  Pass
Feb 17,2015 13:21:42 [info]  Open 'Calender'
Feb 17,2015 13:21:46 [info]  Pass
Feb 17,2015 13:21:49 [info]  Select date
Feb 17,2015 13:21:52 [info]  Pass
Feb 17,2015 13:21:52 [info]  Select time
Feb 17,2015 13:21:52 [info]  Feb 17,2015 13:21:52 [info]  <<<<<<<<<<<<<<<<<<<<<<<<<<<<<<<<<< Error message >>>>>>>>>>>>>>>>>>>>>>>>>>>>>>
org.openqa.selenium.NoSuchElementException: Cannot locate element with text: 00:30
For documentation on this error, please visit: http://seleniumhq.org/exceptions/no_such_element.html
Build info: version: '2.41.0', revision: '3192d8a', time: '2014-03-27 17:17:32'
System info: host: 'user-PC', ip: '192.168.21.1', os.name: 'Windows 7', os.arch: 'x86', os.version: '6.1', java.version: '1.8.0_20'
Driver info: driver.version: unknown
	at org.openqa.selenium.support.ui.Select.selectByVisibleText(Select.java:147)
	at com.iCM.util.DriverHelper.selectDropDown(DriverHelper.java:280)
	at com.iCM.pagehelper.EChartHelper.select(EChartHelper.java:128)
	at com.iCM.scripts.AdministrationSchedule.testAdministrationSchedule(AdministrationSchedule.java:223)
	at sun.reflect.NativeMethodAccessorImpl.invoke0(Native Method)
	at sun.reflect.NativeMethodAccessorImpl.invoke(Unknown Source)
	at sun.reflect.DelegatingMethodAccessorImpl.invoke(Unknown Source)
	at java.lang.reflect.Method.invoke(Unknown Source)
	at org.testng.internal.MethodInvocationHelper.invokeMethod(MethodInvocationHelper.java:84)
	at org.testng.internal.Invoker.invokeMethod(Invoker.java:714)
	at org.testng.internal.Invoker.invokeTestMethod(Invoker.java:901)
	at org.testng.internal.Invoker.invokeTestMethods(Invoker.java:1231)
	at org.testng.internal.TestMethodWorker.invokeTestMethods(TestMethodWorker.java:127)
	at org.testng.internal.TestMethodWorker.run(TestMethodWorker.java:111)
	at org.testng.TestRunner.privateRun(TestRunner.java:767)
	at org.testng.TestRunner.run(TestRunner.java:617)
	at org.testng.SuiteRunner.runTest(SuiteRunner.java:334)
	at org.testng.SuiteRunner.runSequentially(SuiteRunner.java:329)
	at org.testng.SuiteRunner.privateRun(SuiteRunner.java:291)
	at org.testng.SuiteRunner.run(SuiteRunner.java:240)
	at org.testng.SuiteRunnerWorker.runSuite(SuiteRunnerWorker.java:52)
	at org.testng.SuiteRunnerWorker.run(SuiteRunnerWorker.java:86)
	at org.testng.TestNG.runSuitesSequentially(TestNG.java:1224)
	at org.testng.TestNG.runSuitesLocally(TestNG.java:1149)
	at org.testng.TestNG.run(TestNG.java:1057)
	at org.testng.remote.RemoteTestNG.run(RemoteTestNG.java:111)
	at org.testng.remote.RemoteTestNG.initAndRun(RemoteTestNG.java:204)
	at org.testng.remote.RemoteTestNG.main(RemoteTestNG.java:175)
Feb 17,2015 13:21:52 [info]  End Execution of Test Class com.iCM.scripts.AdministrationSchedule
*****************************************************************************

*****************************************************************************
Feb 17,2015 13:28:04 [info]   Execution Started of Test Class com.iCM.scripts.AdministrationSchedule and Test method testAdministrationSchedule
*****************************************************************************
Feb 17,2015 13:28:05 [info]  Open application url
Feb 17,2015 13:28:41 [info]  Pass
Feb 17,2015 13:28:41 [info]  Verify Page title
Feb 17,2015 13:28:46 [info]  Pass
Feb 17,2015 13:28:46 [info]  Enter User name at login page.
Feb 17,2015 13:28:47 [info]  Pass
Feb 17,2015 13:28:47 [info]  Enter password at login page.
Feb 17,2015 13:28:48 [info]  Pass
Feb 17,2015 13:28:48 [info]  Click on Sign In button
Feb 17,2015 13:29:08 [info]  Pass
Feb 17,2015 13:29:08 [info]  Verify home page title
Feb 17,2015 13:29:13 [info]  Pass
Feb 17,2015 13:29:13 [info]  Open Add resident form via deep link
Feb 17,2015 13:29:27 [info]  Pass
Feb 17,2015 13:29:27 [info]  Enter Resident First Name
Feb 17,2015 13:29:31 [info]  Pass
Feb 17,2015 13:29:31 [info]  Enter Middle name
Feb 17,2015 13:29:34 [info]  Pass
Feb 17,2015 13:29:34 [info]  Enter last name
Feb 17,2015 13:29:38 [info]  Pass
Feb 17,2015 13:29:38 [info]  Open 'Calender'
Feb 17,2015 13:29:39 [info]  Pass
Feb 17,2015 13:29:44 [info]  Select Year
Feb 17,2015 13:29:50 [info]  Pass
Feb 17,2015 13:29:53 [info]  Select date
Feb 17,2015 13:29:56 [info]  Pass
Feb 17,2015 13:29:56 [info]  Select gender
Feb 17,2015 13:29:58 [info]  Pass
Feb 17,2015 13:29:58 [info]  Select Marital Status
Feb 17,2015 13:29:59 [info]  Pass
Feb 17,2015 13:29:59 [info]  Open 'Calender' for admit date
Feb 17,2015 13:30:01 [info]  Pass
Feb 17,2015 13:30:04 [info]  Select Year
Feb 17,2015 13:30:10 [info]  Pass
Feb 17,2015 13:30:10 [info]  Select Month
Feb 17,2015 13:30:11 [info]  Pass
Feb 17,2015 13:30:11 [info]  Select date
Feb 17,2015 13:30:14 [info]  Pass
Feb 17,2015 13:30:14 [info]  Select Facality
Feb 17,2015 13:30:15 [info]  Pass
Feb 17,2015 13:30:18 [info]  Select Nurse
Feb 17,2015 13:30:20 [info]  Pass
Feb 17,2015 13:30:20 [info]  Enter level of care
Feb 17,2015 13:30:23 [info]  Pass
Feb 17,2015 13:30:23 [info]  Click on 'Save' button
Feb 17,2015 13:30:27 [info]  Pass
Feb 17,2015 13:30:27 [info]  Search Added resident
Feb 17,2015 13:30:33 [info]  Pass
Feb 17,2015 13:30:33 [info]  Verify added resident
Feb 17,2015 13:30:36 [info]  Pass
Feb 17,2015 13:30:36 [info]  Open resident Profile
Feb 17,2015 13:30:40 [info]  Pass
Feb 17,2015 13:30:44 [info]  Click on Medication button
Feb 17,2015 13:30:48 [info]  Pass
Feb 17,2015 13:30:48 [info]  Click on Add Medication button
Feb 17,2015 13:31:03 [info]  Pass
Feb 17,2015 13:31:03 [info]  Enter Medicine Name
Feb 17,2015 13:31:17 [info]  Pass
Feb 17,2015 13:31:17 [info]  Enter Dosage
Feb 17,2015 13:31:21 [info]  Pass
Feb 17,2015 13:31:21 [info]  Enter instruction
Feb 17,2015 13:31:24 [info]  Pass
Feb 17,2015 13:31:24 [info]  Open 'Calender'
Feb 17,2015 13:31:29 [info]  Pass
Feb 17,2015 13:31:32 [info]  Select date
Feb 17,2015 13:31:35 [info]  Pass
Feb 17,2015 13:31:35 [info]  Select time
Feb 17,2015 13:31:35 [info]  Feb 17,2015 13:31:35 [info]  <<<<<<<<<<<<<<<<<<<<<<<<<<<<<<<<<< Error message >>>>>>>>>>>>>>>>>>>>>>>>>>>>>>
org.openqa.selenium.NoSuchElementException: Cannot locate element with text: 00:00
For documentation on this error, please visit: http://seleniumhq.org/exceptions/no_such_element.html
Build info: version: '2.41.0', revision: '3192d8a', time: '2014-03-27 17:17:32'
System info: host: 'user-PC', ip: '192.168.21.1', os.name: 'Windows 7', os.arch: 'x86', os.version: '6.1', java.version: '1.8.0_20'
Driver info: driver.version: unknown
	at org.openqa.selenium.support.ui.Select.selectByVisibleText(Select.java:147)
	at com.iCM.util.DriverHelper.selectDropDown(DriverHelper.java:280)
	at com.iCM.pagehelper.EChartHelper.select(EChartHelper.java:128)
	at com.iCM.scripts.AdministrationSchedule.testAdministrationSchedule(AdministrationSchedule.java:223)
	at sun.reflect.NativeMethodAccessorImpl.invoke0(Native Method)
	at sun.reflect.NativeMethodAccessorImpl.invoke(Unknown Source)
	at sun.reflect.DelegatingMethodAccessorImpl.invoke(Unknown Source)
	at java.lang.reflect.Method.invoke(Unknown Source)
	at org.testng.internal.MethodInvocationHelper.invokeMethod(MethodInvocationHelper.java:84)
	at org.testng.internal.Invoker.invokeMethod(Invoker.java:714)
	at org.testng.internal.Invoker.invokeTestMethod(Invoker.java:901)
	at org.testng.internal.Invoker.invokeTestMethods(Invoker.java:1231)
	at org.testng.internal.TestMethodWorker.invokeTestMethods(TestMethodWorker.java:127)
	at org.testng.internal.TestMethodWorker.run(TestMethodWorker.java:111)
	at org.testng.TestRunner.privateRun(TestRunner.java:767)
	at org.testng.TestRunner.run(TestRunner.java:617)
	at org.testng.SuiteRunner.runTest(SuiteRunner.java:334)
	at org.testng.SuiteRunner.runSequentially(SuiteRunner.java:329)
	at org.testng.SuiteRunner.privateRun(SuiteRunner.java:291)
	at org.testng.SuiteRunner.run(SuiteRunner.java:240)
	at org.testng.SuiteRunnerWorker.runSuite(SuiteRunnerWorker.java:52)
	at org.testng.SuiteRunnerWorker.run(SuiteRunnerWorker.java:86)
	at org.testng.TestNG.runSuitesSequentially(TestNG.java:1224)
	at org.testng.TestNG.runSuitesLocally(TestNG.java:1149)
	at org.testng.TestNG.run(TestNG.java:1057)
	at org.testng.remote.RemoteTestNG.run(RemoteTestNG.java:111)
	at org.testng.remote.RemoteTestNG.initAndRun(RemoteTestNG.java:204)
	at org.testng.remote.RemoteTestNG.main(RemoteTestNG.java:175)
Feb 17,2015 13:31:35 [info]  End Execution of Test Class com.iCM.scripts.AdministrationSchedule
*****************************************************************************

*****************************************************************************
Feb 17,2015 13:34:36 [info]   Execution Started of Test Class com.iCM.scripts.AdministrationSchedule and Test method testAdministrationSchedule
*****************************************************************************
Feb 17,2015 13:34:36 [info]  Open application url
Feb 17,2015 13:34:53 [info]  Pass
Feb 17,2015 13:34:53 [info]  Verify Page title
Feb 17,2015 13:34:58 [info]  Pass
Feb 17,2015 13:34:58 [info]  Enter User name at login page.
Feb 17,2015 13:34:58 [info]  Pass
Feb 17,2015 13:34:58 [info]  Enter password at login page.
Feb 17,2015 13:35:00 [info]  Pass
Feb 17,2015 13:35:00 [info]  Click on Sign In button
Feb 17,2015 13:35:22 [info]  Pass
Feb 17,2015 13:35:22 [info]  Verify home page title
Feb 17,2015 13:35:27 [info]  Pass
Feb 17,2015 13:35:27 [info]  Open Add resident form via deep link
Feb 17,2015 13:35:40 [info]  Pass
Feb 17,2015 13:35:40 [info]  Enter Resident First Name
Feb 17,2015 13:35:44 [info]  Pass
Feb 17,2015 13:35:44 [info]  Enter Middle name
Feb 17,2015 13:35:47 [info]  Pass
Feb 17,2015 13:35:47 [info]  Enter last name
Feb 17,2015 13:35:50 [info]  Pass
Feb 17,2015 13:35:50 [info]  Open 'Calender'
Feb 17,2015 13:35:52 [info]  Pass
Feb 17,2015 13:35:57 [info]  Select Year
Feb 17,2015 13:36:03 [info]  Pass
Feb 17,2015 13:36:06 [info]  Select date
Feb 17,2015 13:36:09 [info]  Pass
Feb 17,2015 13:36:09 [info]  Select gender
Feb 17,2015 13:36:10 [info]  Pass
Feb 17,2015 13:36:10 [info]  Select Marital Status
Feb 17,2015 13:36:12 [info]  Pass
Feb 17,2015 13:36:12 [info]  Open 'Calender' for admit date
Feb 17,2015 13:36:14 [info]  Pass
Feb 17,2015 13:36:17 [info]  Select Year
Feb 17,2015 13:36:23 [info]  Pass
Feb 17,2015 13:36:23 [info]  Select Month
Feb 17,2015 13:36:24 [info]  Pass
Feb 17,2015 13:36:24 [info]  Select date
Feb 17,2015 13:36:27 [info]  Pass
Feb 17,2015 13:36:27 [info]  Select Facality
Feb 17,2015 13:36:28 [info]  Pass
Feb 17,2015 13:36:31 [info]  Select Nurse
Feb 17,2015 13:36:33 [info]  Pass
Feb 17,2015 13:36:33 [info]  Enter level of care
Feb 17,2015 13:36:36 [info]  Pass
Feb 17,2015 13:36:36 [info]  Click on 'Save' button
Feb 17,2015 13:36:40 [info]  Pass
Feb 17,2015 13:36:40 [info]  Search Added resident
Feb 17,2015 13:36:44 [info]  Pass
Feb 17,2015 13:36:44 [info]  Verify added resident
Feb 17,2015 13:36:47 [info]  Pass
Feb 17,2015 13:36:47 [info]  Open resident Profile
Feb 17,2015 13:36:51 [info]  Pass
Feb 17,2015 13:36:54 [info]  Click on Medication button
Feb 17,2015 13:36:57 [info]  Pass
Feb 17,2015 13:36:57 [info]  Click on Add Medication button
Feb 17,2015 13:37:12 [info]  Pass
Feb 17,2015 13:37:12 [info]  Enter Medicine Name
Feb 17,2015 13:37:25 [info]  Pass
Feb 17,2015 13:37:25 [info]  Enter Dosage
Feb 17,2015 13:37:28 [info]  Pass
Feb 17,2015 13:37:28 [info]  Enter instruction
Feb 17,2015 13:37:32 [info]  Pass
Feb 17,2015 13:37:32 [info]  Open 'Calender'
Feb 17,2015 13:37:36 [info]  Pass
Feb 17,2015 13:37:39 [info]  Select date
Feb 17,2015 13:37:42 [info]  Pass
Feb 17,2015 13:37:42 [info]  Select time
Feb 17,2015 13:37:44 [info]  Pass
Feb 17,2015 13:37:44 [info]  Select AM/PM
Feb 17,2015 13:37:45 [info]  Pass
Feb 17,2015 13:37:45 [info]  Click on Add Schedule button
Feb 17,2015 13:37:49 [info]  Pass
Feb 17,2015 13:37:49 [info]  Verify Added Schedule
Feb 17,2015 13:37:49 [info]  Feb 17,2015 13:37:49 [info]  <<<<<<<<<<<<<<<<<<<<<<<<<<<<<<<<<< Error message >>>>>>>>>>>>>>>>>>>>>>>>>>>>>>
java.lang.AssertionError: expected [true] but found [false]
	at org.testng.Assert.fail(Assert.java:94)
	at org.testng.Assert.failNotEquals(Assert.java:494)
	at org.testng.Assert.assertTrue(Assert.java:42)
	at org.testng.Assert.assertTrue(Assert.java:52)
	at com.iCM.pagehelper.EChartHelper.verifyItemText(EChartHelper.java:153)
	at com.iCM.scripts.AdministrationSchedule.testAdministrationSchedule(AdministrationSchedule.java:240)
	at sun.reflect.NativeMethodAccessorImpl.invoke0(Native Method)
	at sun.reflect.NativeMethodAccessorImpl.invoke(Unknown Source)
	at sun.reflect.DelegatingMethodAccessorImpl.invoke(Unknown Source)
	at java.lang.reflect.Method.invoke(Unknown Source)
	at org.testng.internal.MethodInvocationHelper.invokeMethod(MethodInvocationHelper.java:84)
	at org.testng.internal.Invoker.invokeMethod(Invoker.java:714)
	at org.testng.internal.Invoker.invokeTestMethod(Invoker.java:901)
	at org.testng.internal.Invoker.invokeTestMethods(Invoker.java:1231)
	at org.testng.internal.TestMethodWorker.invokeTestMethods(TestMethodWorker.java:127)
	at org.testng.internal.TestMethodWorker.run(TestMethodWorker.java:111)
	at org.testng.TestRunner.privateRun(TestRunner.java:767)
	at org.testng.TestRunner.run(TestRunner.java:617)
	at org.testng.SuiteRunner.runTest(SuiteRunner.java:334)
	at org.testng.SuiteRunner.runSequentially(SuiteRunner.java:329)
	at org.testng.SuiteRunner.privateRun(SuiteRunner.java:291)
	at org.testng.SuiteRunner.run(SuiteRunner.java:240)
	at org.testng.SuiteRunnerWorker.runSuite(SuiteRunnerWorker.java:52)
	at org.testng.SuiteRunnerWorker.run(SuiteRunnerWorker.java:86)
	at org.testng.TestNG.runSuitesSequentially(TestNG.java:1224)
	at org.testng.TestNG.runSuitesLocally(TestNG.java:1149)
	at org.testng.TestNG.run(TestNG.java:1057)
	at org.testng.remote.RemoteTestNG.run(RemoteTestNG.java:111)
	at org.testng.remote.RemoteTestNG.initAndRun(RemoteTestNG.java:204)
	at org.testng.remote.RemoteTestNG.main(RemoteTestNG.java:175)
Feb 17,2015 13:37:49 [info]  End Execution of Test Class com.iCM.scripts.AdministrationSchedule
*****************************************************************************

*****************************************************************************
Feb 17,2015 13:38:59 [info]   Execution Started of Test Class com.iCM.scripts.AdministrationSchedule and Test method testAdministrationSchedule
*****************************************************************************
Feb 17,2015 13:38:59 [info]  Open application url
Feb 17,2015 13:39:18 [info]  Pass
Feb 17,2015 13:39:18 [info]  Verify Page title
Feb 17,2015 13:39:23 [info]  Pass
Feb 17,2015 13:39:23 [info]  Enter User name at login page.
Feb 17,2015 13:39:24 [info]  Pass
Feb 17,2015 13:39:24 [info]  Enter password at login page.
Feb 17,2015 13:39:25 [info]  Pass
Feb 17,2015 13:39:25 [info]  Click on Sign In button
Feb 17,2015 13:39:44 [info]  Pass
Feb 17,2015 13:39:44 [info]  Verify home page title
Feb 17,2015 13:39:50 [info]  Pass
Feb 17,2015 13:39:50 [info]  Open Add resident form via deep link
Feb 17,2015 13:40:03 [info]  Pass
Feb 17,2015 13:40:03 [info]  Enter Resident First Name
Feb 17,2015 13:40:07 [info]  Pass
Feb 17,2015 13:40:07 [info]  Enter Middle name
Feb 17,2015 13:40:10 [info]  Pass
Feb 17,2015 13:40:10 [info]  Enter last name
Feb 17,2015 13:40:14 [info]  Pass
Feb 17,2015 13:40:14 [info]  Open 'Calender'
Feb 17,2015 13:40:15 [info]  Pass
Feb 17,2015 13:40:20 [info]  Select Year
Feb 17,2015 13:40:26 [info]  Pass
Feb 17,2015 13:40:29 [info]  Select date
Feb 17,2015 13:40:32 [info]  Pass
Feb 17,2015 13:40:32 [info]  Select gender
Feb 17,2015 13:40:34 [info]  Pass
Feb 17,2015 13:40:34 [info]  Select Marital Status
Feb 17,2015 13:40:35 [info]  Pass
Feb 17,2015 13:40:35 [info]  Open 'Calender' for admit date
Feb 17,2015 13:40:37 [info]  Pass
Feb 17,2015 13:40:40 [info]  Select Year
Feb 17,2015 13:40:46 [info]  Pass
Feb 17,2015 13:40:46 [info]  Select Month
Feb 17,2015 13:40:47 [info]  Pass
Feb 17,2015 13:40:47 [info]  Select date
Feb 17,2015 13:40:50 [info]  Pass
Feb 17,2015 13:40:50 [info]  Select Facality
Feb 17,2015 13:40:51 [info]  Pass
Feb 17,2015 13:40:54 [info]  Select Nurse
Feb 17,2015 13:40:56 [info]  Pass
Feb 17,2015 13:40:56 [info]  Enter level of care
Feb 17,2015 13:40:59 [info]  Pass
Feb 17,2015 13:40:59 [info]  Click on 'Save' button
Feb 17,2015 13:41:03 [info]  Pass
Feb 17,2015 13:41:03 [info]  Search Added resident
Feb 17,2015 13:41:07 [info]  Pass
Feb 17,2015 13:41:07 [info]  Verify added resident
Feb 17,2015 13:41:11 [info]  Pass
Feb 17,2015 13:41:11 [info]  Open resident Profile
Feb 17,2015 13:41:14 [info]  Pass
Feb 17,2015 13:41:17 [info]  Click on Medication button
Feb 17,2015 13:41:21 [info]  Pass
Feb 17,2015 13:41:21 [info]  Click on Add Medication button
Feb 17,2015 13:41:37 [info]  Pass
Feb 17,2015 13:41:37 [info]  Enter Medicine Name
Feb 17,2015 13:41:50 [info]  Pass
Feb 17,2015 13:41:50 [info]  Enter Dosage
Feb 17,2015 13:41:53 [info]  Pass
Feb 17,2015 13:41:53 [info]  Enter instruction
Feb 17,2015 13:41:57 [info]  Pass
Feb 17,2015 13:41:57 [info]  Open 'Calender'
Feb 17,2015 13:42:01 [info]  Pass
Feb 17,2015 13:42:04 [info]  Select date
Feb 17,2015 13:42:08 [info]  Pass
Feb 17,2015 13:42:08 [info]  Select time
Feb 17,2015 13:42:09 [info]  Pass
Feb 17,2015 13:42:09 [info]  Select AM/PM
Feb 17,2015 13:42:10 [info]  Pass
Feb 17,2015 13:42:10 [info]  Click on Add Schedule button
Feb 17,2015 13:42:14 [info]  Pass
Feb 17,2015 13:42:14 [info]  Verify Added Schedule
Feb 17,2015 13:42:14 [info]  Pass
Feb 17,2015 13:42:14 [info]  Click on Save button
Feb 17,2015 13:42:32 [info]  Pass
Feb 17,2015 13:42:32 [info]  Verify Title
Feb 17,2015 13:42:37 [info]  Pass
Feb 17,2015 13:42:37 [info]  Deleting created Resident
Feb 17,2015 13:43:06 [info]  Pass
Feb 17,2015 13:43:06 [info]  End Execution of Test Class com.iCM.scripts.AdministrationSchedule
*****************************************************************************

*****************************************************************************
Feb 17,2015 13:43:17 [info]   Execution Started of Test Class com.iCM.scripts.AdministrationSchedule and Test method testAdministrationSchedule
*****************************************************************************
Feb 17,2015 13:43:17 [info]  Open application url
Feb 17,2015 13:43:35 [info]  Feb 17,2015 13:43:35 [info]  <<<<<<<<<<<<<<<<<<<<<<<<<<<<<<<<<< Error message >>>>>>>>>>>>>>>>>>>>>>>>>>>>>>
org.openqa.selenium.remote.UnreachableBrowserException: Error communicating with the remote browser. It may have died.
Build info: version: '2.41.0', revision: '3192d8a', time: '2014-03-27 17:17:32'
System info: host: 'user-PC', ip: '192.168.21.1', os.name: 'Windows 7', os.arch: 'x86', os.version: '6.1', java.version: '1.8.0_20'
Driver info: driver.version: RemoteWebDriver
	at org.openqa.selenium.remote.RemoteWebDriver.execute(RemoteWebDriver.java:589)
	at org.openqa.selenium.remote.RemoteWebDriver.get(RemoteWebDriver.java:300)
	at org.openqa.selenium.remote.RemoteWebDriver$RemoteNavigation.to(RemoteWebDriver.java:842)
	at com.iCM.util.DriverTestCase.openUrl(DriverTestCase.java:141)
	at com.iCM.scripts.AdministrationSchedule.testAdministrationSchedule(AdministrationSchedule.java:34)
	at sun.reflect.NativeMethodAccessorImpl.invoke0(Native Method)
	at sun.reflect.NativeMethodAccessorImpl.invoke(Unknown Source)
	at sun.reflect.DelegatingMethodAccessorImpl.invoke(Unknown Source)
	at java.lang.reflect.Method.invoke(Unknown Source)
	at org.testng.internal.MethodInvocationHelper.invokeMethod(MethodInvocationHelper.java:84)
	at org.testng.internal.Invoker.invokeMethod(Invoker.java:714)
	at org.testng.internal.Invoker.invokeTestMethod(Invoker.java:901)
	at org.testng.internal.Invoker.invokeTestMethods(Invoker.java:1231)
	at org.testng.internal.TestMethodWorker.invokeTestMethods(TestMethodWorker.java:127)
	at org.testng.internal.TestMethodWorker.run(TestMethodWorker.java:111)
	at org.testng.TestRunner.privateRun(TestRunner.java:767)
	at org.testng.TestRunner.run(TestRunner.java:617)
	at org.testng.SuiteRunner.runTest(SuiteRunner.java:334)
	at org.testng.SuiteRunner.runSequentially(SuiteRunner.java:329)
	at org.testng.SuiteRunner.privateRun(SuiteRunner.java:291)
	at org.testng.SuiteRunner.run(SuiteRunner.java:240)
	at org.testng.SuiteRunnerWorker.runSuite(SuiteRunnerWorker.java:52)
	at org.testng.SuiteRunnerWorker.run(SuiteRunnerWorker.java:86)
	at org.testng.TestNG.runSuitesSequentially(TestNG.java:1224)
	at org.testng.TestNG.runSuitesLocally(TestNG.java:1149)
	at org.testng.TestNG.run(TestNG.java:1057)
	at org.testng.remote.RemoteTestNG.run(RemoteTestNG.java:111)
	at org.testng.remote.RemoteTestNG.initAndRun(RemoteTestNG.java:204)
	at org.testng.remote.RemoteTestNG.main(RemoteTestNG.java:175)
Caused by: java.net.ConnectException: Connection refused: connect
	at java.net.DualStackPlainSocketImpl.waitForConnect(Native Method)
	at java.net.DualStackPlainSocketImpl.socketConnect(Unknown Source)
	at java.net.AbstractPlainSocketImpl.doConnect(Unknown Source)
	at java.net.AbstractPlainSocketImpl.connectToAddress(Unknown Source)
	at java.net.AbstractPlainSocketImpl.connect(Unknown Source)
	at java.net.PlainSocketImpl.connect(Unknown Source)
	at java.net.SocksSocketImpl.connect(Unknown Source)
	at java.net.Socket.connect(Unknown Source)
	at org.apache.http.conn.scheme.PlainSocketFactory.connectSocket(PlainSocketFactory.java:117)
	at org.apache.http.impl.conn.DefaultClientConnectionOperator.openConnection(DefaultClientConnectionOperator.java:178)
	at org.apache.http.impl.conn.AbstractPoolEntry.open(AbstractPoolEntry.java:144)
	at org.apache.http.impl.conn.AbstractPooledConnAdapter.open(AbstractPooledConnAdapter.java:131)
	at org.apache.http.impl.client.DefaultRequestDirector.tryConnect(DefaultRequestDirector.java:610)
	at org.apache.http.impl.client.DefaultRequestDirector.execute(DefaultRequestDirector.java:445)
	at org.apache.http.impl.client.AbstractHttpClient.doExecute(AbstractHttpClient.java:863)
	at org.apache.http.impl.client.CloseableHttpClient.execute(CloseableHttpClient.java:72)
	at org.apache.http.impl.client.CloseableHttpClient.execute(CloseableHttpClient.java:57)
	at org.openqa.selenium.remote.HttpCommandExecutor.fallBackExecute(HttpCommandExecutor.java:340)
	at org.openqa.selenium.remote.HttpCommandExecutor.execute(HttpCommandExecutor.java:301)
	at org.openqa.selenium.firefox.internal.NewProfileExtensionConnection.execute(NewProfileExtensionConnection.java:165)
	at org.openqa.selenium.firefox.FirefoxDriver$LazyCommandExecutor.execute(FirefoxDriver.java:362)
	at org.openqa.selenium.remote.RemoteWebDriver.execute(RemoteWebDriver.java:568)
	... 28 more
Feb 17,2015 13:43:35 [info]  End Execution of Test Class com.iCM.scripts.AdministrationSchedule
*****************************************************************************

*****************************************************************************
Feb 17,2015 13:43:54 [info]   Execution Started of Test Class com.iCM.scripts.AdministrationSchedule and Test method testAdministrationSchedule
*****************************************************************************
Feb 17,2015 13:43:54 [info]  Open application url
Feb 17,2015 13:44:16 [info]  Pass
Feb 17,2015 13:44:16 [info]  Verify Page title
Feb 17,2015 13:44:21 [info]  Pass
Feb 17,2015 13:44:21 [info]  Enter User name at login page.
Feb 17,2015 13:44:22 [info]  Pass
Feb 17,2015 13:44:22 [info]  Enter password at login page.
Feb 17,2015 13:44:22 [info]  Pass
Feb 17,2015 13:44:22 [info]  Click on Sign In button
Feb 17,2015 13:44:42 [info]  Pass
Feb 17,2015 13:44:42 [info]  Verify home page title
Feb 17,2015 13:44:48 [info]  Pass
Feb 17,2015 13:44:48 [info]  Open Add resident form via deep link
Feb 17,2015 13:45:01 [info]  Pass
Feb 17,2015 13:45:01 [info]  Enter Resident First Name
Feb 17,2015 13:45:04 [info]  Pass
Feb 17,2015 13:45:04 [info]  Enter Middle name
Feb 17,2015 13:45:07 [info]  Pass
Feb 17,2015 13:45:08 [info]  Enter last name
Feb 17,2015 13:45:11 [info]  Pass
Feb 17,2015 13:45:11 [info]  Open 'Calender'
Feb 17,2015 13:45:12 [info]  Pass
Feb 17,2015 13:45:17 [info]  Select Year
Feb 17,2015 13:45:22 [info]  Feb 17,2015 13:45:22 [info]  <<<<<<<<<<<<<<<<<<<<<<<<<<<<<<<<<< Error message >>>>>>>>>>>>>>>>>>>>>>>>>>>>>>
java.lang.AssertionError: Element Locator ://*[@class='ui-datepicker-year'] Not found expected [true] but found [false]
	at org.testng.Assert.fail(Assert.java:94)
	at org.testng.Assert.failNotEquals(Assert.java:494)
	at org.testng.Assert.assertTrue(Assert.java:42)
	at com.iCM.util.DriverHelper.selectDropDown(DriverHelper.java:276)
	at com.iCM.pagehelper.ResidentHelper.selectYear(ResidentHelper.java:49)
	at com.iCM.scripts.AdministrationSchedule.testAdministrationSchedule(AdministrationSchedule.java:91)
	at sun.reflect.NativeMethodAccessorImpl.invoke0(Native Method)
	at sun.reflect.NativeMethodAccessorImpl.invoke(Unknown Source)
	at sun.reflect.DelegatingMethodAccessorImpl.invoke(Unknown Source)
	at java.lang.reflect.Method.invoke(Unknown Source)
	at org.testng.internal.MethodInvocationHelper.invokeMethod(MethodInvocationHelper.java:84)
	at org.testng.internal.Invoker.invokeMethod(Invoker.java:714)
	at org.testng.internal.Invoker.invokeTestMethod(Invoker.java:901)
	at org.testng.internal.Invoker.invokeTestMethods(Invoker.java:1231)
	at org.testng.internal.TestMethodWorker.invokeTestMethods(TestMethodWorker.java:127)
	at org.testng.internal.TestMethodWorker.run(TestMethodWorker.java:111)
	at org.testng.TestRunner.privateRun(TestRunner.java:767)
	at org.testng.TestRunner.run(TestRunner.java:617)
	at org.testng.SuiteRunner.runTest(SuiteRunner.java:334)
	at org.testng.SuiteRunner.runSequentially(SuiteRunner.java:329)
	at org.testng.SuiteRunner.privateRun(SuiteRunner.java:291)
	at org.testng.SuiteRunner.run(SuiteRunner.java:240)
	at org.testng.SuiteRunnerWorker.runSuite(SuiteRunnerWorker.java:52)
	at org.testng.SuiteRunnerWorker.run(SuiteRunnerWorker.java:86)
	at org.testng.TestNG.runSuitesSequentially(TestNG.java:1224)
	at org.testng.TestNG.runSuitesLocally(TestNG.java:1149)
	at org.testng.TestNG.run(TestNG.java:1057)
	at org.testng.remote.RemoteTestNG.run(RemoteTestNG.java:111)
	at org.testng.remote.RemoteTestNG.initAndRun(RemoteTestNG.java:204)
	at org.testng.remote.RemoteTestNG.main(RemoteTestNG.java:175)
Feb 17,2015 13:45:22 [info]  End Execution of Test Class com.iCM.scripts.AdministrationSchedule
*****************************************************************************

*****************************************************************************
Feb 17,2015 14:26:57 [info]   Execution Started of Test Class com.iCM.scripts.AdministrationSchedule and Test method testAdministrationSchedule
*****************************************************************************
Feb 17,2015 14:26:57 [info]  Open application url
Feb 17,2015 14:27:17 [info]  Pass
Feb 17,2015 14:27:17 [info]  Verify Page title
Feb 17,2015 14:27:22 [info]  Pass
Feb 17,2015 14:27:22 [info]  Enter User name at login page.
Feb 17,2015 14:27:23 [info]  Pass
Feb 17,2015 14:27:23 [info]  Enter password at login page.
Feb 17,2015 14:27:23 [info]  Pass
Feb 17,2015 14:27:23 [info]  Click on Sign In button
Feb 17,2015 14:27:42 [info]  Pass
Feb 17,2015 14:27:42 [info]  Verify home page title
Feb 17,2015 14:27:47 [info]  Pass
Feb 17,2015 14:27:47 [info]  Open Add resident form via deep link
Feb 17,2015 14:28:00 [info]  Pass
Feb 17,2015 14:28:00 [info]  Enter Resident First Name
Feb 17,2015 14:28:04 [info]  Pass
Feb 17,2015 14:28:04 [info]  Enter Middle name
Feb 17,2015 14:28:07 [info]  Pass
Feb 17,2015 14:28:07 [info]  Enter last name
Feb 17,2015 14:28:11 [info]  Pass
Feb 17,2015 14:28:11 [info]  Open 'Calender'
Feb 17,2015 14:28:13 [info]  Pass
Feb 17,2015 14:28:18 [info]  Select Year
Feb 17,2015 14:28:24 [info]  Pass
Feb 17,2015 14:28:27 [info]  Select date
Feb 17,2015 14:28:29 [info]  Pass
Feb 17,2015 14:28:29 [info]  Select gender
Feb 17,2015 14:28:30 [info]  Pass
Feb 17,2015 14:28:30 [info]  Select Marital Status
Feb 17,2015 14:28:32 [info]  Pass
Feb 17,2015 14:28:32 [info]  Open 'Calender' for admit date
Feb 17,2015 14:28:33 [info]  Pass
Feb 17,2015 14:28:36 [info]  Select Year
Feb 17,2015 14:28:42 [info]  Pass
Feb 17,2015 14:28:42 [info]  Select Month
Feb 17,2015 14:28:44 [info]  Pass
Feb 17,2015 14:28:44 [info]  Select date
Feb 17,2015 14:28:47 [info]  Pass
Feb 17,2015 14:28:47 [info]  Select Facality
Feb 17,2015 14:28:48 [info]  Pass
Feb 17,2015 14:28:51 [info]  Select Nurse
Feb 17,2015 14:28:53 [info]  Pass
Feb 17,2015 14:28:53 [info]  Enter level of care
Feb 17,2015 14:28:56 [info]  Pass
Feb 17,2015 14:28:56 [info]  Click on 'Save' button
Feb 17,2015 14:29:00 [info]  Pass
Feb 17,2015 14:29:00 [info]  Search Added resident
Feb 17,2015 14:29:06 [info]  Pass
Feb 17,2015 14:29:06 [info]  Verify added resident
Feb 17,2015 14:29:10 [info]  Pass
Feb 17,2015 14:29:10 [info]  Open resident Profile
Feb 17,2015 14:29:13 [info]  Pass
Feb 17,2015 14:29:16 [info]  Click on Medication button
Feb 17,2015 14:29:20 [info]  Pass
Feb 17,2015 14:29:20 [info]  Click on Add Medication button
Feb 17,2015 14:29:32 [info]  Pass
Feb 17,2015 14:29:32 [info]  Enter Medicine Name

*****************************************************************************
Feb 17,2015 19:42:34 [info]   Execution Started of Test Class com.iCM.scripts.AdministrationSchedule and Test method testAdministrationSchedule
*****************************************************************************
Feb 17,2015 19:42:34 [info]  Open application url
Feb 17,2015 19:42:48 [info]  Pass
Feb 17,2015 19:42:48 [info]  Verify Page title
Feb 17,2015 19:42:53 [info]  Pass
Feb 17,2015 19:42:53 [info]  Enter User name at login page.
Feb 17,2015 19:42:54 [info]  Pass
Feb 17,2015 19:42:54 [info]  Enter password at login page.
Feb 17,2015 19:42:55 [info]  Pass
Feb 17,2015 19:42:55 [info]  Click on Sign In button
Feb 17,2015 19:43:08 [info]  Pass
Feb 17,2015 19:43:08 [info]  Verify home page title
Feb 17,2015 19:43:14 [info]  Pass
Feb 17,2015 19:43:14 [info]  Open Add resident form via deep link
Feb 17,2015 19:43:24 [info]  Pass
Feb 17,2015 19:43:24 [info]  Enter Resident First Name
Feb 17,2015 19:43:27 [info]  Pass
Feb 17,2015 19:43:27 [info]  Enter Middle name
Feb 17,2015 19:43:31 [info]  Pass
Feb 17,2015 19:43:31 [info]  Enter last name
Feb 17,2015 19:43:34 [info]  Pass
Feb 17,2015 19:43:34 [info]  Open 'Calender'
Feb 17,2015 19:43:36 [info]  Pass
Feb 17,2015 19:43:41 [info]  Select Year
Feb 17,2015 19:43:47 [info]  Pass
Feb 17,2015 19:43:50 [info]  Select date
Feb 17,2015 19:43:53 [info]  Pass
Feb 17,2015 19:43:53 [info]  Select gender
Feb 17,2015 19:43:54 [info]  Pass
Feb 17,2015 19:43:54 [info]  Select Marital Status
Feb 17,2015 19:43:55 [info]  Pass
Feb 17,2015 19:43:55 [info]  Open 'Calender' for admit date
Feb 17,2015 19:43:57 [info]  Pass
Feb 17,2015 19:44:00 [info]  Select Year
Feb 17,2015 19:44:06 [info]  Pass
Feb 17,2015 19:44:06 [info]  Select Month
Feb 17,2015 19:44:07 [info]  Pass
Feb 17,2015 19:44:07 [info]  Select date
Feb 17,2015 19:44:10 [info]  Pass
Feb 17,2015 19:44:10 [info]  Select Facality
Feb 17,2015 19:44:12 [info]  Pass
Feb 17,2015 19:44:15 [info]  Select Nurse
Feb 17,2015 19:44:16 [info]  Pass
Feb 17,2015 19:44:16 [info]  Enter level of care
Feb 17,2015 19:44:19 [info]  Pass
Feb 17,2015 19:44:19 [info]  Click on 'Save' button
Feb 17,2015 19:44:23 [info]  Pass
Feb 17,2015 19:44:23 [info]  Search Added resident
Feb 17,2015 19:44:27 [info]  Pass
Feb 17,2015 19:44:27 [info]  Verify added resident
Feb 17,2015 19:44:30 [info]  Pass
Feb 17,2015 19:44:30 [info]  Open resident Profile
Feb 17,2015 19:44:34 [info]  Pass
Feb 17,2015 19:44:37 [info]  Click on Medication button
Feb 17,2015 19:44:41 [info]  Pass
Feb 17,2015 19:44:41 [info]  Click on Add Medication button
Feb 17,2015 19:44:54 [info]  Pass
Feb 17,2015 19:44:54 [info]  Enter Medicine Name
Feb 17,2015 19:45:04 [info]  Pass
Feb 17,2015 19:45:04 [info]  Enter Dosage
Feb 17,2015 19:45:07 [info]  Pass
Feb 17,2015 19:45:07 [info]  Enter instruction
Feb 17,2015 19:45:11 [info]  Pass
Feb 17,2015 19:45:11 [info]  Open 'Calender'
Feb 17,2015 19:45:15 [info]  Pass
Feb 17,2015 19:45:18 [info]  Select date
Feb 17,2015 19:45:21 [info]  Pass
Feb 17,2015 19:45:21 [info]  Select time
Feb 17,2015 19:45:23 [info]  Pass
Feb 17,2015 19:45:23 [info]  Select AM/PM
Feb 17,2015 19:45:24 [info]  Pass
Feb 17,2015 19:45:24 [info]  Click on Add Schedule button
Feb 17,2015 19:45:27 [info]  Pass
Feb 17,2015 19:45:27 [info]  Verify Added Schedule
Feb 17,2015 19:45:28 [info]  Pass
Feb 17,2015 19:45:28 [info]  Click on Save button
Feb 17,2015 19:45:42 [info]  Pass
Feb 17,2015 19:45:42 [info]  Verify Title
Feb 17,2015 19:45:47 [info]  Pass
Feb 17,2015 19:45:47 [info]  End Execution of Test Class com.iCM.scripts.AdministrationSchedule
*****************************************************************************

*****************************************************************************
Feb 17,2015 20:38:10 [info]   Execution Started of Test Class com.iCM.scripts.AdministrationSchedule and Test method testAdministrationSchedule
*****************************************************************************
Feb 17,2015 20:38:10 [info]  Open application url
Feb 17,2015 20:38:26 [info]  Pass
Feb 17,2015 20:38:26 [info]  Verify Page title
Feb 17,2015 20:38:31 [info]  Pass
Feb 17,2015 20:38:31 [info]  Enter User name at login page.
Feb 17,2015 20:38:31 [info]  Pass
Feb 17,2015 20:38:31 [info]  Enter password at login page.
Feb 17,2015 20:38:33 [info]  Pass
Feb 17,2015 20:38:33 [info]  Click on Sign In button
Feb 17,2015 20:38:51 [info]  Pass
Feb 17,2015 20:38:51 [info]  Verify home page title
Feb 17,2015 20:38:56 [info]  Pass
Feb 17,2015 20:38:56 [info]  Open Add resident form via deep link
Feb 17,2015 20:39:08 [info]  Pass
Feb 17,2015 20:39:08 [info]  Enter Resident First Name
Feb 17,2015 20:39:12 [info]  Pass
Feb 17,2015 20:39:12 [info]  Enter Middle name
Feb 17,2015 20:39:15 [info]  Pass
Feb 17,2015 20:39:15 [info]  Enter last name
Feb 17,2015 20:39:19 [info]  Pass
Feb 17,2015 20:39:19 [info]  Open 'Calender'
Feb 17,2015 20:39:20 [info]  Pass
Feb 17,2015 20:39:25 [info]  Select Year
Feb 17,2015 20:39:31 [info]  Pass
Feb 17,2015 20:39:34 [info]  Select date
Feb 17,2015 20:39:37 [info]  Pass
Feb 17,2015 20:39:37 [info]  Select gender
Feb 17,2015 20:39:38 [info]  Pass
Feb 17,2015 20:39:38 [info]  Select Marital Status
Feb 17,2015 20:39:40 [info]  Pass
Feb 17,2015 20:39:40 [info]  Open 'Calender' for admit date
Feb 17,2015 20:39:41 [info]  Pass
Feb 17,2015 20:39:44 [info]  Select Year
Feb 17,2015 20:39:51 [info]  Pass
Feb 17,2015 20:39:51 [info]  Select Month
Feb 17,2015 20:39:52 [info]  Pass
Feb 17,2015 20:39:52 [info]  Select date
Feb 17,2015 20:39:55 [info]  Pass
Feb 17,2015 20:39:55 [info]  Select Facality
Feb 17,2015 20:39:56 [info]  Pass
Feb 17,2015 20:39:59 [info]  Select Nurse
Feb 17,2015 20:40:01 [info]  Pass
Feb 17,2015 20:40:01 [info]  Enter level of care
Feb 17,2015 20:40:04 [info]  Pass
Feb 17,2015 20:40:04 [info]  Click on 'Save' button
Feb 17,2015 20:40:07 [info]  Pass
Feb 17,2015 20:40:07 [info]  Search Added resident
Feb 17,2015 20:40:11 [info]  Pass
Feb 17,2015 20:40:11 [info]  Verify added resident
Feb 17,2015 20:40:14 [info]  Pass
Feb 17,2015 20:40:15 [info]  Open resident Profile
Feb 17,2015 20:40:18 [info]  Pass
Feb 17,2015 20:40:21 [info]  Click on Medication button
Feb 17,2015 20:40:25 [info]  Pass
Feb 17,2015 20:40:25 [info]  Click on Add Medication button
Feb 17,2015 20:40:49 [info]  Pass
Feb 17,2015 20:40:49 [info]  Enter Medicine Name
Feb 17,2015 20:41:05 [info]  Pass
Feb 17,2015 20:41:05 [info]  Enter Dosage
Feb 17,2015 20:41:08 [info]  Pass
Feb 17,2015 20:41:08 [info]  Enter instruction
Feb 17,2015 20:41:12 [info]  Pass
Feb 17,2015 20:41:12 [info]  Open 'Calender'
Feb 17,2015 20:41:16 [info]  Pass
Feb 17,2015 20:41:19 [info]  Select date
Feb 17,2015 20:41:22 [info]  Pass
Feb 17,2015 20:41:22 [info]  Select time
Feb 17,2015 20:41:23 [info]  Pass
Feb 17,2015 20:41:23 [info]  Select AM/PM
Feb 17,2015 20:41:24 [info]  Pass
Feb 17,2015 20:41:24 [info]  Click on Add Schedule button
Feb 17,2015 20:41:28 [info]  Pass
Feb 17,2015 20:41:28 [info]  Verify Added Schedule
Feb 17,2015 20:41:28 [info]  Pass
Feb 17,2015 20:41:28 [info]  Click on Save button
Feb 17,2015 20:41:47 [info]  Pass
Feb 17,2015 20:41:47 [info]  Verify Title
Feb 17,2015 20:41:52 [info]  Pass
Feb 17,2015 20:41:52 [info]  End Execution of Test Class com.iCM.scripts.AdministrationSchedule
*****************************************************************************

*****************************************************************************
Feb 17,2015 20:59:28 [info]   Execution Started of Test Class com.iCM.scripts.AdministrationSchedule and Test method testAdministrationSchedule
*****************************************************************************
Feb 17,2015 20:59:28 [info]  Open application url
Feb 17,2015 20:59:46 [info]  Pass
Feb 17,2015 20:59:46 [info]  Verify Page title
Feb 17,2015 20:59:51 [info]  Pass
Feb 17,2015 20:59:51 [info]  Enter User name at login page.
Feb 17,2015 20:59:51 [info]  Pass
Feb 17,2015 20:59:52 [info]  Enter password at login page.
Feb 17,2015 20:59:53 [info]  Pass
Feb 17,2015 20:59:53 [info]  Click on Sign In button
Feb 17,2015 21:00:10 [info]  Pass
Feb 17,2015 21:00:10 [info]  Verify home page title
Feb 17,2015 21:00:15 [info]  Pass
Feb 17,2015 21:00:15 [info]  Open Add resident form via deep link
Feb 17,2015 21:00:27 [info]  Pass
Feb 17,2015 21:00:27 [info]  Enter Resident First Name
Feb 17,2015 21:00:30 [info]  Pass
Feb 17,2015 21:00:30 [info]  Enter Middle name
Feb 17,2015 21:00:34 [info]  Pass
Feb 17,2015 21:00:34 [info]  Enter last name
Feb 17,2015 21:00:37 [info]  Pass
Feb 17,2015 21:00:37 [info]  Open 'Calender'
Feb 17,2015 21:00:39 [info]  Pass
Feb 17,2015 21:00:44 [info]  Select Year
Feb 17,2015 21:00:50 [info]  Pass
Feb 17,2015 21:00:53 [info]  Select date
Feb 17,2015 21:00:56 [info]  Pass
Feb 17,2015 21:00:56 [info]  Select gender
Feb 17,2015 21:00:58 [info]  Pass
Feb 17,2015 21:00:58 [info]  Select Marital Status
Feb 17,2015 21:00:59 [info]  Pass
Feb 17,2015 21:00:59 [info]  Open 'Calender' for admit date
Feb 17,2015 21:01:00 [info]  Pass
Feb 17,2015 21:01:03 [info]  Select Year
Feb 17,2015 21:01:10 [info]  Pass
Feb 17,2015 21:01:10 [info]  Select Month
Feb 17,2015 21:01:11 [info]  Pass
Feb 17,2015 21:01:11 [info]  Select date
Feb 17,2015 21:01:14 [info]  Pass
Feb 17,2015 21:01:14 [info]  Select Facality
Feb 17,2015 21:01:15 [info]  Pass
Feb 17,2015 21:01:18 [info]  Select Nurse
Feb 17,2015 21:01:20 [info]  Pass
Feb 17,2015 21:01:20 [info]  Enter level of care
Feb 17,2015 21:01:23 [info]  Pass
Feb 17,2015 21:01:23 [info]  Click on 'Save' button
Feb 17,2015 21:01:27 [info]  Pass
Feb 17,2015 21:01:27 [info]  Search Added resident
Feb 17,2015 21:01:32 [info]  Pass
Feb 17,2015 21:01:32 [info]  Verify added resident
Feb 17,2015 21:01:35 [info]  Pass
Feb 17,2015 21:01:35 [info]  Open resident Profile
Feb 17,2015 21:01:39 [info]  Pass
Feb 17,2015 21:01:42 [info]  Click on Medication button
Feb 17,2015 21:01:45 [info]  Pass
Feb 17,2015 21:01:45 [info]  Click on Add Medication button
Feb 17,2015 21:01:57 [info]  Pass
Feb 17,2015 21:01:57 [info]  Enter Medicine Name
Feb 17,2015 21:02:07 [info]  Pass
Feb 17,2015 21:02:07 [info]  Enter Dosage
Feb 17,2015 21:02:10 [info]  Pass
Feb 17,2015 21:02:10 [info]  Enter instruction
Feb 17,2015 21:02:14 [info]  Pass
Feb 17,2015 21:02:14 [info]  Open 'Calender'
Feb 17,2015 21:02:18 [info]  Pass
Feb 17,2015 21:02:21 [info]  Select date
Feb 17,2015 21:02:25 [info]  Pass
Feb 17,2015 21:02:25 [info]  Select time
Feb 17,2015 21:02:26 [info]  Pass
Feb 17,2015 21:02:26 [info]  Select AM/PM
Feb 17,2015 21:02:27 [info]  Pass
Feb 17,2015 21:02:27 [info]  Click on Add Schedule button
Feb 17,2015 21:02:31 [info]  Pass
Feb 17,2015 21:02:31 [info]  Verify Added Schedule
Feb 17,2015 21:02:31 [info]  Pass
Feb 17,2015 21:02:31 [info]  Click on Save button
Feb 17,2015 21:02:46 [info]  Pass
Feb 17,2015 21:02:46 [info]  Verify Title
Feb 17,2015 21:02:51 [info]  Pass
Feb 17,2015 21:03:01 [info]  Open Medication page
Feb 17,2015 21:03:12 [info]  Pass
Feb 17,2015 21:03:12 [info]  Click on EMR Tab
Feb 17,2015 21:03:16 [info]  Pass
Feb 17,2015 21:03:16 [info]  Click on Admin Button
Feb 17,2015 21:03:59 [info]  Feb 17,2015 21:03:59 [info]  <<<<<<<<<<<<<<<<<<<<<<<<<<<<<<<<<< Error message >>>>>>>>>>>>>>>>>>>>>>>>>>>>>>
java.lang.AssertionError: Element Locator ://*[@class='btn-group administer']/button[2] Not found expected [true] but found [false]
	at org.testng.Assert.fail(Assert.java:94)
	at org.testng.Assert.failNotEquals(Assert.java:494)
	at org.testng.Assert.assertTrue(Assert.java:42)
	at com.iCM.util.DriverHelper.clickOn(DriverHelper.java:251)
	at com.iCM.pagehelper.EChartHelper.click(EChartHelper.java:44)
	at com.iCM.scripts.AdministrationSchedule.testAdministrationSchedule(AdministrationSchedule.java:269)
	at sun.reflect.NativeMethodAccessorImpl.invoke0(Native Method)
	at sun.reflect.NativeMethodAccessorImpl.invoke(Unknown Source)
	at sun.reflect.DelegatingMethodAccessorImpl.invoke(Unknown Source)
	at java.lang.reflect.Method.invoke(Unknown Source)
	at org.testng.internal.MethodInvocationHelper.invokeMethod(MethodInvocationHelper.java:84)
	at org.testng.internal.Invoker.invokeMethod(Invoker.java:714)
	at org.testng.internal.Invoker.invokeTestMethod(Invoker.java:901)
	at org.testng.internal.Invoker.invokeTestMethods(Invoker.java:1231)
	at org.testng.internal.TestMethodWorker.invokeTestMethods(TestMethodWorker.java:127)
	at org.testng.internal.TestMethodWorker.run(TestMethodWorker.java:111)
	at org.testng.TestRunner.privateRun(TestRunner.java:767)
	at org.testng.TestRunner.run(TestRunner.java:617)
	at org.testng.SuiteRunner.runTest(SuiteRunner.java:334)
	at org.testng.SuiteRunner.runSequentially(SuiteRunner.java:329)
	at org.testng.SuiteRunner.privateRun(SuiteRunner.java:291)
	at org.testng.SuiteRunner.run(SuiteRunner.java:240)
	at org.testng.SuiteRunnerWorker.runSuite(SuiteRunnerWorker.java:52)
	at org.testng.SuiteRunnerWorker.run(SuiteRunnerWorker.java:86)
	at org.testng.TestNG.runSuitesSequentially(TestNG.java:1224)
	at org.testng.TestNG.runSuitesLocally(TestNG.java:1149)
	at org.testng.TestNG.run(TestNG.java:1057)
	at org.testng.remote.RemoteTestNG.run(RemoteTestNG.java:111)
	at org.testng.remote.RemoteTestNG.initAndRun(RemoteTestNG.java:204)
	at org.testng.remote.RemoteTestNG.main(RemoteTestNG.java:175)
Feb 17,2015 21:03:59 [info]  End Execution of Test Class com.iCM.scripts.AdministrationSchedule
*****************************************************************************

*****************************************************************************
Feb 17,2015 21:05:27 [info]   Execution Started of Test Class com.iCM.scripts.AdministrationSchedule and Test method testAdministrationSchedule
*****************************************************************************
Feb 17,2015 21:05:27 [info]  Open application url
Feb 17,2015 21:05:42 [info]  Pass
Feb 17,2015 21:05:42 [info]  Verify Page title
Feb 17,2015 21:05:47 [info]  Pass
Feb 17,2015 21:05:47 [info]  Enter User name at login page.
Feb 17,2015 21:05:47 [info]  Pass
Feb 17,2015 21:05:47 [info]  Enter password at login page.
Feb 17,2015 21:05:48 [info]  Pass
Feb 17,2015 21:05:48 [info]  Click on Sign In button
Feb 17,2015 21:06:06 [info]  Pass
Feb 17,2015 21:06:06 [info]  Verify home page title
Feb 17,2015 21:06:12 [info]  Pass
Feb 17,2015 21:06:12 [info]  Open Add resident form via deep link
Feb 17,2015 21:06:25 [info]  Pass
Feb 17,2015 21:06:25 [info]  Enter Resident First Name
Feb 17,2015 21:06:28 [info]  Pass
Feb 17,2015 21:06:28 [info]  Enter Middle name
Feb 17,2015 21:06:32 [info]  Pass
Feb 17,2015 21:06:32 [info]  Enter last name
Feb 17,2015 21:06:35 [info]  Pass
Feb 17,2015 21:06:35 [info]  Open 'Calender'
Feb 17,2015 21:06:36 [info]  Pass
Feb 17,2015 21:06:41 [info]  Select Year
Feb 17,2015 21:06:46 [info]  Feb 17,2015 21:06:46 [info]  <<<<<<<<<<<<<<<<<<<<<<<<<<<<<<<<<< Error message >>>>>>>>>>>>>>>>>>>>>>>>>>>>>>
java.lang.AssertionError: Element Locator ://*[@class='ui-datepicker-year'] Not found expected [true] but found [false]
	at org.testng.Assert.fail(Assert.java:94)
	at org.testng.Assert.failNotEquals(Assert.java:494)
	at org.testng.Assert.assertTrue(Assert.java:42)
	at com.iCM.util.DriverHelper.selectDropDown(DriverHelper.java:276)
	at com.iCM.pagehelper.ResidentHelper.selectYear(ResidentHelper.java:49)
	at com.iCM.scripts.AdministrationSchedule.testAdministrationSchedule(AdministrationSchedule.java:91)
	at sun.reflect.NativeMethodAccessorImpl.invoke0(Native Method)
	at sun.reflect.NativeMethodAccessorImpl.invoke(Unknown Source)
	at sun.reflect.DelegatingMethodAccessorImpl.invoke(Unknown Source)
	at java.lang.reflect.Method.invoke(Unknown Source)
	at org.testng.internal.MethodInvocationHelper.invokeMethod(MethodInvocationHelper.java:84)
	at org.testng.internal.Invoker.invokeMethod(Invoker.java:714)
	at org.testng.internal.Invoker.invokeTestMethod(Invoker.java:901)
	at org.testng.internal.Invoker.invokeTestMethods(Invoker.java:1231)
	at org.testng.internal.TestMethodWorker.invokeTestMethods(TestMethodWorker.java:127)
	at org.testng.internal.TestMethodWorker.run(TestMethodWorker.java:111)
	at org.testng.TestRunner.privateRun(TestRunner.java:767)
	at org.testng.TestRunner.run(TestRunner.java:617)
	at org.testng.SuiteRunner.runTest(SuiteRunner.java:334)
	at org.testng.SuiteRunner.runSequentially(SuiteRunner.java:329)
	at org.testng.SuiteRunner.privateRun(SuiteRunner.java:291)
	at org.testng.SuiteRunner.run(SuiteRunner.java:240)
	at org.testng.SuiteRunnerWorker.runSuite(SuiteRunnerWorker.java:52)
	at org.testng.SuiteRunnerWorker.run(SuiteRunnerWorker.java:86)
	at org.testng.TestNG.runSuitesSequentially(TestNG.java:1224)
	at org.testng.TestNG.runSuitesLocally(TestNG.java:1149)
	at org.testng.TestNG.run(TestNG.java:1057)
	at org.testng.remote.RemoteTestNG.run(RemoteTestNG.java:111)
	at org.testng.remote.RemoteTestNG.initAndRun(RemoteTestNG.java:204)
	at org.testng.remote.RemoteTestNG.main(RemoteTestNG.java:175)
Feb 17,2015 21:06:46 [info]  End Execution of Test Class com.iCM.scripts.AdministrationSchedule
*****************************************************************************

*****************************************************************************
Feb 17,2015 21:09:02 [info]   Execution Started of Test Class com.iCM.scripts.AdministrationSchedule and Test method testAdministrationSchedule
*****************************************************************************
Feb 17,2015 21:09:02 [info]  Open application url
Feb 17,2015 21:09:17 [info]  Pass
Feb 17,2015 21:09:17 [info]  Verify Page title
Feb 17,2015 21:09:22 [info]  Pass
Feb 17,2015 21:09:22 [info]  Enter User name at login page.
Feb 17,2015 21:09:23 [info]  Pass
Feb 17,2015 21:09:23 [info]  Enter password at login page.
Feb 17,2015 21:09:24 [info]  Pass
Feb 17,2015 21:09:24 [info]  Click on Sign In button
Feb 17,2015 21:09:41 [info]  Pass
Feb 17,2015 21:09:41 [info]  Verify home page title
Feb 17,2015 21:09:46 [info]  Pass
Feb 17,2015 21:09:46 [info]  Open Medication page
Feb 17,2015 21:10:00 [info]  Pass
Feb 17,2015 21:10:00 [info]  Click on EMR Tab
Feb 17,2015 21:10:03 [info]  Pass
Feb 17,2015 21:10:13 [info]  Click on Admin Button
Feb 17,2015 21:10:48 [info]  Feb 17,2015 21:10:48 [info]  <<<<<<<<<<<<<<<<<<<<<<<<<<<<<<<<<< Error message >>>>>>>>>>>>>>>>>>>>>>>>>>>>>>
java.lang.AssertionError: Element Locator ://*[@class='btn-group administer']/button[2] Not found expected [true] but found [false]
	at org.testng.Assert.fail(Assert.java:94)
	at org.testng.Assert.failNotEquals(Assert.java:494)
	at org.testng.Assert.assertTrue(Assert.java:42)
	at com.iCM.util.DriverHelper.clickOn(DriverHelper.java:251)
	at com.iCM.pagehelper.EChartHelper.click(EChartHelper.java:44)
	at com.iCM.scripts.AdministrationSchedule.testAdministrationSchedule(AdministrationSchedule.java:273)
	at sun.reflect.NativeMethodAccessorImpl.invoke0(Native Method)
	at sun.reflect.NativeMethodAccessorImpl.invoke(Unknown Source)
	at sun.reflect.DelegatingMethodAccessorImpl.invoke(Unknown Source)
	at java.lang.reflect.Method.invoke(Unknown Source)
	at org.testng.internal.MethodInvocationHelper.invokeMethod(MethodInvocationHelper.java:84)
	at org.testng.internal.Invoker.invokeMethod(Invoker.java:714)
	at org.testng.internal.Invoker.invokeTestMethod(Invoker.java:901)
	at org.testng.internal.Invoker.invokeTestMethods(Invoker.java:1231)
	at org.testng.internal.TestMethodWorker.invokeTestMethods(TestMethodWorker.java:127)
	at org.testng.internal.TestMethodWorker.run(TestMethodWorker.java:111)
	at org.testng.TestRunner.privateRun(TestRunner.java:767)
	at org.testng.TestRunner.run(TestRunner.java:617)
	at org.testng.SuiteRunner.runTest(SuiteRunner.java:334)
	at org.testng.SuiteRunner.runSequentially(SuiteRunner.java:329)
	at org.testng.SuiteRunner.privateRun(SuiteRunner.java:291)
	at org.testng.SuiteRunner.run(SuiteRunner.java:240)
	at org.testng.SuiteRunnerWorker.runSuite(SuiteRunnerWorker.java:52)
	at org.testng.SuiteRunnerWorker.run(SuiteRunnerWorker.java:86)
	at org.testng.TestNG.runSuitesSequentially(TestNG.java:1224)
	at org.testng.TestNG.runSuitesLocally(TestNG.java:1149)
	at org.testng.TestNG.run(TestNG.java:1057)
	at org.testng.remote.RemoteTestNG.run(RemoteTestNG.java:111)
	at org.testng.remote.RemoteTestNG.initAndRun(RemoteTestNG.java:204)
	at org.testng.remote.RemoteTestNG.main(RemoteTestNG.java:175)
Feb 17,2015 21:10:48 [info]  End Execution of Test Class com.iCM.scripts.AdministrationSchedule
*****************************************************************************

*****************************************************************************
Feb 17,2015 21:25:28 [info]   Execution Started of Test Class com.iCM.scripts.AdministrationSchedule and Test method testAdministrationSchedule
*****************************************************************************
Feb 17,2015 21:25:28 [info]  Open application url
Feb 17,2015 21:25:42 [info]  Pass
Feb 17,2015 21:25:42 [info]  Verify Page title
Feb 17,2015 21:25:47 [info]  Pass
Feb 17,2015 21:25:47 [info]  Enter User name at login page.
Feb 17,2015 21:25:47 [info]  Pass
Feb 17,2015 21:25:47 [info]  Enter password at login page.
Feb 17,2015 21:25:48 [info]  Pass
Feb 17,2015 21:25:48 [info]  Click on Sign In button
Feb 17,2015 21:26:04 [info]  Pass
Feb 17,2015 21:26:04 [info]  Verify home page title
Feb 17,2015 21:26:09 [info]  Pass
Feb 17,2015 21:26:09 [info]  Open Medication page
Feb 17,2015 21:26:26 [info]  Pass
Feb 17,2015 21:26:26 [info]  Click on EMR Tab
Feb 17,2015 21:27:00 [info]  Feb 17,2015 21:27:00 [info]  <<<<<<<<<<<<<<<<<<<<<<<<<<<<<<<<<< Error message >>>>>>>>>>>>>>>>>>>>>>>>>>>>>>
java.lang.AssertionError: Element Locator ://*[@id='content']/div[3]/a[2] Not found expected [true] but found [false]
	at org.testng.Assert.fail(Assert.java:94)
	at org.testng.Assert.failNotEquals(Assert.java:494)
	at org.testng.Assert.assertTrue(Assert.java:42)
	at com.iCM.util.DriverHelper.clickOn(DriverHelper.java:251)
	at com.iCM.pagehelper.EChartHelper.click(EChartHelper.java:44)
	at com.iCM.scripts.AdministrationSchedule.testAdministrationSchedule(AdministrationSchedule.java:267)
	at sun.reflect.NativeMethodAccessorImpl.invoke0(Native Method)
	at sun.reflect.NativeMethodAccessorImpl.invoke(Unknown Source)
	at sun.reflect.DelegatingMethodAccessorImpl.invoke(Unknown Source)
	at java.lang.reflect.Method.invoke(Unknown Source)
	at org.testng.internal.MethodInvocationHelper.invokeMethod(MethodInvocationHelper.java:84)
	at org.testng.internal.Invoker.invokeMethod(Invoker.java:714)
	at org.testng.internal.Invoker.invokeTestMethod(Invoker.java:901)
	at org.testng.internal.Invoker.invokeTestMethods(Invoker.java:1231)
	at org.testng.internal.TestMethodWorker.invokeTestMethods(TestMethodWorker.java:127)
	at org.testng.internal.TestMethodWorker.run(TestMethodWorker.java:111)
	at org.testng.TestRunner.privateRun(TestRunner.java:767)
	at org.testng.TestRunner.run(TestRunner.java:617)
	at org.testng.SuiteRunner.runTest(SuiteRunner.java:334)
	at org.testng.SuiteRunner.runSequentially(SuiteRunner.java:329)
	at org.testng.SuiteRunner.privateRun(SuiteRunner.java:291)
	at org.testng.SuiteRunner.run(SuiteRunner.java:240)
	at org.testng.SuiteRunnerWorker.runSuite(SuiteRunnerWorker.java:52)
	at org.testng.SuiteRunnerWorker.run(SuiteRunnerWorker.java:86)
	at org.testng.TestNG.runSuitesSequentially(TestNG.java:1224)
	at org.testng.TestNG.runSuitesLocally(TestNG.java:1149)
	at org.testng.TestNG.run(TestNG.java:1057)
	at org.testng.remote.RemoteTestNG.run(RemoteTestNG.java:111)
	at org.testng.remote.RemoteTestNG.initAndRun(RemoteTestNG.java:204)
	at org.testng.remote.RemoteTestNG.main(RemoteTestNG.java:175)
Feb 17,2015 21:27:00 [info]  End Execution of Test Class com.iCM.scripts.AdministrationSchedule
*****************************************************************************

*****************************************************************************
Feb 17,2015 21:28:41 [info]   Execution Started of Test Class com.iCM.scripts.AdministrationSchedule and Test method testAdministrationSchedule
*****************************************************************************
Feb 17,2015 21:28:41 [info]  Open application url
Feb 17,2015 21:28:55 [info]  Pass
Feb 17,2015 21:28:55 [info]  Verify Page title
Feb 17,2015 21:29:00 [info]  Pass
Feb 17,2015 21:29:00 [info]  Enter User name at login page.
Feb 17,2015 21:29:01 [info]  Pass
Feb 17,2015 21:29:01 [info]  Enter password at login page.
Feb 17,2015 21:29:02 [info]  Pass
Feb 17,2015 21:29:02 [info]  Click on Sign In button
Feb 17,2015 21:29:17 [info]  Pass
Feb 17,2015 21:29:17 [info]  Verify home page title
Feb 17,2015 21:29:22 [info]  Pass
Feb 17,2015 21:29:22 [info]  Open Medication page
Feb 17,2015 21:29:36 [info]  Pass
Feb 17,2015 21:29:36 [info]  Click on EMR Tab
Feb 17,2015 21:29:40 [info]  Pass
Feb 17,2015 21:29:50 [info]  Click on Admin Button
Feb 17,2015 21:30:11 [info]  Pass
Feb 17,2015 21:30:11 [info]  Click on Reading menu
Feb 17,2015 21:31:39 [info]  Feb 17,2015 21:31:39 [info]  <<<<<<<<<<<<<<<<<<<<<<<<<<<<<<<<<< Error message >>>>>>>>>>>>>>>>>>>>>>>>>>>>>>
java.lang.AssertionError: Element Locator :link=Administer with reading Not found expected [true] but found [false]
	at org.testng.Assert.fail(Assert.java:94)
	at org.testng.Assert.failNotEquals(Assert.java:494)
	at org.testng.Assert.assertTrue(Assert.java:42)
	at com.iCM.util.DriverHelper.clickOn(DriverHelper.java:251)
	at com.iCM.pagehelper.EChartHelper.click(EChartHelper.java:44)
	at com.iCM.scripts.AdministrationSchedule.testAdministrationSchedule(AdministrationSchedule.java:279)
	at sun.reflect.NativeMethodAccessorImpl.invoke0(Native Method)
	at sun.reflect.NativeMethodAccessorImpl.invoke(Unknown Source)
	at sun.reflect.DelegatingMethodAccessorImpl.invoke(Unknown Source)
	at java.lang.reflect.Method.invoke(Unknown Source)
	at org.testng.internal.MethodInvocationHelper.invokeMethod(MethodInvocationHelper.java:84)
	at org.testng.internal.Invoker.invokeMethod(Invoker.java:714)
	at org.testng.internal.Invoker.invokeTestMethod(Invoker.java:901)
	at org.testng.internal.Invoker.invokeTestMethods(Invoker.java:1231)
	at org.testng.internal.TestMethodWorker.invokeTestMethods(TestMethodWorker.java:127)
	at org.testng.internal.TestMethodWorker.run(TestMethodWorker.java:111)
	at org.testng.TestRunner.privateRun(TestRunner.java:767)
	at org.testng.TestRunner.run(TestRunner.java:617)
	at org.testng.SuiteRunner.runTest(SuiteRunner.java:334)
	at org.testng.SuiteRunner.runSequentially(SuiteRunner.java:329)
	at org.testng.SuiteRunner.privateRun(SuiteRunner.java:291)
	at org.testng.SuiteRunner.run(SuiteRunner.java:240)
	at org.testng.SuiteRunnerWorker.runSuite(SuiteRunnerWorker.java:52)
	at org.testng.SuiteRunnerWorker.run(SuiteRunnerWorker.java:86)
	at org.testng.TestNG.runSuitesSequentially(TestNG.java:1224)
	at org.testng.TestNG.runSuitesLocally(TestNG.java:1149)
	at org.testng.TestNG.run(TestNG.java:1057)
	at org.testng.remote.RemoteTestNG.run(RemoteTestNG.java:111)
	at org.testng.remote.RemoteTestNG.initAndRun(RemoteTestNG.java:204)
	at org.testng.remote.RemoteTestNG.main(RemoteTestNG.java:175)
Feb 17,2015 21:31:39 [info]  End Execution of Test Class com.iCM.scripts.AdministrationSchedule
*****************************************************************************

*****************************************************************************
Feb 17,2015 21:33:07 [info]   Execution Started of Test Class com.iCM.scripts.AdministrationSchedule and Test method testAdministrationSchedule
*****************************************************************************
Feb 17,2015 21:33:07 [info]  Open application url
Feb 17,2015 21:33:23 [info]  Pass
Feb 17,2015 21:33:23 [info]  Verify Page title
Feb 17,2015 21:33:28 [info]  Pass
Feb 17,2015 21:33:28 [info]  Enter User name at login page.
Feb 17,2015 21:33:29 [info]  Pass
Feb 17,2015 21:33:29 [info]  Enter password at login page.
Feb 17,2015 21:33:29 [info]  Pass
Feb 17,2015 21:33:29 [info]  Click on Sign In button
Feb 17,2015 21:33:46 [info]  Pass
Feb 17,2015 21:33:46 [info]  Verify home page title
Feb 17,2015 21:33:51 [info]  Pass
Feb 17,2015 21:33:51 [info]  Open Medication page
Feb 17,2015 21:34:07 [info]  Pass
Feb 17,2015 21:34:07 [info]  Click on EMR Tab
Feb 17,2015 21:34:10 [info]  Pass
Feb 17,2015 21:34:10 [info]  Click on All Meds Tab
Feb 17,2015 21:34:38 [info]  Pass
Feb 17,2015 21:34:41 [info]  Click on Admin Button
Feb 17,2015 21:34:55 [info]  Pass
Feb 17,2015 21:34:55 [info]  Click on Reading menu
Feb 17,2015 21:36:33 [info]  Feb 17,2015 21:36:33 [info]  <<<<<<<<<<<<<<<<<<<<<<<<<<<<<<<<<< Error message >>>>>>>>>>>>>>>>>>>>>>>>>>>>>>
java.lang.AssertionError: Element Locator :link=Administer with reading Not found expected [true] but found [false]
	at org.testng.Assert.fail(Assert.java:94)
	at org.testng.Assert.failNotEquals(Assert.java:494)
	at org.testng.Assert.assertTrue(Assert.java:42)
	at com.iCM.util.DriverHelper.clickOn(DriverHelper.java:251)
	at com.iCM.pagehelper.EChartHelper.click(EChartHelper.java:44)
	at com.iCM.scripts.AdministrationSchedule.testAdministrationSchedule(AdministrationSchedule.java:284)
	at sun.reflect.NativeMethodAccessorImpl.invoke0(Native Method)
	at sun.reflect.NativeMethodAccessorImpl.invoke(Unknown Source)
	at sun.reflect.DelegatingMethodAccessorImpl.invoke(Unknown Source)
	at java.lang.reflect.Method.invoke(Unknown Source)
	at org.testng.internal.MethodInvocationHelper.invokeMethod(MethodInvocationHelper.java:84)
	at org.testng.internal.Invoker.invokeMethod(Invoker.java:714)
	at org.testng.internal.Invoker.invokeTestMethod(Invoker.java:901)
	at org.testng.internal.Invoker.invokeTestMethods(Invoker.java:1231)
	at org.testng.internal.TestMethodWorker.invokeTestMethods(TestMethodWorker.java:127)
	at org.testng.internal.TestMethodWorker.run(TestMethodWorker.java:111)
	at org.testng.TestRunner.privateRun(TestRunner.java:767)
	at org.testng.TestRunner.run(TestRunner.java:617)
	at org.testng.SuiteRunner.runTest(SuiteRunner.java:334)
	at org.testng.SuiteRunner.runSequentially(SuiteRunner.java:329)
	at org.testng.SuiteRunner.privateRun(SuiteRunner.java:291)
	at org.testng.SuiteRunner.run(SuiteRunner.java:240)
	at org.testng.SuiteRunnerWorker.runSuite(SuiteRunnerWorker.java:52)
	at org.testng.SuiteRunnerWorker.run(SuiteRunnerWorker.java:86)
	at org.testng.TestNG.runSuitesSequentially(TestNG.java:1224)
	at org.testng.TestNG.runSuitesLocally(TestNG.java:1149)
	at org.testng.TestNG.run(TestNG.java:1057)
	at org.testng.remote.RemoteTestNG.run(RemoteTestNG.java:111)
	at org.testng.remote.RemoteTestNG.initAndRun(RemoteTestNG.java:204)
	at org.testng.remote.RemoteTestNG.main(RemoteTestNG.java:175)
Feb 17,2015 21:36:33 [info]  End Execution of Test Class com.iCM.scripts.AdministrationSchedule
*****************************************************************************

*****************************************************************************
Feb 17,2015 21:40:43 [info]   Execution Started of Test Class com.iCM.scripts.AdministrationSchedule and Test method testAdministrationSchedule
*****************************************************************************
Feb 17,2015 21:40:43 [info]  Open application url
Feb 17,2015 21:40:59 [info]  Pass
Feb 17,2015 21:40:59 [info]  Verify Page title
Feb 17,2015 21:41:04 [info]  Pass
Feb 17,2015 21:41:04 [info]  Enter User name at login page.
Feb 17,2015 21:41:04 [info]  Pass
Feb 17,2015 21:41:04 [info]  Enter password at login page.
Feb 17,2015 21:41:04 [info]  Pass
Feb 17,2015 21:41:04 [info]  Click on Sign In button
Feb 17,2015 21:41:22 [info]  Pass
Feb 17,2015 21:41:22 [info]  Verify home page title
Feb 17,2015 21:41:27 [info]  Pass
Feb 17,2015 21:41:27 [info]  Open Medication page
Feb 17,2015 21:41:41 [info]  Pass
Feb 17,2015 21:41:41 [info]  Click on EMR Tab
Feb 17,2015 21:41:45 [info]  Pass
Feb 17,2015 21:41:45 [info]  Click on All Meds Tab
Feb 17,2015 21:42:04 [info]  Pass
Feb 17,2015 21:42:08 [info]  Click on Admin Button
Feb 17,2015 21:42:11 [info]  Pass
Feb 17,2015 21:42:11 [info]  Click on Reading menu
Feb 17,2015 21:42:15 [info]  Pass
Feb 17,2015 21:42:15 [info]  Enter Blood Sugar
Feb 17,2015 21:42:18 [info]  Pass
Feb 17,2015 21:42:18 [info]  Click on Admin Now Button
Feb 17,2015 21:42:22 [info]  Pass
Feb 17,2015 21:42:22 [info]  Verify Success Message
Feb 17,2015 21:42:22 [info]  Feb 17,2015 21:42:22 [info]  <<<<<<<<<<<<<<<<<<<<<<<<<<<<<<<<<< Error message >>>>>>>>>>>>>>>>>>>>>>>>>>>>>>
java.lang.AssertionError: expected [true] but found [false]
	at org.testng.Assert.fail(Assert.java:94)
	at org.testng.Assert.failNotEquals(Assert.java:494)
	at org.testng.Assert.assertTrue(Assert.java:42)
	at org.testng.Assert.assertTrue(Assert.java:52)
	at com.iCM.pagehelper.EChartHelper.verifyItemText(EChartHelper.java:157)
	at com.iCM.scripts.AdministrationSchedule.testAdministrationSchedule(AdministrationSchedule.java:299)
	at sun.reflect.NativeMethodAccessorImpl.invoke0(Native Method)
	at sun.reflect.NativeMethodAccessorImpl.invoke(Unknown Source)
	at sun.reflect.DelegatingMethodAccessorImpl.invoke(Unknown Source)
	at java.lang.reflect.Method.invoke(Unknown Source)
	at org.testng.internal.MethodInvocationHelper.invokeMethod(MethodInvocationHelper.java:84)
	at org.testng.internal.Invoker.invokeMethod(Invoker.java:714)
	at org.testng.internal.Invoker.invokeTestMethod(Invoker.java:901)
	at org.testng.internal.Invoker.invokeTestMethods(Invoker.java:1231)
	at org.testng.internal.TestMethodWorker.invokeTestMethods(TestMethodWorker.java:127)
	at org.testng.internal.TestMethodWorker.run(TestMethodWorker.java:111)
	at org.testng.TestRunner.privateRun(TestRunner.java:767)
	at org.testng.TestRunner.run(TestRunner.java:617)
	at org.testng.SuiteRunner.runTest(SuiteRunner.java:334)
	at org.testng.SuiteRunner.runSequentially(SuiteRunner.java:329)
	at org.testng.SuiteRunner.privateRun(SuiteRunner.java:291)
	at org.testng.SuiteRunner.run(SuiteRunner.java:240)
	at org.testng.SuiteRunnerWorker.runSuite(SuiteRunnerWorker.java:52)
	at org.testng.SuiteRunnerWorker.run(SuiteRunnerWorker.java:86)
	at org.testng.TestNG.runSuitesSequentially(TestNG.java:1224)
	at org.testng.TestNG.runSuitesLocally(TestNG.java:1149)
	at org.testng.TestNG.run(TestNG.java:1057)
	at org.testng.remote.RemoteTestNG.run(RemoteTestNG.java:111)
	at org.testng.remote.RemoteTestNG.initAndRun(RemoteTestNG.java:204)
	at org.testng.remote.RemoteTestNG.main(RemoteTestNG.java:175)
Feb 17,2015 21:42:22 [info]  End Execution of Test Class com.iCM.scripts.AdministrationSchedule
*****************************************************************************

*****************************************************************************
Feb 17,2015 21:43:06 [info]   Execution Started of Test Class com.iCM.scripts.AdministrationSchedule and Test method testAdministrationSchedule
*****************************************************************************
Feb 17,2015 21:43:06 [info]  Open application url
Feb 17,2015 21:43:22 [info]  Pass
Feb 17,2015 21:43:22 [info]  Verify Page title
Feb 17,2015 21:43:27 [info]  Pass
Feb 17,2015 21:43:27 [info]  Enter User name at login page.
Feb 17,2015 21:43:28 [info]  Pass
Feb 17,2015 21:43:28 [info]  Enter password at login page.
Feb 17,2015 21:43:29 [info]  Pass
Feb 17,2015 21:43:29 [info]  Click on Sign In button
Feb 17,2015 21:43:44 [info]  Pass
Feb 17,2015 21:43:44 [info]  Verify home page title
Feb 17,2015 21:43:50 [info]  Pass
Feb 17,2015 21:43:50 [info]  Open Medication page
Feb 17,2015 21:44:05 [info]  Pass
Feb 17,2015 21:44:05 [info]  Click on EMR Tab
Feb 17,2015 21:44:09 [info]  Pass
Feb 17,2015 21:44:09 [info]  Click on All Meds Tab
Feb 17,2015 21:44:26 [info]  Pass
Feb 17,2015 21:44:29 [info]  Click on Admin Button
Feb 17,2015 21:45:03 [info]  Feb 17,2015 21:45:03 [info]  <<<<<<<<<<<<<<<<<<<<<<<<<<<<<<<<<< Error message >>>>>>>>>>>>>>>>>>>>>>>>>>>>>>
java.lang.AssertionError: Element Locator ://td[@class='All']/div/div/div[2]/div/button[2] Not found expected [true] but found [false]
	at org.testng.Assert.fail(Assert.java:94)
	at org.testng.Assert.failNotEquals(Assert.java:494)
	at org.testng.Assert.assertTrue(Assert.java:42)
	at com.iCM.util.DriverHelper.clickOn(DriverHelper.java:251)
	at com.iCM.pagehelper.EChartHelper.click(EChartHelper.java:44)
	at com.iCM.scripts.AdministrationSchedule.testAdministrationSchedule(AdministrationSchedule.java:279)
	at sun.reflect.NativeMethodAccessorImpl.invoke0(Native Method)
	at sun.reflect.NativeMethodAccessorImpl.invoke(Unknown Source)
	at sun.reflect.DelegatingMethodAccessorImpl.invoke(Unknown Source)
	at java.lang.reflect.Method.invoke(Unknown Source)
	at org.testng.internal.MethodInvocationHelper.invokeMethod(MethodInvocationHelper.java:84)
	at org.testng.internal.Invoker.invokeMethod(Invoker.java:714)
	at org.testng.internal.Invoker.invokeTestMethod(Invoker.java:901)
	at org.testng.internal.Invoker.invokeTestMethods(Invoker.java:1231)
	at org.testng.internal.TestMethodWorker.invokeTestMethods(TestMethodWorker.java:127)
	at org.testng.internal.TestMethodWorker.run(TestMethodWorker.java:111)
	at org.testng.TestRunner.privateRun(TestRunner.java:767)
	at org.testng.TestRunner.run(TestRunner.java:617)
	at org.testng.SuiteRunner.runTest(SuiteRunner.java:334)
	at org.testng.SuiteRunner.runSequentially(SuiteRunner.java:329)
	at org.testng.SuiteRunner.privateRun(SuiteRunner.java:291)
	at org.testng.SuiteRunner.run(SuiteRunner.java:240)
	at org.testng.SuiteRunnerWorker.runSuite(SuiteRunnerWorker.java:52)
	at org.testng.SuiteRunnerWorker.run(SuiteRunnerWorker.java:86)
	at org.testng.TestNG.runSuitesSequentially(TestNG.java:1224)
	at org.testng.TestNG.runSuitesLocally(TestNG.java:1149)
	at org.testng.TestNG.run(TestNG.java:1057)
	at org.testng.remote.RemoteTestNG.run(RemoteTestNG.java:111)
	at org.testng.remote.RemoteTestNG.initAndRun(RemoteTestNG.java:204)
	at org.testng.remote.RemoteTestNG.main(RemoteTestNG.java:175)
Feb 17,2015 21:45:03 [info]  End Execution of Test Class com.iCM.scripts.AdministrationSchedule
*****************************************************************************

*****************************************************************************
Feb 17,2015 21:47:37 [info]   Execution Started of Test Class com.iCM.scripts.AdministrationSchedule and Test method testAdministrationSchedule
*****************************************************************************
Feb 17,2015 21:47:37 [info]  Open application url
Feb 17,2015 21:47:55 [info]  Pass
Feb 17,2015 21:47:55 [info]  Verify Page title
Feb 17,2015 21:48:00 [info]  Pass
Feb 17,2015 21:48:00 [info]  Enter User name at login page.
Feb 17,2015 21:48:00 [info]  Pass
Feb 17,2015 21:48:00 [info]  Enter password at login page.
Feb 17,2015 21:48:01 [info]  Pass
Feb 17,2015 21:48:01 [info]  Click on Sign In button
Feb 17,2015 21:48:23 [info]  Pass
Feb 17,2015 21:48:23 [info]  Verify home page title
Feb 17,2015 21:48:29 [info]  Pass
Feb 17,2015 21:48:29 [info]  Open Add resident form via deep link
Feb 17,2015 21:48:46 [info]  Pass
Feb 17,2015 21:48:46 [info]  Enter Resident First Name
Feb 17,2015 21:48:50 [info]  Pass
Feb 17,2015 21:48:50 [info]  Enter Middle name
Feb 17,2015 21:48:53 [info]  Pass
Feb 17,2015 21:48:53 [info]  Enter last name
Feb 17,2015 21:48:57 [info]  Pass
Feb 17,2015 21:48:57 [info]  Open 'Calender'
Feb 17,2015 21:48:58 [info]  Pass
Feb 17,2015 21:49:03 [info]  Select Year
Feb 17,2015 21:49:09 [info]  Pass
Feb 17,2015 21:49:12 [info]  Select date
Feb 17,2015 21:49:16 [info]  Pass
Feb 17,2015 21:49:16 [info]  Select gender
Feb 17,2015 21:49:17 [info]  Pass
Feb 17,2015 21:49:17 [info]  Select Marital Status
Feb 17,2015 21:49:19 [info]  Pass
Feb 17,2015 21:49:19 [info]  Open 'Calender' for admit date
Feb 17,2015 21:49:20 [info]  Pass
Feb 17,2015 21:49:23 [info]  Select Year
Feb 17,2015 21:49:30 [info]  Pass
Feb 17,2015 21:49:30 [info]  Select Month
Feb 17,2015 21:49:31 [info]  Pass
Feb 17,2015 21:49:31 [info]  Select date
Feb 17,2015 21:49:34 [info]  Pass
Feb 17,2015 21:49:34 [info]  Select Facality
Feb 17,2015 21:49:35 [info]  Pass
Feb 17,2015 21:49:38 [info]  Select Nurse
Feb 17,2015 21:49:40 [info]  Pass
Feb 17,2015 21:49:40 [info]  Enter level of care
Feb 17,2015 21:49:43 [info]  Pass
Feb 17,2015 21:49:43 [info]  Click on 'Save' button
Feb 17,2015 21:49:47 [info]  Pass
Feb 17,2015 21:49:47 [info]  Search Added resident
Feb 17,2015 21:49:51 [info]  Pass
Feb 17,2015 21:49:51 [info]  Verify added resident
Feb 17,2015 21:49:54 [info]  Pass
Feb 17,2015 21:49:54 [info]  Open resident Profile
Feb 17,2015 21:49:58 [info]  Pass
Feb 17,2015 21:50:01 [info]  Click on Medication button
Feb 17,2015 21:50:04 [info]  Pass
Feb 17,2015 21:50:04 [info]  Click on Add Medication button
Feb 17,2015 21:50:17 [info]  Pass
Feb 17,2015 21:50:17 [info]  Enter Medicine Name
Feb 17,2015 21:50:30 [info]  Pass
Feb 17,2015 21:50:30 [info]  Enter Dosage
Feb 17,2015 21:50:34 [info]  Pass
Feb 17,2015 21:50:34 [info]  Enter instruction
Feb 17,2015 21:50:38 [info]  Pass
Feb 17,2015 21:50:38 [info]  Open 'Calender'
Feb 17,2015 21:50:42 [info]  Pass
Feb 17,2015 21:50:45 [info]  Select date
Feb 17,2015 21:50:49 [info]  Pass
Feb 17,2015 21:50:49 [info]  Select time
Feb 17,2015 21:50:51 [info]  Pass
Feb 17,2015 21:50:51 [info]  Select AM/PM
Feb 17,2015 21:50:52 [info]  Pass
Feb 17,2015 21:50:52 [info]  Click on Add Schedule button
Feb 17,2015 21:50:55 [info]  Pass
Feb 17,2015 21:50:55 [info]  Verify Added Schedule
Feb 17,2015 21:50:56 [info]  Pass
Feb 17,2015 21:50:56 [info]  Click on Save button
Feb 17,2015 21:51:14 [info]  Pass
Feb 17,2015 21:51:14 [info]  Verify Title
Feb 17,2015 21:51:19 [info]  Pass
Feb 17,2015 21:51:29 [info]  Open Medication page
Feb 17,2015 21:51:43 [info]  Pass
Feb 17,2015 21:51:43 [info]  Open Medication page
Feb 17,2015 21:51:56 [info]  Pass
Feb 17,2015 21:51:56 [info]  Click on EMR Tab
Feb 17,2015 21:51:59 [info]  Pass
Feb 17,2015 21:51:59 [info]  Click on All Meds Tab
Feb 17,2015 21:52:23 [info]  Pass
Feb 17,2015 21:52:26 [info]  Click on Admin Button
Feb 17,2015 21:53:00 [info]  Feb 17,2015 21:53:00 [info]  <<<<<<<<<<<<<<<<<<<<<<<<<<<<<<<<<< Error message >>>>>>>>>>>>>>>>>>>>>>>>>>>>>>
java.lang.AssertionError: Element Locator ://td[@class='All']/div/div/div[2]/div/button[2] Not found expected [true] but found [false]
	at org.testng.Assert.fail(Assert.java:94)
	at org.testng.Assert.failNotEquals(Assert.java:494)
	at org.testng.Assert.assertTrue(Assert.java:42)
	at com.iCM.util.DriverHelper.clickOn(DriverHelper.java:251)
	at com.iCM.pagehelper.EChartHelper.click(EChartHelper.java:44)
	at com.iCM.scripts.AdministrationSchedule.testAdministrationSchedule(AdministrationSchedule.java:279)
	at sun.reflect.NativeMethodAccessorImpl.invoke0(Native Method)
	at sun.reflect.NativeMethodAccessorImpl.invoke(Unknown Source)
	at sun.reflect.DelegatingMethodAccessorImpl.invoke(Unknown Source)
	at java.lang.reflect.Method.invoke(Unknown Source)
	at org.testng.internal.MethodInvocationHelper.invokeMethod(MethodInvocationHelper.java:84)
	at org.testng.internal.Invoker.invokeMethod(Invoker.java:714)
	at org.testng.internal.Invoker.invokeTestMethod(Invoker.java:901)
	at org.testng.internal.Invoker.invokeTestMethods(Invoker.java:1231)
	at org.testng.internal.TestMethodWorker.invokeTestMethods(TestMethodWorker.java:127)
	at org.testng.internal.TestMethodWorker.run(TestMethodWorker.java:111)
	at org.testng.TestRunner.privateRun(TestRunner.java:767)
	at org.testng.TestRunner.run(TestRunner.java:617)
	at org.testng.SuiteRunner.runTest(SuiteRunner.java:334)
	at org.testng.SuiteRunner.runSequentially(SuiteRunner.java:329)
	at org.testng.SuiteRunner.privateRun(SuiteRunner.java:291)
	at org.testng.SuiteRunner.run(SuiteRunner.java:240)
	at org.testng.SuiteRunnerWorker.runSuite(SuiteRunnerWorker.java:52)
	at org.testng.SuiteRunnerWorker.run(SuiteRunnerWorker.java:86)
	at org.testng.TestNG.runSuitesSequentially(TestNG.java:1224)
	at org.testng.TestNG.runSuitesLocally(TestNG.java:1149)
	at org.testng.TestNG.run(TestNG.java:1057)
	at org.testng.remote.RemoteTestNG.run(RemoteTestNG.java:111)
	at org.testng.remote.RemoteTestNG.initAndRun(RemoteTestNG.java:204)
	at org.testng.remote.RemoteTestNG.main(RemoteTestNG.java:175)
Feb 17,2015 21:53:00 [info]  End Execution of Test Class com.iCM.scripts.AdministrationSchedule
*****************************************************************************

*****************************************************************************
Feb 17,2015 21:57:32 [info]   Execution Started of Test Class com.iCM.scripts.AdministrationSchedule and Test method testAdministrationSchedule
*****************************************************************************
Feb 17,2015 21:57:32 [info]  Open application url
Feb 17,2015 21:57:56 [info]  Pass
Feb 17,2015 21:57:56 [info]  Verify Page title
Feb 17,2015 21:58:01 [info]  Pass
Feb 17,2015 21:58:01 [info]  Enter User name at login page.
Feb 17,2015 21:58:01 [info]  Pass
Feb 17,2015 21:58:01 [info]  Enter password at login page.
Feb 17,2015 21:58:03 [info]  Pass
Feb 17,2015 21:58:03 [info]  Click on Sign In button
Feb 17,2015 21:58:23 [info]  Pass
Feb 17,2015 21:58:23 [info]  Verify home page title
Feb 17,2015 21:58:29 [info]  Pass
Feb 17,2015 21:58:29 [info]  Open Add resident form via deep link
Feb 17,2015 21:58:43 [info]  Pass
Feb 17,2015 21:58:43 [info]  Enter Resident First Name
Feb 17,2015 21:58:46 [info]  Pass
Feb 17,2015 21:58:46 [info]  Enter Middle name
Feb 17,2015 21:58:50 [info]  Pass
Feb 17,2015 21:58:50 [info]  Enter last name
Feb 17,2015 21:58:53 [info]  Pass
Feb 17,2015 21:58:53 [info]  Open 'Calender'
Feb 17,2015 21:58:55 [info]  Pass
Feb 17,2015 21:59:00 [info]  Select Year
Feb 17,2015 21:59:06 [info]  Pass
Feb 17,2015 21:59:09 [info]  Select date
Feb 17,2015 21:59:12 [info]  Pass
Feb 17,2015 21:59:12 [info]  Select gender
Feb 17,2015 21:59:13 [info]  Pass
Feb 17,2015 21:59:14 [info]  Select Marital Status
Feb 17,2015 21:59:15 [info]  Pass
Feb 17,2015 21:59:15 [info]  Open 'Calender' for admit date
Feb 17,2015 21:59:17 [info]  Pass
Feb 17,2015 21:59:20 [info]  Select Year
Feb 17,2015 21:59:26 [info]  Pass
Feb 17,2015 21:59:26 [info]  Select Month
Feb 17,2015 21:59:27 [info]  Pass
Feb 17,2015 21:59:27 [info]  Select date
Feb 17,2015 21:59:30 [info]  Pass
Feb 17,2015 21:59:30 [info]  Select Facality
Feb 17,2015 21:59:32 [info]  Pass
Feb 17,2015 21:59:35 [info]  Select Nurse
Feb 17,2015 21:59:36 [info]  Pass
Feb 17,2015 21:59:36 [info]  Enter level of care
Feb 17,2015 21:59:40 [info]  Pass
Feb 17,2015 21:59:40 [info]  Click on 'Save' button
Feb 17,2015 21:59:43 [info]  Pass
Feb 17,2015 21:59:43 [info]  Search Added resident
Feb 17,2015 21:59:50 [info]  Pass
Feb 17,2015 21:59:50 [info]  Verify added resident
Feb 17,2015 21:59:53 [info]  Pass
Feb 17,2015 21:59:53 [info]  Open resident Profile
Feb 17,2015 21:59:57 [info]  Pass
Feb 17,2015 22:00:00 [info]  Click on Medication button
Feb 17,2015 22:00:04 [info]  Pass
Feb 17,2015 22:00:04 [info]  Click on Add Medication button
Feb 17,2015 22:00:19 [info]  Pass
Feb 17,2015 22:00:19 [info]  Enter Medicine Name
Feb 17,2015 22:00:32 [info]  Pass
Feb 17,2015 22:00:32 [info]  Enter Dosage
Feb 17,2015 22:00:36 [info]  Pass
Feb 17,2015 22:00:36 [info]  Enter instruction
Feb 17,2015 22:00:39 [info]  Pass
Feb 17,2015 22:00:39 [info]  Open 'Calender'
Feb 17,2015 22:00:43 [info]  Pass
Feb 17,2015 22:00:46 [info]  Select date
Feb 17,2015 22:00:51 [info]  Pass
Feb 17,2015 22:00:51 [info]  Select time
Feb 17,2015 22:00:52 [info]  Pass
Feb 17,2015 22:00:52 [info]  Select AM/PM
Feb 17,2015 22:00:53 [info]  Pass
Feb 17,2015 22:00:53 [info]  Click on Add Schedule button
Feb 17,2015 22:00:56 [info]  Pass
Feb 17,2015 22:00:56 [info]  Verify Added Schedule
Feb 17,2015 22:00:57 [info]  Pass
Feb 17,2015 22:00:57 [info]  Click on Save button
Feb 17,2015 22:01:14 [info]  Pass
Feb 17,2015 22:01:14 [info]  Verify Title
Feb 17,2015 22:01:19 [info]  Pass
Feb 17,2015 22:01:29 [info]  Open Medication page
Feb 17,2015 22:01:41 [info]  Pass
Feb 17,2015 22:01:41 [info]  Open Medication page
Feb 17,2015 22:01:54 [info]  Pass
Feb 17,2015 22:01:54 [info]  Click on EMR Tab
Feb 17,2015 22:01:57 [info]  Pass
Feb 17,2015 22:01:57 [info]  Click on All Meds Tab
Feb 17,2015 22:02:15 [info]  Pass
Feb 17,2015 22:02:18 [info]  Click on Admin Button
Feb 17,2015 22:02:30 [info]  Pass
Feb 17,2015 22:02:30 [info]  Click on Reading menu
Feb 17,2015 22:02:34 [info]  Pass
Feb 17,2015 22:02:34 [info]  Enter Blood Sugar
Feb 17,2015 22:02:37 [info]  Pass
Feb 17,2015 22:02:37 [info]  Click on Admin Now Button
Feb 17,2015 22:02:41 [info]  Pass
Feb 17,2015 22:02:41 [info]  Click on Ok Button
Feb 17,2015 22:02:44 [info]  Pass
Feb 17,2015 22:02:44 [info]  Click on All Meds Tab
Feb 17,2015 22:02:48 [info]  Pass
Feb 17,2015 22:02:51 [info]  Verify Admin By
Feb 17,2015 22:02:51 [info]  Pass
Feb 17,2015 22:02:51 [info]  Deleting created Resident
Feb 17,2015 22:03:20 [info]  Pass
Feb 17,2015 22:03:20 [info]  End Execution of Test Class com.iCM.scripts.AdministrationSchedule
*****************************************************************************

*****************************************************************************
Feb 17,2015 22:04:07 [info]   Execution Started of Test Class com.iCM.scripts.AdministrationSchedule and Test method testAdministrationSchedule
*****************************************************************************
Feb 17,2015 22:04:07 [info]  Open application url

*****************************************************************************
Feb 17,2015 22:04:19 [info]   Execution Started of Test Class com.iCM.scripts.AdministrationSchedule and Test method testAdministrationSchedule
*****************************************************************************
Feb 17,2015 22:04:19 [info]  Open application url
Feb 17,2015 22:04:35 [info]  Pass
Feb 17,2015 22:04:35 [info]  Verify Page title

*****************************************************************************
Feb 17,2015 22:04:36 [info]   Execution Started of Test Class com.iCM.scripts.AdministrationSchedule and Test method testAdministrationSchedule
*****************************************************************************
Feb 17,2015 22:04:36 [info]  Open application url
Feb 17,2015 22:04:37 [info]  Pass
Feb 17,2015 22:04:37 [info]  Verify Page title
Feb 17,2015 22:04:40 [info]  Pass
Feb 17,2015 22:04:41 [info]  Enter User name at login page.
Feb 17,2015 22:04:41 [info]  Pass
Feb 17,2015 22:04:41 [info]  Enter password at login page.
Feb 17,2015 22:04:41 [info]  Pass
Feb 17,2015 22:04:41 [info]  Click on Sign In button
Feb 17,2015 22:04:43 [info]  Pass
Feb 17,2015 22:04:43 [info]  Enter User name at login page.
Feb 17,2015 22:04:43 [info]  Pass
Feb 17,2015 22:04:43 [info]  Enter password at login page.
Feb 17,2015 22:04:43 [info]  Pass
Feb 17,2015 22:04:43 [info]  Click on Sign In button
Feb 17,2015 22:04:52 [info]  Pass
Feb 17,2015 22:04:52 [info]  Verify Page title
Feb 17,2015 22:04:57 [info]  Pass
Feb 17,2015 22:04:57 [info]  Enter User name at login page.
Feb 17,2015 22:04:58 [info]  Pass
Feb 17,2015 22:04:58 [info]  Enter password at login page.
Feb 17,2015 22:05:00 [info]  Pass
Feb 17,2015 22:05:00 [info]  Click on Sign In button
Feb 17,2015 22:05:04 [info]  Pass
Feb 17,2015 22:05:04 [info]  Verify home page title
Feb 17,2015 22:05:06 [info]  Pass
Feb 17,2015 22:05:06 [info]  Verify home page title
Feb 17,2015 22:05:09 [info]  Pass
Feb 17,2015 22:05:09 [info]  Open Add resident form via deep link
Feb 17,2015 22:05:11 [info]  Pass
Feb 17,2015 22:05:11 [info]  Open Add resident form via deep link
Feb 17,2015 22:05:17 [info]  Pass
Feb 17,2015 22:05:17 [info]  Verify home page title
Feb 17,2015 22:05:22 [info]  Pass
Feb 17,2015 22:05:22 [info]  Open Add resident form via deep link
Feb 17,2015 22:05:23 [info]  Pass
Feb 17,2015 22:05:23 [info]  Enter Resident First Name
Feb 17,2015 22:05:25 [info]  Pass
Feb 17,2015 22:05:25 [info]  Enter Resident First Name
Feb 17,2015 22:05:26 [info]  Pass
Feb 17,2015 22:05:26 [info]  Enter Middle name
Feb 17,2015 22:05:29 [info]  Pass
Feb 17,2015 22:05:29 [info]  Enter Middle name
Feb 17,2015 22:05:29 [info]  Pass
Feb 17,2015 22:05:29 [info]  Enter last name
Feb 17,2015 22:05:32 [info]  Pass
Feb 17,2015 22:05:32 [info]  Enter last name
Feb 17,2015 22:05:33 [info]  Pass
Feb 17,2015 22:05:33 [info]  Open 'Calender'
Feb 17,2015 22:05:34 [info]  Pass
Feb 17,2015 22:05:35 [info]  Pass
Feb 17,2015 22:05:35 [info]  Open 'Calender'
Feb 17,2015 22:05:37 [info]  Pass
Feb 17,2015 22:05:37 [info]  Enter Resident First Name
Feb 17,2015 22:05:37 [info]  Pass
Feb 17,2015 22:05:39 [info]  Select Year
Feb 17,2015 22:05:40 [info]  Pass
Feb 17,2015 22:05:40 [info]  Enter Middle name
Feb 17,2015 22:05:42 [info]  Select Year
Feb 17,2015 22:05:44 [info]  Pass
Feb 17,2015 22:05:44 [info]  Enter last name
Feb 17,2015 22:05:44 [info]  Feb 17,2015 22:05:44 [info]  <<<<<<<<<<<<<<<<<<<<<<<<<<<<<<<<<< Error message >>>>>>>>>>>>>>>>>>>>>>>>>>>>>>
java.lang.AssertionError: Element Locator ://*[@class='ui-datepicker-year'] Not found expected [true] but found [false]
	at org.testng.Assert.fail(Assert.java:94)
	at org.testng.Assert.failNotEquals(Assert.java:494)
	at org.testng.Assert.assertTrue(Assert.java:42)
	at com.iCM.util.DriverHelper.selectDropDown(DriverHelper.java:276)
	at com.iCM.pagehelper.ResidentHelper.selectYear(ResidentHelper.java:49)
	at com.iCM.scripts.AdministrationSchedule.testAdministrationSchedule(AdministrationSchedule.java:91)
	at sun.reflect.NativeMethodAccessorImpl.invoke0(Native Method)
	at sun.reflect.NativeMethodAccessorImpl.invoke(Unknown Source)
	at sun.reflect.DelegatingMethodAccessorImpl.invoke(Unknown Source)
	at java.lang.reflect.Method.invoke(Unknown Source)
	at org.testng.internal.MethodInvocationHelper.invokeMethod(MethodInvocationHelper.java:84)
	at org.testng.internal.Invoker.invokeMethod(Invoker.java:714)
	at org.testng.internal.Invoker.invokeTestMethod(Invoker.java:901)
	at org.testng.internal.Invoker.invokeTestMethods(Invoker.java:1231)
	at org.testng.internal.TestMethodWorker.invokeTestMethods(TestMethodWorker.java:127)
	at org.testng.internal.TestMethodWorker.run(TestMethodWorker.java:111)
	at org.testng.TestRunner.privateRun(TestRunner.java:767)
	at org.testng.TestRunner.run(TestRunner.java:617)
	at org.testng.SuiteRunner.runTest(SuiteRunner.java:334)
	at org.testng.SuiteRunner.runSequentially(SuiteRunner.java:329)
	at org.testng.SuiteRunner.privateRun(SuiteRunner.java:291)
	at org.testng.SuiteRunner.run(SuiteRunner.java:240)
	at org.testng.SuiteRunnerWorker.runSuite(SuiteRunnerWorker.java:52)
	at org.testng.SuiteRunnerWorker.run(SuiteRunnerWorker.java:86)
	at org.testng.TestNG.runSuitesSequentially(TestNG.java:1224)
	at org.testng.TestNG.runSuitesLocally(TestNG.java:1149)
	at org.testng.TestNG.run(TestNG.java:1057)
	at org.testng.remote.RemoteTestNG.run(RemoteTestNG.java:111)
	at org.testng.remote.RemoteTestNG.initAndRun(RemoteTestNG.java:204)
	at org.testng.remote.RemoteTestNG.main(RemoteTestNG.java:175)
Feb 17,2015 22:05:44 [info]  End Execution of Test Class com.iCM.scripts.AdministrationSchedule
*****************************************************************************
Feb 17,2015 22:05:47 [info]  Feb 17,2015 22:05:47 [info]  <<<<<<<<<<<<<<<<<<<<<<<<<<<<<<<<<< Error message >>>>>>>>>>>>>>>>>>>>>>>>>>>>>>
java.lang.AssertionError: Element Locator ://*[@class='ui-datepicker-year'] Not found expected [true] but found [false]
	at org.testng.Assert.fail(Assert.java:94)
	at org.testng.Assert.failNotEquals(Assert.java:494)
	at org.testng.Assert.assertTrue(Assert.java:42)
	at com.iCM.util.DriverHelper.selectDropDown(DriverHelper.java:276)
	at com.iCM.pagehelper.ResidentHelper.selectYear(ResidentHelper.java:49)
	at com.iCM.scripts.AdministrationSchedule.testAdministrationSchedule(AdministrationSchedule.java:91)
	at sun.reflect.NativeMethodAccessorImpl.invoke0(Native Method)
	at sun.reflect.NativeMethodAccessorImpl.invoke(Unknown Source)
	at sun.reflect.DelegatingMethodAccessorImpl.invoke(Unknown Source)
	at java.lang.reflect.Method.invoke(Unknown Source)
	at org.testng.internal.MethodInvocationHelper.invokeMethod(MethodInvocationHelper.java:84)
	at org.testng.internal.Invoker.invokeMethod(Invoker.java:714)
	at org.testng.internal.Invoker.invokeTestMethod(Invoker.java:901)
	at org.testng.internal.Invoker.invokeTestMethods(Invoker.java:1231)
	at org.testng.internal.TestMethodWorker.invokeTestMethods(TestMethodWorker.java:127)
	at org.testng.internal.TestMethodWorker.run(TestMethodWorker.java:111)
	at org.testng.TestRunner.privateRun(TestRunner.java:767)
	at org.testng.TestRunner.run(TestRunner.java:617)
	at org.testng.SuiteRunner.runTest(SuiteRunner.java:334)
	at org.testng.SuiteRunner.runSequentially(SuiteRunner.java:329)
	at org.testng.SuiteRunner.privateRun(SuiteRunner.java:291)
	at org.testng.SuiteRunner.run(SuiteRunner.java:240)
	at org.testng.SuiteRunnerWorker.runSuite(SuiteRunnerWorker.java:52)
	at org.testng.SuiteRunnerWorker.run(SuiteRunnerWorker.java:86)
	at org.testng.TestNG.runSuitesSequentially(TestNG.java:1224)
	at org.testng.TestNG.runSuitesLocally(TestNG.java:1149)
	at org.testng.TestNG.run(TestNG.java:1057)
	at org.testng.remote.RemoteTestNG.run(RemoteTestNG.java:111)
	at org.testng.remote.RemoteTestNG.initAndRun(RemoteTestNG.java:204)
	at org.testng.remote.RemoteTestNG.main(RemoteTestNG.java:175)
Feb 17,2015 22:05:47 [info]  End Execution of Test Class com.iCM.scripts.AdministrationSchedule
*****************************************************************************
Feb 17,2015 22:05:47 [info]  Pass
Feb 17,2015 22:05:47 [info]  Open 'Calender'
Feb 17,2015 22:05:49 [info]  Pass
Feb 17,2015 22:05:54 [info]  Select Year
Feb 17,2015 22:06:00 [info]  Pass
Feb 17,2015 22:06:03 [info]  Select date
Feb 17,2015 22:06:06 [info]  Pass
Feb 17,2015 22:06:06 [info]  Select gender
Feb 17,2015 22:06:08 [info]  Pass
Feb 17,2015 22:06:08 [info]  Select Marital Status
Feb 17,2015 22:06:09 [info]  Pass
Feb 17,2015 22:06:09 [info]  Open 'Calender' for admit date
Feb 17,2015 22:06:11 [info]  Pass
Feb 17,2015 22:06:14 [info]  Select Year
Feb 17,2015 22:06:20 [info]  Pass
Feb 17,2015 22:06:20 [info]  Select Month
Feb 17,2015 22:06:21 [info]  Pass
Feb 17,2015 22:06:21 [info]  Select date
Feb 17,2015 22:06:24 [info]  Pass
Feb 17,2015 22:06:24 [info]  Select Facality
Feb 17,2015 22:06:26 [info]  Pass
Feb 17,2015 22:06:29 [info]  Select Nurse
Feb 17,2015 22:06:30 [info]  Pass
Feb 17,2015 22:06:30 [info]  Enter level of care
Feb 17,2015 22:06:34 [info]  Pass
Feb 17,2015 22:06:34 [info]  Click on 'Save' button
Feb 17,2015 22:06:37 [info]  Pass
Feb 17,2015 22:06:37 [info]  Search Added resident
Feb 17,2015 22:06:41 [info]  Pass
Feb 17,2015 22:06:41 [info]  Verify added resident
Feb 17,2015 22:06:44 [info]  Pass
Feb 17,2015 22:06:44 [info]  Open resident Profile
Feb 17,2015 22:06:48 [info]  Pass
Feb 17,2015 22:06:51 [info]  Click on Medication button
Feb 17,2015 22:06:55 [info]  Pass
Feb 17,2015 22:06:55 [info]  Click on Add Medication button
Feb 17,2015 22:07:09 [info]  Pass
Feb 17,2015 22:07:09 [info]  Enter Medicine Name
Feb 17,2015 22:07:22 [info]  Pass
Feb 17,2015 22:07:22 [info]  Enter Dosage
Feb 17,2015 22:07:25 [info]  Pass
Feb 17,2015 22:07:25 [info]  Enter instruction
Feb 17,2015 22:07:29 [info]  Pass
Feb 17,2015 22:07:29 [info]  Open 'Calender'
Feb 17,2015 22:07:33 [info]  Pass
Feb 17,2015 22:07:36 [info]  Select date
Feb 17,2015 22:07:40 [info]  Pass
Feb 17,2015 22:07:40 [info]  Select time
Feb 17,2015 22:07:41 [info]  Pass
Feb 17,2015 22:07:41 [info]  Select AM/PM
Feb 17,2015 22:07:42 [info]  Pass
Feb 17,2015 22:07:42 [info]  Click on Add Schedule button
Feb 17,2015 22:07:46 [info]  Pass
Feb 17,2015 22:07:46 [info]  Verify Added Schedule
Feb 17,2015 22:07:46 [info]  Pass
Feb 17,2015 22:07:46 [info]  Click on Save button
Feb 17,2015 22:08:04 [info]  Pass
Feb 17,2015 22:08:04 [info]  Verify Title
Feb 17,2015 22:08:09 [info]  Pass
Feb 17,2015 22:08:19 [info]  Open Medication page
Feb 17,2015 22:08:31 [info]  Pass
Feb 17,2015 22:08:31 [info]  Click on EMR Tab
Feb 17,2015 22:08:35 [info]  Pass
Feb 17,2015 22:08:35 [info]  Click on All Meds Tab
Feb 17,2015 22:08:56 [info]  Pass
Feb 17,2015 22:08:59 [info]  Click on Admin Button
Feb 17,2015 22:09:02 [info]  Pass
Feb 17,2015 22:09:02 [info]  Click on Reading menu
Feb 17,2015 22:09:06 [info]  Pass
Feb 17,2015 22:09:06 [info]  Enter Blood Sugar
Feb 17,2015 22:09:10 [info]  Pass
Feb 17,2015 22:09:10 [info]  Click on Admin Now Button
Feb 17,2015 22:09:13 [info]  Pass
Feb 17,2015 22:09:13 [info]  Click on Ok Button
Feb 17,2015 22:09:17 [info]  Pass
Feb 17,2015 22:09:17 [info]  Click on All Meds Tab
Feb 17,2015 22:09:20 [info]  Pass
Feb 17,2015 22:09:23 [info]  Verify Admin By
Feb 17,2015 22:09:23 [info]  Pass
Feb 17,2015 22:09:23 [info]  Deleting created Resident
Feb 17,2015 22:09:48 [info]  Pass
Feb 17,2015 22:09:48 [info]  End Execution of Test Class com.iCM.scripts.AdministrationSchedule
*****************************************************************************

*****************************************************************************
Feb 17,2015 22:10:32 [info]   Execution Started of Test Class com.iCM.scripts.AddEditMedicationSchedule and Test method testAddEditMedicationSchedule
*****************************************************************************
Feb 17,2015 22:10:32 [info]  Open application url
Feb 17,2015 22:10:47 [info]  Pass
Feb 17,2015 22:10:47 [info]  Verify Page title
Feb 17,2015 22:10:52 [info]  Pass
Feb 17,2015 22:10:52 [info]  Enter User name at login page.
Feb 17,2015 22:10:53 [info]  Pass
Feb 17,2015 22:10:53 [info]  Enter password at login page.
Feb 17,2015 22:10:54 [info]  Pass
Feb 17,2015 22:10:54 [info]  Click on Sign In button
Feb 17,2015 22:11:09 [info]  Pass
Feb 17,2015 22:11:09 [info]  Verify home page title
Feb 17,2015 22:11:14 [info]  Pass
Feb 17,2015 22:11:14 [info]  Open Add resident form via deep link
Feb 17,2015 22:11:27 [info]  Pass
Feb 17,2015 22:11:27 [info]  Enter Resident First Name
Feb 17,2015 22:11:30 [info]  Pass
Feb 17,2015 22:11:30 [info]  Enter Middle name
Feb 17,2015 22:11:34 [info]  Pass
Feb 17,2015 22:11:34 [info]  Enter last name
Feb 17,2015 22:11:37 [info]  Pass
Feb 17,2015 22:11:37 [info]  Open 'Calender'
Feb 17,2015 22:11:39 [info]  Pass
Feb 17,2015 22:11:44 [info]  Select Year
Feb 17,2015 22:11:50 [info]  Pass
Feb 17,2015 22:11:53 [info]  Select date
Feb 17,2015 22:11:57 [info]  Pass
Feb 17,2015 22:11:57 [info]  Select gender
Feb 17,2015 22:11:58 [info]  Pass
Feb 17,2015 22:11:58 [info]  Select Marital Status
Feb 17,2015 22:12:00 [info]  Pass
Feb 17,2015 22:12:00 [info]  Open 'Calender' for admit date
Feb 17,2015 22:12:02 [info]  Pass
Feb 17,2015 22:12:05 [info]  Select Year
Feb 17,2015 22:12:11 [info]  Pass
Feb 17,2015 22:12:11 [info]  Select Month
Feb 17,2015 22:12:12 [info]  Pass
Feb 17,2015 22:12:12 [info]  Select date
Feb 17,2015 22:12:16 [info]  Pass
Feb 17,2015 22:12:16 [info]  Select Facality
Feb 17,2015 22:12:18 [info]  Pass
Feb 17,2015 22:12:21 [info]  Select Nurse
Feb 17,2015 22:12:22 [info]  Pass
Feb 17,2015 22:12:22 [info]  Enter level of care
Feb 17,2015 22:12:26 [info]  Pass
Feb 17,2015 22:12:26 [info]  Click on 'Save' button
Feb 17,2015 22:12:30 [info]  Pass
Feb 17,2015 22:12:30 [info]  Search Added resident
Feb 17,2015 22:12:34 [info]  Pass
Feb 17,2015 22:12:34 [info]  Verify added resident
Feb 17,2015 22:12:38 [info]  Pass
Feb 17,2015 22:12:38 [info]  Open resident Profile
Feb 17,2015 22:12:42 [info]  Pass
Feb 17,2015 22:12:45 [info]  Click on Medication button
Feb 17,2015 22:12:48 [info]  Pass
Feb 17,2015 22:12:48 [info]  Click on Add Medication button
Feb 17,2015 22:13:03 [info]  Pass
Feb 17,2015 22:13:03 [info]  Enter Medicine Name
Feb 17,2015 22:13:15 [info]  Pass
Feb 17,2015 22:13:15 [info]  Enter Dosage
Feb 17,2015 22:13:18 [info]  Pass
Feb 17,2015 22:13:18 [info]  Enter instruction
Feb 17,2015 22:13:22 [info]  Pass
Feb 17,2015 22:13:22 [info]  Open 'Calender'
Feb 17,2015 22:13:26 [info]  Pass
Feb 17,2015 22:13:29 [info]  Select date
Feb 17,2015 22:13:33 [info]  Pass
Feb 17,2015 22:13:33 [info]  Select time
Feb 17,2015 22:13:35 [info]  Pass
Feb 17,2015 22:13:35 [info]  Select AM/PM
Feb 17,2015 22:13:35 [info]  Pass
Feb 17,2015 22:13:35 [info]  Click on Add Schedule button
Feb 17,2015 22:13:39 [info]  Pass
Feb 17,2015 22:13:39 [info]  Verify Added Schedule
Feb 17,2015 22:13:39 [info]  Pass
Feb 17,2015 22:13:39 [info]  Select time
Feb 17,2015 22:13:40 [info]  Pass
Feb 17,2015 22:13:40 [info]  Select AM/PM
Feb 17,2015 22:13:42 [info]  Pass
Feb 17,2015 22:13:42 [info]  Click on Add Schedule button
Feb 17,2015 22:13:45 [info]  Pass
Feb 17,2015 22:13:45 [info]  Verify Added Schedule
Feb 17,2015 22:13:46 [info]  Pass
Feb 17,2015 22:13:46 [info]  Select time
Feb 17,2015 22:13:47 [info]  Pass
Feb 17,2015 22:13:47 [info]  Select AM/PM
Feb 17,2015 22:13:48 [info]  Pass
Feb 17,2015 22:13:48 [info]  Click on Add Schedule button
Feb 17,2015 22:13:51 [info]  Pass
Feb 17,2015 22:13:51 [info]  Verify Added Schedule
Feb 17,2015 22:13:52 [info]  Pass
Feb 17,2015 22:13:52 [info]  Click on Save button
Feb 17,2015 22:14:10 [info]  Pass
Feb 17,2015 22:14:25 [info]  Open Medication page
Feb 17,2015 22:14:37 [info]  Pass
Feb 17,2015 22:14:38 [info]  Click on EMR Tab
Feb 17,2015 22:14:41 [info]  Pass
Feb 17,2015 22:14:41 [info]  Click on 'Morning' tab
Feb 17,2015 22:15:07 [info]  Pass
Feb 17,2015 22:15:07 [info]  Click on 'Expend' button
Feb 17,2015 22:15:10 [info]  Pass
Feb 17,2015 22:15:10 [info]  Verify Added Schedule
Feb 17,2015 22:15:11 [info]  Pass
Feb 17,2015 22:15:11 [info]  Click on Expend button
Feb 17,2015 22:15:15 [info]  Pass
Feb 17,2015 22:15:15 [info]  Verify Starting Blackout
Feb 17,2015 22:15:20 [info]  Pass
Feb 17,2015 22:15:20 [info]  Click on 'Noon' tab
Feb 17,2015 22:15:24 [info]  Pass
Feb 17,2015 22:15:24 [info]  Verify Added Schedule
Feb 17,2015 22:15:26 [info]  Pass
Feb 17,2015 22:15:26 [info]  Click on Expend button
Feb 17,2015 22:15:30 [info]  Pass
Feb 17,2015 22:15:30 [info]  Verify Starting Blackout
Feb 17,2015 22:15:36 [info]  Pass
Feb 17,2015 22:15:36 [info]  Click on 'Evening' tab
Feb 17,2015 22:15:39 [info]  Pass
Feb 17,2015 22:15:39 [info]  Verify Added Schedule
Feb 17,2015 22:15:42 [info]  Pass
Feb 17,2015 22:15:42 [info]  Click on Expend button
Feb 17,2015 22:15:45 [info]  Pass
Feb 17,2015 22:15:45 [info]  Verify Starting Blackout
Feb 17,2015 22:15:51 [info]  Pass
Feb 17,2015 22:15:51 [info]  Open Medication page
Feb 17,2015 22:16:04 [info]  Pass
Feb 17,2015 22:16:04 [info]  Click on View button
Feb 17,2015 22:16:08 [info]  Pass
Feb 17,2015 22:16:08 [info]  Click on Edit button
Feb 17,2015 22:16:21 [info]  Pass
Feb 17,2015 22:16:26 [info]  Remove scheduled time
Feb 17,2015 22:16:33 [info]  Pass
Feb 17,2015 22:16:33 [info]  Uncheck Sunday
Feb 17,2015 22:16:34 [info]  Pass
Feb 17,2015 22:16:34 [info]  Uncheck Wednesday
Feb 17,2015 22:16:35 [info]  Pass
Feb 17,2015 22:16:35 [info]  Click on 'Scheduled Calender'
Feb 17,2015 22:16:39 [info]  Pass
Feb 17,2015 22:16:44 [info]  Select Date'
Feb 17,2015 22:16:51 [info]  Pass
Feb 17,2015 22:16:51 [info]  Select time
Feb 17,2015 22:16:53 [info]  Pass
Feb 17,2015 22:16:53 [info]  Select AM/PM
Feb 17,2015 22:16:54 [info]  Pass
Feb 17,2015 22:16:54 [info]  Click on Add Schedule button
Feb 17,2015 22:16:57 [info]  Pass
Feb 17,2015 22:16:57 [info]  Select time
Feb 17,2015 22:16:59 [info]  Pass
Feb 17,2015 22:16:59 [info]  Select AM/PM
Feb 17,2015 22:17:00 [info]  Pass
Feb 17,2015 22:17:00 [info]  Click on Add Schedule button
Feb 17,2015 22:17:04 [info]  Pass
Feb 17,2015 22:17:04 [info]  Select time
Feb 17,2015 22:17:05 [info]  Pass
Feb 17,2015 22:17:05 [info]  Select AM/PM
Feb 17,2015 22:17:06 [info]  Pass
Feb 17,2015 22:17:06 [info]  Click on Add Schedule button
Feb 17,2015 22:17:10 [info]  Pass
Feb 17,2015 22:17:10 [info]  Click on Save button
Feb 17,2015 22:17:26 [info]  Pass
Feb 17,2015 22:17:26 [info]  Open Medication page
Feb 17,2015 22:17:37 [info]  Pass
Feb 17,2015 22:17:37 [info]  Click on EMR Tab
Feb 17,2015 22:17:41 [info]  Pass
Feb 17,2015 22:17:41 [info]  Click on 'Morning' tab
Feb 17,2015 22:17:56 [info]  Pass
Feb 17,2015 22:17:56 [info]  Verify Added Schedule
Feb 17,2015 22:17:56 [info]  Pass
Feb 17,2015 22:17:56 [info]  Click on Expend button
Feb 17,2015 22:18:00 [info]  Pass
Feb 17,2015 22:18:00 [info]  Verify New Scheduled Blackout
Feb 17,2015 22:18:02 [info]  Feb 17,2015 22:18:02 [info]  <<<<<<<<<<<<<<<<<<<<<<<<<<<<<<<<<< Error message >>>>>>>>>>>>>>>>>>>>>>>>>>>>>>
java.lang.AssertionError: expected [true] but found [false]
	at org.testng.Assert.fail(Assert.java:94)
	at org.testng.Assert.failNotEquals(Assert.java:494)
	at org.testng.Assert.assertTrue(Assert.java:42)
	at org.testng.Assert.assertTrue(Assert.java:52)
	at com.iCM.pagehelper.EChartHelper.verifyBlackBlocks(EChartHelper.java:176)
	at com.iCM.scripts.AddEditMedicationSchedule.testAddEditMedicationSchedule(AddEditMedicationSchedule.java:485)
	at sun.reflect.NativeMethodAccessorImpl.invoke0(Native Method)
	at sun.reflect.NativeMethodAccessorImpl.invoke(Unknown Source)
	at sun.reflect.DelegatingMethodAccessorImpl.invoke(Unknown Source)
	at java.lang.reflect.Method.invoke(Unknown Source)
	at org.testng.internal.MethodInvocationHelper.invokeMethod(MethodInvocationHelper.java:84)
	at org.testng.internal.Invoker.invokeMethod(Invoker.java:714)
	at org.testng.internal.Invoker.invokeTestMethod(Invoker.java:901)
	at org.testng.internal.Invoker.invokeTestMethods(Invoker.java:1231)
	at org.testng.internal.TestMethodWorker.invokeTestMethods(TestMethodWorker.java:127)
	at org.testng.internal.TestMethodWorker.run(TestMethodWorker.java:111)
	at org.testng.TestRunner.privateRun(TestRunner.java:767)
	at org.testng.TestRunner.run(TestRunner.java:617)
	at org.testng.SuiteRunner.runTest(SuiteRunner.java:334)
	at org.testng.SuiteRunner.runSequentially(SuiteRunner.java:329)
	at org.testng.SuiteRunner.privateRun(SuiteRunner.java:291)
	at org.testng.SuiteRunner.run(SuiteRunner.java:240)
	at org.testng.SuiteRunnerWorker.runSuite(SuiteRunnerWorker.java:52)
	at org.testng.SuiteRunnerWorker.run(SuiteRunnerWorker.java:86)
	at org.testng.TestNG.runSuitesSequentially(TestNG.java:1224)
	at org.testng.TestNG.runSuitesLocally(TestNG.java:1149)
	at org.testng.TestNG.run(TestNG.java:1057)
	at org.testng.remote.RemoteTestNG.run(RemoteTestNG.java:111)
	at org.testng.remote.RemoteTestNG.initAndRun(RemoteTestNG.java:204)
	at org.testng.remote.RemoteTestNG.main(RemoteTestNG.java:175)
Feb 17,2015 22:18:02 [info]  End Execution of Test Class com.iCM.scripts.AddEditMedicationSchedule
*****************************************************************************
