
*****************************************************************************
Mar 02,2015 11:54:24 [info]   Execution Started of Test Class com.iCM.scripts.EMRAdminLate and Test method testEMRAdminLate
*****************************************************************************
Mar 02,2015 11:54:24 [info]  Open application url
Mar 02,2015 11:54:38 [info]  Pass
Mar 02,2015 11:54:38 [info]  Verify Page title
Mar 02,2015 11:54:43 [info]  Pass
Mar 02,2015 11:54:43 [info]  Enter User name at login page.
Mar 02,2015 11:54:44 [info]  Pass
Mar 02,2015 11:54:44 [info]  Enter password at login page.
Mar 02,2015 11:54:45 [info]  Pass
Mar 02,2015 11:54:45 [info]  Click on Sign In button
Mar 02,2015 11:55:02 [info]  Pass
Mar 02,2015 11:55:02 [info]  Verify home page title
Mar 02,2015 11:55:07 [info]  Pass
Mar 02,2015 11:55:29 [info]  Click on All Meds Tab
Mar 02,2015 11:55:32 [info]  Pass
Mar 02,2015 11:55:35 [info]  Click on Admin Button dropdown
Mar 02,2015 11:56:27 [info]  Mar 02,2015 11:56:27 [info]  <<<<<<<<<<<<<<<<<<<<<<<<<<<<<<<<<< Error message >>>>>>>>>>>>>>>>>>>>>>>>>>>>>>
java.lang.AssertionError: Element Locator ://td[@class='All']/div/div/div[2]/div/button[2] Not found expected [true] but found [false]
	at org.testng.Assert.fail(Assert.java:94)
	at org.testng.Assert.failNotEquals(Assert.java:494)
	at org.testng.Assert.assertTrue(Assert.java:42)
	at com.iCM.util.DriverHelper.clickOn(DriverHelper.java:251)
	at com.iCM.pagehelper.EMRHelper.click(EMRHelper.java:34)
	at com.iCM.scripts.EMRAdminLate.testEMRAdminLate(EMRAdminLate.java:280)
	at sun.reflect.NativeMethodAccessorImpl.invoke0(Native Method)
	at sun.reflect.NativeMethodAccessorImpl.invoke(Unknown Source)
	at sun.reflect.DelegatingMethodAccessorImpl.invoke(Unknown Source)
	at java.lang.reflect.Method.invoke(Unknown Source)
	at org.testng.internal.MethodInvocationHelper.invokeMethod(MethodInvocationHelper.java:84)
	at org.testng.internal.Invoker.invokeMethod(Invoker.java:714)
	at org.testng.internal.Invoker.invokeTestMethod(Invoker.java:901)
	at org.testng.internal.Invoker.invokeTestMethods(Invoker.java:1231)
	at org.testng.internal.TestMethodWorker.invokeTestMethods(TestMethodWorker.java:127)
	at org.testng.internal.TestMethodWorker.run(TestMethodWorker.java:111)
	at org.testng.TestRunner.privateRun(TestRunner.java:767)
	at org.testng.TestRunner.run(TestRunner.java:617)
	at org.testng.SuiteRunner.runTest(SuiteRunner.java:334)
	at org.testng.SuiteRunner.runSequentially(SuiteRunner.java:329)
	at org.testng.SuiteRunner.privateRun(SuiteRunner.java:291)
	at org.testng.SuiteRunner.run(SuiteRunner.java:240)
	at org.testng.SuiteRunnerWorker.runSuite(SuiteRunnerWorker.java:52)
	at org.testng.SuiteRunnerWorker.run(SuiteRunnerWorker.java:86)
	at org.testng.TestNG.runSuitesSequentially(TestNG.java:1224)
	at org.testng.TestNG.runSuitesLocally(TestNG.java:1149)
	at org.testng.TestNG.run(TestNG.java:1057)
	at org.testng.remote.RemoteTestNG.run(RemoteTestNG.java:111)
	at org.testng.remote.RemoteTestNG.initAndRun(RemoteTestNG.java:204)
	at org.testng.remote.RemoteTestNG.main(RemoteTestNG.java:175)
Mar 02,2015 11:56:27 [info]  End Execution of Test Class com.iCM.scripts.EMRAdminLate
*****************************************************************************

*****************************************************************************
Mar 02,2015 12:04:52 [info]   Execution Started of Test Class com.iCM.scripts.EChartAddMedication and Test method testEChartAddMedication
*****************************************************************************
Mar 02,2015 12:04:52 [info]  Open application url
Mar 02,2015 12:05:07 [info]  Pass
Mar 02,2015 12:05:07 [info]  Verify Page title
Mar 02,2015 12:05:12 [info]  Pass
Mar 02,2015 12:05:12 [info]  Enter User name at login page.
Mar 02,2015 12:05:13 [info]  Pass
Mar 02,2015 12:05:13 [info]  Enter password at login page.
Mar 02,2015 12:05:14 [info]  Pass
Mar 02,2015 12:05:14 [info]  Click on Sign In button
Mar 02,2015 12:05:31 [info]  Pass
Mar 02,2015 12:05:31 [info]  Verify home page title
Mar 02,2015 12:05:36 [info]  Pass
Mar 02,2015 12:05:36 [info]  Open resident list via deep link
Mar 02,2015 12:05:49 [info]  Pass
Mar 02,2015 12:05:49 [info]  Open resident Profile
Mar 02,2015 12:05:53 [info]  Pass
Mar 02,2015 12:05:53 [info]  Verify 'EChart' Page title
Mar 02,2015 12:05:58 [info]  Pass
Mar 02,2015 12:05:58 [info]  Click on Medication button
Mar 02,2015 12:06:01 [info]  Pass
Mar 02,2015 12:06:01 [info]  Click on Add Medication button
Mar 02,2015 12:06:16 [info]  Pass
Mar 02,2015 12:06:16 [info]  Enter Medicine Name
Mar 02,2015 12:06:29 [info]  Pass
Mar 02,2015 12:06:29 [info]  Enter Dosage
Mar 02,2015 12:06:32 [info]  Pass
Mar 02,2015 12:06:32 [info]  Enter instruction
Mar 02,2015 12:06:35 [info]  Pass
Mar 02,2015 12:06:35 [info]  Open 'Calender'
Mar 02,2015 12:06:40 [info]  Pass
Mar 02,2015 12:06:40 [info]  Select date
Mar 02,2015 12:06:46 [info]  Pass
Mar 02,2015 12:06:46 [info]  Click on Cancel button
Mar 02,2015 12:06:49 [info]  Pass
Mar 02,2015 12:06:49 [info]  Verify 'Medication' Page title
Mar 02,2015 12:07:03 [info]  Pass
Mar 02,2015 12:07:03 [info]  Click on Add Medication button
Mar 02,2015 12:07:07 [info]  Pass
Mar 02,2015 12:07:07 [info]  Enter Medicine Name
Mar 02,2015 12:07:21 [info]  Pass
Mar 02,2015 12:07:21 [info]  Enter Dosage
Mar 02,2015 12:07:25 [info]  Pass
Mar 02,2015 12:07:25 [info]  Enter instruction
Mar 02,2015 12:07:28 [info]  Pass
Mar 02,2015 12:07:28 [info]  Open 'Calender'
Mar 02,2015 12:07:32 [info]  Pass
Mar 02,2015 12:07:32 [info]  Select date
Mar 02,2015 12:07:38 [info]  Pass
Mar 02,2015 12:07:38 [info]  Click on Add Schedule button
Mar 02,2015 12:07:42 [info]  Pass
Mar 02,2015 12:07:42 [info]  Click on Save button
Mar 02,2015 12:08:01 [info]  Pass
Mar 02,2015 12:08:01 [info]  Verify 'View Medication' Page title
Mar 02,2015 12:08:06 [info]  Pass
Mar 02,2015 12:08:06 [info]  Verify added medicine
Mar 02,2015 12:08:07 [info]  Pass
Mar 02,2015 12:08:07 [info]  End Execution of Test Class com.iCM.scripts.EChartAddMedication
*****************************************************************************

*****************************************************************************
Mar 02,2015 12:11:07 [info]   Execution Started of Test Class com.iCM.scripts.AddMedicationEvery4thDay and Test method testAddMedicationEvery4thDay
*****************************************************************************
Mar 02,2015 12:11:07 [info]  Open application url
Mar 02,2015 12:11:22 [info]  Pass
Mar 02,2015 12:11:22 [info]  Verify Page title
Mar 02,2015 12:11:27 [info]  Pass
Mar 02,2015 12:11:27 [info]  Enter User name at login page.
Mar 02,2015 12:11:28 [info]  Pass
Mar 02,2015 12:11:28 [info]  Enter password at login page.
Mar 02,2015 12:11:29 [info]  Pass
Mar 02,2015 12:11:29 [info]  Click on Sign In button
Mar 02,2015 12:11:45 [info]  Pass
Mar 02,2015 12:11:45 [info]  Verify home page title
Mar 02,2015 12:11:51 [info]  Pass
Mar 02,2015 12:11:51 [info]  Open Add resident form via deep link
Mar 02,2015 12:12:03 [info]  Pass
Mar 02,2015 12:12:03 [info]  Enter Resident First Name
Mar 02,2015 12:12:07 [info]  Pass
Mar 02,2015 12:12:07 [info]  Enter Middle name
Mar 02,2015 12:12:10 [info]  Pass
Mar 02,2015 12:12:10 [info]  Enter last name
Mar 02,2015 12:12:13 [info]  Pass
Mar 02,2015 12:12:13 [info]  Open 'Calender'
Mar 02,2015 12:12:15 [info]  Pass
Mar 02,2015 12:12:20 [info]  Select Year
Mar 02,2015 12:12:26 [info]  Pass
Mar 02,2015 12:12:29 [info]  Select date
Mar 02,2015 12:12:30 [info]  Pass
Mar 02,2015 12:12:30 [info]  Select gender
Mar 02,2015 12:12:32 [info]  Pass
Mar 02,2015 12:12:32 [info]  Select Marital Status
Mar 02,2015 12:12:33 [info]  Pass
Mar 02,2015 12:12:33 [info]  Open 'Calender' for admit date
Mar 02,2015 12:12:35 [info]  Pass
Mar 02,2015 12:12:38 [info]  Select Year
Mar 02,2015 12:12:44 [info]  Pass
Mar 02,2015 12:12:44 [info]  Select Month
Mar 02,2015 12:12:45 [info]  Pass
Mar 02,2015 12:12:45 [info]  Select date
Mar 02,2015 12:12:47 [info]  Pass
Mar 02,2015 12:12:47 [info]  Select Facality
Mar 02,2015 12:12:48 [info]  Pass
Mar 02,2015 12:12:51 [info]  Select Nurse
Mar 02,2015 12:12:52 [info]  Pass
Mar 02,2015 12:12:52 [info]  Enter level of care
Mar 02,2015 12:12:56 [info]  Pass
Mar 02,2015 12:12:56 [info]  Click on 'Save' button
Mar 02,2015 12:13:00 [info]  Pass
Mar 02,2015 12:13:00 [info]  Search Added resident
Mar 02,2015 12:13:34 [info]  Mar 02,2015 12:13:34 [info]  <<<<<<<<<<<<<<<<<<<<<<<<<<<<<<<<<< Error message >>>>>>>>>>>>>>>>>>>>>>>>>>>>>>
java.lang.AssertionError: Element Locator ://*[@id='DataTables_Table_0_filter']/label/input Not found expected [true] but found [false]
	at org.testng.Assert.fail(Assert.java:94)
	at org.testng.Assert.failNotEquals(Assert.java:494)
	at org.testng.Assert.assertTrue(Assert.java:42)
	at com.iCM.util.DriverHelper.sendKeys(DriverHelper.java:260)
	at com.iCM.pagehelper.ResidentHelper.type(ResidentHelper.java:27)
	at com.iCM.scripts.AddMedicationEvery4thDay.testAddMedicationEvery4thDay(AddMedicationEvery4thDay.java:160)
	at sun.reflect.NativeMethodAccessorImpl.invoke0(Native Method)
	at sun.reflect.NativeMethodAccessorImpl.invoke(Unknown Source)
	at sun.reflect.DelegatingMethodAccessorImpl.invoke(Unknown Source)
	at java.lang.reflect.Method.invoke(Unknown Source)
	at org.testng.internal.MethodInvocationHelper.invokeMethod(MethodInvocationHelper.java:84)
	at org.testng.internal.Invoker.invokeMethod(Invoker.java:714)
	at org.testng.internal.Invoker.invokeTestMethod(Invoker.java:901)
	at org.testng.internal.Invoker.invokeTestMethods(Invoker.java:1231)
	at org.testng.internal.TestMethodWorker.invokeTestMethods(TestMethodWorker.java:127)
	at org.testng.internal.TestMethodWorker.run(TestMethodWorker.java:111)
	at org.testng.TestRunner.privateRun(TestRunner.java:767)
	at org.testng.TestRunner.run(TestRunner.java:617)
	at org.testng.SuiteRunner.runTest(SuiteRunner.java:334)
	at org.testng.SuiteRunner.runSequentially(SuiteRunner.java:329)
	at org.testng.SuiteRunner.privateRun(SuiteRunner.java:291)
	at org.testng.SuiteRunner.run(SuiteRunner.java:240)
	at org.testng.SuiteRunnerWorker.runSuite(SuiteRunnerWorker.java:52)
	at org.testng.SuiteRunnerWorker.run(SuiteRunnerWorker.java:86)
	at org.testng.TestNG.runSuitesSequentially(TestNG.java:1224)
	at org.testng.TestNG.runSuitesLocally(TestNG.java:1149)
	at org.testng.TestNG.run(TestNG.java:1057)
	at org.testng.remote.RemoteTestNG.run(RemoteTestNG.java:111)
	at org.testng.remote.RemoteTestNG.initAndRun(RemoteTestNG.java:204)
	at org.testng.remote.RemoteTestNG.main(RemoteTestNG.java:175)
Mar 02,2015 12:13:34 [info]  End Execution of Test Class com.iCM.scripts.AddMedicationEvery4thDay
*****************************************************************************

*****************************************************************************
Mar 02,2015 12:17:57 [info]   Execution Started of Test Class com.iCM.scripts.AddMedicationEvery3rdDay and Test method testAddMedicationEvery3rdDay
*****************************************************************************
Mar 02,2015 12:17:57 [info]  Open application url
Mar 02,2015 12:18:14 [info]  Pass
Mar 02,2015 12:18:14 [info]  Verify Page title
Mar 02,2015 12:18:19 [info]  Pass
Mar 02,2015 12:18:19 [info]  Enter User name at login page.
Mar 02,2015 12:18:20 [info]  Pass
Mar 02,2015 12:18:20 [info]  Enter password at login page.
Mar 02,2015 12:18:20 [info]  Pass
Mar 02,2015 12:18:21 [info]  Click on Sign In button
Mar 02,2015 12:18:42 [info]  Pass
Mar 02,2015 12:18:42 [info]  Verify home page title
Mar 02,2015 12:18:47 [info]  Pass
Mar 02,2015 12:18:47 [info]  Open Add resident form via deep link
Mar 02,2015 12:18:57 [info]  Pass
Mar 02,2015 12:18:57 [info]  Enter Resident First Name
Mar 02,2015 12:19:02 [info]  Pass
Mar 02,2015 12:19:02 [info]  Enter Middle name
Mar 02,2015 12:19:05 [info]  Pass
Mar 02,2015 12:19:05 [info]  Enter last name
Mar 02,2015 12:19:09 [info]  Pass
Mar 02,2015 12:19:09 [info]  Open 'Calender'
Mar 02,2015 12:19:10 [info]  Pass
Mar 02,2015 12:19:15 [info]  Select Year
Mar 02,2015 12:19:21 [info]  Pass
Mar 02,2015 12:19:24 [info]  Select date
Mar 02,2015 12:19:26 [info]  Pass
Mar 02,2015 12:19:26 [info]  Select gender
Mar 02,2015 12:19:27 [info]  Pass
Mar 02,2015 12:19:27 [info]  Select Marital Status
Mar 02,2015 12:19:28 [info]  Pass
Mar 02,2015 12:19:28 [info]  Open 'Calender' for admit date
Mar 02,2015 12:19:30 [info]  Pass
Mar 02,2015 12:19:33 [info]  Select Year
Mar 02,2015 12:19:39 [info]  Pass
Mar 02,2015 12:19:39 [info]  Select Month
Mar 02,2015 12:19:40 [info]  Pass
Mar 02,2015 12:19:40 [info]  Select date
Mar 02,2015 12:19:42 [info]  Pass
Mar 02,2015 12:19:42 [info]  Select Facality
Mar 02,2015 12:19:43 [info]  Pass
Mar 02,2015 12:19:46 [info]  Select Nurse
Mar 02,2015 12:19:48 [info]  Pass
Mar 02,2015 12:19:48 [info]  Enter level of care
Mar 02,2015 12:19:51 [info]  Pass
Mar 02,2015 12:19:51 [info]  Click on 'Save' button
Mar 02,2015 12:19:55 [info]  Pass
Mar 02,2015 12:19:55 [info]  Search Added resident
Mar 02,2015 12:20:29 [info]  Mar 02,2015 12:20:29 [info]  <<<<<<<<<<<<<<<<<<<<<<<<<<<<<<<<<< Error message >>>>>>>>>>>>>>>>>>>>>>>>>>>>>>
java.lang.AssertionError: Element Locator ://*[@id='DataTables_Table_0_filter']/label/input Not found expected [true] but found [false]
	at org.testng.Assert.fail(Assert.java:94)
	at org.testng.Assert.failNotEquals(Assert.java:494)
	at org.testng.Assert.assertTrue(Assert.java:42)
	at com.iCM.util.DriverHelper.sendKeys(DriverHelper.java:260)
	at com.iCM.pagehelper.ResidentHelper.type(ResidentHelper.java:27)
	at com.iCM.scripts.AddMedicationEvery3rdDay.testAddMedicationEvery3rdDay(AddMedicationEvery3rdDay.java:160)
	at sun.reflect.NativeMethodAccessorImpl.invoke0(Native Method)
	at sun.reflect.NativeMethodAccessorImpl.invoke(Unknown Source)
	at sun.reflect.DelegatingMethodAccessorImpl.invoke(Unknown Source)
	at java.lang.reflect.Method.invoke(Unknown Source)
	at org.testng.internal.MethodInvocationHelper.invokeMethod(MethodInvocationHelper.java:84)
	at org.testng.internal.Invoker.invokeMethod(Invoker.java:714)
	at org.testng.internal.Invoker.invokeTestMethod(Invoker.java:901)
	at org.testng.internal.Invoker.invokeTestMethods(Invoker.java:1231)
	at org.testng.internal.TestMethodWorker.invokeTestMethods(TestMethodWorker.java:127)
	at org.testng.internal.TestMethodWorker.run(TestMethodWorker.java:111)
	at org.testng.TestRunner.privateRun(TestRunner.java:767)
	at org.testng.TestRunner.run(TestRunner.java:617)
	at org.testng.SuiteRunner.runTest(SuiteRunner.java:334)
	at org.testng.SuiteRunner.runSequentially(SuiteRunner.java:329)
	at org.testng.SuiteRunner.privateRun(SuiteRunner.java:291)
	at org.testng.SuiteRunner.run(SuiteRunner.java:240)
	at org.testng.SuiteRunnerWorker.runSuite(SuiteRunnerWorker.java:52)
	at org.testng.SuiteRunnerWorker.run(SuiteRunnerWorker.java:86)
	at org.testng.TestNG.runSuitesSequentially(TestNG.java:1224)
	at org.testng.TestNG.runSuitesLocally(TestNG.java:1149)
	at org.testng.TestNG.run(TestNG.java:1057)
	at org.testng.remote.RemoteTestNG.run(RemoteTestNG.java:111)
	at org.testng.remote.RemoteTestNG.initAndRun(RemoteTestNG.java:204)
	at org.testng.remote.RemoteTestNG.main(RemoteTestNG.java:175)
Mar 02,2015 12:20:29 [info]  End Execution of Test Class com.iCM.scripts.AddMedicationEvery3rdDay
*****************************************************************************

*****************************************************************************
Mar 02,2015 12:22:58 [info]   Execution Started of Test Class com.iCM.scripts.AddMedicationEvery3rdDay and Test method testAddMedicationEvery3rdDay
*****************************************************************************
Mar 02,2015 12:22:58 [info]  Open application url
Mar 02,2015 12:23:38 [info]  Pass
Mar 02,2015 12:23:38 [info]  Verify Page title
Mar 02,2015 12:23:43 [info]  Pass
Mar 02,2015 12:23:43 [info]  Enter User name at login page.
Mar 02,2015 12:23:44 [info]  Pass
Mar 02,2015 12:23:44 [info]  Enter password at login page.
Mar 02,2015 12:23:45 [info]  Pass
Mar 02,2015 12:23:45 [info]  Click on Sign In button
Mar 02,2015 12:24:21 [info]  Pass
Mar 02,2015 12:24:21 [info]  Verify home page title
Mar 02,2015 12:24:26 [info]  Pass
Mar 02,2015 12:24:26 [info]  Open Add resident form via deep link
Mar 02,2015 12:26:40 [info]  Pass
Mar 02,2015 12:26:40 [info]  Enter Resident First Name
Mar 02,2015 12:26:44 [info]  Pass
Mar 02,2015 12:26:44 [info]  Enter Middle name
Mar 02,2015 12:26:47 [info]  Pass
Mar 02,2015 12:26:47 [info]  Enter last name
Mar 02,2015 12:26:51 [info]  Pass
Mar 02,2015 12:26:51 [info]  Open 'Calender'
Mar 02,2015 12:26:52 [info]  Pass
Mar 02,2015 12:26:57 [info]  Select Year
Mar 02,2015 12:27:03 [info]  Pass
Mar 02,2015 12:27:06 [info]  Select date
Mar 02,2015 12:27:08 [info]  Pass
Mar 02,2015 12:27:08 [info]  Select gender
Mar 02,2015 12:27:09 [info]  Pass
Mar 02,2015 12:27:09 [info]  Select Marital Status
Mar 02,2015 12:27:10 [info]  Pass
Mar 02,2015 12:27:10 [info]  Open 'Calender' for admit date
Mar 02,2015 12:27:12 [info]  Pass
Mar 02,2015 12:27:15 [info]  Select Year
Mar 02,2015 12:27:21 [info]  Pass
Mar 02,2015 12:27:21 [info]  Select Month
Mar 02,2015 12:27:22 [info]  Pass
Mar 02,2015 12:27:22 [info]  Select date
Mar 02,2015 12:27:24 [info]  Pass
Mar 02,2015 12:27:24 [info]  Select Facality
Mar 02,2015 12:27:25 [info]  Pass
Mar 02,2015 12:27:28 [info]  Select Nurse
Mar 02,2015 12:27:30 [info]  Pass
Mar 02,2015 12:27:30 [info]  Enter level of care
Mar 02,2015 12:27:33 [info]  Pass
Mar 02,2015 12:27:33 [info]  Click on 'Save' button
Mar 02,2015 12:27:37 [info]  Pass
Mar 02,2015 12:27:37 [info]  Search Added resident
Mar 02,2015 12:28:11 [info]  Mar 02,2015 12:28:11 [info]  <<<<<<<<<<<<<<<<<<<<<<<<<<<<<<<<<< Error message >>>>>>>>>>>>>>>>>>>>>>>>>>>>>>
java.lang.AssertionError: Element Locator ://*[@id='DataTables_Table_0_filter']/label/input Not found expected [true] but found [false]
	at org.testng.Assert.fail(Assert.java:94)
	at org.testng.Assert.failNotEquals(Assert.java:494)
	at org.testng.Assert.assertTrue(Assert.java:42)
	at com.iCM.util.DriverHelper.sendKeys(DriverHelper.java:260)
	at com.iCM.pagehelper.ResidentHelper.type(ResidentHelper.java:27)
	at com.iCM.scripts.AddMedicationEvery3rdDay.testAddMedicationEvery3rdDay(AddMedicationEvery3rdDay.java:160)
	at sun.reflect.NativeMethodAccessorImpl.invoke0(Native Method)
	at sun.reflect.NativeMethodAccessorImpl.invoke(Unknown Source)
	at sun.reflect.DelegatingMethodAccessorImpl.invoke(Unknown Source)
	at java.lang.reflect.Method.invoke(Unknown Source)
	at org.testng.internal.MethodInvocationHelper.invokeMethod(MethodInvocationHelper.java:84)
	at org.testng.internal.Invoker.invokeMethod(Invoker.java:714)
	at org.testng.internal.Invoker.invokeTestMethod(Invoker.java:901)
	at org.testng.internal.Invoker.invokeTestMethods(Invoker.java:1231)
	at org.testng.internal.TestMethodWorker.invokeTestMethods(TestMethodWorker.java:127)
	at org.testng.internal.TestMethodWorker.run(TestMethodWorker.java:111)
	at org.testng.TestRunner.privateRun(TestRunner.java:767)
	at org.testng.TestRunner.run(TestRunner.java:617)
	at org.testng.SuiteRunner.runTest(SuiteRunner.java:334)
	at org.testng.SuiteRunner.runSequentially(SuiteRunner.java:329)
	at org.testng.SuiteRunner.privateRun(SuiteRunner.java:291)
	at org.testng.SuiteRunner.run(SuiteRunner.java:240)
	at org.testng.SuiteRunnerWorker.runSuite(SuiteRunnerWorker.java:52)
	at org.testng.SuiteRunnerWorker.run(SuiteRunnerWorker.java:86)
	at org.testng.TestNG.runSuitesSequentially(TestNG.java:1224)
	at org.testng.TestNG.runSuitesLocally(TestNG.java:1149)
	at org.testng.TestNG.run(TestNG.java:1057)
	at org.testng.remote.RemoteTestNG.run(RemoteTestNG.java:111)
	at org.testng.remote.RemoteTestNG.initAndRun(RemoteTestNG.java:204)
	at org.testng.remote.RemoteTestNG.main(RemoteTestNG.java:175)
Mar 02,2015 12:28:11 [info]  End Execution of Test Class com.iCM.scripts.AddMedicationEvery3rdDay
*****************************************************************************

*****************************************************************************
Mar 02,2015 12:28:42 [info]   Execution Started of Test Class com.iCM.scripts.AddMedicationEvery3rdDay and Test method testAddMedicationEvery3rdDay
*****************************************************************************
Mar 02,2015 12:28:42 [info]  Open application url
Mar 02,2015 12:28:57 [info]  Pass
Mar 02,2015 12:28:57 [info]  Verify Page title
Mar 02,2015 12:29:02 [info]  Pass
Mar 02,2015 12:29:02 [info]  Enter User name at login page.
Mar 02,2015 12:29:02 [info]  Pass
Mar 02,2015 12:29:02 [info]  Enter password at login page.
Mar 02,2015 12:29:04 [info]  Pass
Mar 02,2015 12:29:04 [info]  Click on Sign In button
Mar 02,2015 12:29:23 [info]  Pass
Mar 02,2015 12:29:23 [info]  Verify home page title
Mar 02,2015 12:29:28 [info]  Pass
Mar 02,2015 12:29:28 [info]  Open Add resident form via deep link
Mar 02,2015 12:29:40 [info]  Pass
Mar 02,2015 12:29:41 [info]  Enter Resident First Name
Mar 02,2015 12:29:44 [info]  Pass
Mar 02,2015 12:29:44 [info]  Enter Middle name
Mar 02,2015 12:29:47 [info]  Pass
Mar 02,2015 12:29:47 [info]  Enter last name
Mar 02,2015 12:29:51 [info]  Pass
Mar 02,2015 12:29:51 [info]  Open 'Calender'
Mar 02,2015 12:29:52 [info]  Pass
Mar 02,2015 12:29:57 [info]  Select Year
Mar 02,2015 12:30:04 [info]  Pass
Mar 02,2015 12:30:07 [info]  Select date
Mar 02,2015 12:30:08 [info]  Pass
Mar 02,2015 12:30:08 [info]  Select gender
Mar 02,2015 12:30:09 [info]  Pass
Mar 02,2015 12:30:09 [info]  Select Marital Status
Mar 02,2015 12:30:11 [info]  Pass
Mar 02,2015 12:30:11 [info]  Open 'Calender' for admit date
Mar 02,2015 12:30:12 [info]  Pass
Mar 02,2015 12:30:15 [info]  Select Year
Mar 02,2015 12:30:22 [info]  Pass
Mar 02,2015 12:30:22 [info]  Select Month
Mar 02,2015 12:30:23 [info]  Pass
Mar 02,2015 12:30:23 [info]  Select date
Mar 02,2015 12:30:24 [info]  Pass
Mar 02,2015 12:30:24 [info]  Select Facality
Mar 02,2015 12:30:25 [info]  Pass
Mar 02,2015 12:30:28 [info]  Select Nurse
Mar 02,2015 12:30:30 [info]  Pass
Mar 02,2015 12:30:30 [info]  Enter level of care
Mar 02,2015 12:30:33 [info]  Pass
Mar 02,2015 12:30:33 [info]  Click on 'Save' button
Mar 02,2015 12:30:37 [info]  Pass
Mar 02,2015 12:30:37 [info]  Search Added resident
Mar 02,2015 12:31:12 [info]  Mar 02,2015 12:31:12 [info]  <<<<<<<<<<<<<<<<<<<<<<<<<<<<<<<<<< Error message >>>>>>>>>>>>>>>>>>>>>>>>>>>>>>
java.lang.AssertionError: Element Locator ://*[@id='DataTables_Table_0_filter']/label/input Not found expected [true] but found [false]
	at org.testng.Assert.fail(Assert.java:94)
	at org.testng.Assert.failNotEquals(Assert.java:494)
	at org.testng.Assert.assertTrue(Assert.java:42)
	at com.iCM.util.DriverHelper.sendKeys(DriverHelper.java:260)
	at com.iCM.pagehelper.ResidentHelper.type(ResidentHelper.java:27)
	at com.iCM.scripts.AddMedicationEvery3rdDay.testAddMedicationEvery3rdDay(AddMedicationEvery3rdDay.java:160)
	at sun.reflect.NativeMethodAccessorImpl.invoke0(Native Method)
	at sun.reflect.NativeMethodAccessorImpl.invoke(Unknown Source)
	at sun.reflect.DelegatingMethodAccessorImpl.invoke(Unknown Source)
	at java.lang.reflect.Method.invoke(Unknown Source)
	at org.testng.internal.MethodInvocationHelper.invokeMethod(MethodInvocationHelper.java:84)
	at org.testng.internal.Invoker.invokeMethod(Invoker.java:714)
	at org.testng.internal.Invoker.invokeTestMethod(Invoker.java:901)
	at org.testng.internal.Invoker.invokeTestMethods(Invoker.java:1231)
	at org.testng.internal.TestMethodWorker.invokeTestMethods(TestMethodWorker.java:127)
	at org.testng.internal.TestMethodWorker.run(TestMethodWorker.java:111)
	at org.testng.TestRunner.privateRun(TestRunner.java:767)
	at org.testng.TestRunner.run(TestRunner.java:617)
	at org.testng.SuiteRunner.runTest(SuiteRunner.java:334)
	at org.testng.SuiteRunner.runSequentially(SuiteRunner.java:329)
	at org.testng.SuiteRunner.privateRun(SuiteRunner.java:291)
	at org.testng.SuiteRunner.run(SuiteRunner.java:240)
	at org.testng.SuiteRunnerWorker.runSuite(SuiteRunnerWorker.java:52)
	at org.testng.SuiteRunnerWorker.run(SuiteRunnerWorker.java:86)
	at org.testng.TestNG.runSuitesSequentially(TestNG.java:1224)
	at org.testng.TestNG.runSuitesLocally(TestNG.java:1149)
	at org.testng.TestNG.run(TestNG.java:1057)
	at org.testng.remote.RemoteTestNG.run(RemoteTestNG.java:111)
	at org.testng.remote.RemoteTestNG.initAndRun(RemoteTestNG.java:204)
	at org.testng.remote.RemoteTestNG.main(RemoteTestNG.java:175)
Mar 02,2015 12:31:12 [info]  End Execution of Test Class com.iCM.scripts.AddMedicationEvery3rdDay
*****************************************************************************

*****************************************************************************
Mar 02,2015 13:11:27 [info]   Execution Started of Test Class com.iCM.scripts.EMRAdminLate and Test method testEMRAdminLate
*****************************************************************************
Mar 02,2015 13:11:27 [info]  Open application url
Mar 02,2015 13:12:07 [info]  Pass
Mar 02,2015 13:12:07 [info]  Verify Page title
Mar 02,2015 13:12:12 [info]  Pass
Mar 02,2015 13:12:12 [info]  Enter User name at login page.
Mar 02,2015 13:12:13 [info]  Pass
Mar 02,2015 13:12:13 [info]  Enter password at login page.
Mar 02,2015 13:12:14 [info]  Pass
Mar 02,2015 13:12:14 [info]  Click on Sign In button
Mar 02,2015 13:12:37 [info]  Pass
Mar 02,2015 13:12:37 [info]  Verify home page title
Mar 02,2015 13:12:43 [info]  Pass
Mar 02,2015 13:13:02 [info]  Click on All Meds Tab
Mar 02,2015 13:13:05 [info]  Pass
Mar 02,2015 13:13:08 [info]  Click on Admin Button dropdown

*****************************************************************************
Mar 02,2015 13:14:08 [info]   Execution Started of Test Class com.iCM.scripts.AddMedicationEvery3rdDay and Test method testAddMedicationEvery3rdDay
*****************************************************************************
Mar 02,2015 13:14:08 [info]  Open application url
Mar 02,2015 13:14:30 [info]  Pass
Mar 02,2015 13:14:30 [info]  Verify Page title
Mar 02,2015 13:14:35 [info]  Pass
Mar 02,2015 13:14:35 [info]  Enter User name at login page.
Mar 02,2015 13:14:35 [info]  Mar 02,2015 13:14:35 [info]  <<<<<<<<<<<<<<<<<<<<<<<<<<<<<<<<<< Error message >>>>>>>>>>>>>>>>>>>>>>>>>>>>>>
java.lang.AssertionError: Element Locator ://td[@class='All']/div/div/div[2]/div/button[2] Not found expected [true] but found [false]
	at org.testng.Assert.fail(Assert.java:94)
	at org.testng.Assert.failNotEquals(Assert.java:494)
	at org.testng.Assert.assertTrue(Assert.java:42)
	at com.iCM.util.DriverHelper.clickOn(DriverHelper.java:251)
	at com.iCM.pagehelper.EMRHelper.click(EMRHelper.java:34)
	at com.iCM.scripts.EMRAdminLate.testEMRAdminLate(EMRAdminLate.java:280)
	at sun.reflect.NativeMethodAccessorImpl.invoke0(Native Method)
	at sun.reflect.NativeMethodAccessorImpl.invoke(Unknown Source)
	at sun.reflect.DelegatingMethodAccessorImpl.invoke(Unknown Source)
	at java.lang.reflect.Method.invoke(Unknown Source)
	at org.testng.internal.MethodInvocationHelper.invokeMethod(MethodInvocationHelper.java:84)
	at org.testng.internal.Invoker.invokeMethod(Invoker.java:714)
	at org.testng.internal.Invoker.invokeTestMethod(Invoker.java:901)
	at org.testng.internal.Invoker.invokeTestMethods(Invoker.java:1231)
	at org.testng.internal.TestMethodWorker.invokeTestMethods(TestMethodWorker.java:127)
	at org.testng.internal.TestMethodWorker.run(TestMethodWorker.java:111)
	at org.testng.TestRunner.privateRun(TestRunner.java:767)
	at org.testng.TestRunner.run(TestRunner.java:617)
	at org.testng.SuiteRunner.runTest(SuiteRunner.java:334)
	at org.testng.SuiteRunner.runSequentially(SuiteRunner.java:329)
	at org.testng.SuiteRunner.privateRun(SuiteRunner.java:291)
	at org.testng.SuiteRunner.run(SuiteRunner.java:240)
	at org.testng.SuiteRunnerWorker.runSuite(SuiteRunnerWorker.java:52)
	at org.testng.SuiteRunnerWorker.run(SuiteRunnerWorker.java:86)
	at org.testng.TestNG.runSuitesSequentially(TestNG.java:1224)
	at org.testng.TestNG.runSuitesLocally(TestNG.java:1149)
	at org.testng.TestNG.run(TestNG.java:1057)
	at org.testng.remote.RemoteTestNG.run(RemoteTestNG.java:111)
	at org.testng.remote.RemoteTestNG.initAndRun(RemoteTestNG.java:204)
	at org.testng.remote.RemoteTestNG.main(RemoteTestNG.java:175)
Mar 02,2015 13:14:35 [info]  End Execution of Test Class com.iCM.scripts.EMRAdminLate
*****************************************************************************
Mar 02,2015 13:14:36 [info]  Pass
Mar 02,2015 13:14:36 [info]  Enter password at login page.

*****************************************************************************
Mar 02,2015 13:15:16 [info]   Execution Started of Test Class com.iCM.scripts.AddMedicationEvery3rdDay and Test method testAddMedicationEvery3rdDay
*****************************************************************************
Mar 02,2015 13:15:16 [info]  Open application url
Mar 02,2015 13:15:33 [info]  Mar 02,2015 13:15:33 [info]  <<<<<<<<<<<<<<<<<<<<<<<<<<<<<<<<<< Error message >>>>>>>>>>>>>>>>>>>>>>>>>>>>>>
java.lang.AssertionError: Element Locator :id=Password Not found expected [true] but found [false]
	at org.testng.Assert.fail(Assert.java:94)
	at org.testng.Assert.failNotEquals(Assert.java:494)
	at org.testng.Assert.assertTrue(Assert.java:42)
	at com.iCM.util.DriverHelper.sendKeys(DriverHelper.java:260)
	at com.iCM.pagehelper.LoginHelper.enterPassword(LoginHelper.java:37)
	at com.iCM.scripts.AddMedicationEvery3rdDay.testAddMedicationEvery3rdDay(AddMedicationEvery3rdDay.java:49)
	at sun.reflect.NativeMethodAccessorImpl.invoke0(Native Method)
	at sun.reflect.NativeMethodAccessorImpl.invoke(Unknown Source)
	at sun.reflect.DelegatingMethodAccessorImpl.invoke(Unknown Source)
	at java.lang.reflect.Method.invoke(Unknown Source)
	at org.testng.internal.MethodInvocationHelper.invokeMethod(MethodInvocationHelper.java:84)
	at org.testng.internal.Invoker.invokeMethod(Invoker.java:714)
	at org.testng.internal.Invoker.invokeTestMethod(Invoker.java:901)
	at org.testng.internal.Invoker.invokeTestMethods(Invoker.java:1231)
	at org.testng.internal.TestMethodWorker.invokeTestMethods(TestMethodWorker.java:127)
	at org.testng.internal.TestMethodWorker.run(TestMethodWorker.java:111)
	at org.testng.TestRunner.privateRun(TestRunner.java:767)
	at org.testng.TestRunner.run(TestRunner.java:617)
	at org.testng.SuiteRunner.runTest(SuiteRunner.java:334)
	at org.testng.SuiteRunner.runSequentially(SuiteRunner.java:329)
	at org.testng.SuiteRunner.privateRun(SuiteRunner.java:291)
	at org.testng.SuiteRunner.run(SuiteRunner.java:240)
	at org.testng.SuiteRunnerWorker.runSuite(SuiteRunnerWorker.java:52)
	at org.testng.SuiteRunnerWorker.run(SuiteRunnerWorker.java:86)
	at org.testng.TestNG.runSuitesSequentially(TestNG.java:1224)
	at org.testng.TestNG.runSuitesLocally(TestNG.java:1149)
	at org.testng.TestNG.run(TestNG.java:1057)
	at org.testng.remote.RemoteTestNG.run(RemoteTestNG.java:111)
	at org.testng.remote.RemoteTestNG.initAndRun(RemoteTestNG.java:204)
	at org.testng.remote.RemoteTestNG.main(RemoteTestNG.java:175)
Mar 02,2015 13:15:33 [info]  End Execution of Test Class com.iCM.scripts.AddMedicationEvery3rdDay
*****************************************************************************
Mar 02,2015 13:15:37 [info]  Mar 02,2015 13:15:37 [info]  <<<<<<<<<<<<<<<<<<<<<<<<<<<<<<<<<< Error message >>>>>>>>>>>>>>>>>>>>>>>>>>>>>>
org.openqa.selenium.remote.UnreachableBrowserException: Error communicating with the remote browser. It may have died.
Build info: version: '2.41.0', revision: '3192d8a', time: '2014-03-27 17:17:32'
System info: host: 'user-PC', ip: '14.98.128.122', os.name: 'Windows 7', os.arch: 'x86', os.version: '6.1', java.version: '1.8.0_20'
Driver info: driver.version: RemoteWebDriver
	at org.openqa.selenium.remote.RemoteWebDriver.execute(RemoteWebDriver.java:589)
	at org.openqa.selenium.remote.RemoteWebDriver.get(RemoteWebDriver.java:300)
	at org.openqa.selenium.remote.RemoteWebDriver$RemoteNavigation.to(RemoteWebDriver.java:842)
	at com.iCM.util.DriverTestCase.openUrl(DriverTestCase.java:144)
	at com.iCM.scripts.AddMedicationEvery3rdDay.testAddMedicationEvery3rdDay(AddMedicationEvery3rdDay.java:34)
	at sun.reflect.NativeMethodAccessorImpl.invoke0(Native Method)
	at sun.reflect.NativeMethodAccessorImpl.invoke(Unknown Source)
	at sun.reflect.DelegatingMethodAccessorImpl.invoke(Unknown Source)
	at java.lang.reflect.Method.invoke(Unknown Source)
	at org.testng.internal.MethodInvocationHelper.invokeMethod(MethodInvocationHelper.java:84)
	at org.testng.internal.Invoker.invokeMethod(Invoker.java:714)
	at org.testng.internal.Invoker.invokeTestMethod(Invoker.java:901)
	at org.testng.internal.Invoker.invokeTestMethods(Invoker.java:1231)
	at org.testng.internal.TestMethodWorker.invokeTestMethods(TestMethodWorker.java:127)
	at org.testng.internal.TestMethodWorker.run(TestMethodWorker.java:111)
	at org.testng.TestRunner.privateRun(TestRunner.java:767)
	at org.testng.TestRunner.run(TestRunner.java:617)
	at org.testng.SuiteRunner.runTest(SuiteRunner.java:334)
	at org.testng.SuiteRunner.runSequentially(SuiteRunner.java:329)
	at org.testng.SuiteRunner.privateRun(SuiteRunner.java:291)
	at org.testng.SuiteRunner.run(SuiteRunner.java:240)
	at org.testng.SuiteRunnerWorker.runSuite(SuiteRunnerWorker.java:52)
	at org.testng.SuiteRunnerWorker.run(SuiteRunnerWorker.java:86)
	at org.testng.TestNG.runSuitesSequentially(TestNG.java:1224)
	at org.testng.TestNG.runSuitesLocally(TestNG.java:1149)
	at org.testng.TestNG.run(TestNG.java:1057)
	at org.testng.remote.RemoteTestNG.run(RemoteTestNG.java:111)
	at org.testng.remote.RemoteTestNG.initAndRun(RemoteTestNG.java:204)
	at org.testng.remote.RemoteTestNG.main(RemoteTestNG.java:175)
Caused by: java.net.ConnectException: Connection refused: connect
	at java.net.DualStackPlainSocketImpl.waitForConnect(Native Method)
	at java.net.DualStackPlainSocketImpl.socketConnect(Unknown Source)
	at java.net.AbstractPlainSocketImpl.doConnect(Unknown Source)
	at java.net.AbstractPlainSocketImpl.connectToAddress(Unknown Source)
	at java.net.AbstractPlainSocketImpl.connect(Unknown Source)
	at java.net.PlainSocketImpl.connect(Unknown Source)
	at java.net.SocksSocketImpl.connect(Unknown Source)
	at java.net.Socket.connect(Unknown Source)
	at org.apache.http.conn.scheme.PlainSocketFactory.connectSocket(PlainSocketFactory.java:117)
	at org.apache.http.impl.conn.DefaultClientConnectionOperator.openConnection(DefaultClientConnectionOperator.java:178)
	at org.apache.http.impl.conn.AbstractPoolEntry.open(AbstractPoolEntry.java:144)
	at org.apache.http.impl.conn.AbstractPooledConnAdapter.open(AbstractPooledConnAdapter.java:131)
	at org.apache.http.impl.client.DefaultRequestDirector.tryConnect(DefaultRequestDirector.java:610)
	at org.apache.http.impl.client.DefaultRequestDirector.execute(DefaultRequestDirector.java:445)
	at org.apache.http.impl.client.AbstractHttpClient.doExecute(AbstractHttpClient.java:863)
	at org.apache.http.impl.client.CloseableHttpClient.execute(CloseableHttpClient.java:72)
	at org.apache.http.impl.client.CloseableHttpClient.execute(CloseableHttpClient.java:57)
	at org.openqa.selenium.remote.HttpCommandExecutor.fallBackExecute(HttpCommandExecutor.java:340)
	at org.openqa.selenium.remote.HttpCommandExecutor.execute(HttpCommandExecutor.java:301)
	at org.openqa.selenium.firefox.internal.NewProfileExtensionConnection.execute(NewProfileExtensionConnection.java:165)
	at org.openqa.selenium.firefox.FirefoxDriver$LazyCommandExecutor.execute(FirefoxDriver.java:362)
	at org.openqa.selenium.remote.RemoteWebDriver.execute(RemoteWebDriver.java:568)
	... 28 more
Mar 02,2015 13:15:37 [info]  End Execution of Test Class com.iCM.scripts.AddMedicationEvery3rdDay
*****************************************************************************

*****************************************************************************
Mar 02,2015 13:16:11 [info]   Execution Started of Test Class com.iCM.scripts.AddMedicationEvery3rdDay and Test method testAddMedicationEvery3rdDay
*****************************************************************************
Mar 02,2015 13:16:11 [info]  Open application url
Mar 02,2015 13:16:29 [info]  Pass
Mar 02,2015 13:16:29 [info]  Verify Page title
Mar 02,2015 13:16:34 [info]  Pass
Mar 02,2015 13:16:34 [info]  Enter User name at login page.
Mar 02,2015 13:16:34 [info]  Pass
Mar 02,2015 13:16:34 [info]  Enter password at login page.
Mar 02,2015 13:16:36 [info]  Pass
Mar 02,2015 13:16:36 [info]  Click on Sign In button
Mar 02,2015 13:17:06 [info]  Pass
Mar 02,2015 13:17:06 [info]  Verify home page title
Mar 02,2015 13:17:11 [info]  Pass
Mar 02,2015 13:17:11 [info]  Open Add resident form via deep link
Mar 02,2015 13:17:23 [info]  Pass
Mar 02,2015 13:17:23 [info]  Enter Resident First Name
Mar 02,2015 13:17:26 [info]  Pass
Mar 02,2015 13:17:26 [info]  Enter Middle name
Mar 02,2015 13:17:30 [info]  Pass
Mar 02,2015 13:17:30 [info]  Enter last name
Mar 02,2015 13:17:33 [info]  Pass
Mar 02,2015 13:17:33 [info]  Open 'Calender'
Mar 02,2015 13:17:35 [info]  Pass
Mar 02,2015 13:17:40 [info]  Select Year
Mar 02,2015 13:17:46 [info]  Pass
Mar 02,2015 13:17:49 [info]  Select date
Mar 02,2015 13:17:50 [info]  Pass
Mar 02,2015 13:17:50 [info]  Select gender
Mar 02,2015 13:17:52 [info]  Pass
Mar 02,2015 13:17:52 [info]  Select Marital Status
Mar 02,2015 13:17:53 [info]  Pass
Mar 02,2015 13:17:53 [info]  Open 'Calender' for admit date
Mar 02,2015 13:17:54 [info]  Pass
Mar 02,2015 13:17:57 [info]  Select Year
Mar 02,2015 13:18:04 [info]  Pass
Mar 02,2015 13:18:04 [info]  Select Month
Mar 02,2015 13:18:05 [info]  Pass
Mar 02,2015 13:18:05 [info]  Select date
Mar 02,2015 13:18:06 [info]  Pass
Mar 02,2015 13:18:06 [info]  Select Facality
Mar 02,2015 13:18:07 [info]  Pass
Mar 02,2015 13:18:10 [info]  Select Nurse
Mar 02,2015 13:18:12 [info]  Pass
Mar 02,2015 13:18:12 [info]  Enter level of care
Mar 02,2015 13:18:15 [info]  Pass
Mar 02,2015 13:18:15 [info]  Click on 'Save' button
Mar 02,2015 13:18:19 [info]  Pass
Mar 02,2015 13:18:19 [info]  Search Added resident
Mar 02,2015 13:18:54 [info]  Mar 02,2015 13:18:54 [info]  <<<<<<<<<<<<<<<<<<<<<<<<<<<<<<<<<< Error message >>>>>>>>>>>>>>>>>>>>>>>>>>>>>>
java.lang.AssertionError: Element Locator ://*[@id='DataTables_Table_0_filter']/label/input Not found expected [true] but found [false]
	at org.testng.Assert.fail(Assert.java:94)
	at org.testng.Assert.failNotEquals(Assert.java:494)
	at org.testng.Assert.assertTrue(Assert.java:42)
	at com.iCM.util.DriverHelper.sendKeys(DriverHelper.java:260)
	at com.iCM.pagehelper.ResidentHelper.type(ResidentHelper.java:27)
	at com.iCM.scripts.AddMedicationEvery3rdDay.testAddMedicationEvery3rdDay(AddMedicationEvery3rdDay.java:160)
	at sun.reflect.NativeMethodAccessorImpl.invoke0(Native Method)
	at sun.reflect.NativeMethodAccessorImpl.invoke(Unknown Source)
	at sun.reflect.DelegatingMethodAccessorImpl.invoke(Unknown Source)
	at java.lang.reflect.Method.invoke(Unknown Source)
	at org.testng.internal.MethodInvocationHelper.invokeMethod(MethodInvocationHelper.java:84)
	at org.testng.internal.Invoker.invokeMethod(Invoker.java:714)
	at org.testng.internal.Invoker.invokeTestMethod(Invoker.java:901)
	at org.testng.internal.Invoker.invokeTestMethods(Invoker.java:1231)
	at org.testng.internal.TestMethodWorker.invokeTestMethods(TestMethodWorker.java:127)
	at org.testng.internal.TestMethodWorker.run(TestMethodWorker.java:111)
	at org.testng.TestRunner.privateRun(TestRunner.java:767)
	at org.testng.TestRunner.run(TestRunner.java:617)
	at org.testng.SuiteRunner.runTest(SuiteRunner.java:334)
	at org.testng.SuiteRunner.runSequentially(SuiteRunner.java:329)
	at org.testng.SuiteRunner.privateRun(SuiteRunner.java:291)
	at org.testng.SuiteRunner.run(SuiteRunner.java:240)
	at org.testng.SuiteRunnerWorker.runSuite(SuiteRunnerWorker.java:52)
	at org.testng.SuiteRunnerWorker.run(SuiteRunnerWorker.java:86)
	at org.testng.TestNG.runSuitesSequentially(TestNG.java:1224)
	at org.testng.TestNG.runSuitesLocally(TestNG.java:1149)
	at org.testng.TestNG.run(TestNG.java:1057)
	at org.testng.remote.RemoteTestNG.run(RemoteTestNG.java:111)
	at org.testng.remote.RemoteTestNG.initAndRun(RemoteTestNG.java:204)
	at org.testng.remote.RemoteTestNG.main(RemoteTestNG.java:175)
Mar 02,2015 13:18:54 [info]  End Execution of Test Class com.iCM.scripts.AddMedicationEvery3rdDay
*****************************************************************************

*****************************************************************************
Mar 02,2015 13:19:44 [info]   Execution Started of Test Class com.iCM.scripts.AddMedicationEvery3rdDay and Test method testAddMedicationEvery3rdDay
*****************************************************************************
Mar 02,2015 13:19:44 [info]  Open application url
Mar 02,2015 13:20:05 [info]  Pass
Mar 02,2015 13:20:05 [info]  Verify Page title
Mar 02,2015 13:20:11 [info]  Pass
Mar 02,2015 13:20:11 [info]  Enter User name at login page.
Mar 02,2015 13:20:11 [info]  Pass
Mar 02,2015 13:20:11 [info]  Enter password at login page.
Mar 02,2015 13:20:12 [info]  Pass
Mar 02,2015 13:20:12 [info]  Click on Sign In button
Mar 02,2015 13:20:46 [info]  Pass
Mar 02,2015 13:20:46 [info]  Verify home page title
Mar 02,2015 13:20:52 [info]  Pass
Mar 02,2015 13:20:52 [info]  Open Add resident form via deep link
Mar 02,2015 13:21:02 [info]  Pass
Mar 02,2015 13:21:02 [info]  Enter Resident First Name
Mar 02,2015 13:21:05 [info]  Pass
Mar 02,2015 13:21:05 [info]  Enter Middle name
Mar 02,2015 13:21:09 [info]  Pass
Mar 02,2015 13:21:09 [info]  Enter last name
Mar 02,2015 13:21:12 [info]  Pass
Mar 02,2015 13:21:12 [info]  Open 'Calender'
Mar 02,2015 13:21:14 [info]  Pass
Mar 02,2015 13:21:19 [info]  Select Year
Mar 02,2015 13:21:25 [info]  Pass
Mar 02,2015 13:21:28 [info]  Select date
Mar 02,2015 13:21:29 [info]  Pass
Mar 02,2015 13:21:29 [info]  Select gender
Mar 02,2015 13:21:30 [info]  Pass
Mar 02,2015 13:21:30 [info]  Select Marital Status
Mar 02,2015 13:21:32 [info]  Pass
Mar 02,2015 13:21:32 [info]  Open 'Calender' for admit date
Mar 02,2015 13:21:33 [info]  Pass
Mar 02,2015 13:21:36 [info]  Select Year
Mar 02,2015 13:21:42 [info]  Pass
Mar 02,2015 13:21:42 [info]  Select Month
Mar 02,2015 13:21:44 [info]  Pass
Mar 02,2015 13:21:44 [info]  Select date
Mar 02,2015 13:21:45 [info]  Pass
Mar 02,2015 13:21:45 [info]  Select Facality
Mar 02,2015 13:21:46 [info]  Pass
Mar 02,2015 13:21:49 [info]  Select Nurse
Mar 02,2015 13:21:51 [info]  Pass
Mar 02,2015 13:21:51 [info]  Enter level of care
Mar 02,2015 13:21:54 [info]  Pass
Mar 02,2015 13:21:54 [info]  Click on 'Save' button
Mar 02,2015 13:21:58 [info]  Pass
Mar 02,2015 13:21:58 [info]  Search Added resident
Mar 02,2015 13:22:32 [info]  Mar 02,2015 13:22:32 [info]  <<<<<<<<<<<<<<<<<<<<<<<<<<<<<<<<<< Error message >>>>>>>>>>>>>>>>>>>>>>>>>>>>>>
java.lang.AssertionError: Element Locator ://*[@id='DataTables_Table_0_filter']/label/input Not found expected [true] but found [false]
	at org.testng.Assert.fail(Assert.java:94)
	at org.testng.Assert.failNotEquals(Assert.java:494)
	at org.testng.Assert.assertTrue(Assert.java:42)
	at com.iCM.util.DriverHelper.sendKeys(DriverHelper.java:260)
	at com.iCM.pagehelper.ResidentHelper.type(ResidentHelper.java:27)
	at com.iCM.scripts.AddMedicationEvery3rdDay.testAddMedicationEvery3rdDay(AddMedicationEvery3rdDay.java:160)
	at sun.reflect.NativeMethodAccessorImpl.invoke0(Native Method)
	at sun.reflect.NativeMethodAccessorImpl.invoke(Unknown Source)
	at sun.reflect.DelegatingMethodAccessorImpl.invoke(Unknown Source)
	at java.lang.reflect.Method.invoke(Unknown Source)
	at org.testng.internal.MethodInvocationHelper.invokeMethod(MethodInvocationHelper.java:84)
	at org.testng.internal.Invoker.invokeMethod(Invoker.java:714)
	at org.testng.internal.Invoker.invokeTestMethod(Invoker.java:901)
	at org.testng.internal.Invoker.invokeTestMethods(Invoker.java:1231)
	at org.testng.internal.TestMethodWorker.invokeTestMethods(TestMethodWorker.java:127)
	at org.testng.internal.TestMethodWorker.run(TestMethodWorker.java:111)
	at org.testng.TestRunner.privateRun(TestRunner.java:767)
	at org.testng.TestRunner.run(TestRunner.java:617)
	at org.testng.SuiteRunner.runTest(SuiteRunner.java:334)
	at org.testng.SuiteRunner.runSequentially(SuiteRunner.java:329)
	at org.testng.SuiteRunner.privateRun(SuiteRunner.java:291)
	at org.testng.SuiteRunner.run(SuiteRunner.java:240)
	at org.testng.SuiteRunnerWorker.runSuite(SuiteRunnerWorker.java:52)
	at org.testng.SuiteRunnerWorker.run(SuiteRunnerWorker.java:86)
	at org.testng.TestNG.runSuitesSequentially(TestNG.java:1224)
	at org.testng.TestNG.runSuitesLocally(TestNG.java:1149)
	at org.testng.TestNG.run(TestNG.java:1057)
	at org.testng.remote.RemoteTestNG.run(RemoteTestNG.java:111)
	at org.testng.remote.RemoteTestNG.initAndRun(RemoteTestNG.java:204)
	at org.testng.remote.RemoteTestNG.main(RemoteTestNG.java:175)
Mar 02,2015 13:22:32 [info]  End Execution of Test Class com.iCM.scripts.AddMedicationEvery3rdDay
*****************************************************************************

*****************************************************************************
Mar 02,2015 13:23:55 [info]   Execution Started of Test Class com.iCM.scripts.AddMedicationEvery3rdDay and Test method testAddMedicationEvery3rdDay
*****************************************************************************
Mar 02,2015 13:23:55 [info]  Open application url
Mar 02,2015 13:24:32 [info]  Pass
Mar 02,2015 13:24:32 [info]  Verify Page title
Mar 02,2015 13:24:38 [info]  Pass
Mar 02,2015 13:24:38 [info]  Enter User name at login page.
Mar 02,2015 13:24:38 [info]  Pass
Mar 02,2015 13:24:38 [info]  Enter password at login page.
Mar 02,2015 13:24:39 [info]  Pass
Mar 02,2015 13:24:39 [info]  Click on Sign In button
Mar 02,2015 13:25:12 [info]  Pass
Mar 02,2015 13:25:12 [info]  Verify home page title
Mar 02,2015 13:25:17 [info]  Pass
Mar 02,2015 13:25:17 [info]  Open Add resident form via deep link
Mar 02,2015 13:25:30 [info]  Pass
Mar 02,2015 13:25:30 [info]  Enter Resident First Name
Mar 02,2015 13:25:34 [info]  Pass
Mar 02,2015 13:25:34 [info]  Enter Middle name
Mar 02,2015 13:25:37 [info]  Pass
Mar 02,2015 13:25:37 [info]  Enter last name
Mar 02,2015 13:25:41 [info]  Pass
Mar 02,2015 13:25:41 [info]  Open 'Calender'
Mar 02,2015 13:25:43 [info]  Pass
Mar 02,2015 13:25:48 [info]  Select Year
Mar 02,2015 13:25:55 [info]  Pass
Mar 02,2015 13:25:58 [info]  Select date
Mar 02,2015 13:25:59 [info]  Pass
Mar 02,2015 13:25:59 [info]  Select gender
Mar 02,2015 13:26:01 [info]  Pass
Mar 02,2015 13:26:01 [info]  Select Marital Status
Mar 02,2015 13:26:03 [info]  Mar 02,2015 13:26:03 [info]  <<<<<<<<<<<<<<<<<<<<<<<<<<<<<<<<<< Error message >>>>>>>>>>>>>>>>>>>>>>>>>>>>>>
org.openqa.selenium.ElementNotVisibleException: Element is not currently visible and so may not be interacted with
Command duration or timeout: 181 milliseconds
Build info: version: '2.41.0', revision: '3192d8a', time: '2014-03-27 17:17:32'
System info: host: 'user-PC', ip: '14.98.128.122', os.name: 'Windows 7', os.arch: 'x86', os.version: '6.1', java.version: '1.8.0_20'
Driver info: org.openqa.selenium.firefox.FirefoxDriver
Capabilities [{applicationCacheEnabled=true, rotatable=false, handlesAlerts=true, databaseEnabled=true, version=29.0.1, platform=XP, browserConnectionEnabled=true, nativeEvents=false, acceptSslCerts=true, webStorageEnabled=true, locationContextEnabled=true, browserName=firefox, takesScreenshot=true, javascriptEnabled=true, cssSelectorsEnabled=true}]
Session ID: 6438492e-22a5-4e40-9ef2-66f1cfe54913
	at sun.reflect.NativeConstructorAccessorImpl.newInstance0(Native Method)
	at sun.reflect.NativeConstructorAccessorImpl.newInstance(Unknown Source)
	at sun.reflect.DelegatingConstructorAccessorImpl.newInstance(Unknown Source)
	at java.lang.reflect.Constructor.newInstance(Unknown Source)
	at org.openqa.selenium.remote.ErrorHandler.createThrowable(ErrorHandler.java:193)
	at org.openqa.selenium.remote.ErrorHandler.throwIfResponseFailed(ErrorHandler.java:145)
	at org.openqa.selenium.remote.RemoteWebDriver.execute(RemoteWebDriver.java:595)
	at org.openqa.selenium.remote.RemoteWebElement.execute(RemoteWebElement.java:268)
	at org.openqa.selenium.remote.RemoteWebElement.click(RemoteWebElement.java:79)
	at com.iCM.util.DriverHelper.clickOn(DriverHelper.java:254)
	at com.iCM.pagehelper.ResidentHelper.selectStatus(ResidentHelper.java:80)
	at com.iCM.scripts.AddMedicationEvery3rdDay.testAddMedicationEvery3rdDay(AddMedicationEvery3rdDay.java:109)
	at sun.reflect.NativeMethodAccessorImpl.invoke0(Native Method)
	at sun.reflect.NativeMethodAccessorImpl.invoke(Unknown Source)
	at sun.reflect.DelegatingMethodAccessorImpl.invoke(Unknown Source)
	at java.lang.reflect.Method.invoke(Unknown Source)
	at org.testng.internal.MethodInvocationHelper.invokeMethod(MethodInvocationHelper.java:84)
	at org.testng.internal.Invoker.invokeMethod(Invoker.java:714)
	at org.testng.internal.Invoker.invokeTestMethod(Invoker.java:901)
	at org.testng.internal.Invoker.invokeTestMethods(Invoker.java:1231)
	at org.testng.internal.TestMethodWorker.invokeTestMethods(TestMethodWorker.java:127)
	at org.testng.internal.TestMethodWorker.run(TestMethodWorker.java:111)
	at org.testng.TestRunner.privateRun(TestRunner.java:767)
	at org.testng.TestRunner.run(TestRunner.java:617)
	at org.testng.SuiteRunner.runTest(SuiteRunner.java:334)
	at org.testng.SuiteRunner.runSequentially(SuiteRunner.java:329)
	at org.testng.SuiteRunner.privateRun(SuiteRunner.java:291)
	at org.testng.SuiteRunner.run(SuiteRunner.java:240)
	at org.testng.SuiteRunnerWorker.runSuite(SuiteRunnerWorker.java:52)
	at org.testng.SuiteRunnerWorker.run(SuiteRunnerWorker.java:86)
	at org.testng.TestNG.runSuitesSequentially(TestNG.java:1224)
	at org.testng.TestNG.runSuitesLocally(TestNG.java:1149)
	at org.testng.TestNG.run(TestNG.java:1057)
	at org.testng.remote.RemoteTestNG.run(RemoteTestNG.java:111)
	at org.testng.remote.RemoteTestNG.initAndRun(RemoteTestNG.java:204)
	at org.testng.remote.RemoteTestNG.main(RemoteTestNG.java:175)
Caused by: org.openqa.selenium.remote.ErrorHandler$UnknownServerException: Element is not currently visible and so may not be interacted with
Build info: version: '2.41.0', revision: '3192d8a', time: '2014-03-27 17:17:32'
System info: host: 'user-PC', ip: '14.98.128.122', os.name: 'Windows 7', os.arch: 'x86', os.version: '6.1', java.version: '1.8.0_20'
Driver info: driver.version: unknown
	at <anonymous class>.fxdriver.preconditions.visible(file:///C:/Users/user/AppData/Local/Temp/anonymous2880513466793395574webdriver-profile/extensions/fxdriver@googlecode.com/components/command_processor.js:8225)
	at <anonymous class>.DelayedCommand.prototype.checkPreconditions_(file:///C:/Users/user/AppData/Local/Temp/anonymous2880513466793395574webdriver-profile/extensions/fxdriver@googlecode.com/components/command_processor.js:10867)
	at <anonymous class>.DelayedCommand.prototype.executeInternal_/h(file:///C:/Users/user/AppData/Local/Temp/anonymous2880513466793395574webdriver-profile/extensions/fxdriver@googlecode.com/components/command_processor.js:10884)
	at <anonymous class>.DelayedCommand.prototype.executeInternal_(file:///C:/Users/user/AppData/Local/Temp/anonymous2880513466793395574webdriver-profile/extensions/fxdriver@googlecode.com/components/command_processor.js:10889)
	at <anonymous class>.DelayedCommand.prototype.execute/<(file:///C:/Users/user/AppData/Local/Temp/anonymous2880513466793395574webdriver-profile/extensions/fxdriver@googlecode.com/components/command_processor.js:10831)
Mar 02,2015 13:26:03 [info]  End Execution of Test Class com.iCM.scripts.AddMedicationEvery3rdDay
*****************************************************************************

*****************************************************************************
Mar 02,2015 13:27:42 [info]   Execution Started of Test Class com.iCM.scripts.AddMedicationEvery3rdDay and Test method testAddMedicationEvery3rdDay
*****************************************************************************
Mar 02,2015 13:27:42 [info]  Open application url
Mar 02,2015 13:28:17 [info]  Pass
Mar 02,2015 13:28:18 [info]  Verify Page title
Mar 02,2015 13:28:23 [info]  Pass
Mar 02,2015 13:28:23 [info]  Enter User name at login page.
Mar 02,2015 13:28:24 [info]  Pass
Mar 02,2015 13:28:24 [info]  Enter password at login page.
Mar 02,2015 13:28:25 [info]  Pass
Mar 02,2015 13:28:25 [info]  Click on Sign In button
Mar 02,2015 13:29:01 [info]  Pass
Mar 02,2015 13:29:01 [info]  Verify home page title
Mar 02,2015 13:29:06 [info]  Pass
Mar 02,2015 13:29:06 [info]  Open Add resident form via deep link
Mar 02,2015 13:29:20 [info]  Pass
Mar 02,2015 13:29:20 [info]  Enter Resident First Name
Mar 02,2015 13:29:24 [info]  Pass
Mar 02,2015 13:29:24 [info]  Enter Middle name
Mar 02,2015 13:29:27 [info]  Pass
Mar 02,2015 13:29:27 [info]  Enter last name
Mar 02,2015 13:29:31 [info]  Pass
Mar 02,2015 13:29:31 [info]  Open 'Calender'
Mar 02,2015 13:29:33 [info]  Pass
Mar 02,2015 13:29:38 [info]  Select Year
Mar 02,2015 13:29:43 [info]  Mar 02,2015 13:29:43 [info]  <<<<<<<<<<<<<<<<<<<<<<<<<<<<<<<<<< Error message >>>>>>>>>>>>>>>>>>>>>>>>>>>>>>
org.openqa.selenium.ElementNotVisibleException: Element is not currently visible and so may not be interacted with
Command duration or timeout: 55 milliseconds
Build info: version: '2.41.0', revision: '3192d8a', time: '2014-03-27 17:17:32'
System info: host: 'user-PC', ip: '14.98.128.122', os.name: 'Windows 7', os.arch: 'x86', os.version: '6.1', java.version: '1.8.0_20'
Driver info: org.openqa.selenium.firefox.FirefoxDriver
Capabilities [{applicationCacheEnabled=true, rotatable=false, handlesAlerts=true, databaseEnabled=true, version=29.0.1, platform=XP, browserConnectionEnabled=true, nativeEvents=false, acceptSslCerts=true, webStorageEnabled=true, locationContextEnabled=true, browserName=firefox, takesScreenshot=true, javascriptEnabled=true, cssSelectorsEnabled=true}]
Session ID: acbc2156-5f0e-4992-a261-88760876ee49
	at sun.reflect.NativeConstructorAccessorImpl.newInstance0(Native Method)
	at sun.reflect.NativeConstructorAccessorImpl.newInstance(Unknown Source)
	at sun.reflect.DelegatingConstructorAccessorImpl.newInstance(Unknown Source)
	at java.lang.reflect.Constructor.newInstance(Unknown Source)
	at org.openqa.selenium.remote.ErrorHandler.createThrowable(ErrorHandler.java:193)
	at org.openqa.selenium.remote.ErrorHandler.throwIfResponseFailed(ErrorHandler.java:145)
	at org.openqa.selenium.remote.RemoteWebDriver.execute(RemoteWebDriver.java:595)
	at org.openqa.selenium.remote.RemoteWebElement.execute(RemoteWebElement.java:268)
	at org.openqa.selenium.remote.RemoteWebElement.click(RemoteWebElement.java:79)
	at org.openqa.selenium.support.ui.Select.setSelected(Select.java:318)
	at org.openqa.selenium.support.ui.Select.selectByVisibleText(Select.java:116)
	at com.iCM.util.DriverHelper.selectDropDown(DriverHelper.java:280)
	at com.iCM.pagehelper.ResidentHelper.selectYear(ResidentHelper.java:49)
	at com.iCM.scripts.AddMedicationEvery3rdDay.testAddMedicationEvery3rdDay(AddMedicationEvery3rdDay.java:91)
	at sun.reflect.NativeMethodAccessorImpl.invoke0(Native Method)
	at sun.reflect.NativeMethodAccessorImpl.invoke(Unknown Source)
	at sun.reflect.DelegatingMethodAccessorImpl.invoke(Unknown Source)
	at java.lang.reflect.Method.invoke(Unknown Source)
	at org.testng.internal.MethodInvocationHelper.invokeMethod(MethodInvocationHelper.java:84)
	at org.testng.internal.Invoker.invokeMethod(Invoker.java:714)
	at org.testng.internal.Invoker.invokeTestMethod(Invoker.java:901)
	at org.testng.internal.Invoker.invokeTestMethods(Invoker.java:1231)
	at org.testng.internal.TestMethodWorker.invokeTestMethods(TestMethodWorker.java:127)
	at org.testng.internal.TestMethodWorker.run(TestMethodWorker.java:111)
	at org.testng.TestRunner.privateRun(TestRunner.java:767)
	at org.testng.TestRunner.run(TestRunner.java:617)
	at org.testng.SuiteRunner.runTest(SuiteRunner.java:334)
	at org.testng.SuiteRunner.runSequentially(SuiteRunner.java:329)
	at org.testng.SuiteRunner.privateRun(SuiteRunner.java:291)
	at org.testng.SuiteRunner.run(SuiteRunner.java:240)
	at org.testng.SuiteRunnerWorker.runSuite(SuiteRunnerWorker.java:52)
	at org.testng.SuiteRunnerWorker.run(SuiteRunnerWorker.java:86)
	at org.testng.TestNG.runSuitesSequentially(TestNG.java:1224)
	at org.testng.TestNG.runSuitesLocally(TestNG.java:1149)
	at org.testng.TestNG.run(TestNG.java:1057)
	at org.testng.remote.RemoteTestNG.run(RemoteTestNG.java:111)
	at org.testng.remote.RemoteTestNG.initAndRun(RemoteTestNG.java:204)
	at org.testng.remote.RemoteTestNG.main(RemoteTestNG.java:175)
Caused by: org.openqa.selenium.remote.ErrorHandler$UnknownServerException: Element is not currently visible and so may not be interacted with
Build info: version: '2.41.0', revision: '3192d8a', time: '2014-03-27 17:17:32'
System info: host: 'user-PC', ip: '14.98.128.122', os.name: 'Windows 7', os.arch: 'x86', os.version: '6.1', java.version: '1.8.0_20'
Driver info: driver.version: unknown
	at <anonymous class>.fxdriver.preconditions.visible(file:///C:/Users/user/AppData/Local/Temp/anonymous8893218804080538563webdriver-profile/extensions/fxdriver@googlecode.com/components/command_processor.js:8225)
	at <anonymous class>.DelayedCommand.prototype.checkPreconditions_(file:///C:/Users/user/AppData/Local/Temp/anonymous8893218804080538563webdriver-profile/extensions/fxdriver@googlecode.com/components/command_processor.js:10867)
	at <anonymous class>.DelayedCommand.prototype.executeInternal_/h(file:///C:/Users/user/AppData/Local/Temp/anonymous8893218804080538563webdriver-profile/extensions/fxdriver@googlecode.com/components/command_processor.js:10884)
	at <anonymous class>.DelayedCommand.prototype.executeInternal_(file:///C:/Users/user/AppData/Local/Temp/anonymous8893218804080538563webdriver-profile/extensions/fxdriver@googlecode.com/components/command_processor.js:10889)
	at <anonymous class>.DelayedCommand.prototype.execute/<(file:///C:/Users/user/AppData/Local/Temp/anonymous8893218804080538563webdriver-profile/extensions/fxdriver@googlecode.com/components/command_processor.js:10831)
Mar 02,2015 13:29:43 [info]  End Execution of Test Class com.iCM.scripts.AddMedicationEvery3rdDay
*****************************************************************************

*****************************************************************************
Mar 02,2015 13:30:45 [info]   Execution Started of Test Class com.iCM.scripts.AddMedicationEvery3rdDay and Test method testAddMedicationEvery3rdDay
*****************************************************************************
Mar 02,2015 13:30:45 [info]  Open application url
Mar 02,2015 13:31:06 [info]  Pass
Mar 02,2015 13:31:06 [info]  Verify Page title
Mar 02,2015 13:31:11 [info]  Pass
Mar 02,2015 13:31:11 [info]  Enter User name at login page.
Mar 02,2015 13:31:12 [info]  Pass
Mar 02,2015 13:31:12 [info]  Enter password at login page.
Mar 02,2015 13:31:13 [info]  Pass
Mar 02,2015 13:31:13 [info]  Click on Sign In button
Mar 02,2015 13:31:43 [info]  Pass
Mar 02,2015 13:31:43 [info]  Verify home page title
Mar 02,2015 13:31:48 [info]  Pass
Mar 02,2015 13:31:48 [info]  Open Add resident form via deep link
Mar 02,2015 13:32:02 [info]  Pass
Mar 02,2015 13:32:02 [info]  Enter Resident First Name
Mar 02,2015 13:32:05 [info]  Pass
Mar 02,2015 13:32:05 [info]  Enter Middle name
Mar 02,2015 13:32:09 [info]  Pass
Mar 02,2015 13:32:09 [info]  Enter last name
Mar 02,2015 13:32:13 [info]  Pass
Mar 02,2015 13:32:13 [info]  Open 'Calender'
Mar 02,2015 13:32:15 [info]  Pass
Mar 02,2015 13:32:20 [info]  Select Year
Mar 02,2015 13:32:26 [info]  Pass
Mar 02,2015 13:32:29 [info]  Select date
Mar 02,2015 13:32:32 [info]  Pass
Mar 02,2015 13:32:32 [info]  Select gender
Mar 02,2015 13:32:34 [info]  Pass
Mar 02,2015 13:32:34 [info]  Select Marital Status
Mar 02,2015 13:32:36 [info]  Pass
Mar 02,2015 13:32:36 [info]  Open 'Calender' for admit date
Mar 02,2015 13:32:38 [info]  Pass
Mar 02,2015 13:32:41 [info]  Select Year
Mar 02,2015 13:32:47 [info]  Pass
Mar 02,2015 13:32:47 [info]  Select Month
Mar 02,2015 13:32:49 [info]  Pass
Mar 02,2015 13:32:49 [info]  Select date
Mar 02,2015 13:32:52 [info]  Pass
Mar 02,2015 13:32:52 [info]  Select Facality
Mar 02,2015 13:32:54 [info]  Pass
Mar 02,2015 13:32:57 [info]  Select Nurse
Mar 02,2015 13:32:59 [info]  Pass
Mar 02,2015 13:32:59 [info]  Enter level of care
Mar 02,2015 13:33:03 [info]  Pass
Mar 02,2015 13:33:03 [info]  Click on 'Save' button
Mar 02,2015 13:33:07 [info]  Pass
Mar 02,2015 13:33:07 [info]  Search Added resident
Mar 02,2015 13:33:13 [info]  Pass
Mar 02,2015 13:33:13 [info]  Verify added resident
Mar 02,2015 13:33:17 [info]  Pass
Mar 02,2015 13:33:17 [info]  Open resident Profile
Mar 02,2015 13:33:21 [info]  Pass
Mar 02,2015 13:33:26 [info]  Click on Medication button
Mar 02,2015 13:33:30 [info]  Pass
Mar 02,2015 13:33:30 [info]  Click on Add Medication button
Mar 02,2015 13:33:47 [info]  Pass
Mar 02,2015 13:33:47 [info]  Enter Medicine Name
Mar 02,2015 13:33:59 [info]  Pass
Mar 02,2015 13:33:59 [info]  Enter Dosage
Mar 02,2015 13:34:03 [info]  Pass
Mar 02,2015 13:34:03 [info]  Enter instruction
Mar 02,2015 13:34:07 [info]  Pass
Mar 02,2015 13:34:07 [info]  Open 'Calender'
Mar 02,2015 13:34:11 [info]  Pass
Mar 02,2015 13:34:14 [info]  Select date
Mar 02,2015 13:34:18 [info]  Pass
Mar 02,2015 13:34:18 [info]  Select Frequency
Mar 02,2015 13:34:22 [info]  Pass
Mar 02,2015 13:34:22 [info]  Select Frequency
Mar 02,2015 13:34:26 [info]  Pass
Mar 02,2015 13:34:26 [info]  Select Other day option
Mar 02,2015 13:34:27 [info]  Pass
Mar 02,2015 13:34:27 [info]  Select time
Mar 02,2015 13:34:29 [info]  Pass
Mar 02,2015 13:34:29 [info]  Select AM/PM
Mar 02,2015 13:34:30 [info]  Pass
Mar 02,2015 13:34:30 [info]  Click on Add Schedule button
Mar 02,2015 13:34:34 [info]  Pass
Mar 02,2015 13:34:34 [info]  Verify Added Schedule
Mar 02,2015 13:34:34 [info]  Pass
Mar 02,2015 13:34:34 [info]  Click on Save button
Mar 02,2015 13:34:53 [info]  Pass
Mar 02,2015 13:35:08 [info]  Open Medication page
Mar 02,2015 13:35:21 [info]  Pass
Mar 02,2015 13:35:21 [info]  Click on EMR Tab
Mar 02,2015 13:35:25 [info]  Pass
Mar 02,2015 13:35:25 [info]  Click on 'Morning' tab
Mar 02,2015 13:35:43 [info]  Pass
Mar 02,2015 13:35:43 [info]  Verify Added Schedule
Mar 02,2015 13:36:06 [info]  Pass
Mar 02,2015 13:36:06 [info]  Click on Expend button
Mar 02,2015 13:36:10 [info]  Pass
Mar 02,2015 13:36:10 [info]  Verify Starting Blackout
Mar 02,2015 13:36:14 [info]  Mar 02,2015 13:36:14 [info]  <<<<<<<<<<<<<<<<<<<<<<<<<<<<<<<<<< Error message >>>>>>>>>>>>>>>>>>>>>>>>>>>>>>
java.lang.AssertionError: expected [true] but found [false]
	at org.testng.Assert.fail(Assert.java:94)
	at org.testng.Assert.failNotEquals(Assert.java:494)
	at org.testng.Assert.assertTrue(Assert.java:42)
	at org.testng.Assert.assertTrue(Assert.java:52)
	at com.iCM.pagehelper.EChartHelper.verifyBlackOutOtherDay(EChartHelper.java:351)
	at com.iCM.scripts.AddMedicationEvery3rdDay.testAddMedicationEvery3rdDay(AddMedicationEvery3rdDay.java:291)
	at sun.reflect.NativeMethodAccessorImpl.invoke0(Native Method)
	at sun.reflect.NativeMethodAccessorImpl.invoke(Unknown Source)
	at sun.reflect.DelegatingMethodAccessorImpl.invoke(Unknown Source)
	at java.lang.reflect.Method.invoke(Unknown Source)
	at org.testng.internal.MethodInvocationHelper.invokeMethod(MethodInvocationHelper.java:84)
	at org.testng.internal.Invoker.invokeMethod(Invoker.java:714)
	at org.testng.internal.Invoker.invokeTestMethod(Invoker.java:901)
	at org.testng.internal.Invoker.invokeTestMethods(Invoker.java:1231)
	at org.testng.internal.TestMethodWorker.invokeTestMethods(TestMethodWorker.java:127)
	at org.testng.internal.TestMethodWorker.run(TestMethodWorker.java:111)
	at org.testng.TestRunner.privateRun(TestRunner.java:767)
	at org.testng.TestRunner.run(TestRunner.java:617)
	at org.testng.SuiteRunner.runTest(SuiteRunner.java:334)
	at org.testng.SuiteRunner.runSequentially(SuiteRunner.java:329)
	at org.testng.SuiteRunner.privateRun(SuiteRunner.java:291)
	at org.testng.SuiteRunner.run(SuiteRunner.java:240)
	at org.testng.SuiteRunnerWorker.runSuite(SuiteRunnerWorker.java:52)
	at org.testng.SuiteRunnerWorker.run(SuiteRunnerWorker.java:86)
	at org.testng.TestNG.runSuitesSequentially(TestNG.java:1224)
	at org.testng.TestNG.runSuitesLocally(TestNG.java:1149)
	at org.testng.TestNG.run(TestNG.java:1057)
	at org.testng.remote.RemoteTestNG.run(RemoteTestNG.java:111)
	at org.testng.remote.RemoteTestNG.initAndRun(RemoteTestNG.java:204)
	at org.testng.remote.RemoteTestNG.main(RemoteTestNG.java:175)
Mar 02,2015 13:36:14 [info]  End Execution of Test Class com.iCM.scripts.AddMedicationEvery3rdDay
*****************************************************************************

*****************************************************************************
Mar 02,2015 13:37:45 [info]   Execution Started of Test Class com.iCM.scripts.EMRAdministerUndo and Test method testEMRAdministerLate
*****************************************************************************
Mar 02,2015 13:37:45 [info]  Open application url
Mar 02,2015 13:38:05 [info]  Pass
Mar 02,2015 13:38:05 [info]  Verify Page title
Mar 02,2015 13:38:10 [info]  Pass
Mar 02,2015 13:38:10 [info]  Enter User name at login page.
Mar 02,2015 13:38:11 [info]  Pass
Mar 02,2015 13:38:11 [info]  Enter password at login page.
Mar 02,2015 13:38:12 [info]  Pass
Mar 02,2015 13:38:12 [info]  Click on Sign In button
Mar 02,2015 13:38:36 [info]  Pass
Mar 02,2015 13:38:36 [info]  Verify home page title
Mar 02,2015 13:38:42 [info]  Pass
Mar 02,2015 13:38:42 [info]  Click on 'EMR'
Mar 02,2015 13:38:42 [info]  Mar 02,2015 13:38:42 [info]  <<<<<<<<<<<<<<<<<<<<<<<<<<<<<<<<<< Error message >>>>>>>>>>>>>>>>>>>>>>>>>>>>>>
java.lang.NullPointerException
	at com.iCM.locators.LocatorReader.getLocator(LocatorReader.java:32)
	at com.iCM.pagehelper.EMRHelper.click(EMRHelper.java:32)
	at com.iCM.scripts.EMRAdministerUndo.testEMRAdministerLate(EMRAdministerUndo.java:57)
	at sun.reflect.NativeMethodAccessorImpl.invoke0(Native Method)
	at sun.reflect.NativeMethodAccessorImpl.invoke(Unknown Source)
	at sun.reflect.DelegatingMethodAccessorImpl.invoke(Unknown Source)
	at java.lang.reflect.Method.invoke(Unknown Source)
	at org.testng.internal.MethodInvocationHelper.invokeMethod(MethodInvocationHelper.java:84)
	at org.testng.internal.Invoker.invokeMethod(Invoker.java:714)
	at org.testng.internal.Invoker.invokeTestMethod(Invoker.java:901)
	at org.testng.internal.Invoker.invokeTestMethods(Invoker.java:1231)
	at org.testng.internal.TestMethodWorker.invokeTestMethods(TestMethodWorker.java:127)
	at org.testng.internal.TestMethodWorker.run(TestMethodWorker.java:111)
	at org.testng.TestRunner.privateRun(TestRunner.java:767)
	at org.testng.TestRunner.run(TestRunner.java:617)
	at org.testng.SuiteRunner.runTest(SuiteRunner.java:334)
	at org.testng.SuiteRunner.runSequentially(SuiteRunner.java:329)
	at org.testng.SuiteRunner.privateRun(SuiteRunner.java:291)
	at org.testng.SuiteRunner.run(SuiteRunner.java:240)
	at org.testng.SuiteRunnerWorker.runSuite(SuiteRunnerWorker.java:52)
	at org.testng.SuiteRunnerWorker.run(SuiteRunnerWorker.java:86)
	at org.testng.TestNG.runSuitesSequentially(TestNG.java:1224)
	at org.testng.TestNG.runSuitesLocally(TestNG.java:1149)
	at org.testng.TestNG.run(TestNG.java:1057)
	at org.testng.remote.RemoteTestNG.run(RemoteTestNG.java:111)
	at org.testng.remote.RemoteTestNG.initAndRun(RemoteTestNG.java:204)
	at org.testng.remote.RemoteTestNG.main(RemoteTestNG.java:175)
Mar 02,2015 13:38:42 [info]  End Execution of Test Class com.iCM.scripts.EMRAdministerUndo
*****************************************************************************

*****************************************************************************
Mar 02,2015 13:42:00 [info]   Execution Started of Test Class com.iCM.scripts.AddMedicationEvery3rdDay and Test method testAddMedicationEvery3rdDay
*****************************************************************************
Mar 02,2015 13:42:00 [info]  Open application url
Mar 02,2015 13:42:28 [info]  Pass
Mar 02,2015 13:42:28 [info]  Verify Page title
Mar 02,2015 13:42:34 [info]  Pass
Mar 02,2015 13:42:34 [info]  Enter User name at login page.
Mar 02,2015 13:42:35 [info]  Pass
Mar 02,2015 13:42:35 [info]  Enter password at login page.
Mar 02,2015 13:42:36 [info]  Pass
Mar 02,2015 13:42:36 [info]  Click on Sign In button
Mar 02,2015 13:43:05 [info]  Pass
Mar 02,2015 13:43:05 [info]  Verify home page title
Mar 02,2015 13:43:10 [info]  Pass
Mar 02,2015 13:43:10 [info]  Open Add resident form via deep link
Mar 02,2015 13:43:32 [info]  Pass
Mar 02,2015 13:43:32 [info]  Enter Resident First Name
Mar 02,2015 13:43:35 [info]  Pass
Mar 02,2015 13:43:35 [info]  Enter Middle name
Mar 02,2015 13:43:40 [info]  Pass
Mar 02,2015 13:43:40 [info]  Enter last name
Mar 02,2015 13:43:44 [info]  Pass
Mar 02,2015 13:43:44 [info]  Open 'Calender'
Mar 02,2015 13:43:45 [info]  Pass
Mar 02,2015 13:43:50 [info]  Select Year
Mar 02,2015 13:43:57 [info]  Pass
Mar 02,2015 13:44:00 [info]  Select date
Mar 02,2015 13:44:02 [info]  Pass
Mar 02,2015 13:44:02 [info]  Select gender
Mar 02,2015 13:44:04 [info]  Pass
Mar 02,2015 13:44:04 [info]  Select Marital Status
Mar 02,2015 13:44:08 [info]  Pass
Mar 02,2015 13:44:08 [info]  Open 'Calender' for admit date
Mar 02,2015 13:44:10 [info]  Pass
Mar 02,2015 13:44:13 [info]  Select Year
Mar 02,2015 13:44:20 [info]  Pass
Mar 02,2015 13:44:20 [info]  Select Month
Mar 02,2015 13:44:21 [info]  Pass
Mar 02,2015 13:44:21 [info]  Select date
Mar 02,2015 13:44:24 [info]  Pass
Mar 02,2015 13:44:24 [info]  Select Facality
Mar 02,2015 13:44:26 [info]  Pass
Mar 02,2015 13:44:29 [info]  Select Nurse
Mar 02,2015 13:44:30 [info]  Pass
Mar 02,2015 13:44:30 [info]  Enter level of care
Mar 02,2015 13:44:34 [info]  Pass
Mar 02,2015 13:44:34 [info]  Click on 'Save' button
Mar 02,2015 13:44:37 [info]  Pass
Mar 02,2015 13:44:37 [info]  Search Added resident
Mar 02,2015 13:44:42 [info]  Pass
Mar 02,2015 13:44:42 [info]  Verify added resident
Mar 02,2015 13:44:45 [info]  Pass
Mar 02,2015 13:44:45 [info]  Open resident Profile
Mar 02,2015 13:44:49 [info]  Pass
Mar 02,2015 13:44:52 [info]  Click on Medication button
Mar 02,2015 13:44:56 [info]  Pass
Mar 02,2015 13:44:56 [info]  Click on Add Medication button
Mar 02,2015 13:45:10 [info]  Pass
Mar 02,2015 13:45:10 [info]  Enter Medicine Name
Mar 02,2015 13:45:22 [info]  Pass
Mar 02,2015 13:45:22 [info]  Enter Dosage
Mar 02,2015 13:45:26 [info]  Pass
Mar 02,2015 13:45:26 [info]  Enter instruction
Mar 02,2015 13:45:29 [info]  Pass
Mar 02,2015 13:45:29 [info]  Open 'Calender'
Mar 02,2015 13:45:34 [info]  Pass
Mar 02,2015 13:45:37 [info]  Select date
Mar 02,2015 13:45:40 [info]  Pass
Mar 02,2015 13:45:40 [info]  Select Frequency
Mar 02,2015 13:45:44 [info]  Pass
Mar 02,2015 13:45:44 [info]  Select Frequency
Mar 02,2015 13:45:47 [info]  Pass
Mar 02,2015 13:45:48 [info]  Select Other day option
Mar 02,2015 13:45:49 [info]  Pass
Mar 02,2015 13:45:49 [info]  Select time
Mar 02,2015 13:45:50 [info]  Pass
Mar 02,2015 13:45:50 [info]  Select AM/PM
Mar 02,2015 13:45:51 [info]  Pass
Mar 02,2015 13:45:51 [info]  Click on Add Schedule button
Mar 02,2015 13:45:55 [info]  Pass
Mar 02,2015 13:45:55 [info]  Verify Added Schedule
Mar 02,2015 13:45:55 [info]  Pass
Mar 02,2015 13:45:55 [info]  Click on Save button
Mar 02,2015 13:46:12 [info]  Pass
Mar 02,2015 13:46:27 [info]  Open Medication page
Mar 02,2015 13:46:40 [info]  Pass
Mar 02,2015 13:46:40 [info]  Click on EMR Tab
Mar 02,2015 13:46:43 [info]  Pass
Mar 02,2015 13:46:43 [info]  Click on 'Morning' tab
Mar 02,2015 13:47:01 [info]  Pass
Mar 02,2015 13:47:01 [info]  Verify Added Schedule
Mar 02,2015 13:47:02 [info]  Pass
Mar 02,2015 13:47:02 [info]  Click on Expend button
Mar 02,2015 13:47:05 [info]  Pass
Mar 02,2015 13:47:05 [info]  Verify Starting Blackout
Mar 02,2015 13:48:19 [info]  Mar 02,2015 13:48:19 [info]  <<<<<<<<<<<<<<<<<<<<<<<<<<<<<<<<<< Error message >>>>>>>>>>>>>>>>>>>>>>>>>>>>>>
java.lang.AssertionError: Element Locator ://*[@id='administeredlogtbl']/tbody/tr[1]/td[33] Not found expected [true] but found [false]
	at org.testng.Assert.fail(Assert.java:94)
	at org.testng.Assert.failNotEquals(Assert.java:494)
	at org.testng.Assert.assertTrue(Assert.java:42)
	at com.iCM.util.DriverHelper.getAttribute(DriverHelper.java:320)
	at com.iCM.pagehelper.EChartHelper.verifyBlackOutOtherDay(EChartHelper.java:350)
	at com.iCM.scripts.AddMedicationEvery3rdDay.testAddMedicationEvery3rdDay(AddMedicationEvery3rdDay.java:291)
	at sun.reflect.NativeMethodAccessorImpl.invoke0(Native Method)
	at sun.reflect.NativeMethodAccessorImpl.invoke(Unknown Source)
	at sun.reflect.DelegatingMethodAccessorImpl.invoke(Unknown Source)
	at java.lang.reflect.Method.invoke(Unknown Source)
	at org.testng.internal.MethodInvocationHelper.invokeMethod(MethodInvocationHelper.java:84)
	at org.testng.internal.Invoker.invokeMethod(Invoker.java:714)
	at org.testng.internal.Invoker.invokeTestMethod(Invoker.java:901)
	at org.testng.internal.Invoker.invokeTestMethods(Invoker.java:1231)
	at org.testng.internal.TestMethodWorker.invokeTestMethods(TestMethodWorker.java:127)
	at org.testng.internal.TestMethodWorker.run(TestMethodWorker.java:111)
	at org.testng.TestRunner.privateRun(TestRunner.java:767)
	at org.testng.TestRunner.run(TestRunner.java:617)
	at org.testng.SuiteRunner.runTest(SuiteRunner.java:334)
	at org.testng.SuiteRunner.runSequentially(SuiteRunner.java:329)
	at org.testng.SuiteRunner.privateRun(SuiteRunner.java:291)
	at org.testng.SuiteRunner.run(SuiteRunner.java:240)
	at org.testng.SuiteRunnerWorker.runSuite(SuiteRunnerWorker.java:52)
	at org.testng.SuiteRunnerWorker.run(SuiteRunnerWorker.java:86)
	at org.testng.TestNG.runSuitesSequentially(TestNG.java:1224)
	at org.testng.TestNG.runSuitesLocally(TestNG.java:1149)
	at org.testng.TestNG.run(TestNG.java:1057)
	at org.testng.remote.RemoteTestNG.run(RemoteTestNG.java:111)
	at org.testng.remote.RemoteTestNG.initAndRun(RemoteTestNG.java:204)
	at org.testng.remote.RemoteTestNG.main(RemoteTestNG.java:175)
Mar 02,2015 13:48:19 [info]  End Execution of Test Class com.iCM.scripts.AddMedicationEvery3rdDay
*****************************************************************************

*****************************************************************************
Mar 02,2015 13:51:00 [info]   Execution Started of Test Class com.iCM.scripts.AddMedicationEvery3rdDay and Test method testAddMedicationEvery3rdDay
*****************************************************************************
Mar 02,2015 13:51:00 [info]  Open application url
Mar 02,2015 13:51:27 [info]  Mar 02,2015 13:51:27 [info]  <<<<<<<<<<<<<<<<<<<<<<<<<<<<<<<<<< Error message >>>>>>>>>>>>>>>>>>>>>>>>>>>>>>
org.openqa.selenium.remote.UnreachableBrowserException: Error communicating with the remote browser. It may have died.
Build info: version: '2.41.0', revision: '3192d8a', time: '2014-03-27 17:17:32'
System info: host: 'user-PC', ip: '192.168.21.1', os.name: 'Windows 7', os.arch: 'x86', os.version: '6.1', java.version: '1.8.0_20'
Driver info: driver.version: RemoteWebDriver
	at org.openqa.selenium.remote.RemoteWebDriver.execute(RemoteWebDriver.java:589)
	at org.openqa.selenium.remote.RemoteWebDriver.get(RemoteWebDriver.java:300)
	at org.openqa.selenium.remote.RemoteWebDriver$RemoteNavigation.to(RemoteWebDriver.java:842)
	at com.iCM.util.DriverTestCase.openUrl(DriverTestCase.java:144)
	at com.iCM.scripts.AddMedicationEvery3rdDay.testAddMedicationEvery3rdDay(AddMedicationEvery3rdDay.java:34)
	at sun.reflect.NativeMethodAccessorImpl.invoke0(Native Method)
	at sun.reflect.NativeMethodAccessorImpl.invoke(Unknown Source)
	at sun.reflect.DelegatingMethodAccessorImpl.invoke(Unknown Source)
	at java.lang.reflect.Method.invoke(Unknown Source)
	at org.testng.internal.MethodInvocationHelper.invokeMethod(MethodInvocationHelper.java:84)
	at org.testng.internal.Invoker.invokeMethod(Invoker.java:714)
	at org.testng.internal.Invoker.invokeTestMethod(Invoker.java:901)
	at org.testng.internal.Invoker.invokeTestMethods(Invoker.java:1231)
	at org.testng.internal.TestMethodWorker.invokeTestMethods(TestMethodWorker.java:127)
	at org.testng.internal.TestMethodWorker.run(TestMethodWorker.java:111)
	at org.testng.TestRunner.privateRun(TestRunner.java:767)
	at org.testng.TestRunner.run(TestRunner.java:617)
	at org.testng.SuiteRunner.runTest(SuiteRunner.java:334)
	at org.testng.SuiteRunner.runSequentially(SuiteRunner.java:329)
	at org.testng.SuiteRunner.privateRun(SuiteRunner.java:291)
	at org.testng.SuiteRunner.run(SuiteRunner.java:240)
	at org.testng.SuiteRunnerWorker.runSuite(SuiteRunnerWorker.java:52)
	at org.testng.SuiteRunnerWorker.run(SuiteRunnerWorker.java:86)
	at org.testng.TestNG.runSuitesSequentially(TestNG.java:1224)
	at org.testng.TestNG.runSuitesLocally(TestNG.java:1149)
	at org.testng.TestNG.run(TestNG.java:1057)
	at org.testng.remote.RemoteTestNG.run(RemoteTestNG.java:111)
	at org.testng.remote.RemoteTestNG.initAndRun(RemoteTestNG.java:204)
	at org.testng.remote.RemoteTestNG.main(RemoteTestNG.java:175)
Caused by: java.net.ConnectException: Connection refused: connect
	at java.net.DualStackPlainSocketImpl.waitForConnect(Native Method)
	at java.net.DualStackPlainSocketImpl.socketConnect(Unknown Source)
	at java.net.AbstractPlainSocketImpl.doConnect(Unknown Source)
	at java.net.AbstractPlainSocketImpl.connectToAddress(Unknown Source)
	at java.net.AbstractPlainSocketImpl.connect(Unknown Source)
	at java.net.PlainSocketImpl.connect(Unknown Source)
	at java.net.SocksSocketImpl.connect(Unknown Source)
	at java.net.Socket.connect(Unknown Source)
	at org.apache.http.conn.scheme.PlainSocketFactory.connectSocket(PlainSocketFactory.java:117)
	at org.apache.http.impl.conn.DefaultClientConnectionOperator.openConnection(DefaultClientConnectionOperator.java:178)
	at org.apache.http.impl.conn.AbstractPoolEntry.open(AbstractPoolEntry.java:144)
	at org.apache.http.impl.conn.AbstractPooledConnAdapter.open(AbstractPooledConnAdapter.java:131)
	at org.apache.http.impl.client.DefaultRequestDirector.tryConnect(DefaultRequestDirector.java:610)
	at org.apache.http.impl.client.DefaultRequestDirector.execute(DefaultRequestDirector.java:445)
	at org.apache.http.impl.client.AbstractHttpClient.doExecute(AbstractHttpClient.java:863)
	at org.apache.http.impl.client.CloseableHttpClient.execute(CloseableHttpClient.java:72)
	at org.apache.http.impl.client.CloseableHttpClient.execute(CloseableHttpClient.java:57)
	at org.openqa.selenium.remote.HttpCommandExecutor.fallBackExecute(HttpCommandExecutor.java:340)
	at org.openqa.selenium.remote.HttpCommandExecutor.execute(HttpCommandExecutor.java:301)
	at org.openqa.selenium.firefox.internal.NewProfileExtensionConnection.execute(NewProfileExtensionConnection.java:165)
	at org.openqa.selenium.firefox.FirefoxDriver$LazyCommandExecutor.execute(FirefoxDriver.java:362)
	at org.openqa.selenium.remote.RemoteWebDriver.execute(RemoteWebDriver.java:568)
	... 28 more
Mar 02,2015 13:51:28 [info]  End Execution of Test Class com.iCM.scripts.AddMedicationEvery3rdDay
*****************************************************************************

*****************************************************************************
Mar 02,2015 13:53:29 [info]   Execution Started of Test Class com.iCM.scripts.AddMedicationEvery3rdDay and Test method testAddMedicationEvery3rdDay
*****************************************************************************
Mar 02,2015 13:53:29 [info]  Open application url
Mar 02,2015 13:53:57 [info]  Pass
Mar 02,2015 13:53:57 [info]  Verify Page title
Mar 02,2015 13:54:02 [info]  Pass
Mar 02,2015 13:54:02 [info]  Enter User name at login page.
Mar 02,2015 13:54:02 [info]  Pass
Mar 02,2015 13:54:02 [info]  Enter password at login page.
Mar 02,2015 13:54:03 [info]  Pass
Mar 02,2015 13:54:03 [info]  Click on Sign In button
Mar 02,2015 13:54:20 [info]  Pass
Mar 02,2015 13:54:40 [info]  Click on 'Morning' tab
Mar 02,2015 13:54:44 [info]  Pass
Mar 02,2015 13:54:44 [info]  Verify Added Schedule
Mar 02,2015 13:54:44 [info]  Pass
Mar 02,2015 13:54:44 [info]  Click on Expend button
Mar 02,2015 13:54:47 [info]  Pass
Mar 02,2015 13:54:47 [info]  Verify Starting Blackout
Mar 02,2015 13:56:56 [info]  Pass
Mar 02,2015 13:56:56 [info]  Open resident profile
Mar 02,2015 13:57:30 [info]  Mar 02,2015 13:57:30 [info]  <<<<<<<<<<<<<<<<<<<<<<<<<<<<<<<<<< Error message >>>>>>>>>>>>>>>>>>>>>>>>>>>>>>
java.lang.AssertionError: Element Locator ://*[@id='Div6'] Not found expected [true] but found [false]
	at org.testng.Assert.fail(Assert.java:94)
	at org.testng.Assert.failNotEquals(Assert.java:494)
	at org.testng.Assert.assertTrue(Assert.java:42)
	at com.iCM.util.DriverHelper.clickOn(DriverHelper.java:251)
	at com.iCM.pagehelper.ResidentHelper.click(ResidentHelper.java:35)
	at com.iCM.scripts.AddMedicationEvery3rdDay.testAddMedicationEvery3rdDay(AddMedicationEvery3rdDay.java:300)
	at sun.reflect.NativeMethodAccessorImpl.invoke0(Native Method)
	at sun.reflect.NativeMethodAccessorImpl.invoke(Unknown Source)
	at sun.reflect.DelegatingMethodAccessorImpl.invoke(Unknown Source)
	at java.lang.reflect.Method.invoke(Unknown Source)
	at org.testng.internal.MethodInvocationHelper.invokeMethod(MethodInvocationHelper.java:84)
	at org.testng.internal.Invoker.invokeMethod(Invoker.java:714)
	at org.testng.internal.Invoker.invokeTestMethod(Invoker.java:901)
	at org.testng.internal.Invoker.invokeTestMethods(Invoker.java:1231)
	at org.testng.internal.TestMethodWorker.invokeTestMethods(TestMethodWorker.java:127)
	at org.testng.internal.TestMethodWorker.run(TestMethodWorker.java:111)
	at org.testng.TestRunner.privateRun(TestRunner.java:767)
	at org.testng.TestRunner.run(TestRunner.java:617)
	at org.testng.SuiteRunner.runTest(SuiteRunner.java:334)
	at org.testng.SuiteRunner.runSequentially(SuiteRunner.java:329)
	at org.testng.SuiteRunner.privateRun(SuiteRunner.java:291)
	at org.testng.SuiteRunner.run(SuiteRunner.java:240)
	at org.testng.SuiteRunnerWorker.runSuite(SuiteRunnerWorker.java:52)
	at org.testng.SuiteRunnerWorker.run(SuiteRunnerWorker.java:86)
	at org.testng.TestNG.runSuitesSequentially(TestNG.java:1224)
	at org.testng.TestNG.runSuitesLocally(TestNG.java:1149)
	at org.testng.TestNG.run(TestNG.java:1057)
	at org.testng.remote.RemoteTestNG.run(RemoteTestNG.java:111)
	at org.testng.remote.RemoteTestNG.initAndRun(RemoteTestNG.java:204)
	at org.testng.remote.RemoteTestNG.main(RemoteTestNG.java:175)
Mar 02,2015 13:57:30 [info]  End Execution of Test Class com.iCM.scripts.AddMedicationEvery3rdDay
*****************************************************************************

*****************************************************************************
Mar 02,2015 14:21:29 [info]   Execution Started of Test Class com.iCM.scripts.AddMedicationEvery14thDay and Test method testAddMedicationEvery14thDay
*****************************************************************************
Mar 02,2015 14:21:29 [info]  Open application url
Mar 02,2015 14:22:00 [info]  Pass
Mar 02,2015 14:22:00 [info]  Verify Page title
Mar 02,2015 14:22:05 [info]  Pass
Mar 02,2015 14:22:05 [info]  Enter User name at login page.
Mar 02,2015 14:22:06 [info]  Pass
Mar 02,2015 14:22:06 [info]  Enter password at login page.
Mar 02,2015 14:22:08 [info]  Pass
Mar 02,2015 14:22:08 [info]  Click on Sign In button
Mar 02,2015 14:22:26 [info]  Pass
Mar 02,2015 14:22:26 [info]  Verify home page title
Mar 02,2015 14:22:31 [info]  Pass
Mar 02,2015 14:22:31 [info]  Open Add resident form via deep link
Mar 02,2015 14:22:44 [info]  Pass
Mar 02,2015 14:22:44 [info]  Enter Resident First Name
Mar 02,2015 14:22:48 [info]  Pass
Mar 02,2015 14:22:48 [info]  Enter Middle name
Mar 02,2015 14:22:51 [info]  Pass
Mar 02,2015 14:22:51 [info]  Enter last name
Mar 02,2015 14:22:55 [info]  Pass
Mar 02,2015 14:22:55 [info]  Open 'Calender'
Mar 02,2015 14:22:56 [info]  Pass
Mar 02,2015 14:23:01 [info]  Select Year
Mar 02,2015 14:23:08 [info]  Pass
Mar 02,2015 14:23:11 [info]  Select date
Mar 02,2015 14:23:13 [info]  Pass
Mar 02,2015 14:23:13 [info]  Select gender
Mar 02,2015 14:23:15 [info]  Pass
Mar 02,2015 14:23:15 [info]  Select Marital Status
Mar 02,2015 14:23:16 [info]  Pass
Mar 02,2015 14:23:16 [info]  Open 'Calender' for admit date
Mar 02,2015 14:23:18 [info]  Pass
Mar 02,2015 14:23:21 [info]  Select Year
Mar 02,2015 14:23:27 [info]  Pass
Mar 02,2015 14:23:27 [info]  Select Month
Mar 02,2015 14:23:29 [info]  Pass
Mar 02,2015 14:23:29 [info]  Select date
Mar 02,2015 14:23:32 [info]  Pass
Mar 02,2015 14:23:32 [info]  Select Facality
Mar 02,2015 14:23:33 [info]  Pass
Mar 02,2015 14:23:36 [info]  Select Nurse
Mar 02,2015 14:23:37 [info]  Pass
Mar 02,2015 14:23:37 [info]  Enter level of care
Mar 02,2015 14:23:41 [info]  Pass
Mar 02,2015 14:23:41 [info]  Click on 'Save' button
Mar 02,2015 14:23:44 [info]  Pass
Mar 02,2015 14:23:44 [info]  Search Added resident
Mar 02,2015 14:23:54 [info]  Pass
Mar 02,2015 14:23:54 [info]  Verify added resident
Mar 02,2015 14:23:57 [info]  Pass
Mar 02,2015 14:23:57 [info]  Open resident Profile
Mar 02,2015 14:24:01 [info]  Pass
Mar 02,2015 14:24:04 [info]  Click on Medication button
Mar 02,2015 14:24:07 [info]  Pass
Mar 02,2015 14:24:07 [info]  Click on Add Medication button
Mar 02,2015 14:24:21 [info]  Pass
Mar 02,2015 14:24:21 [info]  Enter Medicine Name
Mar 02,2015 14:24:34 [info]  Pass
Mar 02,2015 14:24:34 [info]  Enter Dosage
Mar 02,2015 14:24:37 [info]  Pass
Mar 02,2015 14:24:37 [info]  Enter instruction
Mar 02,2015 14:24:41 [info]  Pass
Mar 02,2015 14:24:41 [info]  Open 'Calender'
Mar 02,2015 14:24:45 [info]  Pass
Mar 02,2015 14:24:48 [info]  Select date
Mar 02,2015 14:24:52 [info]  Pass
Mar 02,2015 14:24:52 [info]  Select Frequency
Mar 02,2015 14:24:55 [info]  Pass
Mar 02,2015 14:24:55 [info]  Select Frequency
Mar 02,2015 14:24:59 [info]  Pass
Mar 02,2015 14:24:59 [info]  Select Other day option
Mar 02,2015 14:25:00 [info]  Pass
Mar 02,2015 14:25:00 [info]  Select time
Mar 02,2015 14:25:01 [info]  Pass
Mar 02,2015 14:25:01 [info]  Select AM/PM
Mar 02,2015 14:25:02 [info]  Pass
Mar 02,2015 14:25:02 [info]  Click on Add Schedule button
Mar 02,2015 14:25:06 [info]  Pass
Mar 02,2015 14:25:06 [info]  Verify Added Schedule
Mar 02,2015 14:25:06 [info]  Pass
Mar 02,2015 14:25:06 [info]  Click on Save button
Mar 02,2015 14:25:24 [info]  Pass
Mar 02,2015 14:25:39 [info]  Open Medication page
Mar 02,2015 14:25:51 [info]  Pass
Mar 02,2015 14:25:51 [info]  Click on EMR Tab
Mar 02,2015 14:25:54 [info]  Pass
Mar 02,2015 14:25:54 [info]  Click on 'Morning' tab
Mar 02,2015 14:26:11 [info]  Pass
Mar 02,2015 14:26:11 [info]  Verify Added Schedule
Mar 02,2015 14:26:11 [info]  Pass
Mar 02,2015 14:26:11 [info]  Click on Expend button
Mar 02,2015 14:26:15 [info]  Pass
Mar 02,2015 14:26:15 [info]  Verify Starting Blackout
Mar 02,2015 14:27:52 [info]  Pass
Mar 02,2015 14:28:05 [info]  Open resident profile
Mar 02,2015 14:28:20 [info]  Pass
Mar 02,2015 14:28:20 [info]  End Execution of Test Class com.iCM.scripts.AddMedicationEvery14thDay
*****************************************************************************

*****************************************************************************
Mar 02,2015 14:28:59 [info]   Execution Started of Test Class com.iCM.scripts.AddMedicationEvery10thDay and Test method testAddMedicationEvery10thDay
*****************************************************************************
Mar 02,2015 14:28:59 [info]  Open application url
Mar 02,2015 14:29:17 [info]  Pass
Mar 02,2015 14:29:17 [info]  Verify Page title
Mar 02,2015 14:29:22 [info]  Pass
Mar 02,2015 14:29:22 [info]  Enter User name at login page.
Mar 02,2015 14:29:23 [info]  Pass
Mar 02,2015 14:29:23 [info]  Enter password at login page.
Mar 02,2015 14:29:24 [info]  Pass
Mar 02,2015 14:29:24 [info]  Click on Sign In button
Mar 02,2015 14:29:50 [info]  Pass
Mar 02,2015 14:29:50 [info]  Verify home page title
Mar 02,2015 14:29:55 [info]  Pass
Mar 02,2015 14:29:55 [info]  Open Add resident form via deep link
Mar 02,2015 14:30:09 [info]  Pass
Mar 02,2015 14:30:09 [info]  Enter Resident First Name
Mar 02,2015 14:30:13 [info]  Pass
Mar 02,2015 14:30:13 [info]  Enter Middle name
Mar 02,2015 14:30:16 [info]  Pass
Mar 02,2015 14:30:16 [info]  Enter last name
Mar 02,2015 14:30:20 [info]  Pass
Mar 02,2015 14:30:20 [info]  Open 'Calender'
Mar 02,2015 14:30:22 [info]  Pass
Mar 02,2015 14:30:27 [info]  Select Year
Mar 02,2015 14:30:33 [info]  Pass
Mar 02,2015 14:30:36 [info]  Select date
Mar 02,2015 14:30:39 [info]  Pass
Mar 02,2015 14:30:39 [info]  Select gender
Mar 02,2015 14:30:40 [info]  Pass
Mar 02,2015 14:30:40 [info]  Select Marital Status
Mar 02,2015 14:30:42 [info]  Pass
Mar 02,2015 14:30:42 [info]  Open 'Calender' for admit date
Mar 02,2015 14:30:43 [info]  Pass
Mar 02,2015 14:30:46 [info]  Select Year
Mar 02,2015 14:30:53 [info]  Pass
Mar 02,2015 14:30:53 [info]  Select Month
Mar 02,2015 14:30:54 [info]  Pass
Mar 02,2015 14:30:54 [info]  Select date
Mar 02,2015 14:30:57 [info]  Pass
Mar 02,2015 14:30:57 [info]  Select Facality
Mar 02,2015 14:30:58 [info]  Pass
Mar 02,2015 14:31:01 [info]  Select Nurse
Mar 02,2015 14:31:03 [info]  Pass
Mar 02,2015 14:31:03 [info]  Enter level of care
Mar 02,2015 14:31:06 [info]  Pass
Mar 02,2015 14:31:06 [info]  Click on 'Save' button
Mar 02,2015 14:31:10 [info]  Pass
Mar 02,2015 14:31:10 [info]  Search Added resident
Mar 02,2015 14:31:16 [info]  Pass
Mar 02,2015 14:31:16 [info]  Verify added resident
Mar 02,2015 14:31:19 [info]  Pass
Mar 02,2015 14:31:19 [info]  Open resident Profile
Mar 02,2015 14:31:23 [info]  Pass
Mar 02,2015 14:31:26 [info]  Click on Medication button
Mar 02,2015 14:31:30 [info]  Pass
Mar 02,2015 14:31:30 [info]  Click on Add Medication button
Mar 02,2015 14:31:46 [info]  Pass
Mar 02,2015 14:31:46 [info]  Enter Medicine Name
Mar 02,2015 14:31:58 [info]  Pass
Mar 02,2015 14:31:58 [info]  Enter Dosage
Mar 02,2015 14:32:02 [info]  Pass
Mar 02,2015 14:32:02 [info]  Enter instruction
Mar 02,2015 14:32:05 [info]  Pass
Mar 02,2015 14:32:05 [info]  Open 'Calender'
Mar 02,2015 14:32:10 [info]  Pass
Mar 02,2015 14:32:13 [info]  Select date
Mar 02,2015 14:32:16 [info]  Pass
Mar 02,2015 14:32:16 [info]  Select Frequency
Mar 02,2015 14:32:20 [info]  Pass
Mar 02,2015 14:32:20 [info]  Select Frequency
Mar 02,2015 14:32:23 [info]  Pass
Mar 02,2015 14:32:23 [info]  Select Other day option
Mar 02,2015 14:32:25 [info]  Pass
Mar 02,2015 14:32:25 [info]  Select time
Mar 02,2015 14:32:26 [info]  Pass
Mar 02,2015 14:32:26 [info]  Select AM/PM
Mar 02,2015 14:32:27 [info]  Pass
Mar 02,2015 14:32:27 [info]  Click on Add Schedule button
Mar 02,2015 14:32:30 [info]  Pass
Mar 02,2015 14:32:30 [info]  Verify Added Schedule
Mar 02,2015 14:32:31 [info]  Pass
Mar 02,2015 14:32:31 [info]  Click on Save button
Mar 02,2015 14:32:49 [info]  Pass
Mar 02,2015 14:33:05 [info]  Open Medication page
Mar 02,2015 14:33:17 [info]  Pass
Mar 02,2015 14:33:17 [info]  Click on EMR Tab
Mar 02,2015 14:33:20 [info]  Pass
Mar 02,2015 14:33:20 [info]  Click on 'Morning' tab
Mar 02,2015 14:33:37 [info]  Pass
Mar 02,2015 14:33:37 [info]  Verify Added Schedule
Mar 02,2015 14:33:38 [info]  Pass
Mar 02,2015 14:33:38 [info]  Click on Expend button
Mar 02,2015 14:33:42 [info]  Pass
Mar 02,2015 14:33:42 [info]  Verify Starting Blackout
Mar 02,2015 14:35:32 [info]  Pass
Mar 02,2015 14:36:14 [info]  Open resident profile
Mar 02,2015 14:36:30 [info]  Pass
Mar 02,2015 14:36:30 [info]  End Execution of Test Class com.iCM.scripts.AddMedicationEvery10thDay
*****************************************************************************

*****************************************************************************
Mar 02,2015 14:37:29 [info]   Execution Started of Test Class com.iCM.scripts.AddMedicationEvery4thDay and Test method testAddMedicationEvery4thDay
*****************************************************************************
Mar 02,2015 14:37:29 [info]  Open application url
Mar 02,2015 14:38:01 [info]  Pass
Mar 02,2015 14:38:01 [info]  Verify Page title
Mar 02,2015 14:38:06 [info]  Pass
Mar 02,2015 14:38:06 [info]  Enter User name at login page.
Mar 02,2015 14:38:07 [info]  Pass
Mar 02,2015 14:38:07 [info]  Enter password at login page.
Mar 02,2015 14:38:08 [info]  Pass
Mar 02,2015 14:38:08 [info]  Click on Sign In button
Mar 02,2015 14:39:05 [info]  Pass
Mar 02,2015 14:39:05 [info]  Verify home page title
Mar 02,2015 14:39:10 [info]  Pass
Mar 02,2015 14:39:10 [info]  Open Add resident form via deep link
Mar 02,2015 14:39:23 [info]  Pass
Mar 02,2015 14:39:23 [info]  Enter Resident First Name
Mar 02,2015 14:39:27 [info]  Pass
Mar 02,2015 14:39:27 [info]  Enter Middle name
Mar 02,2015 14:39:30 [info]  Pass
Mar 02,2015 14:39:30 [info]  Enter last name
Mar 02,2015 14:39:33 [info]  Pass
Mar 02,2015 14:39:33 [info]  Open 'Calender'
Mar 02,2015 14:39:35 [info]  Pass
Mar 02,2015 14:39:40 [info]  Select Year
Mar 02,2015 14:39:46 [info]  Pass
Mar 02,2015 14:39:49 [info]  Select date
Mar 02,2015 14:39:52 [info]  Pass
Mar 02,2015 14:39:52 [info]  Select gender
Mar 02,2015 14:39:53 [info]  Pass
Mar 02,2015 14:39:53 [info]  Select Marital Status
Mar 02,2015 14:39:55 [info]  Pass
Mar 02,2015 14:39:55 [info]  Open 'Calender' for admit date
Mar 02,2015 14:39:56 [info]  Pass
Mar 02,2015 14:39:59 [info]  Select Year
Mar 02,2015 14:40:06 [info]  Pass
Mar 02,2015 14:40:06 [info]  Select Month
Mar 02,2015 14:40:07 [info]  Pass
Mar 02,2015 14:40:07 [info]  Select date
Mar 02,2015 14:40:10 [info]  Pass
Mar 02,2015 14:40:10 [info]  Select Facality
Mar 02,2015 14:40:12 [info]  Pass
Mar 02,2015 14:40:15 [info]  Select Nurse
Mar 02,2015 14:40:16 [info]  Pass
Mar 02,2015 14:40:16 [info]  Enter level of care
Mar 02,2015 14:40:20 [info]  Pass
Mar 02,2015 14:40:20 [info]  Click on 'Save' button
Mar 02,2015 14:40:23 [info]  Pass
Mar 02,2015 14:40:23 [info]  Search Added resident
Mar 02,2015 14:40:30 [info]  Pass
Mar 02,2015 14:40:30 [info]  Verify added resident
Mar 02,2015 14:40:33 [info]  Pass
Mar 02,2015 14:40:33 [info]  Open resident Profile
Mar 02,2015 14:40:37 [info]  Pass
Mar 02,2015 14:40:40 [info]  Click on Medication button
Mar 02,2015 14:40:44 [info]  Pass
Mar 02,2015 14:40:44 [info]  Click on Add Medication button
Mar 02,2015 14:41:00 [info]  Pass
Mar 02,2015 14:41:00 [info]  Enter Medicine Name
Mar 02,2015 14:41:13 [info]  Pass
Mar 02,2015 14:41:13 [info]  Enter Dosage
Mar 02,2015 14:41:17 [info]  Pass
Mar 02,2015 14:41:17 [info]  Enter instruction
Mar 02,2015 14:41:20 [info]  Pass
Mar 02,2015 14:41:20 [info]  Open 'Calender'
Mar 02,2015 14:41:25 [info]  Pass
Mar 02,2015 14:41:28 [info]  Select date
Mar 02,2015 14:41:31 [info]  Pass
Mar 02,2015 14:41:31 [info]  Select Frequency
Mar 02,2015 14:41:35 [info]  Pass
Mar 02,2015 14:41:35 [info]  Select Frequency
Mar 02,2015 14:41:39 [info]  Pass
Mar 02,2015 14:41:39 [info]  Select Other day option
Mar 02,2015 14:41:40 [info]  Pass
Mar 02,2015 14:41:40 [info]  Select time
Mar 02,2015 14:41:41 [info]  Pass
Mar 02,2015 14:41:41 [info]  Select AM/PM
Mar 02,2015 14:41:42 [info]  Pass
Mar 02,2015 14:41:42 [info]  Click on Add Schedule button
Mar 02,2015 14:41:46 [info]  Pass
Mar 02,2015 14:41:46 [info]  Verify Added Schedule
Mar 02,2015 14:41:46 [info]  Pass
Mar 02,2015 14:41:46 [info]  Click on Save button
Mar 02,2015 14:42:03 [info]  Pass
Mar 02,2015 14:42:18 [info]  Open Medication page
Mar 02,2015 14:42:31 [info]  Pass
Mar 02,2015 14:42:31 [info]  Click on EMR Tab
Mar 02,2015 14:42:34 [info]  Pass
Mar 02,2015 14:42:34 [info]  Click on 'Morning' tab
Mar 02,2015 14:42:57 [info]  Pass
Mar 02,2015 14:42:57 [info]  Verify Added Schedule
Mar 02,2015 14:42:57 [info]  Pass
Mar 02,2015 14:42:57 [info]  Click on Expend button
Mar 02,2015 14:43:01 [info]  Pass
Mar 02,2015 14:43:01 [info]  Verify Starting Blackout
Mar 02,2015 14:44:40 [info]  Pass
Mar 02,2015 14:44:49 [info]  Open resident profile
Mar 02,2015 14:45:05 [info]  Pass
Mar 02,2015 14:45:05 [info]  End Execution of Test Class com.iCM.scripts.AddMedicationEvery4thDay
*****************************************************************************

*****************************************************************************
Mar 02,2015 14:46:59 [info]   Execution Started of Test Class com.iCM.scripts.EMRAdminLate and Test method testEMRAdminLate
*****************************************************************************
Mar 02,2015 14:46:59 [info]  Open application url
Mar 02,2015 14:47:12 [info]  Pass
Mar 02,2015 14:47:12 [info]  Verify Page title
Mar 02,2015 14:47:17 [info]  Pass
Mar 02,2015 14:47:17 [info]  Enter User name at login page.
Mar 02,2015 14:47:18 [info]  Pass
Mar 02,2015 14:47:18 [info]  Enter password at login page.
Mar 02,2015 14:47:18 [info]  Pass
Mar 02,2015 14:47:18 [info]  Click on Sign In button
Mar 02,2015 14:47:33 [info]  Pass
Mar 02,2015 14:47:33 [info]  Verify home page title
Mar 02,2015 14:47:38 [info]  Pass
Mar 02,2015 14:47:38 [info]  Open Add resident form via deep link
Mar 02,2015 14:47:50 [info]  Pass
Mar 02,2015 14:47:50 [info]  Enter Resident First Name
Mar 02,2015 14:47:53 [info]  Pass
Mar 02,2015 14:47:54 [info]  Enter Middle name
Mar 02,2015 14:47:57 [info]  Pass
Mar 02,2015 14:47:57 [info]  Enter last name
Mar 02,2015 14:48:02 [info]  Pass
Mar 02,2015 14:48:02 [info]  Open 'Calender'
Mar 02,2015 14:48:04 [info]  Pass
Mar 02,2015 14:48:09 [info]  Select Year
Mar 02,2015 14:48:15 [info]  Pass
Mar 02,2015 14:48:18 [info]  Select date
Mar 02,2015 14:48:21 [info]  Pass
Mar 02,2015 14:48:21 [info]  Select gender
Mar 02,2015 14:48:22 [info]  Pass
Mar 02,2015 14:48:22 [info]  Select Marital Status
Mar 02,2015 14:48:24 [info]  Pass
Mar 02,2015 14:48:24 [info]  Open 'Calender' for admit date
Mar 02,2015 14:48:25 [info]  Pass
Mar 02,2015 14:48:28 [info]  Select Year
Mar 02,2015 14:48:35 [info]  Pass
Mar 02,2015 14:48:35 [info]  Select Month
Mar 02,2015 14:48:36 [info]  Pass
Mar 02,2015 14:48:36 [info]  Select date
Mar 02,2015 14:48:39 [info]  Pass
Mar 02,2015 14:48:39 [info]  Select Facality
Mar 02,2015 14:48:40 [info]  Pass
Mar 02,2015 14:48:43 [info]  Select Nurse
Mar 02,2015 14:48:45 [info]  Pass
Mar 02,2015 14:48:45 [info]  Enter level of care
Mar 02,2015 14:48:49 [info]  Pass
Mar 02,2015 14:48:49 [info]  Click on 'Save' button
Mar 02,2015 14:48:52 [info]  Pass
Mar 02,2015 14:48:52 [info]  Search Added resident
Mar 02,2015 14:48:56 [info]  Pass
Mar 02,2015 14:48:56 [info]  Verify added resident
Mar 02,2015 14:48:59 [info]  Pass
Mar 02,2015 14:48:59 [info]  Open resident Profile
Mar 02,2015 14:49:03 [info]  Pass
Mar 02,2015 14:49:06 [info]  Click on Medication button
Mar 02,2015 14:49:10 [info]  Pass
Mar 02,2015 14:49:10 [info]  Click on Add Medication button
Mar 02,2015 14:49:26 [info]  Pass
Mar 02,2015 14:49:26 [info]  Enter Medicine Name
Mar 02,2015 14:49:41 [info]  Pass
Mar 02,2015 14:49:41 [info]  Enter Dosage
Mar 02,2015 14:49:45 [info]  Pass
Mar 02,2015 14:49:45 [info]  Enter instruction
Mar 02,2015 14:49:48 [info]  Pass
Mar 02,2015 14:49:48 [info]  Open 'Calender'
Mar 02,2015 14:49:53 [info]  Pass
Mar 02,2015 14:49:56 [info]  Select date
Mar 02,2015 14:50:00 [info]  Pass
Mar 02,2015 14:50:00 [info]  Select time
Mar 02,2015 14:50:01 [info]  Pass
Mar 02,2015 14:50:01 [info]  Select AM/PM
Mar 02,2015 14:50:02 [info]  Pass
Mar 02,2015 14:50:02 [info]  Click on Add Schedule button
Mar 02,2015 14:50:06 [info]  Pass
Mar 02,2015 14:50:06 [info]  Verify Added Schedule
Mar 02,2015 14:50:06 [info]  Pass
Mar 02,2015 14:50:06 [info]  Click on Save button
Mar 02,2015 14:50:23 [info]  Pass
Mar 02,2015 14:50:23 [info]  Verify Title
Mar 02,2015 14:50:28 [info]  Pass
Mar 02,2015 14:50:38 [info]  Open Medication page
Mar 02,2015 14:50:49 [info]  Pass
Mar 02,2015 14:50:49 [info]  Click on EMR Tab
Mar 02,2015 14:50:53 [info]  Pass
Mar 02,2015 14:50:53 [info]  Click on All Meds Tab
Mar 02,2015 14:51:08 [info]  Pass
Mar 02,2015 14:51:11 [info]  Click on Admin Button dropdown
Mar 02,2015 14:51:15 [info]  Pass
Mar 02,2015 14:51:15 [info]  Mouse hover Admin Late
Mar 02,2015 14:51:18 [info]  Pass
Mar 02,2015 14:51:18 [info]  Mouse hover Admin Late
Mar 02,2015 14:51:20 [info]  Pass
Mar 02,2015 14:51:20 [info]  Click on reading
Mar 02,2015 14:51:20 [info]  Mar 02,2015 14:51:20 [info]  <<<<<<<<<<<<<<<<<<<<<<<<<<<<<<<<<< Error message >>>>>>>>>>>>>>>>>>>>>>>>>>>>>>
org.openqa.selenium.WebDriverException: window.document.getElementsByClassName(...).click is not a function
Command duration or timeout: 71 milliseconds
Build info: version: '2.41.0', revision: '3192d8a', time: '2014-03-27 17:17:32'
System info: host: 'user-PC', ip: '192.168.21.1', os.name: 'Windows 7', os.arch: 'x86', os.version: '6.1', java.version: '1.8.0_20'
Driver info: org.openqa.selenium.firefox.FirefoxDriver
Capabilities [{applicationCacheEnabled=true, rotatable=false, handlesAlerts=true, databaseEnabled=true, version=29.0.1, platform=XP, browserConnectionEnabled=true, nativeEvents=false, acceptSslCerts=true, webStorageEnabled=true, locationContextEnabled=true, browserName=firefox, takesScreenshot=true, javascriptEnabled=true, cssSelectorsEnabled=true}]
Session ID: ae53f37b-7413-403b-bdbf-90335fddd6b4
	at sun.reflect.NativeConstructorAccessorImpl.newInstance0(Native Method)
	at sun.reflect.NativeConstructorAccessorImpl.newInstance(Unknown Source)
	at sun.reflect.DelegatingConstructorAccessorImpl.newInstance(Unknown Source)
	at java.lang.reflect.Constructor.newInstance(Unknown Source)
	at org.openqa.selenium.remote.ErrorHandler.createThrowable(ErrorHandler.java:193)
	at org.openqa.selenium.remote.ErrorHandler.throwIfResponseFailed(ErrorHandler.java:145)
	at org.openqa.selenium.remote.RemoteWebDriver.execute(RemoteWebDriver.java:595)
	at org.openqa.selenium.remote.RemoteWebDriver.executeScript(RemoteWebDriver.java:504)
	at com.iCM.pagehelper.EMRHelper.Dclick(EMRHelper.java:109)
	at com.iCM.scripts.EMRAdminLate.testEMRAdminLate(EMRAdminLate.java:290)
	at sun.reflect.NativeMethodAccessorImpl.invoke0(Native Method)
	at sun.reflect.NativeMethodAccessorImpl.invoke(Unknown Source)
	at sun.reflect.DelegatingMethodAccessorImpl.invoke(Unknown Source)
	at java.lang.reflect.Method.invoke(Unknown Source)
	at org.testng.internal.MethodInvocationHelper.invokeMethod(MethodInvocationHelper.java:84)
	at org.testng.internal.Invoker.invokeMethod(Invoker.java:714)
	at org.testng.internal.Invoker.invokeTestMethod(Invoker.java:901)
	at org.testng.internal.Invoker.invokeTestMethods(Invoker.java:1231)
	at org.testng.internal.TestMethodWorker.invokeTestMethods(TestMethodWorker.java:127)
	at org.testng.internal.TestMethodWorker.run(TestMethodWorker.java:111)
	at org.testng.TestRunner.privateRun(TestRunner.java:767)
	at org.testng.TestRunner.run(TestRunner.java:617)
	at org.testng.SuiteRunner.runTest(SuiteRunner.java:334)
	at org.testng.SuiteRunner.runSequentially(SuiteRunner.java:329)
	at org.testng.SuiteRunner.privateRun(SuiteRunner.java:291)
	at org.testng.SuiteRunner.run(SuiteRunner.java:240)
	at org.testng.SuiteRunnerWorker.runSuite(SuiteRunnerWorker.java:52)
	at org.testng.SuiteRunnerWorker.run(SuiteRunnerWorker.java:86)
	at org.testng.TestNG.runSuitesSequentially(TestNG.java:1224)
	at org.testng.TestNG.runSuitesLocally(TestNG.java:1149)
	at org.testng.TestNG.run(TestNG.java:1057)
	at org.testng.remote.RemoteTestNG.run(RemoteTestNG.java:111)
	at org.testng.remote.RemoteTestNG.initAndRun(RemoteTestNG.java:204)
	at org.testng.remote.RemoteTestNG.main(RemoteTestNG.java:175)
Caused by: org.openqa.selenium.remote.ErrorHandler$UnknownServerException: window.document.getElementsByClassName(...).click is not a function
Build info: version: '2.41.0', revision: '3192d8a', time: '2014-03-27 17:17:32'
System info: host: 'user-PC', ip: '192.168.21.1', os.name: 'Windows 7', os.arch: 'x86', os.version: '6.1', java.version: '1.8.0_20'
Driver info: driver.version: unknown
	at <anonymous class>.anonymous(http://65.98.29.34:8087/AdministerMed/List/2608:68)
	at <anonymous class>.handleEvaluateEvent(http://65.98.29.34:8087/AdministerMed/List/2608:68)
Mar 02,2015 14:51:21 [info]  End Execution of Test Class com.iCM.scripts.EMRAdminLate
*****************************************************************************

*****************************************************************************
Mar 02,2015 15:05:09 [info]   Execution Started of Test Class com.iCM.scripts.DeleteResident and Test method testAddResident
*****************************************************************************
Mar 02,2015 15:05:09 [info]  Open application url
Mar 02,2015 15:05:48 [info]  Pass
Mar 02,2015 15:05:48 [info]  Verify Page title
Mar 02,2015 15:05:53 [info]  Pass
Mar 02,2015 15:05:53 [info]  Enter User name at login page.
Mar 02,2015 15:05:53 [info]  Pass
Mar 02,2015 15:05:53 [info]  Enter password at login page.
Mar 02,2015 15:05:55 [info]  Pass
Mar 02,2015 15:05:55 [info]  Click on Sign In button
Mar 02,2015 15:06:27 [info]  Pass
Mar 02,2015 15:06:27 [info]  Verify home page title
Mar 02,2015 15:06:32 [info]  Pass
Mar 02,2015 15:06:46 [info]  Search Added resident
Mar 02,2015 15:06:50 [info]  Pass
Mar 02,2015 15:06:53 [info]  Deleting resident
Mar 02,2015 15:06:53 [info]  Open resident profile
Mar 02,2015 15:06:56 [info]  Pass
Mar 02,2015 15:06:56 [info]  Open resident profile
Mar 02,2015 15:06:59 [info]  Pass
Mar 02,2015 15:06:59 [info]  Open resident profile
Mar 02,2015 15:07:23 [info]  Pass
Mar 02,2015 15:07:23 [info]  Search deleted resident
Mar 02,2015 15:07:27 [info]  Pass
Mar 02,2015 15:07:44 [info]  Search Added resident
Mar 02,2015 15:07:48 [info]  Pass
Mar 02,2015 15:07:51 [info]  Deleting resident
Mar 02,2015 15:07:51 [info]  Open resident profile
Mar 02,2015 15:07:53 [info]  Pass
Mar 02,2015 15:07:53 [info]  Open resident profile
Mar 02,2015 15:07:56 [info]  Pass
Mar 02,2015 15:07:56 [info]  Open resident profile
Mar 02,2015 15:08:18 [info]  Pass
Mar 02,2015 15:08:18 [info]  Search deleted resident
Mar 02,2015 15:08:22 [info]  Pass

*****************************************************************************
Mar 02,2015 15:15:32 [info]   Execution Started of Test Class com.iCM.scripts.EMRAdminLate and Test method testEMRAdminLate
*****************************************************************************
Mar 02,2015 15:15:32 [info]  Open application url
Mar 02,2015 15:15:45 [info]  Pass
Mar 02,2015 15:15:45 [info]  Verify Page title
Mar 02,2015 15:15:50 [info]  Pass
Mar 02,2015 15:15:50 [info]  Enter User name at login page.
Mar 02,2015 15:15:51 [info]  Pass
Mar 02,2015 15:15:51 [info]  Enter password at login page.
Mar 02,2015 15:15:52 [info]  Pass
Mar 02,2015 15:15:52 [info]  Click on Sign In button
Mar 02,2015 15:16:08 [info]  Pass
Mar 02,2015 15:16:08 [info]  Verify home page title
Mar 02,2015 15:16:13 [info]  Pass
Mar 02,2015 15:16:13 [info]  Click on All Meds Tab
Mar 02,2015 15:16:30 [info]  Pass
Mar 02,2015 15:16:33 [info]  Click on Admin Button dropdown
Mar 02,2015 15:16:36 [info]  Pass
Mar 02,2015 15:16:36 [info]  Mouse hover Admin Late
Mar 02,2015 15:16:39 [info]  Pass
Mar 02,2015 15:16:39 [info]  Mouse hover Admin Late
Mar 02,2015 15:16:41 [info]  Pass
Mar 02,2015 15:16:41 [info]  Click on reading
Mar 02,2015 15:16:43 [info]  Pass
Mar 02,2015 15:16:46 [info]  Verify Date field is populated
Mar 02,2015 15:16:46 [info]  Mar 02,2015 15:16:46 [info]  <<<<<<<<<<<<<<<<<<<<<<<<<<<<<<<<<< Error message >>>>>>>>>>>>>>>>>>>>>>>>>>>>>>
java.lang.AssertionError: expected [true] but found [false]
	at org.testng.Assert.fail(Assert.java:94)
	at org.testng.Assert.failNotEquals(Assert.java:494)
	at org.testng.Assert.assertTrue(Assert.java:42)
	at org.testng.Assert.assertTrue(Assert.java:52)
	at com.iCM.pagehelper.EMRHelper.verifyFieldPopulated(EMRHelper.java:72)
	at com.iCM.scripts.EMRAdminLate.testEMRAdminLate(EMRAdminLate.java:295)
	at sun.reflect.NativeMethodAccessorImpl.invoke0(Native Method)
	at sun.reflect.NativeMethodAccessorImpl.invoke(Unknown Source)
	at sun.reflect.DelegatingMethodAccessorImpl.invoke(Unknown Source)
	at java.lang.reflect.Method.invoke(Unknown Source)
	at org.testng.internal.MethodInvocationHelper.invokeMethod(MethodInvocationHelper.java:84)
	at org.testng.internal.Invoker.invokeMethod(Invoker.java:714)
	at org.testng.internal.Invoker.invokeTestMethod(Invoker.java:901)
	at org.testng.internal.Invoker.invokeTestMethods(Invoker.java:1231)
	at org.testng.internal.TestMethodWorker.invokeTestMethods(TestMethodWorker.java:127)
	at org.testng.internal.TestMethodWorker.run(TestMethodWorker.java:111)
	at org.testng.TestRunner.privateRun(TestRunner.java:767)
	at org.testng.TestRunner.run(TestRunner.java:617)
	at org.testng.SuiteRunner.runTest(SuiteRunner.java:334)
	at org.testng.SuiteRunner.runSequentially(SuiteRunner.java:329)
	at org.testng.SuiteRunner.privateRun(SuiteRunner.java:291)
	at org.testng.SuiteRunner.run(SuiteRunner.java:240)
	at org.testng.SuiteRunnerWorker.runSuite(SuiteRunnerWorker.java:52)
	at org.testng.SuiteRunnerWorker.run(SuiteRunnerWorker.java:86)
	at org.testng.TestNG.runSuitesSequentially(TestNG.java:1224)
	at org.testng.TestNG.runSuitesLocally(TestNG.java:1149)
	at org.testng.TestNG.run(TestNG.java:1057)
	at org.testng.remote.RemoteTestNG.run(RemoteTestNG.java:111)
	at org.testng.remote.RemoteTestNG.initAndRun(RemoteTestNG.java:204)
	at org.testng.remote.RemoteTestNG.main(RemoteTestNG.java:175)
Mar 02,2015 15:16:46 [info]  End Execution of Test Class com.iCM.scripts.EMRAdminLate
*****************************************************************************

*****************************************************************************
Mar 02,2015 15:19:50 [info]   Execution Started of Test Class com.iCM.scripts.EMRAdminLate and Test method testEMRAdminLate
*****************************************************************************
Mar 02,2015 15:19:50 [info]  Open application url
Mar 02,2015 15:20:04 [info]  Pass
Mar 02,2015 15:20:04 [info]  Verify Page title
Mar 02,2015 15:20:09 [info]  Pass
Mar 02,2015 15:20:09 [info]  Enter User name at login page.
Mar 02,2015 15:20:09 [info]  Pass
Mar 02,2015 15:20:09 [info]  Enter password at login page.
Mar 02,2015 15:20:10 [info]  Pass
Mar 02,2015 15:20:10 [info]  Click on Sign In button
Mar 02,2015 15:20:27 [info]  Pass
Mar 02,2015 15:20:27 [info]  Verify home page title
Mar 02,2015 15:20:32 [info]  Pass
Mar 02,2015 15:20:48 [info]  Click on All Meds Tab
Mar 02,2015 15:20:51 [info]  Pass
Mar 02,2015 15:20:54 [info]  Click on Admin Button dropdown
Mar 02,2015 15:20:58 [info]  Pass
Mar 02,2015 15:20:58 [info]  Mouse hover Admin Late
Mar 02,2015 15:21:00 [info]  Pass
Mar 02,2015 15:21:00 [info]  Mouse hover Admin Late
Mar 02,2015 15:21:03 [info]  Pass
Mar 02,2015 15:21:03 [info]  Click on reading
Mar 02,2015 15:21:05 [info]  Pass
Mar 02,2015 15:21:08 [info]  Verify Date field is populated
Mar 02,2015 15:21:08 [info]  Mar 02,2015 15:21:08 [info]  <<<<<<<<<<<<<<<<<<<<<<<<<<<<<<<<<< Error message >>>>>>>>>>>>>>>>>>>>>>>>>>>>>>
java.lang.AssertionError: expected [true] but found [false]
	at org.testng.Assert.fail(Assert.java:94)
	at org.testng.Assert.failNotEquals(Assert.java:494)
	at org.testng.Assert.assertTrue(Assert.java:42)
	at org.testng.Assert.assertTrue(Assert.java:52)
	at com.iCM.pagehelper.EMRHelper.verifyFieldPopulated(EMRHelper.java:72)
	at com.iCM.scripts.EMRAdminLate.testEMRAdminLate(EMRAdminLate.java:296)
	at sun.reflect.NativeMethodAccessorImpl.invoke0(Native Method)
	at sun.reflect.NativeMethodAccessorImpl.invoke(Unknown Source)
	at sun.reflect.DelegatingMethodAccessorImpl.invoke(Unknown Source)
	at java.lang.reflect.Method.invoke(Unknown Source)
	at org.testng.internal.MethodInvocationHelper.invokeMethod(MethodInvocationHelper.java:84)
	at org.testng.internal.Invoker.invokeMethod(Invoker.java:714)
	at org.testng.internal.Invoker.invokeTestMethod(Invoker.java:901)
	at org.testng.internal.Invoker.invokeTestMethods(Invoker.java:1231)
	at org.testng.internal.TestMethodWorker.invokeTestMethods(TestMethodWorker.java:127)
	at org.testng.internal.TestMethodWorker.run(TestMethodWorker.java:111)
	at org.testng.TestRunner.privateRun(TestRunner.java:767)
	at org.testng.TestRunner.run(TestRunner.java:617)
	at org.testng.SuiteRunner.runTest(SuiteRunner.java:334)
	at org.testng.SuiteRunner.runSequentially(SuiteRunner.java:329)
	at org.testng.SuiteRunner.privateRun(SuiteRunner.java:291)
	at org.testng.SuiteRunner.run(SuiteRunner.java:240)
	at org.testng.SuiteRunnerWorker.runSuite(SuiteRunnerWorker.java:52)
	at org.testng.SuiteRunnerWorker.run(SuiteRunnerWorker.java:86)
	at org.testng.TestNG.runSuitesSequentially(TestNG.java:1224)
	at org.testng.TestNG.runSuitesLocally(TestNG.java:1149)
	at org.testng.TestNG.run(TestNG.java:1057)
	at org.testng.remote.RemoteTestNG.run(RemoteTestNG.java:111)
	at org.testng.remote.RemoteTestNG.initAndRun(RemoteTestNG.java:204)
	at org.testng.remote.RemoteTestNG.main(RemoteTestNG.java:175)
Mar 02,2015 15:21:08 [info]  End Execution of Test Class com.iCM.scripts.EMRAdminLate
*****************************************************************************

*****************************************************************************
Mar 02,2015 15:26:51 [info]   Execution Started of Test Class com.iCM.scripts.EMRAdminLate and Test method testEMRAdminLate
*****************************************************************************
Mar 02,2015 15:26:51 [info]  Open application url
Mar 02,2015 15:27:06 [info]  Pass
Mar 02,2015 15:27:06 [info]  Verify Page title
Mar 02,2015 15:27:11 [info]  Pass
Mar 02,2015 15:27:11 [info]  Enter User name at login page.
Mar 02,2015 15:27:12 [info]  Pass
Mar 02,2015 15:27:12 [info]  Enter password at login page.
Mar 02,2015 15:27:13 [info]  Pass
Mar 02,2015 15:27:13 [info]  Click on Sign In button
Mar 02,2015 15:27:29 [info]  Pass
Mar 02,2015 15:27:29 [info]  Verify home page title
Mar 02,2015 15:27:34 [info]  Pass
Mar 02,2015 15:27:51 [info]  Click on All Meds Tab
Mar 02,2015 15:27:54 [info]  Pass
Mar 02,2015 15:27:57 [info]  Click on Admin Button dropdown
Mar 02,2015 15:28:01 [info]  Pass
Mar 02,2015 15:28:01 [info]  Mouse hover Admin Late
Mar 02,2015 15:28:04 [info]  Pass
Mar 02,2015 15:28:04 [info]  Mouse hover Admin Late
Mar 02,2015 15:28:06 [info]  Pass
Mar 02,2015 15:28:06 [info]  Click on reading
Mar 02,2015 15:28:09 [info]  Pass
Mar 02,2015 15:28:12 [info]  Verify Date field is populated
Mar 02,2015 15:28:12 [info]  Mar 02,2015 15:28:12 [info]  <<<<<<<<<<<<<<<<<<<<<<<<<<<<<<<<<< Error message >>>>>>>>>>>>>>>>>>>>>>>>>>>>>>
java.lang.AssertionError: expected [true] but found [false]
	at org.testng.Assert.fail(Assert.java:94)
	at org.testng.Assert.failNotEquals(Assert.java:494)
	at org.testng.Assert.assertTrue(Assert.java:42)
	at org.testng.Assert.assertTrue(Assert.java:52)
	at com.iCM.pagehelper.EMRHelper.verifyFieldPopulated(EMRHelper.java:72)
	at com.iCM.scripts.EMRAdminLate.testEMRAdminLate(EMRAdminLate.java:296)
	at sun.reflect.NativeMethodAccessorImpl.invoke0(Native Method)
	at sun.reflect.NativeMethodAccessorImpl.invoke(Unknown Source)
	at sun.reflect.DelegatingMethodAccessorImpl.invoke(Unknown Source)
	at java.lang.reflect.Method.invoke(Unknown Source)
	at org.testng.internal.MethodInvocationHelper.invokeMethod(MethodInvocationHelper.java:84)
	at org.testng.internal.Invoker.invokeMethod(Invoker.java:714)
	at org.testng.internal.Invoker.invokeTestMethod(Invoker.java:901)
	at org.testng.internal.Invoker.invokeTestMethods(Invoker.java:1231)
	at org.testng.internal.TestMethodWorker.invokeTestMethods(TestMethodWorker.java:127)
	at org.testng.internal.TestMethodWorker.run(TestMethodWorker.java:111)
	at org.testng.TestRunner.privateRun(TestRunner.java:767)
	at org.testng.TestRunner.run(TestRunner.java:617)
	at org.testng.SuiteRunner.runTest(SuiteRunner.java:334)
	at org.testng.SuiteRunner.runSequentially(SuiteRunner.java:329)
	at org.testng.SuiteRunner.privateRun(SuiteRunner.java:291)
	at org.testng.SuiteRunner.run(SuiteRunner.java:240)
	at org.testng.SuiteRunnerWorker.runSuite(SuiteRunnerWorker.java:52)
	at org.testng.SuiteRunnerWorker.run(SuiteRunnerWorker.java:86)
	at org.testng.TestNG.runSuitesSequentially(TestNG.java:1224)
	at org.testng.TestNG.runSuitesLocally(TestNG.java:1149)
	at org.testng.TestNG.run(TestNG.java:1057)
	at org.testng.remote.RemoteTestNG.run(RemoteTestNG.java:111)
	at org.testng.remote.RemoteTestNG.initAndRun(RemoteTestNG.java:204)
	at org.testng.remote.RemoteTestNG.main(RemoteTestNG.java:175)
Mar 02,2015 15:28:12 [info]  End Execution of Test Class com.iCM.scripts.EMRAdminLate
*****************************************************************************

*****************************************************************************
Mar 02,2015 15:30:10 [info]   Execution Started of Test Class com.iCM.scripts.EMRAdminLate and Test method testEMRAdminLate
*****************************************************************************
Mar 02,2015 15:30:10 [info]  Open application url
Mar 02,2015 15:30:25 [info]  Pass
Mar 02,2015 15:30:25 [info]  Verify Page title
Mar 02,2015 15:30:30 [info]  Pass
Mar 02,2015 15:30:30 [info]  Enter User name at login page.
Mar 02,2015 15:30:30 [info]  Pass
Mar 02,2015 15:30:30 [info]  Enter password at login page.
Mar 02,2015 15:30:31 [info]  Pass
Mar 02,2015 15:30:31 [info]  Click on Sign In button
Mar 02,2015 15:30:47 [info]  Pass
Mar 02,2015 15:30:47 [info]  Verify home page title
Mar 02,2015 15:30:52 [info]  Pass
Mar 02,2015 15:31:12 [info]  Click on All Meds Tab
Mar 02,2015 15:31:16 [info]  Pass
Mar 02,2015 15:31:19 [info]  Click on Admin Button dropdown
Mar 02,2015 15:31:22 [info]  Pass
Mar 02,2015 15:31:22 [info]  Mouse hover Admin Late
Mar 02,2015 15:31:25 [info]  Pass
Mar 02,2015 15:31:25 [info]  Mouse hover Admin Late
Mar 02,2015 15:31:27 [info]  Pass
Mar 02,2015 15:31:27 [info]  Click on reading
Mar 02,2015 15:33:10 [info]  Pass
Mar 02,2015 15:33:13 [info]  Verify Date field is populated
Mar 02,2015 15:33:13 [info]  Mar 02,2015 15:33:13 [info]  <<<<<<<<<<<<<<<<<<<<<<<<<<<<<<<<<< Error message >>>>>>>>>>>>>>>>>>>>>>>>>>>>>>
java.lang.AssertionError: expected [true] but found [false]
	at org.testng.Assert.fail(Assert.java:94)
	at org.testng.Assert.failNotEquals(Assert.java:494)
	at org.testng.Assert.assertTrue(Assert.java:42)
	at org.testng.Assert.assertTrue(Assert.java:52)
	at com.iCM.pagehelper.EMRHelper.verifyFieldPopulated(EMRHelper.java:72)
	at com.iCM.scripts.EMRAdminLate.testEMRAdminLate(EMRAdminLate.java:296)
	at sun.reflect.NativeMethodAccessorImpl.invoke0(Native Method)
	at sun.reflect.NativeMethodAccessorImpl.invoke(Unknown Source)
	at sun.reflect.DelegatingMethodAccessorImpl.invoke(Unknown Source)
	at java.lang.reflect.Method.invoke(Unknown Source)
	at org.testng.internal.MethodInvocationHelper.invokeMethod(MethodInvocationHelper.java:84)
	at org.testng.internal.Invoker.invokeMethod(Invoker.java:714)
	at org.testng.internal.Invoker.invokeTestMethod(Invoker.java:901)
	at org.testng.internal.Invoker.invokeTestMethods(Invoker.java:1231)
	at org.testng.internal.TestMethodWorker.invokeTestMethods(TestMethodWorker.java:127)
	at org.testng.internal.TestMethodWorker.run(TestMethodWorker.java:111)
	at org.testng.TestRunner.privateRun(TestRunner.java:767)
	at org.testng.TestRunner.run(TestRunner.java:617)
	at org.testng.SuiteRunner.runTest(SuiteRunner.java:334)
	at org.testng.SuiteRunner.runSequentially(SuiteRunner.java:329)
	at org.testng.SuiteRunner.privateRun(SuiteRunner.java:291)
	at org.testng.SuiteRunner.run(SuiteRunner.java:240)
	at org.testng.SuiteRunnerWorker.runSuite(SuiteRunnerWorker.java:52)
	at org.testng.SuiteRunnerWorker.run(SuiteRunnerWorker.java:86)
	at org.testng.TestNG.runSuitesSequentially(TestNG.java:1224)
	at org.testng.TestNG.runSuitesLocally(TestNG.java:1149)
	at org.testng.TestNG.run(TestNG.java:1057)
	at org.testng.remote.RemoteTestNG.run(RemoteTestNG.java:111)
	at org.testng.remote.RemoteTestNG.initAndRun(RemoteTestNG.java:204)
	at org.testng.remote.RemoteTestNG.main(RemoteTestNG.java:175)
Mar 02,2015 15:33:13 [info]  End Execution of Test Class com.iCM.scripts.EMRAdminLate
*****************************************************************************

*****************************************************************************
Mar 02,2015 15:33:51 [info]   Execution Started of Test Class com.iCM.scripts.EMRAdminLate and Test method testEMRAdminLate
*****************************************************************************
Mar 02,2015 15:33:51 [info]  Open application url
Mar 02,2015 15:34:05 [info]  Pass
Mar 02,2015 15:34:05 [info]  Verify Page title
Mar 02,2015 15:34:10 [info]  Pass
Mar 02,2015 15:34:10 [info]  Enter User name at login page.
Mar 02,2015 15:34:11 [info]  Pass
Mar 02,2015 15:34:11 [info]  Enter password at login page.
Mar 02,2015 15:34:12 [info]  Pass
Mar 02,2015 15:34:12 [info]  Click on Sign In button
Mar 02,2015 15:34:27 [info]  Pass
Mar 02,2015 15:34:27 [info]  Verify home page title
Mar 02,2015 15:34:32 [info]  Pass
Mar 02,2015 15:34:52 [info]  Click on All Meds Tab
Mar 02,2015 15:34:55 [info]  Pass
Mar 02,2015 15:34:58 [info]  Click on Admin Button dropdown
Mar 02,2015 15:35:02 [info]  Pass
Mar 02,2015 15:35:02 [info]  Mouse hover Admin Late
Mar 02,2015 15:35:04 [info]  Pass
Mar 02,2015 15:35:04 [info]  Mouse hover Admin Late
Mar 02,2015 15:35:07 [info]  Pass
Mar 02,2015 15:35:07 [info]  Click on reading
Mar 02,2015 15:35:10 [info]  Pass
Mar 02,2015 15:35:13 [info]  Verify Date field is populated
Mar 02,2015 15:35:14 [info]  Mar 02,2015 15:35:14 [info]  <<<<<<<<<<<<<<<<<<<<<<<<<<<<<<<<<< Error message >>>>>>>>>>>>>>>>>>>>>>>>>>>>>>
java.lang.AssertionError: expected [true] but found [false]
	at org.testng.Assert.fail(Assert.java:94)
	at org.testng.Assert.failNotEquals(Assert.java:494)
	at org.testng.Assert.assertTrue(Assert.java:42)
	at org.testng.Assert.assertTrue(Assert.java:52)
	at com.iCM.pagehelper.EMRHelper.verifyFieldPopulated(EMRHelper.java:72)
	at com.iCM.scripts.EMRAdminLate.testEMRAdminLate(EMRAdminLate.java:296)
	at sun.reflect.NativeMethodAccessorImpl.invoke0(Native Method)
	at sun.reflect.NativeMethodAccessorImpl.invoke(Unknown Source)
	at sun.reflect.DelegatingMethodAccessorImpl.invoke(Unknown Source)
	at java.lang.reflect.Method.invoke(Unknown Source)
	at org.testng.internal.MethodInvocationHelper.invokeMethod(MethodInvocationHelper.java:84)
	at org.testng.internal.Invoker.invokeMethod(Invoker.java:714)
	at org.testng.internal.Invoker.invokeTestMethod(Invoker.java:901)
	at org.testng.internal.Invoker.invokeTestMethods(Invoker.java:1231)
	at org.testng.internal.TestMethodWorker.invokeTestMethods(TestMethodWorker.java:127)
	at org.testng.internal.TestMethodWorker.run(TestMethodWorker.java:111)
	at org.testng.TestRunner.privateRun(TestRunner.java:767)
	at org.testng.TestRunner.run(TestRunner.java:617)
	at org.testng.SuiteRunner.runTest(SuiteRunner.java:334)
	at org.testng.SuiteRunner.runSequentially(SuiteRunner.java:329)
	at org.testng.SuiteRunner.privateRun(SuiteRunner.java:291)
	at org.testng.SuiteRunner.run(SuiteRunner.java:240)
	at org.testng.SuiteRunnerWorker.runSuite(SuiteRunnerWorker.java:52)
	at org.testng.SuiteRunnerWorker.run(SuiteRunnerWorker.java:86)
	at org.testng.TestNG.runSuitesSequentially(TestNG.java:1224)
	at org.testng.TestNG.runSuitesLocally(TestNG.java:1149)
	at org.testng.TestNG.run(TestNG.java:1057)
	at org.testng.remote.RemoteTestNG.run(RemoteTestNG.java:111)
	at org.testng.remote.RemoteTestNG.initAndRun(RemoteTestNG.java:204)
	at org.testng.remote.RemoteTestNG.main(RemoteTestNG.java:175)
Mar 02,2015 15:35:14 [info]  End Execution of Test Class com.iCM.scripts.EMRAdminLate
*****************************************************************************

*****************************************************************************
Mar 02,2015 15:35:38 [info]   Execution Started of Test Class com.iCM.scripts.EMRAdminLate and Test method testEMRAdminLate
*****************************************************************************
Mar 02,2015 15:35:38 [info]  Open application url
Mar 02,2015 15:35:52 [info]  Pass
Mar 02,2015 15:35:52 [info]  Verify Page title
Mar 02,2015 15:35:58 [info]  Pass
Mar 02,2015 15:35:58 [info]  Enter User name at login page.
Mar 02,2015 15:35:58 [info]  Pass
Mar 02,2015 15:35:58 [info]  Enter password at login page.
Mar 02,2015 15:35:59 [info]  Pass
Mar 02,2015 15:35:59 [info]  Click on Sign In button
Mar 02,2015 15:36:16 [info]  Pass
Mar 02,2015 15:36:16 [info]  Verify home page title
Mar 02,2015 15:36:21 [info]  Pass
Mar 02,2015 15:36:42 [info]  Click on All Meds Tab
Mar 02,2015 15:36:45 [info]  Pass
Mar 02,2015 15:36:48 [info]  Click on Admin Button dropdown
Mar 02,2015 15:36:52 [info]  Pass
Mar 02,2015 15:36:52 [info]  Mouse hover Admin Late
Mar 02,2015 15:36:55 [info]  Pass
Mar 02,2015 15:36:55 [info]  Mouse hover Admin Late
Mar 02,2015 15:36:57 [info]  Pass
Mar 02,2015 15:36:57 [info]  Click on reading
Mar 02,2015 15:37:01 [info]  Pass
Mar 02,2015 15:37:04 [info]  Verify Date field is populated
Mar 02,2015 15:37:04 [info]  Mar 02,2015 15:37:04 [info]  <<<<<<<<<<<<<<<<<<<<<<<<<<<<<<<<<< Error message >>>>>>>>>>>>>>>>>>>>>>>>>>>>>>
java.lang.AssertionError: expected [true] but found [false]
	at org.testng.Assert.fail(Assert.java:94)
	at org.testng.Assert.failNotEquals(Assert.java:494)
	at org.testng.Assert.assertTrue(Assert.java:42)
	at org.testng.Assert.assertTrue(Assert.java:52)
	at com.iCM.pagehelper.EMRHelper.verifyFieldPopulated(EMRHelper.java:72)
	at com.iCM.scripts.EMRAdminLate.testEMRAdminLate(EMRAdminLate.java:296)
	at sun.reflect.NativeMethodAccessorImpl.invoke0(Native Method)
	at sun.reflect.NativeMethodAccessorImpl.invoke(Unknown Source)
	at sun.reflect.DelegatingMethodAccessorImpl.invoke(Unknown Source)
	at java.lang.reflect.Method.invoke(Unknown Source)
	at org.testng.internal.MethodInvocationHelper.invokeMethod(MethodInvocationHelper.java:84)
	at org.testng.internal.Invoker.invokeMethod(Invoker.java:714)
	at org.testng.internal.Invoker.invokeTestMethod(Invoker.java:901)
	at org.testng.internal.Invoker.invokeTestMethods(Invoker.java:1231)
	at org.testng.internal.TestMethodWorker.invokeTestMethods(TestMethodWorker.java:127)
	at org.testng.internal.TestMethodWorker.run(TestMethodWorker.java:111)
	at org.testng.TestRunner.privateRun(TestRunner.java:767)
	at org.testng.TestRunner.run(TestRunner.java:617)
	at org.testng.SuiteRunner.runTest(SuiteRunner.java:334)
	at org.testng.SuiteRunner.runSequentially(SuiteRunner.java:329)
	at org.testng.SuiteRunner.privateRun(SuiteRunner.java:291)
	at org.testng.SuiteRunner.run(SuiteRunner.java:240)
	at org.testng.SuiteRunnerWorker.runSuite(SuiteRunnerWorker.java:52)
	at org.testng.SuiteRunnerWorker.run(SuiteRunnerWorker.java:86)
	at org.testng.TestNG.runSuitesSequentially(TestNG.java:1224)
	at org.testng.TestNG.runSuitesLocally(TestNG.java:1149)
	at org.testng.TestNG.run(TestNG.java:1057)
	at org.testng.remote.RemoteTestNG.run(RemoteTestNG.java:111)
	at org.testng.remote.RemoteTestNG.initAndRun(RemoteTestNG.java:204)
	at org.testng.remote.RemoteTestNG.main(RemoteTestNG.java:175)
Mar 02,2015 15:37:04 [info]  End Execution of Test Class com.iCM.scripts.EMRAdminLate
*****************************************************************************

*****************************************************************************
Mar 02,2015 17:17:07 [info]   Execution Started of Test Class com.iCM.scripts.AddMedicationDayOfMonth and Test method testAddMedicationDayOfMonth
*****************************************************************************
Mar 02,2015 17:17:07 [info]  Open application url
Mar 02,2015 17:17:25 [info]  Pass
Mar 02,2015 17:17:25 [info]  Verify Page title
Mar 02,2015 17:17:30 [info]  Pass
Mar 02,2015 17:17:30 [info]  Enter User name at login page.
Mar 02,2015 17:17:30 [info]  Pass
Mar 02,2015 17:17:30 [info]  Enter password at login page.
Mar 02,2015 17:17:32 [info]  Pass
Mar 02,2015 17:17:32 [info]  Click on Sign In button
Mar 02,2015 17:17:49 [info]  Pass
Mar 02,2015 17:17:49 [info]  Verify home page title
Mar 02,2015 17:17:54 [info]  Pass
Mar 02,2015 17:17:54 [info]  Open Add resident form via deep link
Mar 02,2015 17:18:07 [info]  Pass
Mar 02,2015 17:18:07 [info]  Enter Resident First Name
Mar 02,2015 17:18:10 [info]  Pass
Mar 02,2015 17:18:10 [info]  Enter Middle name
Mar 02,2015 17:18:13 [info]  Pass
Mar 02,2015 17:18:14 [info]  Enter last name
Mar 02,2015 17:18:17 [info]  Pass
Mar 02,2015 17:18:17 [info]  Open 'Calender'
Mar 02,2015 17:18:18 [info]  Pass
Mar 02,2015 17:18:23 [info]  Select Year
Mar 02,2015 17:18:30 [info]  Pass
Mar 02,2015 17:18:33 [info]  Select date
Mar 02,2015 17:18:35 [info]  Pass
Mar 02,2015 17:18:35 [info]  Select gender
Mar 02,2015 17:18:37 [info]  Pass
Mar 02,2015 17:18:37 [info]  Select Marital Status
Mar 02,2015 17:18:38 [info]  Pass
Mar 02,2015 17:18:38 [info]  Open 'Calender' for admit date
Mar 02,2015 17:18:40 [info]  Pass
Mar 02,2015 17:18:43 [info]  Select Year
Mar 02,2015 17:18:49 [info]  Pass
Mar 02,2015 17:18:49 [info]  Select Month
Mar 02,2015 17:18:50 [info]  Pass
Mar 02,2015 17:18:50 [info]  Select date
Mar 02,2015 17:18:53 [info]  Pass
Mar 02,2015 17:18:53 [info]  Select Facality
Mar 02,2015 17:18:55 [info]  Pass
Mar 02,2015 17:18:58 [info]  Select Nurse
Mar 02,2015 17:18:59 [info]  Pass
Mar 02,2015 17:18:59 [info]  Enter level of care
Mar 02,2015 17:19:03 [info]  Pass
Mar 02,2015 17:19:03 [info]  Click on 'Save' button
Mar 02,2015 17:19:06 [info]  Pass
Mar 02,2015 17:19:06 [info]  Search Added resident
Mar 02,2015 17:19:10 [info]  Pass
Mar 02,2015 17:19:10 [info]  Verify added resident
Mar 02,2015 17:19:13 [info]  Pass
Mar 02,2015 17:19:13 [info]  Open resident Profile
Mar 02,2015 17:19:17 [info]  Pass
Mar 02,2015 17:19:20 [info]  Click on Medication button
Mar 02,2015 17:19:24 [info]  Pass
Mar 02,2015 17:19:24 [info]  Click on Add Medication button
Mar 02,2015 17:19:38 [info]  Pass
Mar 02,2015 17:19:38 [info]  Enter Medicine Name
Mar 02,2015 17:19:51 [info]  Pass
Mar 02,2015 17:19:51 [info]  Enter Dosage
Mar 02,2015 17:19:55 [info]  Pass
Mar 02,2015 17:19:55 [info]  Enter instruction
Mar 02,2015 17:19:58 [info]  Pass
Mar 02,2015 17:19:58 [info]  Open 'Calender'
Mar 02,2015 17:20:02 [info]  Pass
Mar 02,2015 17:20:05 [info]  Select date
Mar 02,2015 17:20:09 [info]  Pass
Mar 02,2015 17:20:09 [info]  Select Frequency
Mar 02,2015 17:20:13 [info]  Pass
Mar 02,2015 17:20:13 [info]  Select Frequency
Mar 02,2015 17:20:16 [info]  Pass
Mar 02,2015 17:20:16 [info]  Select Days of month
Mar 02,2015 17:20:19 [info]  Mar 02,2015 17:20:19 [info]  <<<<<<<<<<<<<<<<<<<<<<<<<<<<<<<<<< Error message >>>>>>>>>>>>>>>>>>>>>>>>>>>>>>
java.lang.ArrayIndexOutOfBoundsException: 5
	at com.iCM.pagehelper.EChartHelper.selectDays(EChartHelper.java:423)
	at com.iCM.scripts.AddMedicationDayOfMonth.testAddMedicationDayOfMonth(AddMedicationDayOfMonth.java:232)
	at sun.reflect.NativeMethodAccessorImpl.invoke0(Native Method)
	at sun.reflect.NativeMethodAccessorImpl.invoke(Unknown Source)
	at sun.reflect.DelegatingMethodAccessorImpl.invoke(Unknown Source)
	at java.lang.reflect.Method.invoke(Unknown Source)
	at org.testng.internal.MethodInvocationHelper.invokeMethod(MethodInvocationHelper.java:84)
	at org.testng.internal.Invoker.invokeMethod(Invoker.java:714)
	at org.testng.internal.Invoker.invokeTestMethod(Invoker.java:901)
	at org.testng.internal.Invoker.invokeTestMethods(Invoker.java:1231)
	at org.testng.internal.TestMethodWorker.invokeTestMethods(TestMethodWorker.java:127)
	at org.testng.internal.TestMethodWorker.run(TestMethodWorker.java:111)
	at org.testng.TestRunner.privateRun(TestRunner.java:767)
	at org.testng.TestRunner.run(TestRunner.java:617)
	at org.testng.SuiteRunner.runTest(SuiteRunner.java:334)
	at org.testng.SuiteRunner.runSequentially(SuiteRunner.java:329)
	at org.testng.SuiteRunner.privateRun(SuiteRunner.java:291)
	at org.testng.SuiteRunner.run(SuiteRunner.java:240)
	at org.testng.SuiteRunnerWorker.runSuite(SuiteRunnerWorker.java:52)
	at org.testng.SuiteRunnerWorker.run(SuiteRunnerWorker.java:86)
	at org.testng.TestNG.runSuitesSequentially(TestNG.java:1224)
	at org.testng.TestNG.runSuitesLocally(TestNG.java:1149)
	at org.testng.TestNG.run(TestNG.java:1057)
	at org.testng.remote.RemoteTestNG.run(RemoteTestNG.java:111)
	at org.testng.remote.RemoteTestNG.initAndRun(RemoteTestNG.java:204)
	at org.testng.remote.RemoteTestNG.main(RemoteTestNG.java:175)
Mar 02,2015 17:20:19 [info]  End Execution of Test Class com.iCM.scripts.AddMedicationDayOfMonth
*****************************************************************************

*****************************************************************************
Mar 02,2015 17:22:50 [info]   Execution Started of Test Class com.iCM.scripts.AddMedicationDayOfMonth and Test method testAddMedicationDayOfMonth
*****************************************************************************
Mar 02,2015 17:22:50 [info]  Open application url
Mar 02,2015 17:23:03 [info]  Pass
Mar 02,2015 17:23:03 [info]  Verify Page title
Mar 02,2015 17:23:08 [info]  Pass
Mar 02,2015 17:23:08 [info]  Enter User name at login page.
Mar 02,2015 17:23:09 [info]  Pass
Mar 02,2015 17:23:09 [info]  Enter password at login page.
Mar 02,2015 17:23:10 [info]  Pass
Mar 02,2015 17:23:10 [info]  Click on Sign In button
Mar 02,2015 17:23:26 [info]  Pass
Mar 02,2015 17:23:26 [info]  Verify home page title
Mar 02,2015 17:23:31 [info]  Pass
Mar 02,2015 17:23:31 [info]  Open Add resident form via deep link
Mar 02,2015 17:23:44 [info]  Pass
Mar 02,2015 17:23:44 [info]  Enter Resident First Name
Mar 02,2015 17:23:47 [info]  Pass
Mar 02,2015 17:23:47 [info]  Enter Middle name
Mar 02,2015 17:23:51 [info]  Pass
Mar 02,2015 17:23:51 [info]  Enter last name
Mar 02,2015 17:23:54 [info]  Pass
Mar 02,2015 17:23:54 [info]  Open 'Calender'
Mar 02,2015 17:23:56 [info]  Pass
Mar 02,2015 17:24:01 [info]  Select Year
Mar 02,2015 17:24:07 [info]  Pass
Mar 02,2015 17:24:10 [info]  Select date
Mar 02,2015 17:24:13 [info]  Pass
Mar 02,2015 17:24:13 [info]  Select gender
Mar 02,2015 17:24:14 [info]  Pass
Mar 02,2015 17:24:14 [info]  Select Marital Status
Mar 02,2015 17:24:16 [info]  Pass
Mar 02,2015 17:24:16 [info]  Open 'Calender' for admit date
Mar 02,2015 17:24:17 [info]  Pass
Mar 02,2015 17:24:20 [info]  Select Year
Mar 02,2015 17:24:27 [info]  Pass
Mar 02,2015 17:24:27 [info]  Select Month
Mar 02,2015 17:24:28 [info]  Pass
Mar 02,2015 17:24:28 [info]  Select date
Mar 02,2015 17:24:31 [info]  Pass
Mar 02,2015 17:24:31 [info]  Select Facality
Mar 02,2015 17:24:32 [info]  Pass
Mar 02,2015 17:24:35 [info]  Select Nurse
Mar 02,2015 17:24:36 [info]  Pass
Mar 02,2015 17:24:36 [info]  Enter level of care
Mar 02,2015 17:24:40 [info]  Pass
Mar 02,2015 17:24:40 [info]  Click on 'Save' button
Mar 02,2015 17:24:43 [info]  Pass
Mar 02,2015 17:24:43 [info]  Search Added resident
Mar 02,2015 17:24:50 [info]  Pass
Mar 02,2015 17:24:50 [info]  Verify added resident
Mar 02,2015 17:24:53 [info]  Pass
Mar 02,2015 17:24:53 [info]  Open resident Profile
Mar 02,2015 17:24:57 [info]  Pass
Mar 02,2015 17:25:02 [info]  Click on Medication button
Mar 02,2015 17:25:06 [info]  Pass
Mar 02,2015 17:25:06 [info]  Click on Add Medication button
Mar 02,2015 17:25:19 [info]  Pass
Mar 02,2015 17:25:19 [info]  Enter Medicine Name
Mar 02,2015 17:25:30 [info]  Pass
Mar 02,2015 17:25:30 [info]  Enter Dosage
Mar 02,2015 17:25:33 [info]  Pass
Mar 02,2015 17:25:33 [info]  Enter instruction
Mar 02,2015 17:25:37 [info]  Pass
Mar 02,2015 17:25:37 [info]  Open 'Calender'
Mar 02,2015 17:25:41 [info]  Pass
Mar 02,2015 17:25:45 [info]  Select date
Mar 02,2015 17:25:48 [info]  Pass
Mar 02,2015 17:25:48 [info]  Select Frequency
Mar 02,2015 17:25:52 [info]  Pass
Mar 02,2015 17:25:52 [info]  Select Frequency
Mar 02,2015 17:25:55 [info]  Pass
Mar 02,2015 17:25:55 [info]  Select Days of month
Mar 02,2015 17:25:58 [info]  Mar 02,2015 17:25:58 [info]  <<<<<<<<<<<<<<<<<<<<<<<<<<<<<<<<<< Error message >>>>>>>>>>>>>>>>>>>>>>>>>>>>>>
java.lang.ArrayIndexOutOfBoundsException: 5
	at com.iCM.pagehelper.EChartHelper.selectDays(EChartHelper.java:423)
	at com.iCM.scripts.AddMedicationDayOfMonth.testAddMedicationDayOfMonth(AddMedicationDayOfMonth.java:232)
	at sun.reflect.NativeMethodAccessorImpl.invoke0(Native Method)
	at sun.reflect.NativeMethodAccessorImpl.invoke(Unknown Source)
	at sun.reflect.DelegatingMethodAccessorImpl.invoke(Unknown Source)
	at java.lang.reflect.Method.invoke(Unknown Source)
	at org.testng.internal.MethodInvocationHelper.invokeMethod(MethodInvocationHelper.java:84)
	at org.testng.internal.Invoker.invokeMethod(Invoker.java:714)
	at org.testng.internal.Invoker.invokeTestMethod(Invoker.java:901)
	at org.testng.internal.Invoker.invokeTestMethods(Invoker.java:1231)
	at org.testng.internal.TestMethodWorker.invokeTestMethods(TestMethodWorker.java:127)
	at org.testng.internal.TestMethodWorker.run(TestMethodWorker.java:111)
	at org.testng.TestRunner.privateRun(TestRunner.java:767)
	at org.testng.TestRunner.run(TestRunner.java:617)
	at org.testng.SuiteRunner.runTest(SuiteRunner.java:334)
	at org.testng.SuiteRunner.runSequentially(SuiteRunner.java:329)
	at org.testng.SuiteRunner.privateRun(SuiteRunner.java:291)
	at org.testng.SuiteRunner.run(SuiteRunner.java:240)
	at org.testng.SuiteRunnerWorker.runSuite(SuiteRunnerWorker.java:52)
	at org.testng.SuiteRunnerWorker.run(SuiteRunnerWorker.java:86)
	at org.testng.TestNG.runSuitesSequentially(TestNG.java:1224)
	at org.testng.TestNG.runSuitesLocally(TestNG.java:1149)
	at org.testng.TestNG.run(TestNG.java:1057)
	at org.testng.remote.RemoteTestNG.run(RemoteTestNG.java:111)
	at org.testng.remote.RemoteTestNG.initAndRun(RemoteTestNG.java:204)
	at org.testng.remote.RemoteTestNG.main(RemoteTestNG.java:175)
Mar 02,2015 17:25:58 [info]  End Execution of Test Class com.iCM.scripts.AddMedicationDayOfMonth
*****************************************************************************

*****************************************************************************
Mar 02,2015 17:27:09 [info]   Execution Started of Test Class com.iCM.scripts.AddMedicationDayOfMonth and Test method testAddMedicationDayOfMonth
*****************************************************************************
Mar 02,2015 17:27:09 [info]  Open application url
Mar 02,2015 17:27:24 [info]  Pass
Mar 02,2015 17:27:24 [info]  Verify Page title
Mar 02,2015 17:27:29 [info]  Pass
Mar 02,2015 17:27:29 [info]  Enter User name at login page.
Mar 02,2015 17:27:29 [info]  Pass
Mar 02,2015 17:27:29 [info]  Enter password at login page.
Mar 02,2015 17:27:30 [info]  Pass
Mar 02,2015 17:27:30 [info]  Click on Sign In button
Mar 02,2015 17:27:46 [info]  Pass
Mar 02,2015 17:27:46 [info]  Verify home page title
Mar 02,2015 17:27:51 [info]  Pass
Mar 02,2015 17:27:51 [info]  Open Add resident form via deep link
Mar 02,2015 17:28:04 [info]  Pass
Mar 02,2015 17:28:04 [info]  Enter Resident First Name
Mar 02,2015 17:28:08 [info]  Pass
Mar 02,2015 17:28:08 [info]  Enter Middle name
Mar 02,2015 17:28:11 [info]  Pass
Mar 02,2015 17:28:11 [info]  Enter last name
Mar 02,2015 17:28:14 [info]  Pass
Mar 02,2015 17:28:14 [info]  Open 'Calender'
Mar 02,2015 17:28:16 [info]  Pass
Mar 02,2015 17:28:21 [info]  Select Year
Mar 02,2015 17:28:27 [info]  Pass
Mar 02,2015 17:28:30 [info]  Select date
Mar 02,2015 17:28:33 [info]  Pass
Mar 02,2015 17:28:33 [info]  Select gender
Mar 02,2015 17:28:34 [info]  Pass
Mar 02,2015 17:28:34 [info]  Select Marital Status
Mar 02,2015 17:28:36 [info]  Pass
Mar 02,2015 17:28:36 [info]  Open 'Calender' for admit date
Mar 02,2015 17:28:38 [info]  Pass
Mar 02,2015 17:28:41 [info]  Select Year
Mar 02,2015 17:28:47 [info]  Pass
Mar 02,2015 17:28:47 [info]  Select Month
Mar 02,2015 17:28:48 [info]  Pass
Mar 02,2015 17:28:48 [info]  Select date
Mar 02,2015 17:28:51 [info]  Pass
Mar 02,2015 17:28:51 [info]  Select Facality
Mar 02,2015 17:28:53 [info]  Pass
Mar 02,2015 17:28:56 [info]  Select Nurse
Mar 02,2015 17:28:57 [info]  Pass
Mar 02,2015 17:28:57 [info]  Enter level of care
Mar 02,2015 17:29:00 [info]  Pass
Mar 02,2015 17:29:00 [info]  Click on 'Save' button
Mar 02,2015 17:29:04 [info]  Pass
Mar 02,2015 17:29:04 [info]  Search Added resident
Mar 02,2015 17:29:09 [info]  Pass
Mar 02,2015 17:29:09 [info]  Verify added resident
Mar 02,2015 17:29:12 [info]  Pass
Mar 02,2015 17:29:12 [info]  Open resident Profile
Mar 02,2015 17:29:16 [info]  Pass
Mar 02,2015 17:29:19 [info]  Click on Medication button
Mar 02,2015 17:29:23 [info]  Pass
Mar 02,2015 17:29:23 [info]  Click on Add Medication button
Mar 02,2015 17:29:37 [info]  Pass
Mar 02,2015 17:29:37 [info]  Enter Medicine Name
Mar 02,2015 17:29:50 [info]  Pass
Mar 02,2015 17:29:50 [info]  Enter Dosage
Mar 02,2015 17:29:53 [info]  Pass
Mar 02,2015 17:29:53 [info]  Enter instruction
Mar 02,2015 17:29:57 [info]  Pass
Mar 02,2015 17:29:57 [info]  Open 'Calender'
Mar 02,2015 17:30:01 [info]  Pass
Mar 02,2015 17:30:04 [info]  Select date
Mar 02,2015 17:30:07 [info]  Pass
Mar 02,2015 17:30:07 [info]  Select Frequency
Mar 02,2015 17:30:11 [info]  Pass
Mar 02,2015 17:30:11 [info]  Select Frequency
Mar 02,2015 17:30:14 [info]  Pass
Mar 02,2015 17:30:14 [info]  Select Days of month
Mar 02,2015 17:30:17 [info]  Pass
Mar 02,2015 17:30:17 [info]  Select time
Mar 02,2015 17:30:19 [info]  Pass
Mar 02,2015 17:30:19 [info]  Select AM/PM
Mar 02,2015 17:30:19 [info]  Pass
Mar 02,2015 17:30:19 [info]  Click on Add Schedule button
Mar 02,2015 17:30:23 [info]  Pass
Mar 02,2015 17:30:23 [info]  Verify Added Schedule
Mar 02,2015 17:30:23 [info]  Pass
Mar 02,2015 17:30:23 [info]  Click on Save button
Mar 02,2015 17:30:42 [info]  Pass
Mar 02,2015 17:30:57 [info]  Open Medication page
Mar 02,2015 17:31:07 [info]  Pass
Mar 02,2015 17:31:07 [info]  Click on EMR Tab
Mar 02,2015 17:31:11 [info]  Pass
Mar 02,2015 17:31:11 [info]  Click on 'Morning' tab
Mar 02,2015 17:31:23 [info]  Pass
Mar 02,2015 17:31:23 [info]  Verify Added Schedule
Mar 02,2015 17:31:23 [info]  Pass
Mar 02,2015 17:31:23 [info]  Click on Expend button
Mar 02,2015 17:31:27 [info]  Pass
Mar 02,2015 17:31:27 [info]  Verify Starting Blackout
Mar 02,2015 17:31:29 [info]  Mar 02,2015 17:31:29 [info]  <<<<<<<<<<<<<<<<<<<<<<<<<<<<<<<<<< Error message >>>>>>>>>>>>>>>>>>>>>>>>>>>>>>
java.lang.AssertionError: expected [true] but found [false]
	at org.testng.Assert.fail(Assert.java:94)
	at org.testng.Assert.failNotEquals(Assert.java:494)
	at org.testng.Assert.assertTrue(Assert.java:42)
	at org.testng.Assert.assertTrue(Assert.java:52)
	at com.iCM.pagehelper.EChartHelper.verifyDays(EChartHelper.java:443)
	at com.iCM.scripts.AddMedicationDayOfMonth.testAddMedicationDayOfMonth(AddMedicationDayOfMonth.java:294)
	at sun.reflect.NativeMethodAccessorImpl.invoke0(Native Method)
	at sun.reflect.NativeMethodAccessorImpl.invoke(Unknown Source)
	at sun.reflect.DelegatingMethodAccessorImpl.invoke(Unknown Source)
	at java.lang.reflect.Method.invoke(Unknown Source)
	at org.testng.internal.MethodInvocationHelper.invokeMethod(MethodInvocationHelper.java:84)
	at org.testng.internal.Invoker.invokeMethod(Invoker.java:714)
	at org.testng.internal.Invoker.invokeTestMethod(Invoker.java:901)
	at org.testng.internal.Invoker.invokeTestMethods(Invoker.java:1231)
	at org.testng.internal.TestMethodWorker.invokeTestMethods(TestMethodWorker.java:127)
	at org.testng.internal.TestMethodWorker.run(TestMethodWorker.java:111)
	at org.testng.TestRunner.privateRun(TestRunner.java:767)
	at org.testng.TestRunner.run(TestRunner.java:617)
	at org.testng.SuiteRunner.runTest(SuiteRunner.java:334)
	at org.testng.SuiteRunner.runSequentially(SuiteRunner.java:329)
	at org.testng.SuiteRunner.privateRun(SuiteRunner.java:291)
	at org.testng.SuiteRunner.run(SuiteRunner.java:240)
	at org.testng.SuiteRunnerWorker.runSuite(SuiteRunnerWorker.java:52)
	at org.testng.SuiteRunnerWorker.run(SuiteRunnerWorker.java:86)
	at org.testng.TestNG.runSuitesSequentially(TestNG.java:1224)
	at org.testng.TestNG.runSuitesLocally(TestNG.java:1149)
	at org.testng.TestNG.run(TestNG.java:1057)
	at org.testng.remote.RemoteTestNG.run(RemoteTestNG.java:111)
	at org.testng.remote.RemoteTestNG.initAndRun(RemoteTestNG.java:204)
	at org.testng.remote.RemoteTestNG.main(RemoteTestNG.java:175)
Mar 02,2015 17:31:29 [info]  End Execution of Test Class com.iCM.scripts.AddMedicationDayOfMonth
*****************************************************************************
