
*****************************************************************************
Mar 24,2015 11:51:04 [info]   Execution Started of Test Class com.iCM.scripts.NonPRNMedNotTab and Test method testNonPRNMedNotTab
*****************************************************************************
Mar 24,2015 11:51:04 [info]  Open application url
Mar 24,2015 11:51:22 [info]  Pass
Mar 24,2015 11:51:22 [info]  Verify Page title
Mar 24,2015 11:51:27 [info]  Pass
Mar 24,2015 11:51:27 [info]  Enter User name at login page.
Mar 24,2015 11:51:27 [info]  Pass
Mar 24,2015 11:51:28 [info]  Enter password at login page.
Mar 24,2015 11:51:29 [info]  Pass
Mar 24,2015 11:51:29 [info]  Click on Sign In button
Mar 24,2015 11:51:50 [info]  Pass
Mar 24,2015 11:51:50 [info]  Verify home page title
Mar 24,2015 11:51:56 [info]  Pass
Mar 24,2015 11:52:13 [info]  Click on 'Morning' tab
Mar 24,2015 11:52:34 [info]  Pass
Mar 24,2015 11:52:37 [info]  Verify Medication in the tab
Mar 24,2015 11:53:08 [info]  Mar 24,2015 11:53:08 [info]  <<<<<<<<<<<<<<<<<<<<<<<<<<<<<<<<<< Error message >>>>>>>>>>>>>>>>>>>>>>>>>>>>>>
java.lang.AssertionError: Element Locator ://div[@id='morning']/table/tbody/tr] Not found expected [true] but found [false]
	at org.testng.Assert.fail(Assert.java:94)
	at org.testng.Assert.failNotEquals(Assert.java:494)
	at org.testng.Assert.assertTrue(Assert.java:42)
	at com.iCM.util.DriverHelper.getXpathCount(DriverHelper.java:392)
	at com.iCM.pagehelper.PRNHelper.verifyPRNMed(PRNHelper.java:59)
	at com.iCM.scripts.NonPRNMedNotTab.testNonPRNMedNotTab(NonPRNMedNotTab.java:188)
	at sun.reflect.NativeMethodAccessorImpl.invoke0(Native Method)
	at sun.reflect.NativeMethodAccessorImpl.invoke(Unknown Source)
	at sun.reflect.DelegatingMethodAccessorImpl.invoke(Unknown Source)
	at java.lang.reflect.Method.invoke(Unknown Source)
	at org.testng.internal.MethodInvocationHelper.invokeMethod(MethodInvocationHelper.java:84)
	at org.testng.internal.Invoker.invokeMethod(Invoker.java:714)
	at org.testng.internal.Invoker.invokeTestMethod(Invoker.java:901)
	at org.testng.internal.Invoker.invokeTestMethods(Invoker.java:1231)
	at org.testng.internal.TestMethodWorker.invokeTestMethods(TestMethodWorker.java:127)
	at org.testng.internal.TestMethodWorker.run(TestMethodWorker.java:111)
	at org.testng.TestRunner.privateRun(TestRunner.java:767)
	at org.testng.TestRunner.run(TestRunner.java:617)
	at org.testng.SuiteRunner.runTest(SuiteRunner.java:334)
	at org.testng.SuiteRunner.runSequentially(SuiteRunner.java:329)
	at org.testng.SuiteRunner.privateRun(SuiteRunner.java:291)
	at org.testng.SuiteRunner.run(SuiteRunner.java:240)
	at org.testng.SuiteRunnerWorker.runSuite(SuiteRunnerWorker.java:52)
	at org.testng.SuiteRunnerWorker.run(SuiteRunnerWorker.java:86)
	at org.testng.TestNG.runSuitesSequentially(TestNG.java:1224)
	at org.testng.TestNG.runSuitesLocally(TestNG.java:1149)
	at org.testng.TestNG.run(TestNG.java:1057)
	at org.testng.remote.RemoteTestNG.run(RemoteTestNG.java:111)
	at org.testng.remote.RemoteTestNG.initAndRun(RemoteTestNG.java:204)
	at org.testng.remote.RemoteTestNG.main(RemoteTestNG.java:175)
Mar 24,2015 11:53:08 [info]  End Execution of Test Class com.iCM.scripts.NonPRNMedNotTab
*****************************************************************************

*****************************************************************************
Mar 24,2015 11:55:17 [info]   Execution Started of Test Class com.iCM.scripts.NonPRNMedNotTab and Test method testNonPRNMedNotTab
*****************************************************************************
Mar 24,2015 11:55:17 [info]  Open application url
Mar 24,2015 11:55:36 [info]  Pass
Mar 24,2015 11:55:36 [info]  Verify Page title
Mar 24,2015 11:55:41 [info]  Pass
Mar 24,2015 11:55:41 [info]  Enter User name at login page.
Mar 24,2015 11:55:42 [info]  Pass
Mar 24,2015 11:55:42 [info]  Enter password at login page.
Mar 24,2015 11:55:42 [info]  Pass
Mar 24,2015 11:55:42 [info]  Click on Sign In button
Mar 24,2015 11:56:06 [info]  Pass
Mar 24,2015 11:56:06 [info]  Verify home page title
Mar 24,2015 11:56:11 [info]  Pass
Mar 24,2015 11:56:35 [info]  Click on 'Morning' tab
Mar 24,2015 11:56:56 [info]  Pass
Mar 24,2015 11:56:59 [info]  Verify Medication in the tab
Mar 24,2015 11:57:00 [info]  Mar 24,2015 11:57:00 [info]  <<<<<<<<<<<<<<<<<<<<<<<<<<<<<<<<<< Error message >>>>>>>>>>>>>>>>>>>>>>>>>>>>>>
java.lang.AssertionError: expected [true] but found [false]
	at org.testng.Assert.fail(Assert.java:94)
	at org.testng.Assert.failNotEquals(Assert.java:494)
	at org.testng.Assert.assertTrue(Assert.java:42)
	at org.testng.Assert.assertTrue(Assert.java:52)
	at com.iCM.pagehelper.PRNHelper.verifyPRNMed(PRNHelper.java:65)
	at com.iCM.scripts.NonPRNMedNotTab.testNonPRNMedNotTab(NonPRNMedNotTab.java:188)
	at sun.reflect.NativeMethodAccessorImpl.invoke0(Native Method)
	at sun.reflect.NativeMethodAccessorImpl.invoke(Unknown Source)
	at sun.reflect.DelegatingMethodAccessorImpl.invoke(Unknown Source)
	at java.lang.reflect.Method.invoke(Unknown Source)
	at org.testng.internal.MethodInvocationHelper.invokeMethod(MethodInvocationHelper.java:84)
	at org.testng.internal.Invoker.invokeMethod(Invoker.java:714)
	at org.testng.internal.Invoker.invokeTestMethod(Invoker.java:901)
	at org.testng.internal.Invoker.invokeTestMethods(Invoker.java:1231)
	at org.testng.internal.TestMethodWorker.invokeTestMethods(TestMethodWorker.java:127)
	at org.testng.internal.TestMethodWorker.run(TestMethodWorker.java:111)
	at org.testng.TestRunner.privateRun(TestRunner.java:767)
	at org.testng.TestRunner.run(TestRunner.java:617)
	at org.testng.SuiteRunner.runTest(SuiteRunner.java:334)
	at org.testng.SuiteRunner.runSequentially(SuiteRunner.java:329)
	at org.testng.SuiteRunner.privateRun(SuiteRunner.java:291)
	at org.testng.SuiteRunner.run(SuiteRunner.java:240)
	at org.testng.SuiteRunnerWorker.runSuite(SuiteRunnerWorker.java:52)
	at org.testng.SuiteRunnerWorker.run(SuiteRunnerWorker.java:86)
	at org.testng.TestNG.runSuitesSequentially(TestNG.java:1224)
	at org.testng.TestNG.runSuitesLocally(TestNG.java:1149)
	at org.testng.TestNG.run(TestNG.java:1057)
	at org.testng.remote.RemoteTestNG.run(RemoteTestNG.java:111)
	at org.testng.remote.RemoteTestNG.initAndRun(RemoteTestNG.java:204)
	at org.testng.remote.RemoteTestNG.main(RemoteTestNG.java:175)
Mar 24,2015 11:57:00 [info]  End Execution of Test Class com.iCM.scripts.NonPRNMedNotTab
*****************************************************************************

*****************************************************************************
Mar 24,2015 12:01:11 [info]   Execution Started of Test Class com.iCM.scripts.NonPRNMedNotTab and Test method testNonPRNMedNotTab
*****************************************************************************
Mar 24,2015 12:01:11 [info]  Open application url
Mar 24,2015 12:01:29 [info]  Pass
Mar 24,2015 12:01:29 [info]  Verify Page title
Mar 24,2015 12:01:35 [info]  Pass
Mar 24,2015 12:01:35 [info]  Enter User name at login page.
Mar 24,2015 12:01:35 [info]  Pass
Mar 24,2015 12:01:35 [info]  Enter password at login page.
Mar 24,2015 12:01:36 [info]  Pass
Mar 24,2015 12:01:36 [info]  Click on Sign In button
Mar 24,2015 12:01:55 [info]  Pass
Mar 24,2015 12:01:55 [info]  Verify home page title
Mar 24,2015 12:02:00 [info]  Pass
Mar 24,2015 12:02:17 [info]  Click on 'Morning' tab
Mar 24,2015 12:02:39 [info]  Pass
Mar 24,2015 12:02:42 [info]  Verify Medication in the tab
Mar 24,2015 12:02:42 [info]  Pass
Mar 24,2015 12:02:42 [info]  Click on 'Noon' tab
Mar 24,2015 12:03:04 [info]  Pass
Mar 24,2015 12:03:04 [info]  Verify Medication in the tab
Mar 24,2015 12:03:06 [info]  Pass
Mar 24,2015 12:03:06 [info]  Click on 'Evening' tab
Mar 24,2015 12:03:28 [info]  Pass
Mar 24,2015 12:03:28 [info]  Verify Medication in the tab
Mar 24,2015 12:03:30 [info]  Pass
Mar 24,2015 12:03:30 [info]  Click on 'PRN' tab
Mar 24,2015 12:03:31 [info]  Pass
Mar 24,2015 12:03:31 [info]  Verify Medical not available
Mar 24,2015 12:03:34 [info]  Pass
Mar 24,2015 12:03:37 [info]  End Execution of Test Class com.iCM.scripts.NonPRNMedNotTab
*****************************************************************************

*****************************************************************************
Mar 24,2015 12:15:51 [info]   Execution Started of Test Class com.iCM.scripts.PRNMedPrnTab and Test method testPRNMedPrnTab
*****************************************************************************
Mar 24,2015 12:15:51 [info]  Open application url
Mar 24,2015 12:16:10 [info]  Pass
Mar 24,2015 12:16:10 [info]  Verify Page title
Mar 24,2015 12:16:16 [info]  Pass
Mar 24,2015 12:16:16 [info]  Enter User name at login page.
Mar 24,2015 12:16:16 [info]  Pass
Mar 24,2015 12:16:16 [info]  Enter password at login page.
Mar 24,2015 12:16:17 [info]  Pass
Mar 24,2015 12:16:17 [info]  Click on Sign In button
Mar 24,2015 12:16:37 [info]  Pass
Mar 24,2015 12:16:37 [info]  Verify home page title
Mar 24,2015 12:16:42 [info]  Pass
Mar 24,2015 12:16:42 [info]  Go to Resident list
Mar 24,2015 12:16:58 [info]  Pass
Mar 24,2015 12:16:58 [info]  Search Added resident
Mar 24,2015 12:16:59 [info]  Pass
Mar 24,2015 12:16:59 [info]  Verify searched resident
Mar 24,2015 12:17:02 [info]  Pass
Mar 24,2015 12:17:02 [info]  Open resident Profile
Mar 24,2015 12:17:23 [info]  Pass
Mar 24,2015 12:17:37 [info]  Click on Medication button
Mar 24,2015 12:17:58 [info]  Pass
Mar 24,2015 12:17:58 [info]  Click on Add Medication button
Mar 24,2015 12:18:34 [info]  Pass
Mar 24,2015 12:18:34 [info]  Verify PRN Checkbox available
Mar 24,2015 12:18:48 [info]  Pass
Mar 24,2015 12:18:48 [info]  Enter Medicine Name
Mar 24,2015 12:18:48 [info]  Pass
Mar 24,2015 12:18:48 [info]  Enter Dosage
Mar 24,2015 12:18:49 [info]  Pass
Mar 24,2015 12:18:49 [info]  Enter instruction
Mar 24,2015 12:18:49 [info]  Pass
Mar 24,2015 12:18:49 [info]  Open 'Calender'
Mar 24,2015 12:18:53 [info]  Pass
Mar 24,2015 12:18:57 [info]  Select date
Mar 24,2015 12:19:01 [info]  Pass
Mar 24,2015 12:19:01 [info]  Select time
Mar 24,2015 12:19:02 [info]  Pass
Mar 24,2015 12:19:02 [info]  Select AM/PM
Mar 24,2015 12:19:03 [info]  Pass
Mar 24,2015 12:19:03 [info]  Click on Add Schedule button
Mar 24,2015 12:19:25 [info]  Pass
Mar 24,2015 12:19:25 [info]  Select time
Mar 24,2015 12:19:26 [info]  Pass
Mar 24,2015 12:19:26 [info]  Select AM/PM
Mar 24,2015 12:19:28 [info]  Pass
Mar 24,2015 12:19:28 [info]  Click on Add Schedule button

*****************************************************************************
Mar 24,2015 12:19:44 [info]   Execution Started of Test Class com.iCM.scripts.PRNMedPrnTab and Test method testPRNMedPrnTab
*****************************************************************************
Mar 24,2015 12:19:44 [info]  Open application url
Mar 24,2015 12:19:50 [info]  Pass
Mar 24,2015 12:19:50 [info]  Select time
Mar 24,2015 12:19:51 [info]  Pass
Mar 24,2015 12:19:51 [info]  Select AM/PM
Mar 24,2015 12:19:52 [info]  Pass
Mar 24,2015 12:19:52 [info]  Click on Add Schedule button
Mar 24,2015 12:20:02 [info]  Pass
Mar 24,2015 12:20:02 [info]  Verify Page title
Mar 24,2015 12:20:07 [info]  Pass
Mar 24,2015 12:20:07 [info]  Enter User name at login page.
Mar 24,2015 12:20:08 [info]  Pass
Mar 24,2015 12:20:08 [info]  Enter password at login page.
Mar 24,2015 12:20:09 [info]  Pass
Mar 24,2015 12:20:09 [info]  Click on Sign In button
Mar 24,2015 12:20:14 [info]  Pass
Mar 24,2015 12:20:14 [info]  Check the 'PRN' checkbox
Mar 24,2015 12:20:14 [info]  Mar 24,2015 12:20:14 [info]  <<<<<<<<<<<<<<<<<<<<<<<<<<<<<<<<<< Error message >>>>>>>>>>>>>>>>>>>>>>>>>>>>>>
java.lang.NullPointerException
	at com.iCM.locators.LocatorReader.getLocator(LocatorReader.java:32)
	at com.iCM.pagehelper.EChartHelper.click(EChartHelper.java:47)
	at com.iCM.scripts.PRNMedPrnTab.testPRNMedPrnTab(PRNMedPrnTab.java:156)
	at sun.reflect.NativeMethodAccessorImpl.invoke0(Native Method)
	at sun.reflect.NativeMethodAccessorImpl.invoke(Unknown Source)
	at sun.reflect.DelegatingMethodAccessorImpl.invoke(Unknown Source)
	at java.lang.reflect.Method.invoke(Unknown Source)
	at org.testng.internal.MethodInvocationHelper.invokeMethod(MethodInvocationHelper.java:84)
	at org.testng.internal.Invoker.invokeMethod(Invoker.java:714)
	at org.testng.internal.Invoker.invokeTestMethod(Invoker.java:901)
	at org.testng.internal.Invoker.invokeTestMethods(Invoker.java:1231)
	at org.testng.internal.TestMethodWorker.invokeTestMethods(TestMethodWorker.java:127)
	at org.testng.internal.TestMethodWorker.run(TestMethodWorker.java:111)
	at org.testng.TestRunner.privateRun(TestRunner.java:767)
	at org.testng.TestRunner.run(TestRunner.java:617)
	at org.testng.SuiteRunner.runTest(SuiteRunner.java:334)
	at org.testng.SuiteRunner.runSequentially(SuiteRunner.java:329)
	at org.testng.SuiteRunner.privateRun(SuiteRunner.java:291)
	at org.testng.SuiteRunner.run(SuiteRunner.java:240)
	at org.testng.SuiteRunnerWorker.runSuite(SuiteRunnerWorker.java:52)
	at org.testng.SuiteRunnerWorker.run(SuiteRunnerWorker.java:86)
	at org.testng.TestNG.runSuitesSequentially(TestNG.java:1224)
	at org.testng.TestNG.runSuitesLocally(TestNG.java:1149)
	at org.testng.TestNG.run(TestNG.java:1057)
	at org.testng.remote.RemoteTestNG.run(RemoteTestNG.java:111)
	at org.testng.remote.RemoteTestNG.initAndRun(RemoteTestNG.java:204)
	at org.testng.remote.RemoteTestNG.main(RemoteTestNG.java:175)
Mar 24,2015 12:20:14 [info]  End Execution of Test Class com.iCM.scripts.PRNMedPrnTab
*****************************************************************************
Mar 24,2015 12:20:28 [info]  Pass
Mar 24,2015 12:20:28 [info]  Verify home page title
Mar 24,2015 12:20:33 [info]  Pass
Mar 24,2015 12:20:33 [info]  Go to Resident list
Mar 24,2015 12:20:46 [info]  Pass
Mar 24,2015 12:20:46 [info]  Search Added resident
Mar 24,2015 12:20:47 [info]  Pass
Mar 24,2015 12:20:47 [info]  Verify searched resident
Mar 24,2015 12:20:50 [info]  Pass
Mar 24,2015 12:20:50 [info]  Open resident Profile
Mar 24,2015 12:21:12 [info]  Pass
Mar 24,2015 12:21:25 [info]  Click on Medication button
Mar 24,2015 12:21:46 [info]  Pass
Mar 24,2015 12:21:46 [info]  Click on Add Medication button
Mar 24,2015 12:22:22 [info]  Pass
Mar 24,2015 12:22:22 [info]  Verify PRN Checkbox available
Mar 24,2015 12:22:35 [info]  Pass
Mar 24,2015 12:22:35 [info]  Enter Medicine Name
Mar 24,2015 12:22:36 [info]  Pass
Mar 24,2015 12:22:36 [info]  Enter Dosage
Mar 24,2015 12:22:36 [info]  Pass
Mar 24,2015 12:22:36 [info]  Enter instruction
Mar 24,2015 12:22:37 [info]  Pass
Mar 24,2015 12:22:37 [info]  Open 'Calender'
Mar 24,2015 12:22:41 [info]  Pass
Mar 24,2015 12:22:44 [info]  Select date
Mar 24,2015 12:22:48 [info]  Pass
Mar 24,2015 12:22:48 [info]  Select time
Mar 24,2015 12:22:50 [info]  Pass
Mar 24,2015 12:22:50 [info]  Select AM/PM
Mar 24,2015 12:22:50 [info]  Pass
Mar 24,2015 12:22:50 [info]  Click on Add Schedule button
Mar 24,2015 12:23:12 [info]  Pass
Mar 24,2015 12:23:12 [info]  Select time
Mar 24,2015 12:23:14 [info]  Pass
Mar 24,2015 12:23:14 [info]  Select AM/PM
Mar 24,2015 12:23:15 [info]  Pass
Mar 24,2015 12:23:15 [info]  Click on Add Schedule button
Mar 24,2015 12:23:37 [info]  Pass
Mar 24,2015 12:23:37 [info]  Select time
Mar 24,2015 12:23:38 [info]  Pass
Mar 24,2015 12:23:38 [info]  Select AM/PM
Mar 24,2015 12:23:39 [info]  Pass
Mar 24,2015 12:23:39 [info]  Click on Add Schedule button
Mar 24,2015 12:24:01 [info]  Pass
Mar 24,2015 12:24:01 [info]  Check the 'PRN' checkbox
Mar 24,2015 12:24:01 [info]  Mar 24,2015 12:24:01 [info]  <<<<<<<<<<<<<<<<<<<<<<<<<<<<<<<<<< Error message >>>>>>>>>>>>>>>>>>>>>>>>>>>>>>
java.lang.NullPointerException
	at com.iCM.locators.LocatorReader.getLocator(LocatorReader.java:32)
	at com.iCM.pagehelper.EChartHelper.click(EChartHelper.java:47)
	at com.iCM.scripts.PRNMedPrnTab.testPRNMedPrnTab(PRNMedPrnTab.java:156)
	at sun.reflect.NativeMethodAccessorImpl.invoke0(Native Method)
	at sun.reflect.NativeMethodAccessorImpl.invoke(Unknown Source)
	at sun.reflect.DelegatingMethodAccessorImpl.invoke(Unknown Source)
	at java.lang.reflect.Method.invoke(Unknown Source)
	at org.testng.internal.MethodInvocationHelper.invokeMethod(MethodInvocationHelper.java:84)
	at org.testng.internal.Invoker.invokeMethod(Invoker.java:714)
	at org.testng.internal.Invoker.invokeTestMethod(Invoker.java:901)
	at org.testng.internal.Invoker.invokeTestMethods(Invoker.java:1231)
	at org.testng.internal.TestMethodWorker.invokeTestMethods(TestMethodWorker.java:127)
	at org.testng.internal.TestMethodWorker.run(TestMethodWorker.java:111)
	at org.testng.TestRunner.privateRun(TestRunner.java:767)
	at org.testng.TestRunner.run(TestRunner.java:617)
	at org.testng.SuiteRunner.runTest(SuiteRunner.java:334)
	at org.testng.SuiteRunner.runSequentially(SuiteRunner.java:329)
	at org.testng.SuiteRunner.privateRun(SuiteRunner.java:291)
	at org.testng.SuiteRunner.run(SuiteRunner.java:240)
	at org.testng.SuiteRunnerWorker.runSuite(SuiteRunnerWorker.java:52)
	at org.testng.SuiteRunnerWorker.run(SuiteRunnerWorker.java:86)
	at org.testng.TestNG.runSuitesSequentially(TestNG.java:1224)
	at org.testng.TestNG.runSuitesLocally(TestNG.java:1149)
	at org.testng.TestNG.run(TestNG.java:1057)
	at org.testng.remote.RemoteTestNG.run(RemoteTestNG.java:111)
	at org.testng.remote.RemoteTestNG.initAndRun(RemoteTestNG.java:204)
	at org.testng.remote.RemoteTestNG.main(RemoteTestNG.java:175)
Mar 24,2015 12:24:01 [info]  End Execution of Test Class com.iCM.scripts.PRNMedPrnTab
*****************************************************************************

*****************************************************************************
Mar 24,2015 12:25:07 [info]   Execution Started of Test Class com.iCM.scripts.PRNMedPrnTab and Test method testPRNMedPrnTab
*****************************************************************************
Mar 24,2015 12:25:07 [info]  Open application url
Mar 24,2015 12:25:26 [info]  Pass
Mar 24,2015 12:25:26 [info]  Verify Page title
Mar 24,2015 12:25:31 [info]  Pass
Mar 24,2015 12:25:31 [info]  Enter User name at login page.
Mar 24,2015 12:25:32 [info]  Pass
Mar 24,2015 12:25:32 [info]  Enter password at login page.
Mar 24,2015 12:25:33 [info]  Pass
Mar 24,2015 12:25:33 [info]  Click on Sign In button
Mar 24,2015 12:25:54 [info]  Pass
Mar 24,2015 12:25:54 [info]  Verify home page title
Mar 24,2015 12:25:59 [info]  Pass
Mar 24,2015 12:25:59 [info]  Go to Resident list
Mar 24,2015 12:26:13 [info]  Pass
Mar 24,2015 12:26:13 [info]  Search Added resident
Mar 24,2015 12:26:14 [info]  Pass
Mar 24,2015 12:26:14 [info]  Verify searched resident
Mar 24,2015 12:26:17 [info]  Pass
Mar 24,2015 12:26:17 [info]  Open resident Profile
Mar 24,2015 12:26:39 [info]  Pass
Mar 24,2015 12:26:52 [info]  Click on Medication button
Mar 24,2015 12:27:14 [info]  Pass
Mar 24,2015 12:27:14 [info]  Click on Add Medication button
Mar 24,2015 12:27:50 [info]  Pass
Mar 24,2015 12:27:50 [info]  Verify PRN Checkbox available
Mar 24,2015 12:28:03 [info]  Pass
Mar 24,2015 12:28:03 [info]  Enter Medicine Name
Mar 24,2015 12:28:04 [info]  Pass
Mar 24,2015 12:28:04 [info]  Enter Dosage
Mar 24,2015 12:28:04 [info]  Pass
Mar 24,2015 12:28:04 [info]  Enter instruction
Mar 24,2015 12:28:05 [info]  Pass
Mar 24,2015 12:28:05 [info]  Open 'Calender'
Mar 24,2015 12:28:09 [info]  Pass
Mar 24,2015 12:28:12 [info]  Select date
Mar 24,2015 12:28:16 [info]  Pass
Mar 24,2015 12:28:16 [info]  Select time
Mar 24,2015 12:28:18 [info]  Pass
Mar 24,2015 12:28:18 [info]  Select AM/PM
Mar 24,2015 12:28:19 [info]  Pass
Mar 24,2015 12:28:19 [info]  Click on Add Schedule button
Mar 24,2015 12:28:40 [info]  Pass
Mar 24,2015 12:28:40 [info]  Select time
Mar 24,2015 12:28:42 [info]  Pass
Mar 24,2015 12:28:42 [info]  Select AM/PM
Mar 24,2015 12:28:43 [info]  Pass
Mar 24,2015 12:28:43 [info]  Click on Add Schedule button
Mar 24,2015 12:29:05 [info]  Pass
Mar 24,2015 12:29:05 [info]  Select time
Mar 24,2015 12:29:06 [info]  Pass
Mar 24,2015 12:29:06 [info]  Select AM/PM
Mar 24,2015 12:29:07 [info]  Pass
Mar 24,2015 12:29:07 [info]  Click on Add Schedule button
Mar 24,2015 12:29:29 [info]  Pass
Mar 24,2015 12:29:29 [info]  Check the 'PRN' checkbox
Mar 24,2015 12:29:29 [info]  Pass
Mar 24,2015 12:29:29 [info]  Click on Save button
Mar 24,2015 12:30:06 [info]  Pass
Mar 24,2015 12:30:11 [info]  Click on Edit button
Mar 24,2015 12:30:33 [info]  Pass
Mar 24,2015 12:30:33 [info]  Check the 'PRN' checkbox
Mar 24,2015 12:30:33 [info]  Mar 24,2015 12:30:33 [info]  <<<<<<<<<<<<<<<<<<<<<<<<<<<<<<<<<< Error message >>>>>>>>>>>>>>>>>>>>>>>>>>>>>>
java.lang.NullPointerException
	at com.iCM.locators.LocatorReader.getLocator(LocatorReader.java:32)
	at com.iCM.pagehelper.EChartHelper.click(EChartHelper.java:47)
	at com.iCM.scripts.PRNMedPrnTab.testPRNMedPrnTab(PRNMedPrnTab.java:173)
	at sun.reflect.NativeMethodAccessorImpl.invoke0(Native Method)
	at sun.reflect.NativeMethodAccessorImpl.invoke(Unknown Source)
	at sun.reflect.DelegatingMethodAccessorImpl.invoke(Unknown Source)
	at java.lang.reflect.Method.invoke(Unknown Source)
	at org.testng.internal.MethodInvocationHelper.invokeMethod(MethodInvocationHelper.java:84)
	at org.testng.internal.Invoker.invokeMethod(Invoker.java:714)
	at org.testng.internal.Invoker.invokeTestMethod(Invoker.java:901)
	at org.testng.internal.Invoker.invokeTestMethods(Invoker.java:1231)
	at org.testng.internal.TestMethodWorker.invokeTestMethods(TestMethodWorker.java:127)
	at org.testng.internal.TestMethodWorker.run(TestMethodWorker.java:111)
	at org.testng.TestRunner.privateRun(TestRunner.java:767)
	at org.testng.TestRunner.run(TestRunner.java:617)
	at org.testng.SuiteRunner.runTest(SuiteRunner.java:334)
	at org.testng.SuiteRunner.runSequentially(SuiteRunner.java:329)
	at org.testng.SuiteRunner.privateRun(SuiteRunner.java:291)
	at org.testng.SuiteRunner.run(SuiteRunner.java:240)
	at org.testng.SuiteRunnerWorker.runSuite(SuiteRunnerWorker.java:52)
	at org.testng.SuiteRunnerWorker.run(SuiteRunnerWorker.java:86)
	at org.testng.TestNG.runSuitesSequentially(TestNG.java:1224)
	at org.testng.TestNG.runSuitesLocally(TestNG.java:1149)
	at org.testng.TestNG.run(TestNG.java:1057)
	at org.testng.remote.RemoteTestNG.run(RemoteTestNG.java:111)
	at org.testng.remote.RemoteTestNG.initAndRun(RemoteTestNG.java:204)
	at org.testng.remote.RemoteTestNG.main(RemoteTestNG.java:175)
Mar 24,2015 12:30:33 [info]  End Execution of Test Class com.iCM.scripts.PRNMedPrnTab
*****************************************************************************

*****************************************************************************
Mar 24,2015 12:31:32 [info]   Execution Started of Test Class com.iCM.scripts.PRNMedPrnTab and Test method testPRNMedPrnTab
*****************************************************************************
Mar 24,2015 12:31:32 [info]  Open application url
Mar 24,2015 12:31:50 [info]  Pass
Mar 24,2015 12:31:50 [info]  Verify Page title
Mar 24,2015 12:31:55 [info]  Pass
Mar 24,2015 12:31:55 [info]  Enter User name at login page.
Mar 24,2015 12:31:56 [info]  Pass
Mar 24,2015 12:31:56 [info]  Enter password at login page.
Mar 24,2015 12:31:57 [info]  Pass
Mar 24,2015 12:31:57 [info]  Click on Sign In button
Mar 24,2015 12:32:19 [info]  Pass
Mar 24,2015 12:32:19 [info]  Verify home page title
Mar 24,2015 12:32:24 [info]  Pass
Mar 24,2015 12:32:24 [info]  Go to Resident list
Mar 24,2015 12:32:42 [info]  Pass
Mar 24,2015 12:32:42 [info]  Search Added resident
Mar 24,2015 12:32:42 [info]  Pass
Mar 24,2015 12:32:42 [info]  Verify searched resident
Mar 24,2015 12:32:46 [info]  Pass
Mar 24,2015 12:32:46 [info]  Open resident Profile
Mar 24,2015 12:33:08 [info]  Pass
Mar 24,2015 12:33:21 [info]  Click on Medication button
Mar 24,2015 12:33:42 [info]  Pass
Mar 24,2015 12:33:42 [info]  Click on Add Medication button
Mar 24,2015 12:34:19 [info]  Pass
Mar 24,2015 12:34:19 [info]  Verify PRN Checkbox available
Mar 24,2015 12:34:32 [info]  Pass
Mar 24,2015 12:34:32 [info]  Enter Medicine Name
Mar 24,2015 12:34:32 [info]  Pass
Mar 24,2015 12:34:32 [info]  Enter Dosage
Mar 24,2015 12:34:33 [info]  Pass
Mar 24,2015 12:34:33 [info]  Enter instruction
Mar 24,2015 12:34:33 [info]  Pass
Mar 24,2015 12:34:33 [info]  Open 'Calender'
Mar 24,2015 12:34:38 [info]  Pass
Mar 24,2015 12:34:41 [info]  Select date
Mar 24,2015 12:34:45 [info]  Pass
Mar 24,2015 12:34:45 [info]  Select time
Mar 24,2015 12:34:46 [info]  Pass
Mar 24,2015 12:34:46 [info]  Select AM/PM
Mar 24,2015 12:34:47 [info]  Pass
Mar 24,2015 12:34:47 [info]  Click on Add Schedule button
Mar 24,2015 12:35:09 [info]  Pass
Mar 24,2015 12:35:09 [info]  Select time
Mar 24,2015 12:35:10 [info]  Pass
Mar 24,2015 12:35:10 [info]  Select AM/PM
Mar 24,2015 12:35:12 [info]  Pass
Mar 24,2015 12:35:12 [info]  Click on Add Schedule button
Mar 24,2015 12:35:33 [info]  Pass
Mar 24,2015 12:35:33 [info]  Select time
Mar 24,2015 12:35:35 [info]  Pass
Mar 24,2015 12:35:35 [info]  Select AM/PM
Mar 24,2015 12:35:36 [info]  Pass
Mar 24,2015 12:35:36 [info]  Click on Add Schedule button
Mar 24,2015 12:35:57 [info]  Pass
Mar 24,2015 12:35:57 [info]  Check the 'PRN' checkbox
Mar 24,2015 12:35:58 [info]  Pass
Mar 24,2015 12:35:58 [info]  Click on Save button
Mar 24,2015 12:36:32 [info]  Pass
Mar 24,2015 12:36:38 [info]  Click on Edit button
Mar 24,2015 12:36:39 [info]  Pass
Mar 24,2015 12:36:39 [info]  Check the 'PRN' checkbox
Mar 24,2015 12:37:46 [info]  Mar 24,2015 12:37:46 [info]  <<<<<<<<<<<<<<<<<<<<<<<<<<<<<<<<<< Error message >>>>>>>>>>>>>>>>>>>>>>>>>>>>>>
java.lang.AssertionError: Element Locator ://input[@name='RoutineAndPRN'] Not found expected [true] but found [false]
	at org.testng.Assert.fail(Assert.java:94)
	at org.testng.Assert.failNotEquals(Assert.java:494)
	at org.testng.Assert.assertTrue(Assert.java:42)
	at com.iCM.util.DriverHelper.clickOn(DriverHelper.java:245)
	at com.iCM.pagehelper.PRNHelper.click(PRNHelper.java:24)
	at com.iCM.scripts.PRNMedPrnTab.testPRNMedPrnTab(PRNMedPrnTab.java:173)
	at sun.reflect.NativeMethodAccessorImpl.invoke0(Native Method)
	at sun.reflect.NativeMethodAccessorImpl.invoke(Unknown Source)
	at sun.reflect.DelegatingMethodAccessorImpl.invoke(Unknown Source)
	at java.lang.reflect.Method.invoke(Unknown Source)
	at org.testng.internal.MethodInvocationHelper.invokeMethod(MethodInvocationHelper.java:84)
	at org.testng.internal.Invoker.invokeMethod(Invoker.java:714)
	at org.testng.internal.Invoker.invokeTestMethod(Invoker.java:901)
	at org.testng.internal.Invoker.invokeTestMethods(Invoker.java:1231)
	at org.testng.internal.TestMethodWorker.invokeTestMethods(TestMethodWorker.java:127)
	at org.testng.internal.TestMethodWorker.run(TestMethodWorker.java:111)
	at org.testng.TestRunner.privateRun(TestRunner.java:767)
	at org.testng.TestRunner.run(TestRunner.java:617)
	at org.testng.SuiteRunner.runTest(SuiteRunner.java:334)
	at org.testng.SuiteRunner.runSequentially(SuiteRunner.java:329)
	at org.testng.SuiteRunner.privateRun(SuiteRunner.java:291)
	at org.testng.SuiteRunner.run(SuiteRunner.java:240)
	at org.testng.SuiteRunnerWorker.runSuite(SuiteRunnerWorker.java:52)
	at org.testng.SuiteRunnerWorker.run(SuiteRunnerWorker.java:86)
	at org.testng.TestNG.runSuitesSequentially(TestNG.java:1224)
	at org.testng.TestNG.runSuitesLocally(TestNG.java:1149)
	at org.testng.TestNG.run(TestNG.java:1057)
	at org.testng.remote.RemoteTestNG.run(RemoteTestNG.java:111)
	at org.testng.remote.RemoteTestNG.initAndRun(RemoteTestNG.java:204)
	at org.testng.remote.RemoteTestNG.main(RemoteTestNG.java:175)
Mar 24,2015 12:37:46 [info]  End Execution of Test Class com.iCM.scripts.PRNMedPrnTab
*****************************************************************************

*****************************************************************************
Mar 24,2015 12:47:10 [info]   Execution Started of Test Class com.iCM.scripts.PRNMedPrnTab and Test method testPRNMedPrnTab
*****************************************************************************
Mar 24,2015 12:47:10 [info]  Open application url
Mar 24,2015 12:47:25 [info]  Pass
Mar 24,2015 12:47:25 [info]  Verify Page title
Mar 24,2015 12:47:30 [info]  Pass
Mar 24,2015 12:47:30 [info]  Enter User name at login page.
Mar 24,2015 12:47:31 [info]  Pass
Mar 24,2015 12:47:31 [info]  Enter password at login page.
Mar 24,2015 12:47:33 [info]  Pass
Mar 24,2015 12:47:33 [info]  Click on Sign In button
Mar 24,2015 12:47:50 [info]  Pass
Mar 24,2015 12:47:50 [info]  Verify home page title
Mar 24,2015 12:47:55 [info]  Pass
Mar 24,2015 12:47:55 [info]  Go to Resident list
Mar 24,2015 12:48:11 [info]  Pass
Mar 24,2015 12:48:11 [info]  Search Added resident
Mar 24,2015 12:48:12 [info]  Pass
Mar 24,2015 12:48:12 [info]  Verify searched resident
Mar 24,2015 12:48:15 [info]  Pass
Mar 24,2015 12:48:15 [info]  Open resident Profile
Mar 24,2015 12:48:36 [info]  Pass
Mar 24,2015 12:48:49 [info]  Click on Medication button
Mar 24,2015 12:49:11 [info]  Pass
Mar 24,2015 12:49:11 [info]  Click on Add Medication button
Mar 24,2015 12:49:49 [info]  Pass
Mar 24,2015 12:49:49 [info]  Verify PRN Checkbox available
Mar 24,2015 12:50:03 [info]  Pass
Mar 24,2015 12:50:03 [info]  Enter Medicine Name
Mar 24,2015 12:50:03 [info]  Pass
Mar 24,2015 12:50:03 [info]  Enter Dosage
Mar 24,2015 12:50:04 [info]  Pass
Mar 24,2015 12:50:04 [info]  Enter instruction
Mar 24,2015 12:50:04 [info]  Pass
Mar 24,2015 12:50:04 [info]  Open 'Calender'
Mar 24,2015 12:50:09 [info]  Pass
Mar 24,2015 12:50:12 [info]  Select date
Mar 24,2015 12:50:16 [info]  Pass
Mar 24,2015 12:50:16 [info]  Select time
Mar 24,2015 12:50:18 [info]  Pass
Mar 24,2015 12:50:18 [info]  Select AM/PM
Mar 24,2015 12:50:19 [info]  Pass
Mar 24,2015 12:50:19 [info]  Click on Add Schedule button
Mar 24,2015 12:50:40 [info]  Pass
Mar 24,2015 12:50:40 [info]  Select time
Mar 24,2015 12:50:41 [info]  Pass
Mar 24,2015 12:50:41 [info]  Select AM/PM
Mar 24,2015 12:50:43 [info]  Pass
Mar 24,2015 12:50:43 [info]  Click on Add Schedule button
Mar 24,2015 12:51:04 [info]  Pass
Mar 24,2015 12:51:04 [info]  Select time
Mar 24,2015 12:51:06 [info]  Pass
Mar 24,2015 12:51:06 [info]  Select AM/PM
Mar 24,2015 12:51:07 [info]  Pass
Mar 24,2015 12:51:07 [info]  Click on Add Schedule button
Mar 24,2015 12:51:28 [info]  Pass
Mar 24,2015 12:51:28 [info]  Click on Save button
Mar 24,2015 12:52:03 [info]  Pass
Mar 24,2015 12:52:08 [info]  Verify PRN text not displayed
Mar 24,2015 12:52:08 [info]  Pass
Mar 24,2015 12:52:08 [info]  Click on Edit button
Mar 24,2015 12:52:09 [info]  Pass
Mar 24,2015 12:52:09 [info]  Check the 'PRN' checkbox
Mar 24,2015 12:52:22 [info]  Pass
Mar 24,2015 12:52:22 [info]  Click on Save button
Mar 24,2015 12:52:58 [info]  Pass
Mar 24,2015 12:52:58 [info]  Verify PRN text not displayed
Mar 24,2015 12:52:58 [info]  Pass
Mar 24,2015 12:53:03 [info]  Open Medication page
Mar 24,2015 12:53:17 [info]  Pass
Mar 24,2015 12:53:17 [info]  Click on EMR Tab
Mar 24,2015 12:53:39 [info]  Pass
Mar 24,2015 12:53:39 [info]  Click on 'Morning' tab
Mar 24,2015 12:54:15 [info]  Pass
Mar 24,2015 12:54:18 [info]  Verify Medication in the tab
Mar 24,2015 12:54:19 [info]  Pass
Mar 24,2015 12:54:19 [info]  Click on 'Noon' tab
Mar 24,2015 12:54:40 [info]  Pass
Mar 24,2015 12:54:40 [info]  Verify Medication in the tab
Mar 24,2015 12:54:42 [info]  Pass
Mar 24,2015 12:54:42 [info]  Click on 'Evening' tab
Mar 24,2015 12:55:03 [info]  Pass
Mar 24,2015 12:55:03 [info]  Verify Medication in the tab
Mar 24,2015 12:55:06 [info]  Pass
Mar 24,2015 12:55:06 [info]  Click on 'PRN' tab
Mar 24,2015 12:55:06 [info]  Pass
Mar 24,2015 12:55:06 [info]  Verify Medical not available
Mar 24,2015 12:55:08 [info]  Pass
Mar 24,2015 12:55:11 [info]  End Execution of Test Class com.iCM.scripts.PRNMedPrnTab
*****************************************************************************

*****************************************************************************
Mar 24,2015 13:43:07 [info]   Execution Started of Test Class com.iCM.scripts.PRNMedAdminCount and Test method testPRNMedAdminCount
*****************************************************************************
Mar 24,2015 13:43:07 [info]  Open application url
Mar 24,2015 13:43:24 [info]  Pass
Mar 24,2015 13:43:24 [info]  Verify Page title
Mar 24,2015 13:43:29 [info]  Pass
Mar 24,2015 13:43:29 [info]  Enter User name at login page.
Mar 24,2015 13:43:30 [info]  Pass
Mar 24,2015 13:43:30 [info]  Enter password at login page.
Mar 24,2015 13:43:31 [info]  Pass
Mar 24,2015 13:43:31 [info]  Click on Sign In button
Mar 24,2015 13:43:49 [info]  Pass
Mar 24,2015 13:43:49 [info]  Verify home page title
Mar 24,2015 13:43:54 [info]  Pass
Mar 24,2015 13:43:54 [info]  Go to Resident list
Mar 24,2015 13:44:07 [info]  Pass
Mar 24,2015 13:44:07 [info]  Search Added resident
Mar 24,2015 13:44:08 [info]  Pass
Mar 24,2015 13:44:08 [info]  Verify searched resident
Mar 24,2015 13:44:11 [info]  Pass
Mar 24,2015 13:44:11 [info]  Open resident Profile
Mar 24,2015 13:44:33 [info]  Pass
Mar 24,2015 13:44:46 [info]  Click on Medication button
Mar 24,2015 13:45:08 [info]  Pass
Mar 24,2015 13:45:08 [info]  Click on Add Medication button
Mar 24,2015 13:45:44 [info]  Pass
Mar 24,2015 13:45:44 [info]  Verify PRN Checkbox available
Mar 24,2015 13:45:56 [info]  Pass
Mar 24,2015 13:45:56 [info]  Enter Medicine Name
Mar 24,2015 13:45:56 [info]  Pass
Mar 24,2015 13:45:56 [info]  Enter Dosage
Mar 24,2015 13:45:57 [info]  Pass
Mar 24,2015 13:45:57 [info]  Enter instruction
Mar 24,2015 13:45:58 [info]  Pass
Mar 24,2015 13:45:58 [info]  Open 'Calender'
Mar 24,2015 13:46:02 [info]  Pass
Mar 24,2015 13:46:05 [info]  Select date
Mar 24,2015 13:46:09 [info]  Pass
Mar 24,2015 13:46:09 [info]  Select time
Mar 24,2015 13:46:11 [info]  Pass
Mar 24,2015 13:46:11 [info]  Select AM/PM
Mar 24,2015 13:46:12 [info]  Pass
Mar 24,2015 13:46:12 [info]  Click on Add Schedule button
Mar 24,2015 13:46:33 [info]  Pass
Mar 24,2015 13:46:33 [info]  Select time
Mar 24,2015 13:46:35 [info]  Pass
Mar 24,2015 13:46:35 [info]  Select AM/PM
Mar 24,2015 13:46:36 [info]  Pass
Mar 24,2015 13:46:36 [info]  Click on Add Schedule button
Mar 24,2015 13:46:58 [info]  Pass
Mar 24,2015 13:46:58 [info]  Select time
Mar 24,2015 13:46:59 [info]  Pass
Mar 24,2015 13:46:59 [info]  Select AM/PM
Mar 24,2015 13:47:00 [info]  Pass
Mar 24,2015 13:47:00 [info]  Click on Add Schedule button
Mar 24,2015 13:47:22 [info]  Pass
Mar 24,2015 13:47:22 [info]  Click on Save button
Mar 24,2015 13:47:57 [info]  Pass
Mar 24,2015 13:48:02 [info]  Verify PRN text not displayed
Mar 24,2015 13:48:02 [info]  Pass
Mar 24,2015 13:48:02 [info]  Click on Edit button
Mar 24,2015 13:48:03 [info]  Pass
Mar 24,2015 13:48:03 [info]  Check the 'PRN' checkbox
Mar 24,2015 13:48:16 [info]  Pass
Mar 24,2015 13:48:16 [info]  Click on Save button
Mar 24,2015 13:48:50 [info]  Pass
Mar 24,2015 13:48:50 [info]  Verify PRN text not displayed
Mar 24,2015 13:48:50 [info]  Pass
Mar 24,2015 13:48:55 [info]  Open Medication page
Mar 24,2015 13:49:06 [info]  Pass
Mar 24,2015 13:49:06 [info]  Click on EMR Tab
Mar 24,2015 13:49:27 [info]  Pass
Mar 24,2015 13:49:27 [info]  Click on 'PRN' tab
Mar 24,2015 13:49:44 [info]  Pass
Mar 24,2015 13:49:44 [info]  Verify Medical not available
Mar 24,2015 13:49:45 [info]  Pass
Mar 24,2015 13:49:45 [info]  Verify Admin button available for PRN medication
Mar 24,2015 13:49:46 [info]  Pass
Mar 24,2015 13:49:46 [info]  Click on PRN Admin button
Mar 24,2015 13:49:48 [info]  Pass
Mar 24,2015 13:49:48 [info]  Enter Reason
Mar 24,2015 13:49:48 [info]  Mar 24,2015 13:49:48 [info]  <<<<<<<<<<<<<<<<<<<<<<<<<<<<<<<<<< Error message >>>>>>>>>>>>>>>>>>>>>>>>>>>>>>
org.openqa.selenium.ElementNotVisibleException: Element is not currently visible and so may not be interacted with
Command duration or timeout: 55 milliseconds
Build info: version: '2.44.0', revision: '76d78cf', time: '2014-10-23 20:02:37'
System info: host: 'user-PC', ip: '192.168.21.1', os.name: 'Windows 7', os.arch: 'x86', os.version: '6.1', java.version: '1.8.0_20'
Driver info: org.openqa.selenium.firefox.FirefoxDriver
Capabilities [{applicationCacheEnabled=true, rotatable=false, handlesAlerts=true, databaseEnabled=true, version=29.0.1, platform=WINDOWS, browserConnectionEnabled=true, nativeEvents=false, acceptSslCerts=true, webStorageEnabled=true, locationContextEnabled=true, browserName=firefox, takesScreenshot=true, javascriptEnabled=true, cssSelectorsEnabled=true}]
Session ID: 5b1d79a2-f25a-4f7d-afc3-dc64af724ccc
	at sun.reflect.NativeConstructorAccessorImpl.newInstance0(Native Method)
	at sun.reflect.NativeConstructorAccessorImpl.newInstance(Unknown Source)
	at sun.reflect.DelegatingConstructorAccessorImpl.newInstance(Unknown Source)
	at java.lang.reflect.Constructor.newInstance(Unknown Source)
	at org.openqa.selenium.remote.ErrorHandler.createThrowable(ErrorHandler.java:204)
	at org.openqa.selenium.remote.ErrorHandler.throwIfResponseFailed(ErrorHandler.java:156)
	at org.openqa.selenium.remote.RemoteWebDriver.execute(RemoteWebDriver.java:599)
	at org.openqa.selenium.remote.RemoteWebElement.execute(RemoteWebElement.java:268)
	at org.openqa.selenium.remote.RemoteWebElement.clear(RemoteWebElement.java:113)
	at com.iCM.util.DriverHelper.sendKeys(DriverHelper.java:256)
	at com.iCM.pagehelper.PRNHelper.type(PRNHelper.java:87)
	at com.iCM.scripts.PRNMedAdminCount.testPRNMedAdminCount(PRNMedAdminCount.java:221)
	at sun.reflect.NativeMethodAccessorImpl.invoke0(Native Method)
	at sun.reflect.NativeMethodAccessorImpl.invoke(Unknown Source)
	at sun.reflect.DelegatingMethodAccessorImpl.invoke(Unknown Source)
	at java.lang.reflect.Method.invoke(Unknown Source)
	at org.testng.internal.MethodInvocationHelper.invokeMethod(MethodInvocationHelper.java:84)
	at org.testng.internal.Invoker.invokeMethod(Invoker.java:714)
	at org.testng.internal.Invoker.invokeTestMethod(Invoker.java:901)
	at org.testng.internal.Invoker.invokeTestMethods(Invoker.java:1231)
	at org.testng.internal.TestMethodWorker.invokeTestMethods(TestMethodWorker.java:127)
	at org.testng.internal.TestMethodWorker.run(TestMethodWorker.java:111)
	at org.testng.TestRunner.privateRun(TestRunner.java:767)
	at org.testng.TestRunner.run(TestRunner.java:617)
	at org.testng.SuiteRunner.runTest(SuiteRunner.java:334)
	at org.testng.SuiteRunner.runSequentially(SuiteRunner.java:329)
	at org.testng.SuiteRunner.privateRun(SuiteRunner.java:291)
	at org.testng.SuiteRunner.run(SuiteRunner.java:240)
	at org.testng.SuiteRunnerWorker.runSuite(SuiteRunnerWorker.java:52)
	at org.testng.SuiteRunnerWorker.run(SuiteRunnerWorker.java:86)
	at org.testng.TestNG.runSuitesSequentially(TestNG.java:1224)
	at org.testng.TestNG.runSuitesLocally(TestNG.java:1149)
	at org.testng.TestNG.run(TestNG.java:1057)
	at org.testng.remote.RemoteTestNG.run(RemoteTestNG.java:111)
	at org.testng.remote.RemoteTestNG.initAndRun(RemoteTestNG.java:204)
	at org.testng.remote.RemoteTestNG.main(RemoteTestNG.java:175)
Caused by: org.openqa.selenium.ElementNotVisibleException: Element is not currently visible and so may not be interacted with
Build info: version: '2.44.0', revision: '76d78cf', time: '2014-10-23 20:02:37'
System info: host: 'user-PC', ip: '192.168.21.1', os.name: 'Windows 7', os.arch: 'x86', os.version: '6.1', java.version: '1.8.0_20'
Driver info: driver.version: unknown
	at <anonymous class>.fxdriver.preconditions.visible(file:///C:/Users/user/AppData/Local/Temp/anonymous6889957786906894844webdriver-profile/extensions/fxdriver@googlecode.com/components/command-processor.js:8959)
	at <anonymous class>.DelayedCommand.prototype.checkPreconditions_(file:///C:/Users/user/AppData/Local/Temp/anonymous6889957786906894844webdriver-profile/extensions/fxdriver@googlecode.com/components/command-processor.js:11618)
	at <anonymous class>.DelayedCommand.prototype.executeInternal_/h(file:///C:/Users/user/AppData/Local/Temp/anonymous6889957786906894844webdriver-profile/extensions/fxdriver@googlecode.com/components/command-processor.js:11635)
	at <anonymous class>.DelayedCommand.prototype.executeInternal_(file:///C:/Users/user/AppData/Local/Temp/anonymous6889957786906894844webdriver-profile/extensions/fxdriver@googlecode.com/components/command-processor.js:11640)
	at <anonymous class>.DelayedCommand.prototype.execute/<(file:///C:/Users/user/AppData/Local/Temp/anonymous6889957786906894844webdriver-profile/extensions/fxdriver@googlecode.com/components/command-processor.js:11582)
Mar 24,2015 13:49:48 [info]  End Execution of Test Class com.iCM.scripts.PRNMedAdminCount
*****************************************************************************

*****************************************************************************
Mar 24,2015 13:51:18 [info]   Execution Started of Test Class com.iCM.scripts.PRNMedAdminCount and Test method testPRNMedAdminCount
*****************************************************************************
Mar 24,2015 13:51:18 [info]  Open application url
Mar 24,2015 13:51:41 [info]  Pass
Mar 24,2015 13:51:41 [info]  Verify Page title
Mar 24,2015 13:51:46 [info]  Pass
Mar 24,2015 13:51:46 [info]  Enter User name at login page.
Mar 24,2015 13:51:47 [info]  Pass
Mar 24,2015 13:51:47 [info]  Enter password at login page.
Mar 24,2015 13:51:48 [info]  Pass
Mar 24,2015 13:51:48 [info]  Click on Sign In button
Mar 24,2015 13:52:07 [info]  Pass
Mar 24,2015 13:52:07 [info]  Verify home page title
Mar 24,2015 13:52:12 [info]  Pass
Mar 24,2015 13:52:30 [info]  Click on 'PRN' tab
Mar 24,2015 13:52:30 [info]  Pass
Mar 24,2015 13:52:30 [info]  Verify Medical not available
Mar 24,2015 13:52:34 [info]  Pass
Mar 24,2015 13:52:34 [info]  Verify Admin button available for PRN medication
Mar 24,2015 13:52:35 [info]  Pass
Mar 24,2015 13:52:35 [info]  Click on PRN Admin button
Mar 24,2015 13:52:36 [info]  Pass
Mar 24,2015 13:52:38 [info]  Enter Reason
Mar 24,2015 13:52:38 [info]  Mar 24,2015 13:52:38 [info]  <<<<<<<<<<<<<<<<<<<<<<<<<<<<<<<<<< Error message >>>>>>>>>>>>>>>>>>>>>>>>>>>>>>
org.openqa.selenium.ElementNotVisibleException: Element is not currently visible and so may not be interacted with
Command duration or timeout: 42 milliseconds
Build info: version: '2.44.0', revision: '76d78cf', time: '2014-10-23 20:02:37'
System info: host: 'user-PC', ip: '192.168.21.1', os.name: 'Windows 7', os.arch: 'x86', os.version: '6.1', java.version: '1.8.0_20'
Driver info: org.openqa.selenium.firefox.FirefoxDriver
Capabilities [{applicationCacheEnabled=true, rotatable=false, handlesAlerts=true, databaseEnabled=true, version=29.0.1, platform=WINDOWS, browserConnectionEnabled=true, nativeEvents=false, acceptSslCerts=true, webStorageEnabled=true, locationContextEnabled=true, browserName=firefox, takesScreenshot=true, javascriptEnabled=true, cssSelectorsEnabled=true}]
Session ID: 1019a4d0-0af3-4aab-86c0-7211d323523d
	at sun.reflect.NativeConstructorAccessorImpl.newInstance0(Native Method)
	at sun.reflect.NativeConstructorAccessorImpl.newInstance(Unknown Source)
	at sun.reflect.DelegatingConstructorAccessorImpl.newInstance(Unknown Source)
	at java.lang.reflect.Constructor.newInstance(Unknown Source)
	at org.openqa.selenium.remote.ErrorHandler.createThrowable(ErrorHandler.java:204)
	at org.openqa.selenium.remote.ErrorHandler.throwIfResponseFailed(ErrorHandler.java:156)
	at org.openqa.selenium.remote.RemoteWebDriver.execute(RemoteWebDriver.java:599)
	at org.openqa.selenium.remote.RemoteWebElement.execute(RemoteWebElement.java:268)
	at org.openqa.selenium.remote.RemoteWebElement.clear(RemoteWebElement.java:113)
	at com.iCM.util.DriverHelper.sendKeys(DriverHelper.java:256)
	at com.iCM.pagehelper.PRNHelper.type(PRNHelper.java:87)
	at com.iCM.scripts.PRNMedAdminCount.testPRNMedAdminCount(PRNMedAdminCount.java:225)
	at sun.reflect.NativeMethodAccessorImpl.invoke0(Native Method)
	at sun.reflect.NativeMethodAccessorImpl.invoke(Unknown Source)
	at sun.reflect.DelegatingMethodAccessorImpl.invoke(Unknown Source)
	at java.lang.reflect.Method.invoke(Unknown Source)
	at org.testng.internal.MethodInvocationHelper.invokeMethod(MethodInvocationHelper.java:84)
	at org.testng.internal.Invoker.invokeMethod(Invoker.java:714)
	at org.testng.internal.Invoker.invokeTestMethod(Invoker.java:901)
	at org.testng.internal.Invoker.invokeTestMethods(Invoker.java:1231)
	at org.testng.internal.TestMethodWorker.invokeTestMethods(TestMethodWorker.java:127)
	at org.testng.internal.TestMethodWorker.run(TestMethodWorker.java:111)
	at org.testng.TestRunner.privateRun(TestRunner.java:767)
	at org.testng.TestRunner.run(TestRunner.java:617)
	at org.testng.SuiteRunner.runTest(SuiteRunner.java:334)
	at org.testng.SuiteRunner.runSequentially(SuiteRunner.java:329)
	at org.testng.SuiteRunner.privateRun(SuiteRunner.java:291)
	at org.testng.SuiteRunner.run(SuiteRunner.java:240)
	at org.testng.SuiteRunnerWorker.runSuite(SuiteRunnerWorker.java:52)
	at org.testng.SuiteRunnerWorker.run(SuiteRunnerWorker.java:86)
	at org.testng.TestNG.runSuitesSequentially(TestNG.java:1224)
	at org.testng.TestNG.runSuitesLocally(TestNG.java:1149)
	at org.testng.TestNG.run(TestNG.java:1057)
	at org.testng.remote.RemoteTestNG.run(RemoteTestNG.java:111)
	at org.testng.remote.RemoteTestNG.initAndRun(RemoteTestNG.java:204)
	at org.testng.remote.RemoteTestNG.main(RemoteTestNG.java:175)
Caused by: org.openqa.selenium.ElementNotVisibleException: Element is not currently visible and so may not be interacted with
Build info: version: '2.44.0', revision: '76d78cf', time: '2014-10-23 20:02:37'
System info: host: 'user-PC', ip: '192.168.21.1', os.name: 'Windows 7', os.arch: 'x86', os.version: '6.1', java.version: '1.8.0_20'
Driver info: driver.version: unknown
	at <anonymous class>.fxdriver.preconditions.visible(file:///C:/Users/user/AppData/Local/Temp/anonymous482782376587766659webdriver-profile/extensions/fxdriver@googlecode.com/components/command-processor.js:8959)
	at <anonymous class>.DelayedCommand.prototype.checkPreconditions_(file:///C:/Users/user/AppData/Local/Temp/anonymous482782376587766659webdriver-profile/extensions/fxdriver@googlecode.com/components/command-processor.js:11618)
	at <anonymous class>.DelayedCommand.prototype.executeInternal_/h(file:///C:/Users/user/AppData/Local/Temp/anonymous482782376587766659webdriver-profile/extensions/fxdriver@googlecode.com/components/command-processor.js:11635)
	at <anonymous class>.DelayedCommand.prototype.executeInternal_(file:///C:/Users/user/AppData/Local/Temp/anonymous482782376587766659webdriver-profile/extensions/fxdriver@googlecode.com/components/command-processor.js:11640)
	at <anonymous class>.DelayedCommand.prototype.execute/<(file:///C:/Users/user/AppData/Local/Temp/anonymous482782376587766659webdriver-profile/extensions/fxdriver@googlecode.com/components/command-processor.js:11582)
Mar 24,2015 13:52:38 [info]  End Execution of Test Class com.iCM.scripts.PRNMedAdminCount
*****************************************************************************

*****************************************************************************
Mar 24,2015 13:54:06 [info]   Execution Started of Test Class com.iCM.scripts.PRNMedAdminCount and Test method testPRNMedAdminCount
*****************************************************************************
Mar 24,2015 13:54:06 [info]  Open application url
Mar 24,2015 13:54:23 [info]  Pass
Mar 24,2015 13:54:23 [info]  Verify Page title
Mar 24,2015 13:54:28 [info]  Pass
Mar 24,2015 13:54:28 [info]  Enter User name at login page.
Mar 24,2015 13:54:29 [info]  Pass
Mar 24,2015 13:54:29 [info]  Enter password at login page.
Mar 24,2015 13:54:30 [info]  Pass
Mar 24,2015 13:54:30 [info]  Click on Sign In button
Mar 24,2015 13:54:51 [info]  Pass
Mar 24,2015 13:54:51 [info]  Verify home page title
Mar 24,2015 13:54:56 [info]  Pass
Mar 24,2015 13:55:15 [info]  Click on 'PRN' tab
Mar 24,2015 13:55:16 [info]  Pass
Mar 24,2015 13:55:16 [info]  Verify Medical not available
Mar 24,2015 13:55:20 [info]  Pass
Mar 24,2015 13:55:20 [info]  Verify Admin button available for PRN medication
Mar 24,2015 13:55:20 [info]  Pass
Mar 24,2015 13:55:20 [info]  Click on PRN Admin button
Mar 24,2015 13:55:21 [info]  Pass
Mar 24,2015 13:55:23 [info]  Enter Reason
Mar 24,2015 13:55:24 [info]  Mar 24,2015 13:55:24 [info]  <<<<<<<<<<<<<<<<<<<<<<<<<<<<<<<<<< Error message >>>>>>>>>>>>>>>>>>>>>>>>>>>>>>
org.openqa.selenium.ElementNotVisibleException: Element is not currently visible and so may not be interacted with
Command duration or timeout: 47 milliseconds
Build info: version: '2.44.0', revision: '76d78cf', time: '2014-10-23 20:02:37'
System info: host: 'user-PC', ip: '192.168.21.1', os.name: 'Windows 7', os.arch: 'x86', os.version: '6.1', java.version: '1.8.0_20'
Driver info: org.openqa.selenium.firefox.FirefoxDriver
Capabilities [{applicationCacheEnabled=true, rotatable=false, handlesAlerts=true, databaseEnabled=true, version=29.0.1, platform=WINDOWS, browserConnectionEnabled=true, nativeEvents=false, acceptSslCerts=true, webStorageEnabled=true, locationContextEnabled=true, browserName=firefox, takesScreenshot=true, javascriptEnabled=true, cssSelectorsEnabled=true}]
Session ID: 48684ccd-4813-449b-8f0a-83ee95ae47e6
	at sun.reflect.NativeConstructorAccessorImpl.newInstance0(Native Method)
	at sun.reflect.NativeConstructorAccessorImpl.newInstance(Unknown Source)
	at sun.reflect.DelegatingConstructorAccessorImpl.newInstance(Unknown Source)
	at java.lang.reflect.Constructor.newInstance(Unknown Source)
	at org.openqa.selenium.remote.ErrorHandler.createThrowable(ErrorHandler.java:204)
	at org.openqa.selenium.remote.ErrorHandler.throwIfResponseFailed(ErrorHandler.java:156)
	at org.openqa.selenium.remote.RemoteWebDriver.execute(RemoteWebDriver.java:599)
	at org.openqa.selenium.remote.RemoteWebElement.execute(RemoteWebElement.java:268)
	at org.openqa.selenium.remote.RemoteWebElement.clear(RemoteWebElement.java:113)
	at com.iCM.util.DriverHelper.sendKeys(DriverHelper.java:256)
	at com.iCM.pagehelper.PRNHelper.type(PRNHelper.java:87)
	at com.iCM.scripts.PRNMedAdminCount.testPRNMedAdminCount(PRNMedAdminCount.java:225)
	at sun.reflect.NativeMethodAccessorImpl.invoke0(Native Method)
	at sun.reflect.NativeMethodAccessorImpl.invoke(Unknown Source)
	at sun.reflect.DelegatingMethodAccessorImpl.invoke(Unknown Source)
	at java.lang.reflect.Method.invoke(Unknown Source)
	at org.testng.internal.MethodInvocationHelper.invokeMethod(MethodInvocationHelper.java:84)
	at org.testng.internal.Invoker.invokeMethod(Invoker.java:714)
	at org.testng.internal.Invoker.invokeTestMethod(Invoker.java:901)
	at org.testng.internal.Invoker.invokeTestMethods(Invoker.java:1231)
	at org.testng.internal.TestMethodWorker.invokeTestMethods(TestMethodWorker.java:127)
	at org.testng.internal.TestMethodWorker.run(TestMethodWorker.java:111)
	at org.testng.TestRunner.privateRun(TestRunner.java:767)
	at org.testng.TestRunner.run(TestRunner.java:617)
	at org.testng.SuiteRunner.runTest(SuiteRunner.java:334)
	at org.testng.SuiteRunner.runSequentially(SuiteRunner.java:329)
	at org.testng.SuiteRunner.privateRun(SuiteRunner.java:291)
	at org.testng.SuiteRunner.run(SuiteRunner.java:240)
	at org.testng.SuiteRunnerWorker.runSuite(SuiteRunnerWorker.java:52)
	at org.testng.SuiteRunnerWorker.run(SuiteRunnerWorker.java:86)
	at org.testng.TestNG.runSuitesSequentially(TestNG.java:1224)
	at org.testng.TestNG.runSuitesLocally(TestNG.java:1149)
	at org.testng.TestNG.run(TestNG.java:1057)
	at org.testng.remote.RemoteTestNG.run(RemoteTestNG.java:111)
	at org.testng.remote.RemoteTestNG.initAndRun(RemoteTestNG.java:204)
	at org.testng.remote.RemoteTestNG.main(RemoteTestNG.java:175)
Caused by: org.openqa.selenium.ElementNotVisibleException: Element is not currently visible and so may not be interacted with
Build info: version: '2.44.0', revision: '76d78cf', time: '2014-10-23 20:02:37'
System info: host: 'user-PC', ip: '192.168.21.1', os.name: 'Windows 7', os.arch: 'x86', os.version: '6.1', java.version: '1.8.0_20'
Driver info: driver.version: unknown
	at <anonymous class>.fxdriver.preconditions.visible(file:///C:/Users/user/AppData/Local/Temp/anonymous8793458626654343813webdriver-profile/extensions/fxdriver@googlecode.com/components/command-processor.js:8959)
	at <anonymous class>.DelayedCommand.prototype.checkPreconditions_(file:///C:/Users/user/AppData/Local/Temp/anonymous8793458626654343813webdriver-profile/extensions/fxdriver@googlecode.com/components/command-processor.js:11618)
	at <anonymous class>.DelayedCommand.prototype.executeInternal_/h(file:///C:/Users/user/AppData/Local/Temp/anonymous8793458626654343813webdriver-profile/extensions/fxdriver@googlecode.com/components/command-processor.js:11635)
	at <anonymous class>.DelayedCommand.prototype.executeInternal_(file:///C:/Users/user/AppData/Local/Temp/anonymous8793458626654343813webdriver-profile/extensions/fxdriver@googlecode.com/components/command-processor.js:11640)
	at <anonymous class>.DelayedCommand.prototype.execute/<(file:///C:/Users/user/AppData/Local/Temp/anonymous8793458626654343813webdriver-profile/extensions/fxdriver@googlecode.com/components/command-processor.js:11582)
Mar 24,2015 13:55:24 [info]  End Execution of Test Class com.iCM.scripts.PRNMedAdminCount
*****************************************************************************

*****************************************************************************
Mar 24,2015 13:58:45 [info]   Execution Started of Test Class com.iCM.scripts.PRNMedAdminCount and Test method testPRNMedAdminCount
*****************************************************************************
Mar 24,2015 13:58:45 [info]  Open application url
Mar 24,2015 13:59:02 [info]  Pass
Mar 24,2015 13:59:02 [info]  Verify Page title
Mar 24,2015 13:59:07 [info]  Pass
Mar 24,2015 13:59:07 [info]  Enter User name at login page.
Mar 24,2015 13:59:08 [info]  Pass
Mar 24,2015 13:59:08 [info]  Enter password at login page.
Mar 24,2015 13:59:09 [info]  Pass
Mar 24,2015 13:59:09 [info]  Click on Sign In button
Mar 24,2015 13:59:31 [info]  Pass
Mar 24,2015 13:59:31 [info]  Verify home page title
Mar 24,2015 13:59:36 [info]  Pass
Mar 24,2015 13:59:56 [info]  Click on 'PRN' tab
Mar 24,2015 13:59:57 [info]  Pass
Mar 24,2015 13:59:57 [info]  Verify Medical not available
Mar 24,2015 14:00:01 [info]  Pass
Mar 24,2015 14:00:01 [info]  Verify Admin button available for PRN medication
Mar 24,2015 14:00:01 [info]  Pass
Mar 24,2015 14:00:01 [info]  Click on PRN Admin button
Mar 24,2015 14:00:02 [info]  Pass
Mar 24,2015 14:00:05 [info]  Enter Reason
Mar 24,2015 14:00:06 [info]  Mar 24,2015 14:00:06 [info]  <<<<<<<<<<<<<<<<<<<<<<<<<<<<<<<<<< Error message >>>>>>>>>>>>>>>>>>>>>>>>>>>>>>
org.openqa.selenium.ElementNotVisibleException: Element is not currently visible and so may not be interacted with
Command duration or timeout: 45 milliseconds
Build info: version: '2.44.0', revision: '76d78cf', time: '2014-10-23 20:02:37'
System info: host: 'user-PC', ip: '192.168.21.1', os.name: 'Windows 7', os.arch: 'x86', os.version: '6.1', java.version: '1.8.0_20'
Driver info: org.openqa.selenium.firefox.FirefoxDriver
Capabilities [{applicationCacheEnabled=true, rotatable=false, handlesAlerts=true, databaseEnabled=true, version=29.0.1, platform=WINDOWS, browserConnectionEnabled=true, nativeEvents=false, acceptSslCerts=true, webStorageEnabled=true, locationContextEnabled=true, browserName=firefox, takesScreenshot=true, javascriptEnabled=true, cssSelectorsEnabled=true}]
Session ID: 84274986-7bab-4f98-8e14-0962c702ab9f
	at sun.reflect.NativeConstructorAccessorImpl.newInstance0(Native Method)
	at sun.reflect.NativeConstructorAccessorImpl.newInstance(Unknown Source)
	at sun.reflect.DelegatingConstructorAccessorImpl.newInstance(Unknown Source)
	at java.lang.reflect.Constructor.newInstance(Unknown Source)
	at org.openqa.selenium.remote.ErrorHandler.createThrowable(ErrorHandler.java:204)
	at org.openqa.selenium.remote.ErrorHandler.throwIfResponseFailed(ErrorHandler.java:156)
	at org.openqa.selenium.remote.RemoteWebDriver.execute(RemoteWebDriver.java:599)
	at org.openqa.selenium.remote.RemoteWebElement.execute(RemoteWebElement.java:268)
	at org.openqa.selenium.remote.RemoteWebElement.clear(RemoteWebElement.java:113)
	at com.iCM.util.DriverHelper.sendKeys(DriverHelper.java:256)
	at com.iCM.pagehelper.PRNHelper.type(PRNHelper.java:87)
	at com.iCM.scripts.PRNMedAdminCount.testPRNMedAdminCount(PRNMedAdminCount.java:225)
	at sun.reflect.NativeMethodAccessorImpl.invoke0(Native Method)
	at sun.reflect.NativeMethodAccessorImpl.invoke(Unknown Source)
	at sun.reflect.DelegatingMethodAccessorImpl.invoke(Unknown Source)
	at java.lang.reflect.Method.invoke(Unknown Source)
	at org.testng.internal.MethodInvocationHelper.invokeMethod(MethodInvocationHelper.java:84)
	at org.testng.internal.Invoker.invokeMethod(Invoker.java:714)
	at org.testng.internal.Invoker.invokeTestMethod(Invoker.java:901)
	at org.testng.internal.Invoker.invokeTestMethods(Invoker.java:1231)
	at org.testng.internal.TestMethodWorker.invokeTestMethods(TestMethodWorker.java:127)
	at org.testng.internal.TestMethodWorker.run(TestMethodWorker.java:111)
	at org.testng.TestRunner.privateRun(TestRunner.java:767)
	at org.testng.TestRunner.run(TestRunner.java:617)
	at org.testng.SuiteRunner.runTest(SuiteRunner.java:334)
	at org.testng.SuiteRunner.runSequentially(SuiteRunner.java:329)
	at org.testng.SuiteRunner.privateRun(SuiteRunner.java:291)
	at org.testng.SuiteRunner.run(SuiteRunner.java:240)
	at org.testng.SuiteRunnerWorker.runSuite(SuiteRunnerWorker.java:52)
	at org.testng.SuiteRunnerWorker.run(SuiteRunnerWorker.java:86)
	at org.testng.TestNG.runSuitesSequentially(TestNG.java:1224)
	at org.testng.TestNG.runSuitesLocally(TestNG.java:1149)
	at org.testng.TestNG.run(TestNG.java:1057)
	at org.testng.remote.RemoteTestNG.run(RemoteTestNG.java:111)
	at org.testng.remote.RemoteTestNG.initAndRun(RemoteTestNG.java:204)
	at org.testng.remote.RemoteTestNG.main(RemoteTestNG.java:175)
Caused by: org.openqa.selenium.ElementNotVisibleException: Element is not currently visible and so may not be interacted with
Build info: version: '2.44.0', revision: '76d78cf', time: '2014-10-23 20:02:37'
System info: host: 'user-PC', ip: '192.168.21.1', os.name: 'Windows 7', os.arch: 'x86', os.version: '6.1', java.version: '1.8.0_20'
Driver info: driver.version: unknown
	at <anonymous class>.fxdriver.preconditions.visible(file:///C:/Users/user/AppData/Local/Temp/anonymous3643801610795501829webdriver-profile/extensions/fxdriver@googlecode.com/components/command-processor.js:8959)
	at <anonymous class>.DelayedCommand.prototype.checkPreconditions_(file:///C:/Users/user/AppData/Local/Temp/anonymous3643801610795501829webdriver-profile/extensions/fxdriver@googlecode.com/components/command-processor.js:11618)
	at <anonymous class>.DelayedCommand.prototype.executeInternal_/h(file:///C:/Users/user/AppData/Local/Temp/anonymous3643801610795501829webdriver-profile/extensions/fxdriver@googlecode.com/components/command-processor.js:11635)
	at <anonymous class>.DelayedCommand.prototype.executeInternal_(file:///C:/Users/user/AppData/Local/Temp/anonymous3643801610795501829webdriver-profile/extensions/fxdriver@googlecode.com/components/command-processor.js:11640)
	at <anonymous class>.DelayedCommand.prototype.execute/<(file:///C:/Users/user/AppData/Local/Temp/anonymous3643801610795501829webdriver-profile/extensions/fxdriver@googlecode.com/components/command-processor.js:11582)
Mar 24,2015 14:00:06 [info]  End Execution of Test Class com.iCM.scripts.PRNMedAdminCount
*****************************************************************************

*****************************************************************************
Mar 24,2015 14:02:12 [info]   Execution Started of Test Class com.iCM.scripts.PRNMedAdminCount and Test method testPRNMedAdminCount
*****************************************************************************
Mar 24,2015 14:02:12 [info]  Open application url
Mar 24,2015 14:02:28 [info]  Pass
Mar 24,2015 14:02:28 [info]  Verify Page title
Mar 24,2015 14:02:33 [info]  Pass
Mar 24,2015 14:02:33 [info]  Enter User name at login page.
Mar 24,2015 14:02:34 [info]  Pass
Mar 24,2015 14:02:34 [info]  Enter password at login page.
Mar 24,2015 14:02:35 [info]  Pass
Mar 24,2015 14:02:35 [info]  Click on Sign In button
Mar 24,2015 14:02:54 [info]  Pass
Mar 24,2015 14:02:54 [info]  Verify home page title
Mar 24,2015 14:02:59 [info]  Pass
Mar 24,2015 14:03:17 [info]  Click on 'PRN' tab
Mar 24,2015 14:03:18 [info]  Pass
Mar 24,2015 14:03:18 [info]  Verify Medical not available
Mar 24,2015 14:03:22 [info]  Pass
Mar 24,2015 14:03:22 [info]  Verify Admin button available for PRN medication
Mar 24,2015 14:03:22 [info]  Pass
Mar 24,2015 14:03:25 [info]  Click on PRN Admin button
Mar 24,2015 14:03:26 [info]  Pass
Mar 24,2015 14:03:29 [info]  Enter Reason
Mar 24,2015 14:03:29 [info]  Mar 24,2015 14:03:29 [info]  <<<<<<<<<<<<<<<<<<<<<<<<<<<<<<<<<< Error message >>>>>>>>>>>>>>>>>>>>>>>>>>>>>>
org.openqa.selenium.ElementNotVisibleException: Element is not currently visible and so may not be interacted with
Command duration or timeout: 46 milliseconds
Build info: version: '2.44.0', revision: '76d78cf', time: '2014-10-23 20:02:37'
System info: host: 'user-PC', ip: '192.168.21.1', os.name: 'Windows 7', os.arch: 'x86', os.version: '6.1', java.version: '1.8.0_20'
Driver info: org.openqa.selenium.firefox.FirefoxDriver
Capabilities [{applicationCacheEnabled=true, rotatable=false, handlesAlerts=true, databaseEnabled=true, version=29.0.1, platform=WINDOWS, browserConnectionEnabled=true, nativeEvents=false, acceptSslCerts=true, webStorageEnabled=true, locationContextEnabled=true, browserName=firefox, takesScreenshot=true, javascriptEnabled=true, cssSelectorsEnabled=true}]
Session ID: 42c70e19-24ff-4d07-a05f-72eb5eabcd5d
	at sun.reflect.NativeConstructorAccessorImpl.newInstance0(Native Method)
	at sun.reflect.NativeConstructorAccessorImpl.newInstance(Unknown Source)
	at sun.reflect.DelegatingConstructorAccessorImpl.newInstance(Unknown Source)
	at java.lang.reflect.Constructor.newInstance(Unknown Source)
	at org.openqa.selenium.remote.ErrorHandler.createThrowable(ErrorHandler.java:204)
	at org.openqa.selenium.remote.ErrorHandler.throwIfResponseFailed(ErrorHandler.java:156)
	at org.openqa.selenium.remote.RemoteWebDriver.execute(RemoteWebDriver.java:599)
	at org.openqa.selenium.remote.RemoteWebElement.execute(RemoteWebElement.java:268)
	at org.openqa.selenium.remote.RemoteWebElement.clear(RemoteWebElement.java:113)
	at com.iCM.util.DriverHelper.sendKeys(DriverHelper.java:256)
	at com.iCM.pagehelper.PRNHelper.type(PRNHelper.java:88)
	at com.iCM.scripts.PRNMedAdminCount.testPRNMedAdminCount(PRNMedAdminCount.java:227)
	at sun.reflect.NativeMethodAccessorImpl.invoke0(Native Method)
	at sun.reflect.NativeMethodAccessorImpl.invoke(Unknown Source)
	at sun.reflect.DelegatingMethodAccessorImpl.invoke(Unknown Source)
	at java.lang.reflect.Method.invoke(Unknown Source)
	at org.testng.internal.MethodInvocationHelper.invokeMethod(MethodInvocationHelper.java:84)
	at org.testng.internal.Invoker.invokeMethod(Invoker.java:714)
	at org.testng.internal.Invoker.invokeTestMethod(Invoker.java:901)
	at org.testng.internal.Invoker.invokeTestMethods(Invoker.java:1231)
	at org.testng.internal.TestMethodWorker.invokeTestMethods(TestMethodWorker.java:127)
	at org.testng.internal.TestMethodWorker.run(TestMethodWorker.java:111)
	at org.testng.TestRunner.privateRun(TestRunner.java:767)
	at org.testng.TestRunner.run(TestRunner.java:617)
	at org.testng.SuiteRunner.runTest(SuiteRunner.java:334)
	at org.testng.SuiteRunner.runSequentially(SuiteRunner.java:329)
	at org.testng.SuiteRunner.privateRun(SuiteRunner.java:291)
	at org.testng.SuiteRunner.run(SuiteRunner.java:240)
	at org.testng.SuiteRunnerWorker.runSuite(SuiteRunnerWorker.java:52)
	at org.testng.SuiteRunnerWorker.run(SuiteRunnerWorker.java:86)
	at org.testng.TestNG.runSuitesSequentially(TestNG.java:1224)
	at org.testng.TestNG.runSuitesLocally(TestNG.java:1149)
	at org.testng.TestNG.run(TestNG.java:1057)
	at org.testng.remote.RemoteTestNG.run(RemoteTestNG.java:111)
	at org.testng.remote.RemoteTestNG.initAndRun(RemoteTestNG.java:204)
	at org.testng.remote.RemoteTestNG.main(RemoteTestNG.java:175)
Caused by: org.openqa.selenium.ElementNotVisibleException: Element is not currently visible and so may not be interacted with
Build info: version: '2.44.0', revision: '76d78cf', time: '2014-10-23 20:02:37'
System info: host: 'user-PC', ip: '192.168.21.1', os.name: 'Windows 7', os.arch: 'x86', os.version: '6.1', java.version: '1.8.0_20'
Driver info: driver.version: unknown
	at <anonymous class>.fxdriver.preconditions.visible(file:///C:/Users/user/AppData/Local/Temp/anonymous3441320445681940147webdriver-profile/extensions/fxdriver@googlecode.com/components/command-processor.js:8959)
	at <anonymous class>.DelayedCommand.prototype.checkPreconditions_(file:///C:/Users/user/AppData/Local/Temp/anonymous3441320445681940147webdriver-profile/extensions/fxdriver@googlecode.com/components/command-processor.js:11618)
	at <anonymous class>.DelayedCommand.prototype.executeInternal_/h(file:///C:/Users/user/AppData/Local/Temp/anonymous3441320445681940147webdriver-profile/extensions/fxdriver@googlecode.com/components/command-processor.js:11635)
	at <anonymous class>.DelayedCommand.prototype.executeInternal_(file:///C:/Users/user/AppData/Local/Temp/anonymous3441320445681940147webdriver-profile/extensions/fxdriver@googlecode.com/components/command-processor.js:11640)
	at <anonymous class>.DelayedCommand.prototype.execute/<(file:///C:/Users/user/AppData/Local/Temp/anonymous3441320445681940147webdriver-profile/extensions/fxdriver@googlecode.com/components/command-processor.js:11582)
Mar 24,2015 14:03:29 [info]  End Execution of Test Class com.iCM.scripts.PRNMedAdminCount
*****************************************************************************

*****************************************************************************
Mar 24,2015 14:14:29 [info]   Execution Started of Test Class com.iCM.scripts.PRNMedAdminCount and Test method testPRNMedAdminCount
*****************************************************************************
Mar 24,2015 14:14:29 [info]  Open application url
Mar 24,2015 14:14:47 [info]  Pass
Mar 24,2015 14:14:47 [info]  Verify Page title
Mar 24,2015 14:14:52 [info]  Pass
Mar 24,2015 14:14:52 [info]  Enter User name at login page.
Mar 24,2015 14:14:53 [info]  Pass
Mar 24,2015 14:14:53 [info]  Enter password at login page.
Mar 24,2015 14:14:54 [info]  Pass
Mar 24,2015 14:14:54 [info]  Click on Sign In button
Mar 24,2015 14:15:14 [info]  Pass
Mar 24,2015 14:15:14 [info]  Verify home page title
Mar 24,2015 14:15:19 [info]  Pass
Mar 24,2015 14:15:36 [info]  Click on 'PRN' tab
Mar 24,2015 14:15:36 [info]  Pass
Mar 24,2015 14:15:36 [info]  Verify Medical not available
Mar 24,2015 14:15:38 [info]  Pass
Mar 24,2015 14:15:38 [info]  Verify Admin button available for PRN medication
Mar 24,2015 14:15:38 [info]  Pass
Mar 24,2015 14:15:41 [info]  Click on PRN Admin button
Mar 24,2015 14:15:42 [info]  Pass
Mar 24,2015 14:15:45 [info]  Enter Reason
Mar 24,2015 14:15:46 [info]  Pass
Mar 24,2015 14:15:46 [info]  Click on 'Submit' button
Mar 24,2015 14:15:46 [info]  Mar 24,2015 14:15:46 [info]  <<<<<<<<<<<<<<<<<<<<<<<<<<<<<<<<<< Error message >>>>>>>>>>>>>>>>>>>>>>>>>>>>>>
org.openqa.selenium.ElementNotVisibleException: Element is not currently visible and so may not be interacted with
Command duration or timeout: 42 milliseconds
Build info: version: '2.44.0', revision: '76d78cf', time: '2014-10-23 20:02:37'
System info: host: 'user-PC', ip: '192.168.21.1', os.name: 'Windows 7', os.arch: 'x86', os.version: '6.1', java.version: '1.8.0_20'
Driver info: org.openqa.selenium.firefox.FirefoxDriver
Capabilities [{applicationCacheEnabled=true, rotatable=false, handlesAlerts=true, databaseEnabled=true, version=29.0.1, platform=WINDOWS, browserConnectionEnabled=true, nativeEvents=false, acceptSslCerts=true, webStorageEnabled=true, locationContextEnabled=true, browserName=firefox, takesScreenshot=true, javascriptEnabled=true, cssSelectorsEnabled=true}]
Session ID: 1dbdc404-1eca-4e31-b864-248b4717d99a
	at sun.reflect.NativeConstructorAccessorImpl.newInstance0(Native Method)
	at sun.reflect.NativeConstructorAccessorImpl.newInstance(Unknown Source)
	at sun.reflect.DelegatingConstructorAccessorImpl.newInstance(Unknown Source)
	at java.lang.reflect.Constructor.newInstance(Unknown Source)
	at org.openqa.selenium.remote.ErrorHandler.createThrowable(ErrorHandler.java:204)
	at org.openqa.selenium.remote.ErrorHandler.throwIfResponseFailed(ErrorHandler.java:156)
	at org.openqa.selenium.remote.RemoteWebDriver.execute(RemoteWebDriver.java:599)
	at org.openqa.selenium.remote.RemoteWebElement.execute(RemoteWebElement.java:268)
	at org.openqa.selenium.remote.RemoteWebElement.click(RemoteWebElement.java:79)
	at com.iCM.util.DriverHelper.clickOn(DriverHelper.java:248)
	at com.iCM.pagehelper.PRNHelper.click(PRNHelper.java:24)
	at com.iCM.scripts.PRNMedAdminCount.testPRNMedAdminCount(PRNMedAdminCount.java:232)
	at sun.reflect.NativeMethodAccessorImpl.invoke0(Native Method)
	at sun.reflect.NativeMethodAccessorImpl.invoke(Unknown Source)
	at sun.reflect.DelegatingMethodAccessorImpl.invoke(Unknown Source)
	at java.lang.reflect.Method.invoke(Unknown Source)
	at org.testng.internal.MethodInvocationHelper.invokeMethod(MethodInvocationHelper.java:84)
	at org.testng.internal.Invoker.invokeMethod(Invoker.java:714)
	at org.testng.internal.Invoker.invokeTestMethod(Invoker.java:901)
	at org.testng.internal.Invoker.invokeTestMethods(Invoker.java:1231)
	at org.testng.internal.TestMethodWorker.invokeTestMethods(TestMethodWorker.java:127)
	at org.testng.internal.TestMethodWorker.run(TestMethodWorker.java:111)
	at org.testng.TestRunner.privateRun(TestRunner.java:767)
	at org.testng.TestRunner.run(TestRunner.java:617)
	at org.testng.SuiteRunner.runTest(SuiteRunner.java:334)
	at org.testng.SuiteRunner.runSequentially(SuiteRunner.java:329)
	at org.testng.SuiteRunner.privateRun(SuiteRunner.java:291)
	at org.testng.SuiteRunner.run(SuiteRunner.java:240)
	at org.testng.SuiteRunnerWorker.runSuite(SuiteRunnerWorker.java:52)
	at org.testng.SuiteRunnerWorker.run(SuiteRunnerWorker.java:86)
	at org.testng.TestNG.runSuitesSequentially(TestNG.java:1224)
	at org.testng.TestNG.runSuitesLocally(TestNG.java:1149)
	at org.testng.TestNG.run(TestNG.java:1057)
	at org.testng.remote.RemoteTestNG.run(RemoteTestNG.java:111)
	at org.testng.remote.RemoteTestNG.initAndRun(RemoteTestNG.java:204)
	at org.testng.remote.RemoteTestNG.main(RemoteTestNG.java:175)
Caused by: org.openqa.selenium.ElementNotVisibleException: Element is not currently visible and so may not be interacted with
Build info: version: '2.44.0', revision: '76d78cf', time: '2014-10-23 20:02:37'
System info: host: 'user-PC', ip: '192.168.21.1', os.name: 'Windows 7', os.arch: 'x86', os.version: '6.1', java.version: '1.8.0_20'
Driver info: driver.version: unknown
	at <anonymous class>.fxdriver.preconditions.visible(file:///C:/Users/user/AppData/Local/Temp/anonymous1154101422548993073webdriver-profile/extensions/fxdriver@googlecode.com/components/command-processor.js:8959)
	at <anonymous class>.DelayedCommand.prototype.checkPreconditions_(file:///C:/Users/user/AppData/Local/Temp/anonymous1154101422548993073webdriver-profile/extensions/fxdriver@googlecode.com/components/command-processor.js:11618)
	at <anonymous class>.DelayedCommand.prototype.executeInternal_/h(file:///C:/Users/user/AppData/Local/Temp/anonymous1154101422548993073webdriver-profile/extensions/fxdriver@googlecode.com/components/command-processor.js:11635)
	at <anonymous class>.DelayedCommand.prototype.executeInternal_(file:///C:/Users/user/AppData/Local/Temp/anonymous1154101422548993073webdriver-profile/extensions/fxdriver@googlecode.com/components/command-processor.js:11640)
	at <anonymous class>.DelayedCommand.prototype.execute/<(file:///C:/Users/user/AppData/Local/Temp/anonymous1154101422548993073webdriver-profile/extensions/fxdriver@googlecode.com/components/command-processor.js:11582)
Mar 24,2015 14:15:46 [info]  End Execution of Test Class com.iCM.scripts.PRNMedAdminCount
*****************************************************************************

*****************************************************************************
Mar 24,2015 14:19:56 [info]   Execution Started of Test Class com.iCM.scripts.PRNMedAdminCount and Test method testPRNMedAdminCount
*****************************************************************************
Mar 24,2015 14:19:56 [info]  Open application url
Mar 24,2015 14:20:14 [info]  Pass
Mar 24,2015 14:20:14 [info]  Verify Page title
Mar 24,2015 14:20:19 [info]  Pass
Mar 24,2015 14:20:19 [info]  Enter User name at login page.
Mar 24,2015 14:20:20 [info]  Pass
Mar 24,2015 14:20:20 [info]  Enter password at login page.
Mar 24,2015 14:20:21 [info]  Pass
Mar 24,2015 14:20:21 [info]  Click on Sign In button
Mar 24,2015 14:20:38 [info]  Pass
Mar 24,2015 14:20:38 [info]  Verify home page title
Mar 24,2015 14:20:44 [info]  Pass
Mar 24,2015 14:21:02 [info]  Click on 'PRN' tab
Mar 24,2015 14:21:03 [info]  Pass
Mar 24,2015 14:21:03 [info]  Verify Medical not available
Mar 24,2015 14:21:07 [info]  Pass
Mar 24,2015 14:21:07 [info]  Verify Admin button available for PRN medication
Mar 24,2015 14:21:07 [info]  Pass
Mar 24,2015 14:21:10 [info]  Click on PRN Admin button
Mar 24,2015 14:21:11 [info]  Pass
Mar 24,2015 14:21:14 [info]  Enter Reason
Mar 24,2015 14:21:15 [info]  Pass
Mar 24,2015 14:21:15 [info]  Click on 'Submit' button
Mar 24,2015 14:21:16 [info]  Pass
Mar 24,2015 14:21:16 [info]  Click on 'Ok' button
Mar 24,2015 14:21:16 [info]  Mar 24,2015 14:21:16 [info]  <<<<<<<<<<<<<<<<<<<<<<<<<<<<<<<<<< Error message >>>>>>>>>>>>>>>>>>>>>>>>>>>>>>
org.openqa.selenium.ElementNotVisibleException: Element is not currently visible and so may not be interacted with
Command duration or timeout: 45 milliseconds
Build info: version: '2.44.0', revision: '76d78cf', time: '2014-10-23 20:02:37'
System info: host: 'user-PC', ip: '192.168.21.1', os.name: 'Windows 7', os.arch: 'x86', os.version: '6.1', java.version: '1.8.0_20'
Driver info: org.openqa.selenium.firefox.FirefoxDriver
Capabilities [{applicationCacheEnabled=true, rotatable=false, handlesAlerts=true, databaseEnabled=true, version=29.0.1, platform=WINDOWS, browserConnectionEnabled=true, nativeEvents=false, acceptSslCerts=true, webStorageEnabled=true, locationContextEnabled=true, browserName=firefox, takesScreenshot=true, javascriptEnabled=true, cssSelectorsEnabled=true}]
Session ID: f0a53827-1e86-4047-864e-03d458f3fa37
	at sun.reflect.NativeConstructorAccessorImpl.newInstance0(Native Method)
	at sun.reflect.NativeConstructorAccessorImpl.newInstance(Unknown Source)
	at sun.reflect.DelegatingConstructorAccessorImpl.newInstance(Unknown Source)
	at java.lang.reflect.Constructor.newInstance(Unknown Source)
	at org.openqa.selenium.remote.ErrorHandler.createThrowable(ErrorHandler.java:204)
	at org.openqa.selenium.remote.ErrorHandler.throwIfResponseFailed(ErrorHandler.java:156)
	at org.openqa.selenium.remote.RemoteWebDriver.execute(RemoteWebDriver.java:599)
	at org.openqa.selenium.remote.RemoteWebElement.execute(RemoteWebElement.java:268)
	at org.openqa.selenium.remote.RemoteWebElement.click(RemoteWebElement.java:79)
	at com.iCM.util.DriverHelper.clickOn(DriverHelper.java:248)
	at com.iCM.pagehelper.PRNHelper.click(PRNHelper.java:24)
	at com.iCM.scripts.PRNMedAdminCount.testPRNMedAdminCount(PRNMedAdminCount.java:237)
	at sun.reflect.NativeMethodAccessorImpl.invoke0(Native Method)
	at sun.reflect.NativeMethodAccessorImpl.invoke(Unknown Source)
	at sun.reflect.DelegatingMethodAccessorImpl.invoke(Unknown Source)
	at java.lang.reflect.Method.invoke(Unknown Source)
	at org.testng.internal.MethodInvocationHelper.invokeMethod(MethodInvocationHelper.java:84)
	at org.testng.internal.Invoker.invokeMethod(Invoker.java:714)
	at org.testng.internal.Invoker.invokeTestMethod(Invoker.java:901)
	at org.testng.internal.Invoker.invokeTestMethods(Invoker.java:1231)
	at org.testng.internal.TestMethodWorker.invokeTestMethods(TestMethodWorker.java:127)
	at org.testng.internal.TestMethodWorker.run(TestMethodWorker.java:111)
	at org.testng.TestRunner.privateRun(TestRunner.java:767)
	at org.testng.TestRunner.run(TestRunner.java:617)
	at org.testng.SuiteRunner.runTest(SuiteRunner.java:334)
	at org.testng.SuiteRunner.runSequentially(SuiteRunner.java:329)
	at org.testng.SuiteRunner.privateRun(SuiteRunner.java:291)
	at org.testng.SuiteRunner.run(SuiteRunner.java:240)
	at org.testng.SuiteRunnerWorker.runSuite(SuiteRunnerWorker.java:52)
	at org.testng.SuiteRunnerWorker.run(SuiteRunnerWorker.java:86)
	at org.testng.TestNG.runSuitesSequentially(TestNG.java:1224)
	at org.testng.TestNG.runSuitesLocally(TestNG.java:1149)
	at org.testng.TestNG.run(TestNG.java:1057)
	at org.testng.remote.RemoteTestNG.run(RemoteTestNG.java:111)
	at org.testng.remote.RemoteTestNG.initAndRun(RemoteTestNG.java:204)
	at org.testng.remote.RemoteTestNG.main(RemoteTestNG.java:175)
Caused by: org.openqa.selenium.ElementNotVisibleException: Element is not currently visible and so may not be interacted with
Build info: version: '2.44.0', revision: '76d78cf', time: '2014-10-23 20:02:37'
System info: host: 'user-PC', ip: '192.168.21.1', os.name: 'Windows 7', os.arch: 'x86', os.version: '6.1', java.version: '1.8.0_20'
Driver info: driver.version: unknown
	at <anonymous class>.fxdriver.preconditions.visible(file:///C:/Users/user/AppData/Local/Temp/anonymous1673677166301559485webdriver-profile/extensions/fxdriver@googlecode.com/components/command-processor.js:8959)
	at <anonymous class>.DelayedCommand.prototype.checkPreconditions_(file:///C:/Users/user/AppData/Local/Temp/anonymous1673677166301559485webdriver-profile/extensions/fxdriver@googlecode.com/components/command-processor.js:11618)
	at <anonymous class>.DelayedCommand.prototype.executeInternal_/h(file:///C:/Users/user/AppData/Local/Temp/anonymous1673677166301559485webdriver-profile/extensions/fxdriver@googlecode.com/components/command-processor.js:11635)
	at <anonymous class>.DelayedCommand.prototype.executeInternal_(file:///C:/Users/user/AppData/Local/Temp/anonymous1673677166301559485webdriver-profile/extensions/fxdriver@googlecode.com/components/command-processor.js:11640)
	at <anonymous class>.DelayedCommand.prototype.execute/<(file:///C:/Users/user/AppData/Local/Temp/anonymous1673677166301559485webdriver-profile/extensions/fxdriver@googlecode.com/components/command-processor.js:11582)
Mar 24,2015 14:21:16 [info]  End Execution of Test Class com.iCM.scripts.PRNMedAdminCount
*****************************************************************************

*****************************************************************************
Mar 24,2015 14:22:35 [info]   Execution Started of Test Class com.iCM.scripts.PRNMedAdminCount and Test method testPRNMedAdminCount
*****************************************************************************
Mar 24,2015 14:22:35 [info]  Open application url
Mar 24,2015 14:22:54 [info]  Pass
Mar 24,2015 14:22:54 [info]  Verify Page title
Mar 24,2015 14:22:59 [info]  Pass
Mar 24,2015 14:22:59 [info]  Enter User name at login page.
Mar 24,2015 14:22:59 [info]  Pass
Mar 24,2015 14:22:59 [info]  Enter password at login page.
Mar 24,2015 14:23:00 [info]  Pass
Mar 24,2015 14:23:00 [info]  Click on Sign In button
Mar 24,2015 14:23:22 [info]  Pass
Mar 24,2015 14:23:22 [info]  Verify home page title
Mar 24,2015 14:23:27 [info]  Pass
Mar 24,2015 14:23:47 [info]  Click on 'PRN' tab
Mar 24,2015 14:23:47 [info]  Pass
Mar 24,2015 14:23:47 [info]  Verify Medical not available
Mar 24,2015 14:23:50 [info]  Pass
Mar 24,2015 14:23:50 [info]  Verify Admin button available for PRN medication
Mar 24,2015 14:23:50 [info]  Pass
Mar 24,2015 14:23:53 [info]  Click on PRN Admin button
Mar 24,2015 14:23:54 [info]  Pass
Mar 24,2015 14:23:57 [info]  Enter Reason
Mar 24,2015 14:23:58 [info]  Pass
Mar 24,2015 14:23:58 [info]  Click on 'Submit' button
Mar 24,2015 14:23:59 [info]  Pass
Mar 24,2015 14:23:59 [info]  Click on 'Ok' button
Mar 24,2015 14:23:59 [info]  Mar 24,2015 14:23:59 [info]  <<<<<<<<<<<<<<<<<<<<<<<<<<<<<<<<<< Error message >>>>>>>>>>>>>>>>>>>>>>>>>>>>>>
org.openqa.selenium.ElementNotVisibleException: Element is not currently visible and so may not be interacted with
Command duration or timeout: 41 milliseconds
Build info: version: '2.44.0', revision: '76d78cf', time: '2014-10-23 20:02:37'
System info: host: 'user-PC', ip: '192.168.21.1', os.name: 'Windows 7', os.arch: 'x86', os.version: '6.1', java.version: '1.8.0_20'
Driver info: org.openqa.selenium.firefox.FirefoxDriver
Capabilities [{applicationCacheEnabled=true, rotatable=false, handlesAlerts=true, databaseEnabled=true, version=29.0.1, platform=WINDOWS, browserConnectionEnabled=true, nativeEvents=false, acceptSslCerts=true, webStorageEnabled=true, locationContextEnabled=true, browserName=firefox, takesScreenshot=true, javascriptEnabled=true, cssSelectorsEnabled=true}]
Session ID: b79008a0-a035-4475-8b6e-8d7ff135cda2
	at sun.reflect.NativeConstructorAccessorImpl.newInstance0(Native Method)
	at sun.reflect.NativeConstructorAccessorImpl.newInstance(Unknown Source)
	at sun.reflect.DelegatingConstructorAccessorImpl.newInstance(Unknown Source)
	at java.lang.reflect.Constructor.newInstance(Unknown Source)
	at org.openqa.selenium.remote.ErrorHandler.createThrowable(ErrorHandler.java:204)
	at org.openqa.selenium.remote.ErrorHandler.throwIfResponseFailed(ErrorHandler.java:156)
	at org.openqa.selenium.remote.RemoteWebDriver.execute(RemoteWebDriver.java:599)
	at org.openqa.selenium.remote.RemoteWebElement.execute(RemoteWebElement.java:268)
	at org.openqa.selenium.remote.RemoteWebElement.click(RemoteWebElement.java:79)
	at com.iCM.util.DriverHelper.clickOn(DriverHelper.java:248)
	at com.iCM.pagehelper.PRNHelper.click(PRNHelper.java:24)
	at com.iCM.scripts.PRNMedAdminCount.testPRNMedAdminCount(PRNMedAdminCount.java:237)
	at sun.reflect.NativeMethodAccessorImpl.invoke0(Native Method)
	at sun.reflect.NativeMethodAccessorImpl.invoke(Unknown Source)
	at sun.reflect.DelegatingMethodAccessorImpl.invoke(Unknown Source)
	at java.lang.reflect.Method.invoke(Unknown Source)
	at org.testng.internal.MethodInvocationHelper.invokeMethod(MethodInvocationHelper.java:84)
	at org.testng.internal.Invoker.invokeMethod(Invoker.java:714)
	at org.testng.internal.Invoker.invokeTestMethod(Invoker.java:901)
	at org.testng.internal.Invoker.invokeTestMethods(Invoker.java:1231)
	at org.testng.internal.TestMethodWorker.invokeTestMethods(TestMethodWorker.java:127)
	at org.testng.internal.TestMethodWorker.run(TestMethodWorker.java:111)
	at org.testng.TestRunner.privateRun(TestRunner.java:767)
	at org.testng.TestRunner.run(TestRunner.java:617)
	at org.testng.SuiteRunner.runTest(SuiteRunner.java:334)
	at org.testng.SuiteRunner.runSequentially(SuiteRunner.java:329)
	at org.testng.SuiteRunner.privateRun(SuiteRunner.java:291)
	at org.testng.SuiteRunner.run(SuiteRunner.java:240)
	at org.testng.SuiteRunnerWorker.runSuite(SuiteRunnerWorker.java:52)
	at org.testng.SuiteRunnerWorker.run(SuiteRunnerWorker.java:86)
	at org.testng.TestNG.runSuitesSequentially(TestNG.java:1224)
	at org.testng.TestNG.runSuitesLocally(TestNG.java:1149)
	at org.testng.TestNG.run(TestNG.java:1057)
	at org.testng.remote.RemoteTestNG.run(RemoteTestNG.java:111)
	at org.testng.remote.RemoteTestNG.initAndRun(RemoteTestNG.java:204)
	at org.testng.remote.RemoteTestNG.main(RemoteTestNG.java:175)
Caused by: org.openqa.selenium.ElementNotVisibleException: Element is not currently visible and so may not be interacted with
Build info: version: '2.44.0', revision: '76d78cf', time: '2014-10-23 20:02:37'
System info: host: 'user-PC', ip: '192.168.21.1', os.name: 'Windows 7', os.arch: 'x86', os.version: '6.1', java.version: '1.8.0_20'
Driver info: driver.version: unknown
	at <anonymous class>.fxdriver.preconditions.visible(file:///C:/Users/user/AppData/Local/Temp/anonymous3241628354770943191webdriver-profile/extensions/fxdriver@googlecode.com/components/command-processor.js:8959)
	at <anonymous class>.DelayedCommand.prototype.checkPreconditions_(file:///C:/Users/user/AppData/Local/Temp/anonymous3241628354770943191webdriver-profile/extensions/fxdriver@googlecode.com/components/command-processor.js:11618)
	at <anonymous class>.DelayedCommand.prototype.executeInternal_/h(file:///C:/Users/user/AppData/Local/Temp/anonymous3241628354770943191webdriver-profile/extensions/fxdriver@googlecode.com/components/command-processor.js:11635)
	at <anonymous class>.DelayedCommand.prototype.executeInternal_(file:///C:/Users/user/AppData/Local/Temp/anonymous3241628354770943191webdriver-profile/extensions/fxdriver@googlecode.com/components/command-processor.js:11640)
	at <anonymous class>.DelayedCommand.prototype.execute/<(file:///C:/Users/user/AppData/Local/Temp/anonymous3241628354770943191webdriver-profile/extensions/fxdriver@googlecode.com/components/command-processor.js:11582)
Mar 24,2015 14:23:59 [info]  End Execution of Test Class com.iCM.scripts.PRNMedAdminCount
*****************************************************************************

*****************************************************************************
Mar 24,2015 14:24:37 [info]   Execution Started of Test Class com.iCM.scripts.PRNMedAdminCount and Test method testPRNMedAdminCount
*****************************************************************************
Mar 24,2015 14:24:37 [info]  Open application url
Mar 24,2015 14:24:55 [info]  Pass
Mar 24,2015 14:24:55 [info]  Verify Page title
Mar 24,2015 14:25:01 [info]  Pass
Mar 24,2015 14:25:01 [info]  Enter User name at login page.
Mar 24,2015 14:25:02 [info]  Pass
Mar 24,2015 14:25:02 [info]  Enter password at login page.
Mar 24,2015 14:25:02 [info]  Pass
Mar 24,2015 14:25:02 [info]  Click on Sign In button
Mar 24,2015 14:25:22 [info]  Pass
Mar 24,2015 14:25:22 [info]  Verify home page title
Mar 24,2015 14:25:27 [info]  Pass
Mar 24,2015 14:25:45 [info]  Click on 'PRN' tab
Mar 24,2015 14:25:46 [info]  Pass
Mar 24,2015 14:25:46 [info]  Verify Medical not available
Mar 24,2015 14:25:49 [info]  Pass
Mar 24,2015 14:25:49 [info]  Verify Admin button available for PRN medication
Mar 24,2015 14:25:50 [info]  Pass
Mar 24,2015 14:25:53 [info]  Click on PRN Admin button
Mar 24,2015 14:25:54 [info]  Pass
Mar 24,2015 14:25:57 [info]  Enter Reason
Mar 24,2015 14:25:58 [info]  Pass
Mar 24,2015 14:26:01 [info]  Click on 'Submit' button
Mar 24,2015 14:26:01 [info]  Pass
Mar 24,2015 14:26:01 [info]  Click on 'Ok' button
Mar 24,2015 14:26:01 [info]  Mar 24,2015 14:26:01 [info]  <<<<<<<<<<<<<<<<<<<<<<<<<<<<<<<<<< Error message >>>>>>>>>>>>>>>>>>>>>>>>>>>>>>
org.openqa.selenium.ElementNotVisibleException: Element is not currently visible and so may not be interacted with
Command duration or timeout: 45 milliseconds
Build info: version: '2.44.0', revision: '76d78cf', time: '2014-10-23 20:02:37'
System info: host: 'user-PC', ip: '192.168.21.1', os.name: 'Windows 7', os.arch: 'x86', os.version: '6.1', java.version: '1.8.0_20'
Driver info: org.openqa.selenium.firefox.FirefoxDriver
Capabilities [{applicationCacheEnabled=true, rotatable=false, handlesAlerts=true, databaseEnabled=true, version=29.0.1, platform=WINDOWS, browserConnectionEnabled=true, nativeEvents=false, acceptSslCerts=true, webStorageEnabled=true, locationContextEnabled=true, browserName=firefox, takesScreenshot=true, javascriptEnabled=true, cssSelectorsEnabled=true}]
Session ID: e46d8b17-b297-434e-8e1a-ac881bcdc0b8
	at sun.reflect.NativeConstructorAccessorImpl.newInstance0(Native Method)
	at sun.reflect.NativeConstructorAccessorImpl.newInstance(Unknown Source)
	at sun.reflect.DelegatingConstructorAccessorImpl.newInstance(Unknown Source)
	at java.lang.reflect.Constructor.newInstance(Unknown Source)
	at org.openqa.selenium.remote.ErrorHandler.createThrowable(ErrorHandler.java:204)
	at org.openqa.selenium.remote.ErrorHandler.throwIfResponseFailed(ErrorHandler.java:156)
	at org.openqa.selenium.remote.RemoteWebDriver.execute(RemoteWebDriver.java:599)
	at org.openqa.selenium.remote.RemoteWebElement.execute(RemoteWebElement.java:268)
	at org.openqa.selenium.remote.RemoteWebElement.click(RemoteWebElement.java:79)
	at com.iCM.util.DriverHelper.clickOn(DriverHelper.java:248)
	at com.iCM.pagehelper.PRNHelper.click(PRNHelper.java:24)
	at com.iCM.scripts.PRNMedAdminCount.testPRNMedAdminCount(PRNMedAdminCount.java:239)
	at sun.reflect.NativeMethodAccessorImpl.invoke0(Native Method)
	at sun.reflect.NativeMethodAccessorImpl.invoke(Unknown Source)
	at sun.reflect.DelegatingMethodAccessorImpl.invoke(Unknown Source)
	at java.lang.reflect.Method.invoke(Unknown Source)
	at org.testng.internal.MethodInvocationHelper.invokeMethod(MethodInvocationHelper.java:84)
	at org.testng.internal.Invoker.invokeMethod(Invoker.java:714)
	at org.testng.internal.Invoker.invokeTestMethod(Invoker.java:901)
	at org.testng.internal.Invoker.invokeTestMethods(Invoker.java:1231)
	at org.testng.internal.TestMethodWorker.invokeTestMethods(TestMethodWorker.java:127)
	at org.testng.internal.TestMethodWorker.run(TestMethodWorker.java:111)
	at org.testng.TestRunner.privateRun(TestRunner.java:767)
	at org.testng.TestRunner.run(TestRunner.java:617)
	at org.testng.SuiteRunner.runTest(SuiteRunner.java:334)
	at org.testng.SuiteRunner.runSequentially(SuiteRunner.java:329)
	at org.testng.SuiteRunner.privateRun(SuiteRunner.java:291)
	at org.testng.SuiteRunner.run(SuiteRunner.java:240)
	at org.testng.SuiteRunnerWorker.runSuite(SuiteRunnerWorker.java:52)
	at org.testng.SuiteRunnerWorker.run(SuiteRunnerWorker.java:86)
	at org.testng.TestNG.runSuitesSequentially(TestNG.java:1224)
	at org.testng.TestNG.runSuitesLocally(TestNG.java:1149)
	at org.testng.TestNG.run(TestNG.java:1057)
	at org.testng.remote.RemoteTestNG.run(RemoteTestNG.java:111)
	at org.testng.remote.RemoteTestNG.initAndRun(RemoteTestNG.java:204)
	at org.testng.remote.RemoteTestNG.main(RemoteTestNG.java:175)
Caused by: org.openqa.selenium.ElementNotVisibleException: Element is not currently visible and so may not be interacted with
Build info: version: '2.44.0', revision: '76d78cf', time: '2014-10-23 20:02:37'
System info: host: 'user-PC', ip: '192.168.21.1', os.name: 'Windows 7', os.arch: 'x86', os.version: '6.1', java.version: '1.8.0_20'
Driver info: driver.version: unknown
	at <anonymous class>.fxdriver.preconditions.visible(file:///C:/Users/user/AppData/Local/Temp/anonymous6892239196576399347webdriver-profile/extensions/fxdriver@googlecode.com/components/command-processor.js:8959)
	at <anonymous class>.DelayedCommand.prototype.checkPreconditions_(file:///C:/Users/user/AppData/Local/Temp/anonymous6892239196576399347webdriver-profile/extensions/fxdriver@googlecode.com/components/command-processor.js:11618)
	at <anonymous class>.DelayedCommand.prototype.executeInternal_/h(file:///C:/Users/user/AppData/Local/Temp/anonymous6892239196576399347webdriver-profile/extensions/fxdriver@googlecode.com/components/command-processor.js:11635)
	at <anonymous class>.DelayedCommand.prototype.executeInternal_(file:///C:/Users/user/AppData/Local/Temp/anonymous6892239196576399347webdriver-profile/extensions/fxdriver@googlecode.com/components/command-processor.js:11640)
	at <anonymous class>.DelayedCommand.prototype.execute/<(file:///C:/Users/user/AppData/Local/Temp/anonymous6892239196576399347webdriver-profile/extensions/fxdriver@googlecode.com/components/command-processor.js:11582)
Mar 24,2015 14:26:01 [info]  End Execution of Test Class com.iCM.scripts.PRNMedAdminCount
*****************************************************************************

*****************************************************************************
Mar 24,2015 14:26:22 [info]   Execution Started of Test Class com.iCM.scripts.PRNMedAdminCount and Test method testPRNMedAdminCount
*****************************************************************************
Mar 24,2015 14:26:22 [info]  Open application url
Mar 24,2015 14:26:40 [info]  Pass
Mar 24,2015 14:26:40 [info]  Verify Page title
Mar 24,2015 14:26:45 [info]  Pass
Mar 24,2015 14:26:45 [info]  Enter User name at login page.
Mar 24,2015 14:26:46 [info]  Pass
Mar 24,2015 14:26:46 [info]  Enter password at login page.
Mar 24,2015 14:26:47 [info]  Pass
Mar 24,2015 14:26:47 [info]  Click on Sign In button
Mar 24,2015 14:27:07 [info]  Pass
Mar 24,2015 14:27:07 [info]  Verify home page title
Mar 24,2015 14:27:13 [info]  Pass
Mar 24,2015 14:27:34 [info]  Click on 'PRN' tab
Mar 24,2015 14:27:35 [info]  Pass
Mar 24,2015 14:27:35 [info]  Verify Medical not available
Mar 24,2015 14:27:38 [info]  Pass
Mar 24,2015 14:27:38 [info]  Verify Admin button available for PRN medication
Mar 24,2015 14:27:39 [info]  Pass
Mar 24,2015 14:27:42 [info]  Click on PRN Admin button
Mar 24,2015 14:27:43 [info]  Pass
Mar 24,2015 14:27:46 [info]  Enter Reason
Mar 24,2015 14:27:47 [info]  Pass
Mar 24,2015 14:27:47 [info]  Click on 'Submit' button
Mar 24,2015 14:27:47 [info]  Pass
Mar 24,2015 14:27:50 [info]  Click on 'Ok' button
Mar 24,2015 14:27:51 [info]  Pass
Mar 24,2015 14:27:51 [info]  Verify New PRN Adminisited Button
Mar 24,2015 14:27:51 [info]  Pass
Mar 24,2015 14:27:51 [info]  Click on PRN Admin button
Mar 24,2015 14:27:52 [info]  Pass
Mar 24,2015 14:27:52 [info]  Enter Reason
Mar 24,2015 14:27:53 [info]  Pass
Mar 24,2015 14:27:53 [info]  Click on 'Submit' button
Mar 24,2015 14:27:54 [info]  Pass
Mar 24,2015 14:27:54 [info]  Click on 'Ok' button
Mar 24,2015 14:27:54 [info]  Mar 24,2015 14:27:54 [info]  <<<<<<<<<<<<<<<<<<<<<<<<<<<<<<<<<< Error message >>>>>>>>>>>>>>>>>>>>>>>>>>>>>>
org.openqa.selenium.ElementNotVisibleException: Element is not currently visible and so may not be interacted with
Command duration or timeout: 57 milliseconds
Build info: version: '2.44.0', revision: '76d78cf', time: '2014-10-23 20:02:37'
System info: host: 'user-PC', ip: '192.168.21.1', os.name: 'Windows 7', os.arch: 'x86', os.version: '6.1', java.version: '1.8.0_20'
Driver info: org.openqa.selenium.firefox.FirefoxDriver
Capabilities [{applicationCacheEnabled=true, rotatable=false, handlesAlerts=true, databaseEnabled=true, version=29.0.1, platform=WINDOWS, browserConnectionEnabled=true, nativeEvents=false, acceptSslCerts=true, webStorageEnabled=true, locationContextEnabled=true, browserName=firefox, takesScreenshot=true, javascriptEnabled=true, cssSelectorsEnabled=true}]
Session ID: 5e83dbb7-fd53-4277-b8c3-cbe56e8453d2
	at sun.reflect.NativeConstructorAccessorImpl.newInstance0(Native Method)
	at sun.reflect.NativeConstructorAccessorImpl.newInstance(Unknown Source)
	at sun.reflect.DelegatingConstructorAccessorImpl.newInstance(Unknown Source)
	at java.lang.reflect.Constructor.newInstance(Unknown Source)
	at org.openqa.selenium.remote.ErrorHandler.createThrowable(ErrorHandler.java:204)
	at org.openqa.selenium.remote.ErrorHandler.throwIfResponseFailed(ErrorHandler.java:156)
	at org.openqa.selenium.remote.RemoteWebDriver.execute(RemoteWebDriver.java:599)
	at org.openqa.selenium.remote.RemoteWebElement.execute(RemoteWebElement.java:268)
	at org.openqa.selenium.remote.RemoteWebElement.click(RemoteWebElement.java:79)
	at com.iCM.util.DriverHelper.clickOn(DriverHelper.java:248)
	at com.iCM.pagehelper.PRNHelper.click(PRNHelper.java:24)
	at com.iCM.scripts.PRNMedAdminCount.testPRNMedAdminCount(PRNMedAdminCount.java:264)
	at sun.reflect.NativeMethodAccessorImpl.invoke0(Native Method)
	at sun.reflect.NativeMethodAccessorImpl.invoke(Unknown Source)
	at sun.reflect.DelegatingMethodAccessorImpl.invoke(Unknown Source)
	at java.lang.reflect.Method.invoke(Unknown Source)
	at org.testng.internal.MethodInvocationHelper.invokeMethod(MethodInvocationHelper.java:84)
	at org.testng.internal.Invoker.invokeMethod(Invoker.java:714)
	at org.testng.internal.Invoker.invokeTestMethod(Invoker.java:901)
	at org.testng.internal.Invoker.invokeTestMethods(Invoker.java:1231)
	at org.testng.internal.TestMethodWorker.invokeTestMethods(TestMethodWorker.java:127)
	at org.testng.internal.TestMethodWorker.run(TestMethodWorker.java:111)
	at org.testng.TestRunner.privateRun(TestRunner.java:767)
	at org.testng.TestRunner.run(TestRunner.java:617)
	at org.testng.SuiteRunner.runTest(SuiteRunner.java:334)
	at org.testng.SuiteRunner.runSequentially(SuiteRunner.java:329)
	at org.testng.SuiteRunner.privateRun(SuiteRunner.java:291)
	at org.testng.SuiteRunner.run(SuiteRunner.java:240)
	at org.testng.SuiteRunnerWorker.runSuite(SuiteRunnerWorker.java:52)
	at org.testng.SuiteRunnerWorker.run(SuiteRunnerWorker.java:86)
	at org.testng.TestNG.runSuitesSequentially(TestNG.java:1224)
	at org.testng.TestNG.runSuitesLocally(TestNG.java:1149)
	at org.testng.TestNG.run(TestNG.java:1057)
	at org.testng.remote.RemoteTestNG.run(RemoteTestNG.java:111)
	at org.testng.remote.RemoteTestNG.initAndRun(RemoteTestNG.java:204)
	at org.testng.remote.RemoteTestNG.main(RemoteTestNG.java:175)
Caused by: org.openqa.selenium.ElementNotVisibleException: Element is not currently visible and so may not be interacted with
Build info: version: '2.44.0', revision: '76d78cf', time: '2014-10-23 20:02:37'
System info: host: 'user-PC', ip: '192.168.21.1', os.name: 'Windows 7', os.arch: 'x86', os.version: '6.1', java.version: '1.8.0_20'
Driver info: driver.version: unknown
	at <anonymous class>.fxdriver.preconditions.visible(file:///C:/Users/user/AppData/Local/Temp/anonymous1034129811942487481webdriver-profile/extensions/fxdriver@googlecode.com/components/command-processor.js:8959)
	at <anonymous class>.DelayedCommand.prototype.checkPreconditions_(file:///C:/Users/user/AppData/Local/Temp/anonymous1034129811942487481webdriver-profile/extensions/fxdriver@googlecode.com/components/command-processor.js:11618)
	at <anonymous class>.DelayedCommand.prototype.executeInternal_/h(file:///C:/Users/user/AppData/Local/Temp/anonymous1034129811942487481webdriver-profile/extensions/fxdriver@googlecode.com/components/command-processor.js:11635)
	at <anonymous class>.DelayedCommand.prototype.executeInternal_(file:///C:/Users/user/AppData/Local/Temp/anonymous1034129811942487481webdriver-profile/extensions/fxdriver@googlecode.com/components/command-processor.js:11640)
	at <anonymous class>.DelayedCommand.prototype.execute/<(file:///C:/Users/user/AppData/Local/Temp/anonymous1034129811942487481webdriver-profile/extensions/fxdriver@googlecode.com/components/command-processor.js:11582)
Mar 24,2015 14:27:54 [info]  End Execution of Test Class com.iCM.scripts.PRNMedAdminCount
*****************************************************************************

*****************************************************************************
Mar 24,2015 14:29:52 [info]   Execution Started of Test Class com.iCM.scripts.PRNMedAdminCount and Test method testPRNMedAdminCount
*****************************************************************************
Mar 24,2015 14:29:52 [info]  Open application url
Mar 24,2015 14:30:14 [info]  Pass
Mar 24,2015 14:30:14 [info]  Verify Page title
Mar 24,2015 14:30:19 [info]  Pass
Mar 24,2015 14:30:19 [info]  Enter User name at login page.
Mar 24,2015 14:30:20 [info]  Pass
Mar 24,2015 14:30:20 [info]  Enter password at login page.
Mar 24,2015 14:30:21 [info]  Pass
Mar 24,2015 14:30:21 [info]  Click on Sign In button
Mar 24,2015 14:30:40 [info]  Pass
Mar 24,2015 14:30:40 [info]  Verify home page title
Mar 24,2015 14:30:45 [info]  Pass
Mar 24,2015 14:31:01 [info]  Click on 'PRN' tab
Mar 24,2015 14:31:02 [info]  Pass
Mar 24,2015 14:31:02 [info]  Verify Medical not available
Mar 24,2015 14:31:04 [info]  Pass
Mar 24,2015 14:31:05 [info]  Verify Admin button available for PRN medication
Mar 24,2015 14:31:05 [info]  Pass
Mar 24,2015 14:31:08 [info]  Click on PRN Admin button
Mar 24,2015 14:31:09 [info]  Pass
Mar 24,2015 14:31:12 [info]  Enter Reason
Mar 24,2015 14:31:13 [info]  Pass
Mar 24,2015 14:31:13 [info]  Click on 'Submit' button
Mar 24,2015 14:31:13 [info]  Pass
Mar 24,2015 14:31:16 [info]  Click on 'Ok' button
Mar 24,2015 14:31:17 [info]  Pass
Mar 24,2015 14:31:17 [info]  Verify New PRN Adminisited Button
Mar 24,2015 14:31:17 [info]  Pass
Mar 24,2015 14:31:17 [info]  Click on PRN Admin button
Mar 24,2015 14:31:18 [info]  Pass
Mar 24,2015 14:31:18 [info]  Enter Reason
Mar 24,2015 14:31:19 [info]  Pass
Mar 24,2015 14:31:19 [info]  Click on 'Submit' button
Mar 24,2015 14:31:19 [info]  Pass
Mar 24,2015 14:31:19 [info]  Click on 'Ok' button
Mar 24,2015 14:31:19 [info]  Mar 24,2015 14:31:19 [info]  <<<<<<<<<<<<<<<<<<<<<<<<<<<<<<<<<< Error message >>>>>>>>>>>>>>>>>>>>>>>>>>>>>>
org.openqa.selenium.ElementNotVisibleException: Element is not currently visible and so may not be interacted with
Command duration or timeout: 52 milliseconds
Build info: version: '2.44.0', revision: '76d78cf', time: '2014-10-23 20:02:37'
System info: host: 'user-PC', ip: '192.168.21.1', os.name: 'Windows 7', os.arch: 'x86', os.version: '6.1', java.version: '1.8.0_20'
Driver info: org.openqa.selenium.firefox.FirefoxDriver
Capabilities [{applicationCacheEnabled=true, rotatable=false, handlesAlerts=true, databaseEnabled=true, version=29.0.1, platform=WINDOWS, browserConnectionEnabled=true, nativeEvents=false, acceptSslCerts=true, webStorageEnabled=true, locationContextEnabled=true, browserName=firefox, takesScreenshot=true, javascriptEnabled=true, cssSelectorsEnabled=true}]
Session ID: 25a9a3ed-9e81-48c1-b5c2-215c4c8b03e3
	at sun.reflect.NativeConstructorAccessorImpl.newInstance0(Native Method)
	at sun.reflect.NativeConstructorAccessorImpl.newInstance(Unknown Source)
	at sun.reflect.DelegatingConstructorAccessorImpl.newInstance(Unknown Source)
	at java.lang.reflect.Constructor.newInstance(Unknown Source)
	at org.openqa.selenium.remote.ErrorHandler.createThrowable(ErrorHandler.java:204)
	at org.openqa.selenium.remote.ErrorHandler.throwIfResponseFailed(ErrorHandler.java:156)
	at org.openqa.selenium.remote.RemoteWebDriver.execute(RemoteWebDriver.java:599)
	at org.openqa.selenium.remote.RemoteWebElement.execute(RemoteWebElement.java:268)
	at org.openqa.selenium.remote.RemoteWebElement.click(RemoteWebElement.java:79)
	at com.iCM.util.DriverHelper.clickOn(DriverHelper.java:248)
	at com.iCM.pagehelper.PRNHelper.click(PRNHelper.java:24)
	at com.iCM.scripts.PRNMedAdminCount.testPRNMedAdminCount(PRNMedAdminCount.java:264)
	at sun.reflect.NativeMethodAccessorImpl.invoke0(Native Method)
	at sun.reflect.NativeMethodAccessorImpl.invoke(Unknown Source)
	at sun.reflect.DelegatingMethodAccessorImpl.invoke(Unknown Source)
	at java.lang.reflect.Method.invoke(Unknown Source)
	at org.testng.internal.MethodInvocationHelper.invokeMethod(MethodInvocationHelper.java:84)
	at org.testng.internal.Invoker.invokeMethod(Invoker.java:714)
	at org.testng.internal.Invoker.invokeTestMethod(Invoker.java:901)
	at org.testng.internal.Invoker.invokeTestMethods(Invoker.java:1231)
	at org.testng.internal.TestMethodWorker.invokeTestMethods(TestMethodWorker.java:127)
	at org.testng.internal.TestMethodWorker.run(TestMethodWorker.java:111)
	at org.testng.TestRunner.privateRun(TestRunner.java:767)
	at org.testng.TestRunner.run(TestRunner.java:617)
	at org.testng.SuiteRunner.runTest(SuiteRunner.java:334)
	at org.testng.SuiteRunner.runSequentially(SuiteRunner.java:329)
	at org.testng.SuiteRunner.privateRun(SuiteRunner.java:291)
	at org.testng.SuiteRunner.run(SuiteRunner.java:240)
	at org.testng.SuiteRunnerWorker.runSuite(SuiteRunnerWorker.java:52)
	at org.testng.SuiteRunnerWorker.run(SuiteRunnerWorker.java:86)
	at org.testng.TestNG.runSuitesSequentially(TestNG.java:1224)
	at org.testng.TestNG.runSuitesLocally(TestNG.java:1149)
	at org.testng.TestNG.run(TestNG.java:1057)
	at org.testng.remote.RemoteTestNG.run(RemoteTestNG.java:111)
	at org.testng.remote.RemoteTestNG.initAndRun(RemoteTestNG.java:204)
	at org.testng.remote.RemoteTestNG.main(RemoteTestNG.java:175)
Caused by: org.openqa.selenium.ElementNotVisibleException: Element is not currently visible and so may not be interacted with
Build info: version: '2.44.0', revision: '76d78cf', time: '2014-10-23 20:02:37'
System info: host: 'user-PC', ip: '192.168.21.1', os.name: 'Windows 7', os.arch: 'x86', os.version: '6.1', java.version: '1.8.0_20'
Driver info: driver.version: unknown
	at <anonymous class>.fxdriver.preconditions.visible(file:///C:/Users/user/AppData/Local/Temp/anonymous7996507113069947000webdriver-profile/extensions/fxdriver@googlecode.com/components/command-processor.js:8959)
	at <anonymous class>.DelayedCommand.prototype.checkPreconditions_(file:///C:/Users/user/AppData/Local/Temp/anonymous7996507113069947000webdriver-profile/extensions/fxdriver@googlecode.com/components/command-processor.js:11618)
	at <anonymous class>.DelayedCommand.prototype.executeInternal_/h(file:///C:/Users/user/AppData/Local/Temp/anonymous7996507113069947000webdriver-profile/extensions/fxdriver@googlecode.com/components/command-processor.js:11635)
	at <anonymous class>.DelayedCommand.prototype.executeInternal_(file:///C:/Users/user/AppData/Local/Temp/anonymous7996507113069947000webdriver-profile/extensions/fxdriver@googlecode.com/components/command-processor.js:11640)
	at <anonymous class>.DelayedCommand.prototype.execute/<(file:///C:/Users/user/AppData/Local/Temp/anonymous7996507113069947000webdriver-profile/extensions/fxdriver@googlecode.com/components/command-processor.js:11582)
Mar 24,2015 14:31:19 [info]  End Execution of Test Class com.iCM.scripts.PRNMedAdminCount
*****************************************************************************

*****************************************************************************
Mar 24,2015 14:35:00 [info]   Execution Started of Test Class com.iCM.scripts.PRNMedAdminCount and Test method testPRNMedAdminCount
*****************************************************************************
Mar 24,2015 14:35:00 [info]  Open application url
Mar 24,2015 14:35:22 [info]  Pass
Mar 24,2015 14:35:22 [info]  Verify Page title
Mar 24,2015 14:35:27 [info]  Pass
Mar 24,2015 14:35:27 [info]  Enter User name at login page.
Mar 24,2015 14:35:28 [info]  Pass
Mar 24,2015 14:35:28 [info]  Enter password at login page.
Mar 24,2015 14:35:29 [info]  Pass
Mar 24,2015 14:35:29 [info]  Click on Sign In button
Mar 24,2015 14:35:51 [info]  Pass
Mar 24,2015 14:35:51 [info]  Verify home page title
Mar 24,2015 14:35:56 [info]  Pass
Mar 24,2015 14:36:13 [info]  Click on 'PRN' tab
Mar 24,2015 14:36:14 [info]  Pass
Mar 24,2015 14:36:14 [info]  Verify Medical not available
Mar 24,2015 14:36:15 [info]  Pass
Mar 24,2015 14:36:15 [info]  Verify Admin button available for PRN medication
Mar 24,2015 14:36:15 [info]  Pass
Mar 24,2015 14:36:18 [info]  Click on PRN Admin button
Mar 24,2015 14:36:20 [info]  Pass
Mar 24,2015 14:36:23 [info]  Enter Reason
Mar 24,2015 14:36:23 [info]  Pass
Mar 24,2015 14:36:23 [info]  Click on 'Submit' button
Mar 24,2015 14:36:24 [info]  Pass
Mar 24,2015 14:36:27 [info]  Click on 'Ok' button
Mar 24,2015 14:36:27 [info]  Pass
Mar 24,2015 14:36:27 [info]  Verify New PRN Adminisited Button
Mar 24,2015 14:36:27 [info]  Pass
Mar 24,2015 14:36:27 [info]  Click on PRN Admin button
Mar 24,2015 14:36:28 [info]  Pass
Mar 24,2015 14:36:31 [info]  Enter Reason
Mar 24,2015 14:36:32 [info]  Pass
Mar 24,2015 14:36:32 [info]  Click on 'Submit' button
Mar 24,2015 14:36:32 [info]  Pass
Mar 24,2015 14:36:35 [info]  Click on 'Ok' button
Mar 24,2015 14:36:36 [info]  Pass
Mar 24,2015 14:36:36 [info]  Verify New PRN Adminisited Button
Mar 24,2015 14:36:36 [info]  Mar 24,2015 14:36:36 [info]  <<<<<<<<<<<<<<<<<<<<<<<<<<<<<<<<<< Error message >>>>>>>>>>>>>>>>>>>>>>>>>>>>>>
java.lang.AssertionError: expected [true] but found [false]
	at org.testng.Assert.fail(Assert.java:94)
	at org.testng.Assert.failNotEquals(Assert.java:494)
	at org.testng.Assert.assertTrue(Assert.java:42)
	at org.testng.Assert.assertTrue(Assert.java:52)
	at com.iCM.pagehelper.PRNHelper.verifyPRNNew(PRNHelper.java:98)
	at com.iCM.scripts.PRNMedAdminCount.testPRNMedAdminCount(PRNMedAdminCount.java:272)
	at sun.reflect.NativeMethodAccessorImpl.invoke0(Native Method)
	at sun.reflect.NativeMethodAccessorImpl.invoke(Unknown Source)
	at sun.reflect.DelegatingMethodAccessorImpl.invoke(Unknown Source)
	at java.lang.reflect.Method.invoke(Unknown Source)
	at org.testng.internal.MethodInvocationHelper.invokeMethod(MethodInvocationHelper.java:84)
	at org.testng.internal.Invoker.invokeMethod(Invoker.java:714)
	at org.testng.internal.Invoker.invokeTestMethod(Invoker.java:901)
	at org.testng.internal.Invoker.invokeTestMethods(Invoker.java:1231)
	at org.testng.internal.TestMethodWorker.invokeTestMethods(TestMethodWorker.java:127)
	at org.testng.internal.TestMethodWorker.run(TestMethodWorker.java:111)
	at org.testng.TestRunner.privateRun(TestRunner.java:767)
	at org.testng.TestRunner.run(TestRunner.java:617)
	at org.testng.SuiteRunner.runTest(SuiteRunner.java:334)
	at org.testng.SuiteRunner.runSequentially(SuiteRunner.java:329)
	at org.testng.SuiteRunner.privateRun(SuiteRunner.java:291)
	at org.testng.SuiteRunner.run(SuiteRunner.java:240)
	at org.testng.SuiteRunnerWorker.runSuite(SuiteRunnerWorker.java:52)
	at org.testng.SuiteRunnerWorker.run(SuiteRunnerWorker.java:86)
	at org.testng.TestNG.runSuitesSequentially(TestNG.java:1224)
	at org.testng.TestNG.runSuitesLocally(TestNG.java:1149)
	at org.testng.TestNG.run(TestNG.java:1057)
	at org.testng.remote.RemoteTestNG.run(RemoteTestNG.java:111)
	at org.testng.remote.RemoteTestNG.initAndRun(RemoteTestNG.java:204)
	at org.testng.remote.RemoteTestNG.main(RemoteTestNG.java:175)
Mar 24,2015 14:36:36 [info]  End Execution of Test Class com.iCM.scripts.PRNMedAdminCount
*****************************************************************************

*****************************************************************************
Mar 24,2015 14:39:59 [info]   Execution Started of Test Class com.iCM.scripts.PRNMedAdminCount and Test method testPRNMedAdminCount
*****************************************************************************
Mar 24,2015 14:39:59 [info]  Open application url
Mar 24,2015 14:40:19 [info]  Pass
Mar 24,2015 14:40:19 [info]  Verify Page title
Mar 24,2015 14:40:24 [info]  Pass
Mar 24,2015 14:40:24 [info]  Enter User name at login page.
Mar 24,2015 14:40:25 [info]  Pass
Mar 24,2015 14:40:25 [info]  Enter password at login page.
Mar 24,2015 14:40:26 [info]  Pass
Mar 24,2015 14:40:26 [info]  Click on Sign In button
Mar 24,2015 14:40:46 [info]  Pass
Mar 24,2015 14:40:46 [info]  Verify home page title
Mar 24,2015 14:40:51 [info]  Pass
Mar 24,2015 14:41:08 [info]  Click on 'PRN' tab
Mar 24,2015 14:41:09 [info]  Pass
Mar 24,2015 14:41:09 [info]  Verify Medical not available
Mar 24,2015 14:41:11 [info]  Pass
Mar 24,2015 14:41:11 [info]  Verify Admin button available for PRN medication
Mar 24,2015 14:41:11 [info]  Pass
Mar 24,2015 14:41:14 [info]  Click on PRN Admin button
Mar 24,2015 14:41:15 [info]  Pass
Mar 24,2015 14:41:18 [info]  Enter Reason
Mar 24,2015 14:41:19 [info]  Pass
Mar 24,2015 14:41:19 [info]  Click on 'Submit' button
Mar 24,2015 14:41:19 [info]  Pass
Mar 24,2015 14:41:22 [info]  Click on 'Ok' button
Mar 24,2015 14:41:23 [info]  Pass
Mar 24,2015 14:41:23 [info]  Verify New PRN Adminisited Button
Mar 24,2015 14:41:23 [info]  Pass
Mar 24,2015 14:41:23 [info]  Click on PRN Admin button
Mar 24,2015 14:41:24 [info]  Pass
Mar 24,2015 14:41:27 [info]  Enter Reason
Mar 24,2015 14:41:27 [info]  Pass
Mar 24,2015 14:41:27 [info]  Click on 'Submit' button
Mar 24,2015 14:41:28 [info]  Pass
Mar 24,2015 14:41:31 [info]  Click on 'Ok' button
Mar 24,2015 14:41:31 [info]  Pass
Mar 24,2015 14:41:31 [info]  Verify New PRN Adminisited Button
Mar 24,2015 14:41:32 [info]  Mar 24,2015 14:41:32 [info]  <<<<<<<<<<<<<<<<<<<<<<<<<<<<<<<<<< Error message >>>>>>>>>>>>>>>>>>>>>>>>>>>>>>
java.lang.AssertionError: expected [true] but found [false]
	at org.testng.Assert.fail(Assert.java:94)
	at org.testng.Assert.failNotEquals(Assert.java:494)
	at org.testng.Assert.assertTrue(Assert.java:42)
	at org.testng.Assert.assertTrue(Assert.java:52)
	at com.iCM.pagehelper.PRNHelper.verifyPRNNew(PRNHelper.java:98)
	at com.iCM.scripts.PRNMedAdminCount.testPRNMedAdminCount(PRNMedAdminCount.java:272)
	at sun.reflect.NativeMethodAccessorImpl.invoke0(Native Method)
	at sun.reflect.NativeMethodAccessorImpl.invoke(Unknown Source)
	at sun.reflect.DelegatingMethodAccessorImpl.invoke(Unknown Source)
	at java.lang.reflect.Method.invoke(Unknown Source)
	at org.testng.internal.MethodInvocationHelper.invokeMethod(MethodInvocationHelper.java:84)
	at org.testng.internal.Invoker.invokeMethod(Invoker.java:714)
	at org.testng.internal.Invoker.invokeTestMethod(Invoker.java:901)
	at org.testng.internal.Invoker.invokeTestMethods(Invoker.java:1231)
	at org.testng.internal.TestMethodWorker.invokeTestMethods(TestMethodWorker.java:127)
	at org.testng.internal.TestMethodWorker.run(TestMethodWorker.java:111)
	at org.testng.TestRunner.privateRun(TestRunner.java:767)
	at org.testng.TestRunner.run(TestRunner.java:617)
	at org.testng.SuiteRunner.runTest(SuiteRunner.java:334)
	at org.testng.SuiteRunner.runSequentially(SuiteRunner.java:329)
	at org.testng.SuiteRunner.privateRun(SuiteRunner.java:291)
	at org.testng.SuiteRunner.run(SuiteRunner.java:240)
	at org.testng.SuiteRunnerWorker.runSuite(SuiteRunnerWorker.java:52)
	at org.testng.SuiteRunnerWorker.run(SuiteRunnerWorker.java:86)
	at org.testng.TestNG.runSuitesSequentially(TestNG.java:1224)
	at org.testng.TestNG.runSuitesLocally(TestNG.java:1149)
	at org.testng.TestNG.run(TestNG.java:1057)
	at org.testng.remote.RemoteTestNG.run(RemoteTestNG.java:111)
	at org.testng.remote.RemoteTestNG.initAndRun(RemoteTestNG.java:204)
	at org.testng.remote.RemoteTestNG.main(RemoteTestNG.java:175)
Mar 24,2015 14:41:32 [info]  End Execution of Test Class com.iCM.scripts.PRNMedAdminCount
*****************************************************************************

*****************************************************************************
Mar 24,2015 14:42:31 [info]   Execution Started of Test Class com.iCM.scripts.PRNMedAdminCount and Test method testPRNMedAdminCount
*****************************************************************************
Mar 24,2015 14:42:31 [info]  Open application url
Mar 24,2015 14:42:48 [info]  Pass
Mar 24,2015 14:42:48 [info]  Verify Page title
Mar 24,2015 14:42:53 [info]  Pass
Mar 24,2015 14:42:53 [info]  Enter User name at login page.
Mar 24,2015 14:42:54 [info]  Pass
Mar 24,2015 14:42:54 [info]  Enter password at login page.
Mar 24,2015 14:42:55 [info]  Pass
Mar 24,2015 14:42:55 [info]  Click on Sign In button
Mar 24,2015 14:43:14 [info]  Pass
Mar 24,2015 14:43:14 [info]  Verify home page title
Mar 24,2015 14:43:19 [info]  Pass
Mar 24,2015 14:43:37 [info]  Click on 'PRN' tab
Mar 24,2015 14:43:37 [info]  Pass
Mar 24,2015 14:43:37 [info]  Verify Medical not available
Mar 24,2015 14:43:39 [info]  Pass
Mar 24,2015 14:43:39 [info]  Verify Admin button available for PRN medication
Mar 24,2015 14:43:39 [info]  Pass
Mar 24,2015 14:43:42 [info]  Click on PRN Admin button
Mar 24,2015 14:43:43 [info]  Pass
Mar 24,2015 14:43:46 [info]  Enter Reason
Mar 24,2015 14:43:47 [info]  Pass
Mar 24,2015 14:43:47 [info]  Click on 'Submit' button
Mar 24,2015 14:43:47 [info]  Pass
Mar 24,2015 14:43:50 [info]  Click on 'Ok' button
Mar 24,2015 14:43:51 [info]  Pass
Mar 24,2015 14:43:54 [info]  Verify New PRN Adminisited Button
Mar 24,2015 14:43:54 [info]  Pass
Mar 24,2015 14:43:54 [info]  Click on PRN Admin button
Mar 24,2015 14:43:55 [info]  Pass
Mar 24,2015 14:43:58 [info]  Enter Reason
Mar 24,2015 14:43:58 [info]  Pass
Mar 24,2015 14:43:58 [info]  Click on 'Submit' button
Mar 24,2015 14:43:59 [info]  Pass
Mar 24,2015 14:44:02 [info]  Click on 'Ok' button
Mar 24,2015 14:44:02 [info]  Pass
Mar 24,2015 14:44:06 [info]  Verify New PRN Adminisited Button
Mar 24,2015 14:44:06 [info]  Mar 24,2015 14:44:06 [info]  <<<<<<<<<<<<<<<<<<<<<<<<<<<<<<<<<< Error message >>>>>>>>>>>>>>>>>>>>>>>>>>>>>>
java.lang.AssertionError: expected [true] but found [false]
	at org.testng.Assert.fail(Assert.java:94)
	at org.testng.Assert.failNotEquals(Assert.java:494)
	at org.testng.Assert.assertTrue(Assert.java:42)
	at org.testng.Assert.assertTrue(Assert.java:52)
	at com.iCM.pagehelper.PRNHelper.verifyPRNNew(PRNHelper.java:98)
	at com.iCM.scripts.PRNMedAdminCount.testPRNMedAdminCount(PRNMedAdminCount.java:277)
	at sun.reflect.NativeMethodAccessorImpl.invoke0(Native Method)
	at sun.reflect.NativeMethodAccessorImpl.invoke(Unknown Source)
	at sun.reflect.DelegatingMethodAccessorImpl.invoke(Unknown Source)
	at java.lang.reflect.Method.invoke(Unknown Source)
	at org.testng.internal.MethodInvocationHelper.invokeMethod(MethodInvocationHelper.java:84)
	at org.testng.internal.Invoker.invokeMethod(Invoker.java:714)
	at org.testng.internal.Invoker.invokeTestMethod(Invoker.java:901)
	at org.testng.internal.Invoker.invokeTestMethods(Invoker.java:1231)
	at org.testng.internal.TestMethodWorker.invokeTestMethods(TestMethodWorker.java:127)
	at org.testng.internal.TestMethodWorker.run(TestMethodWorker.java:111)
	at org.testng.TestRunner.privateRun(TestRunner.java:767)
	at org.testng.TestRunner.run(TestRunner.java:617)
	at org.testng.SuiteRunner.runTest(SuiteRunner.java:334)
	at org.testng.SuiteRunner.runSequentially(SuiteRunner.java:329)
	at org.testng.SuiteRunner.privateRun(SuiteRunner.java:291)
	at org.testng.SuiteRunner.run(SuiteRunner.java:240)
	at org.testng.SuiteRunnerWorker.runSuite(SuiteRunnerWorker.java:52)
	at org.testng.SuiteRunnerWorker.run(SuiteRunnerWorker.java:86)
	at org.testng.TestNG.runSuitesSequentially(TestNG.java:1224)
	at org.testng.TestNG.runSuitesLocally(TestNG.java:1149)
	at org.testng.TestNG.run(TestNG.java:1057)
	at org.testng.remote.RemoteTestNG.run(RemoteTestNG.java:111)
	at org.testng.remote.RemoteTestNG.initAndRun(RemoteTestNG.java:204)
	at org.testng.remote.RemoteTestNG.main(RemoteTestNG.java:175)
Mar 24,2015 14:44:06 [info]  End Execution of Test Class com.iCM.scripts.PRNMedAdminCount
*****************************************************************************

*****************************************************************************
Mar 24,2015 14:44:58 [info]   Execution Started of Test Class com.iCM.scripts.PRNMedAdminCount and Test method testPRNMedAdminCount
*****************************************************************************
Mar 24,2015 14:44:58 [info]  Open application url
Mar 24,2015 14:45:22 [info]  Pass
Mar 24,2015 14:45:22 [info]  Verify Page title
Mar 24,2015 14:45:27 [info]  Pass
Mar 24,2015 14:45:27 [info]  Enter User name at login page.
Mar 24,2015 14:45:27 [info]  Pass
Mar 24,2015 14:45:27 [info]  Enter password at login page.
Mar 24,2015 14:45:28 [info]  Pass
Mar 24,2015 14:45:28 [info]  Click on Sign In button
Mar 24,2015 14:45:49 [info]  Pass
Mar 24,2015 14:45:49 [info]  Verify home page title
Mar 24,2015 14:45:54 [info]  Pass
Mar 24,2015 14:46:15 [info]  Click on 'PRN' tab
Mar 24,2015 14:46:15 [info]  Pass
Mar 24,2015 14:46:15 [info]  Verify Medical not available
Mar 24,2015 14:46:17 [info]  Pass
Mar 24,2015 14:46:17 [info]  Verify Admin button available for PRN medication
Mar 24,2015 14:46:18 [info]  Pass
Mar 24,2015 14:46:21 [info]  Click on PRN Admin button
Mar 24,2015 14:46:22 [info]  Pass
Mar 24,2015 14:46:25 [info]  Enter Reason
Mar 24,2015 14:46:26 [info]  Pass
Mar 24,2015 14:46:26 [info]  Click on 'Submit' button
Mar 24,2015 14:46:26 [info]  Pass
Mar 24,2015 14:46:29 [info]  Click on 'Ok' button
Mar 24,2015 14:46:30 [info]  Pass
Mar 24,2015 14:46:30 [info]  Click on 'PRN' tab
Mar 24,2015 14:46:30 [info]  Pass
Mar 24,2015 14:46:30 [info]  Verify New PRN Adminisited Button
Mar 24,2015 14:46:31 [info]  Pass
Mar 24,2015 14:46:31 [info]  Click on PRN Admin button
Mar 24,2015 14:46:32 [info]  Pass
Mar 24,2015 14:46:35 [info]  Enter Reason
Mar 24,2015 14:46:35 [info]  Pass
Mar 24,2015 14:46:35 [info]  Click on 'Submit' button
Mar 24,2015 14:46:36 [info]  Pass
Mar 24,2015 14:46:39 [info]  Click on 'Ok' button
Mar 24,2015 14:46:39 [info]  Pass
Mar 24,2015 14:46:40 [info]  Click on 'PRN' tab
Mar 24,2015 14:46:40 [info]  Pass
Mar 24,2015 14:46:40 [info]  Verify New PRN Adminisited Button
Mar 24,2015 14:46:40 [info]  Pass
Mar 24,2015 14:46:40 [info]  End Execution of Test Class com.iCM.scripts.PRNMedAdminCount
*****************************************************************************

*****************************************************************************
Mar 24,2015 14:47:47 [info]   Execution Started of Test Class com.iCM.scripts.PRNMedAdminCount and Test method testPRNMedAdminCount
*****************************************************************************
Mar 24,2015 14:47:47 [info]  Open application url
Mar 24,2015 14:48:07 [info]  Pass
Mar 24,2015 14:48:07 [info]  Verify Page title
Mar 24,2015 14:48:12 [info]  Pass
Mar 24,2015 14:48:12 [info]  Enter User name at login page.
Mar 24,2015 14:48:13 [info]  Pass
Mar 24,2015 14:48:13 [info]  Enter password at login page.
Mar 24,2015 14:48:14 [info]  Pass
Mar 24,2015 14:48:14 [info]  Click on Sign In button
Mar 24,2015 14:48:37 [info]  Pass
Mar 24,2015 14:48:37 [info]  Verify home page title
Mar 24,2015 14:48:42 [info]  Pass
Mar 24,2015 14:48:59 [info]  Click on 'PRN' tab
Mar 24,2015 14:48:59 [info]  Pass
Mar 24,2015 14:48:59 [info]  Verify Medical not available
Mar 24,2015 14:49:01 [info]  Pass
Mar 24,2015 14:49:01 [info]  Verify Admin button available for PRN medication
Mar 24,2015 14:49:02 [info]  Pass
Mar 24,2015 14:49:05 [info]  Click on PRN Admin button
Mar 24,2015 14:49:06 [info]  Pass
Mar 24,2015 14:49:09 [info]  Enter Reason
Mar 24,2015 14:49:10 [info]  Pass
Mar 24,2015 14:49:10 [info]  Click on 'Submit' button
Mar 24,2015 14:49:10 [info]  Pass
Mar 24,2015 14:49:13 [info]  Click on 'Ok' button
Mar 24,2015 14:49:14 [info]  Pass
Mar 24,2015 14:49:14 [info]  Click on 'PRN' tab
Mar 24,2015 14:49:14 [info]  Pass
Mar 24,2015 14:49:16 [info]  Verify New PRN Adminisited Button
Mar 24,2015 14:49:16 [info]  Pass
Mar 24,2015 14:49:16 [info]  Click on PRN Admin button
Mar 24,2015 14:49:17 [info]  Pass
Mar 24,2015 14:49:21 [info]  Enter Reason
Mar 24,2015 14:49:21 [info]  Pass
Mar 24,2015 14:49:21 [info]  Click on 'Submit' button
Mar 24,2015 14:49:22 [info]  Pass
Mar 24,2015 14:49:25 [info]  Click on 'Ok' button
Mar 24,2015 14:49:25 [info]  Pass
Mar 24,2015 14:49:25 [info]  Click on 'PRN' tab
Mar 24,2015 14:49:26 [info]  Pass
Mar 24,2015 14:49:28 [info]  Verify New PRN Adminisited Button
Mar 24,2015 14:49:28 [info]  Pass
Mar 24,2015 14:49:28 [info]  End Execution of Test Class com.iCM.scripts.PRNMedAdminCount
*****************************************************************************

*****************************************************************************
Mar 24,2015 15:36:10 [info]   Execution Started of Test Class com.iCM.scripts.PRNMedAdminCount and Test method testPRNMedAdminCount
*****************************************************************************
Mar 24,2015 15:36:10 [info]  Open application url
Mar 24,2015 15:36:26 [info]  Pass
Mar 24,2015 15:36:26 [info]  Verify Page title
Mar 24,2015 15:36:32 [info]  Pass
Mar 24,2015 15:36:32 [info]  Enter User name at login page.
Mar 24,2015 15:36:32 [info]  Pass
Mar 24,2015 15:36:32 [info]  Enter password at login page.
Mar 24,2015 15:36:33 [info]  Pass
Mar 24,2015 15:36:33 [info]  Click on Sign In button
Mar 24,2015 15:36:54 [info]  Pass
Mar 24,2015 15:36:54 [info]  Verify home page title
Mar 24,2015 15:37:00 [info]  Pass
Mar 24,2015 15:37:00 [info]  Go to Resident list
Mar 24,2015 15:37:13 [info]  Pass
Mar 24,2015 15:37:13 [info]  Search Added resident
Mar 24,2015 15:37:14 [info]  Pass
Mar 24,2015 15:37:14 [info]  Verify searched resident
Mar 24,2015 15:37:17 [info]  Pass
Mar 24,2015 15:37:17 [info]  Open resident Profile
Mar 24,2015 15:37:38 [info]  Pass
Mar 24,2015 15:37:52 [info]  Click on Medication button
Mar 24,2015 15:38:13 [info]  Pass
Mar 24,2015 15:38:13 [info]  Click on Add Medication button
Mar 24,2015 15:38:49 [info]  Pass
Mar 24,2015 15:38:49 [info]  Verify PRN Checkbox available
Mar 24,2015 15:39:03 [info]  Pass
Mar 24,2015 15:39:03 [info]  Enter Medicine Name
Mar 24,2015 15:39:03 [info]  Pass
Mar 24,2015 15:39:03 [info]  Enter Dosage
Mar 24,2015 15:39:04 [info]  Pass
Mar 24,2015 15:39:04 [info]  Enter instruction
Mar 24,2015 15:39:04 [info]  Pass
Mar 24,2015 15:39:04 [info]  Open 'Calender'
Mar 24,2015 15:39:09 [info]  Pass
Mar 24,2015 15:39:12 [info]  Select date
Mar 24,2015 15:39:16 [info]  Pass
Mar 24,2015 15:39:16 [info]  Select time
Mar 24,2015 15:39:18 [info]  Pass
Mar 24,2015 15:39:18 [info]  Select AM/PM
Mar 24,2015 15:39:18 [info]  Pass
Mar 24,2015 15:39:19 [info]  Click on Add Schedule button
Mar 24,2015 15:39:40 [info]  Pass
Mar 24,2015 15:39:40 [info]  Select time
Mar 24,2015 15:39:41 [info]  Pass
Mar 24,2015 15:39:41 [info]  Select AM/PM
Mar 24,2015 15:39:43 [info]  Pass
Mar 24,2015 15:39:43 [info]  Click on Add Schedule button
Mar 24,2015 15:40:04 [info]  Pass
Mar 24,2015 15:40:04 [info]  Select time
Mar 24,2015 15:40:06 [info]  Pass
Mar 24,2015 15:40:06 [info]  Select AM/PM
Mar 24,2015 15:40:07 [info]  Pass
Mar 24,2015 15:40:07 [info]  Click on Add Schedule button
Mar 24,2015 15:40:28 [info]  Pass
Mar 24,2015 15:40:28 [info]  Click on Save button
Mar 24,2015 15:41:04 [info]  Pass
Mar 24,2015 15:41:09 [info]  Verify PRN text not displayed
Mar 24,2015 15:41:09 [info]  Pass
Mar 24,2015 15:41:09 [info]  Click on Edit button
Mar 24,2015 15:41:10 [info]  Pass
Mar 24,2015 15:41:10 [info]  Check the 'PRN' checkbox
Mar 24,2015 15:41:24 [info]  Pass
Mar 24,2015 15:41:24 [info]  Click on Save button
Mar 24,2015 15:41:58 [info]  Pass
Mar 24,2015 15:41:58 [info]  Verify PRN text not displayed
Mar 24,2015 15:41:59 [info]  Pass
Mar 24,2015 15:42:04 [info]  Open Medication page
Mar 24,2015 15:42:16 [info]  Pass
Mar 24,2015 15:42:16 [info]  Click on EMR Tab
Mar 24,2015 15:42:38 [info]  Pass
Mar 24,2015 15:42:38 [info]  Click on 'PRN' tab
Mar 24,2015 15:42:54 [info]  Pass
Mar 24,2015 15:42:55 [info]  Verify Medical not available
Mar 24,2015 15:42:56 [info]  Pass
Mar 24,2015 15:42:56 [info]  Verify Admin button available for PRN medication
Mar 24,2015 15:42:56 [info]  Pass
Mar 24,2015 15:42:59 [info]  Click on PRN Admin button
Mar 24,2015 15:43:01 [info]  Pass
Mar 24,2015 15:43:04 [info]  Enter Reason
Mar 24,2015 15:43:04 [info]  Pass
Mar 24,2015 15:43:04 [info]  Click on 'Submit' button
Mar 24,2015 15:43:05 [info]  Pass
Mar 24,2015 15:43:08 [info]  Click on 'Ok' button
Mar 24,2015 15:43:08 [info]  Pass
Mar 24,2015 15:43:08 [info]  Click on 'PRN' tab
Mar 24,2015 15:43:09 [info]  Pass
Mar 24,2015 15:43:11 [info]  Verify New PRN Adminisited Button
Mar 24,2015 15:43:11 [info]  Pass
Mar 24,2015 15:43:11 [info]  Click on PRN Admin button
Mar 24,2015 15:43:12 [info]  Pass
Mar 24,2015 15:43:15 [info]  Enter Reason
Mar 24,2015 15:43:16 [info]  Pass
Mar 24,2015 15:43:16 [info]  Click on 'Submit' button
Mar 24,2015 15:43:16 [info]  Pass
Mar 24,2015 15:43:19 [info]  Click on 'Ok' button
Mar 24,2015 15:43:20 [info]  Pass
Mar 24,2015 15:43:20 [info]  Click on 'PRN' tab
Mar 24,2015 15:43:20 [info]  Pass
Mar 24,2015 15:43:22 [info]  Verify New PRN Adminisited Button
Mar 24,2015 15:43:22 [info]  Pass
Mar 24,2015 15:43:22 [info]  End Execution of Test Class com.iCM.scripts.PRNMedAdminCount
*****************************************************************************

*****************************************************************************
Mar 24,2015 15:43:51 [info]   Execution Started of Test Class com.iCM.scripts.AddTaskWithInProgress and Test method testAddTaskWithInProgress
*****************************************************************************
Mar 24,2015 15:43:51 [info]  Open application url
Mar 24,2015 15:44:11 [info]  Pass
Mar 24,2015 15:44:11 [info]  Verify Page title
Mar 24,2015 15:44:16 [info]  Pass
Mar 24,2015 15:44:16 [info]  Enter User name at login page.
Mar 24,2015 15:44:17 [info]  Pass
Mar 24,2015 15:44:17 [info]  Enter password at login page.
Mar 24,2015 15:44:18 [info]  Pass
Mar 24,2015 15:44:18 [info]  Click on Sign In button
Mar 24,2015 15:44:40 [info]  Pass
Mar 24,2015 15:44:40 [info]  Verify home page title
Mar 24,2015 15:44:46 [info]  Pass
Mar 24,2015 15:44:46 [info]  Click on 'Location' tab
Mar 24,2015 15:44:46 [info]  Pass
Mar 24,2015 15:44:46 [info]  Verify location page title
Mar 24,2015 15:45:03 [info]  Pass
Mar 24,2015 15:45:03 [info]  Click on 'Staff Task' tab
Mar 24,2015 15:45:03 [info]  Pass
Mar 24,2015 15:45:03 [info]  Verify Staff task page title
Mar 24,2015 15:45:19 [info]  Pass
Mar 24,2015 15:45:19 [info]  Click on Add Task Button
Mar 24,2015 15:45:20 [info]  Pass
Mar 24,2015 15:45:20 [info]  Enter Title
Mar 24,2015 15:45:36 [info]  Pass
Mar 24,2015 15:45:36 [info]  Enter Description
Mar 24,2015 15:45:36 [info]  Pass
Mar 24,2015 15:45:36 [info]  Search Staff
Mar 24,2015 15:45:37 [info]  Pass
Mar 24,2015 15:45:37 [info]  Select Staff
Mar 24,2015 15:45:37 [info]  Mar 24,2015 15:45:37 [info]  <<<<<<<<<<<<<<<<<<<<<<<<<<<<<<<<<< Error message >>>>>>>>>>>>>>>>>>>>>>>>>>>>>>
org.openqa.selenium.ElementNotVisibleException: Element is not currently visible and so may not be interacted with
Command duration or timeout: 56 milliseconds
Build info: version: '2.44.0', revision: '76d78cf', time: '2014-10-23 20:02:37'
System info: host: 'user-PC', ip: '192.168.21.1', os.name: 'Windows 7', os.arch: 'x86', os.version: '6.1', java.version: '1.8.0_20'
Driver info: org.openqa.selenium.firefox.FirefoxDriver
Capabilities [{applicationCacheEnabled=true, rotatable=false, handlesAlerts=true, databaseEnabled=true, version=29.0.1, platform=WINDOWS, browserConnectionEnabled=true, nativeEvents=false, acceptSslCerts=true, webStorageEnabled=true, locationContextEnabled=true, browserName=firefox, takesScreenshot=true, javascriptEnabled=true, cssSelectorsEnabled=true}]
Session ID: 7b473786-b4c0-496f-8aa3-848525d10e3f
	at sun.reflect.NativeConstructorAccessorImpl.newInstance0(Native Method)
	at sun.reflect.NativeConstructorAccessorImpl.newInstance(Unknown Source)
	at sun.reflect.DelegatingConstructorAccessorImpl.newInstance(Unknown Source)
	at java.lang.reflect.Constructor.newInstance(Unknown Source)
	at org.openqa.selenium.remote.ErrorHandler.createThrowable(ErrorHandler.java:204)
	at org.openqa.selenium.remote.ErrorHandler.throwIfResponseFailed(ErrorHandler.java:156)
	at org.openqa.selenium.remote.RemoteWebDriver.execute(RemoteWebDriver.java:599)
	at org.openqa.selenium.remote.RemoteWebElement.execute(RemoteWebElement.java:268)
	at org.openqa.selenium.remote.RemoteWebElement.click(RemoteWebElement.java:79)
	at com.iCM.util.DriverHelper.clickOn(DriverHelper.java:248)
	at com.iCM.pagehelper.TaskHelper.click(TaskHelper.java:26)
	at com.iCM.scripts.AddTaskWithInProgress.testAddTaskWithInProgress(AddTaskWithInProgress.java:73)
	at sun.reflect.NativeMethodAccessorImpl.invoke0(Native Method)
	at sun.reflect.NativeMethodAccessorImpl.invoke(Unknown Source)
	at sun.reflect.DelegatingMethodAccessorImpl.invoke(Unknown Source)
	at java.lang.reflect.Method.invoke(Unknown Source)
	at org.testng.internal.MethodInvocationHelper.invokeMethod(MethodInvocationHelper.java:84)
	at org.testng.internal.Invoker.invokeMethod(Invoker.java:714)
	at org.testng.internal.Invoker.invokeTestMethod(Invoker.java:901)
	at org.testng.internal.Invoker.invokeTestMethods(Invoker.java:1231)
	at org.testng.internal.TestMethodWorker.invokeTestMethods(TestMethodWorker.java:127)
	at org.testng.internal.TestMethodWorker.run(TestMethodWorker.java:111)
	at org.testng.TestRunner.privateRun(TestRunner.java:767)
	at org.testng.TestRunner.run(TestRunner.java:617)
	at org.testng.SuiteRunner.runTest(SuiteRunner.java:334)
	at org.testng.SuiteRunner.runSequentially(SuiteRunner.java:329)
	at org.testng.SuiteRunner.privateRun(SuiteRunner.java:291)
	at org.testng.SuiteRunner.run(SuiteRunner.java:240)
	at org.testng.SuiteRunnerWorker.runSuite(SuiteRunnerWorker.java:52)
	at org.testng.SuiteRunnerWorker.run(SuiteRunnerWorker.java:86)
	at org.testng.TestNG.runSuitesSequentially(TestNG.java:1224)
	at org.testng.TestNG.runSuitesLocally(TestNG.java:1149)
	at org.testng.TestNG.run(TestNG.java:1057)
	at org.testng.remote.RemoteTestNG.run(RemoteTestNG.java:111)
	at org.testng.remote.RemoteTestNG.initAndRun(RemoteTestNG.java:204)
	at org.testng.remote.RemoteTestNG.main(RemoteTestNG.java:175)
Caused by: org.openqa.selenium.ElementNotVisibleException: Element is not currently visible and so may not be interacted with
Build info: version: '2.44.0', revision: '76d78cf', time: '2014-10-23 20:02:37'
System info: host: 'user-PC', ip: '192.168.21.1', os.name: 'Windows 7', os.arch: 'x86', os.version: '6.1', java.version: '1.8.0_20'
Driver info: driver.version: unknown
	at <anonymous class>.fxdriver.preconditions.visible(file:///C:/Users/user/AppData/Local/Temp/anonymous4178367064121275968webdriver-profile/extensions/fxdriver@googlecode.com/components/command-processor.js:8959)
	at <anonymous class>.DelayedCommand.prototype.checkPreconditions_(file:///C:/Users/user/AppData/Local/Temp/anonymous4178367064121275968webdriver-profile/extensions/fxdriver@googlecode.com/components/command-processor.js:11618)
	at <anonymous class>.DelayedCommand.prototype.executeInternal_/h(file:///C:/Users/user/AppData/Local/Temp/anonymous4178367064121275968webdriver-profile/extensions/fxdriver@googlecode.com/components/command-processor.js:11635)
	at <anonymous class>.DelayedCommand.prototype.executeInternal_(file:///C:/Users/user/AppData/Local/Temp/anonymous4178367064121275968webdriver-profile/extensions/fxdriver@googlecode.com/components/command-processor.js:11640)
	at <anonymous class>.DelayedCommand.prototype.execute/<(file:///C:/Users/user/AppData/Local/Temp/anonymous4178367064121275968webdriver-profile/extensions/fxdriver@googlecode.com/components/command-processor.js:11582)
Mar 24,2015 15:45:37 [info]  End Execution of Test Class com.iCM.scripts.AddTaskWithInProgress
*****************************************************************************

*****************************************************************************
Mar 24,2015 15:47:20 [info]   Execution Started of Test Class com.iCM.scripts.EMRAdministerMonthlyViewGreen and Test method testEMRAdministerMonthlyViewGreen
*****************************************************************************
Mar 24,2015 15:47:20 [info]  Open application url
Mar 24,2015 15:47:35 [info]  Pass
Mar 24,2015 15:47:35 [info]  Verify Page title
Mar 24,2015 15:47:41 [info]  Pass
Mar 24,2015 15:47:41 [info]  Enter User name at login page.
Mar 24,2015 15:47:41 [info]  Pass
Mar 24,2015 15:47:41 [info]  Enter password at login page.
Mar 24,2015 15:47:42 [info]  Pass
Mar 24,2015 15:47:42 [info]  Click on Sign In button
Mar 24,2015 15:48:02 [info]  Pass
Mar 24,2015 15:48:02 [info]  Verify home page title
Mar 24,2015 15:48:07 [info]  Pass
Mar 24,2015 15:48:07 [info]  Click on 'EMR'
Mar 24,2015 15:48:11 [info]  Pass
Mar 24,2015 15:48:11 [info]  Verify EMR title
Mar 24,2015 15:48:20 [info]  Pass
Mar 24,2015 15:48:20 [info]  Click on 'EMR'
Mar 24,2015 15:48:23 [info]  Pass
Mar 24,2015 15:48:23 [info]  Click on Administer button
Mar 24,2015 15:48:31 [info]  Pass
Mar 24,2015 15:48:34 [info]  Mar 24,2015 15:48:34 [info]  <<<<<<<<<<<<<<<<<<<<<<<<<<<<<<<<<< Error message >>>>>>>>>>>>>>>>>>>>>>>>>>>>>>
java.lang.AssertionError: expected [true] but found [false]
	at org.testng.Assert.fail(Assert.java:94)
	at org.testng.Assert.failNotEquals(Assert.java:494)
	at org.testng.Assert.assertTrue(Assert.java:42)
	at org.testng.Assert.assertTrue(Assert.java:52)
	at com.iCM.pagehelper.EMRHelper.verifyOverlay(EMRHelper.java:222)
	at com.iCM.scripts.EMRAdministerMonthlyViewGreen.testEMRAdministerMonthlyViewGreen(EMRAdministerMonthlyViewGreen.java:56)
	at sun.reflect.NativeMethodAccessorImpl.invoke0(Native Method)
	at sun.reflect.NativeMethodAccessorImpl.invoke(Unknown Source)
	at sun.reflect.DelegatingMethodAccessorImpl.invoke(Unknown Source)
	at java.lang.reflect.Method.invoke(Unknown Source)
	at org.testng.internal.MethodInvocationHelper.invokeMethod(MethodInvocationHelper.java:84)
	at org.testng.internal.Invoker.invokeMethod(Invoker.java:714)
	at org.testng.internal.Invoker.invokeTestMethod(Invoker.java:901)
	at org.testng.internal.Invoker.invokeTestMethods(Invoker.java:1231)
	at org.testng.internal.TestMethodWorker.invokeTestMethods(TestMethodWorker.java:127)
	at org.testng.internal.TestMethodWorker.run(TestMethodWorker.java:111)
	at org.testng.TestRunner.privateRun(TestRunner.java:767)
	at org.testng.TestRunner.run(TestRunner.java:617)
	at org.testng.SuiteRunner.runTest(SuiteRunner.java:334)
	at org.testng.SuiteRunner.runSequentially(SuiteRunner.java:329)
	at org.testng.SuiteRunner.privateRun(SuiteRunner.java:291)
	at org.testng.SuiteRunner.run(SuiteRunner.java:240)
	at org.testng.SuiteRunnerWorker.runSuite(SuiteRunnerWorker.java:52)
	at org.testng.SuiteRunnerWorker.run(SuiteRunnerWorker.java:86)
	at org.testng.TestNG.runSuitesSequentially(TestNG.java:1224)
	at org.testng.TestNG.runSuitesLocally(TestNG.java:1149)
	at org.testng.TestNG.run(TestNG.java:1057)
	at org.testng.remote.RemoteTestNG.run(RemoteTestNG.java:111)
	at org.testng.remote.RemoteTestNG.initAndRun(RemoteTestNG.java:204)
	at org.testng.remote.RemoteTestNG.main(RemoteTestNG.java:175)
Mar 24,2015 15:48:34 [info]  End Execution of Test Class com.iCM.scripts.EMRAdministerMonthlyViewGreen
*****************************************************************************

*****************************************************************************
Mar 24,2015 15:49:05 [info]   Execution Started of Test Class com.iCM.scripts.AddMedicationEveryOtherDay and Test method testAddMedicationEveryOtherDay
*****************************************************************************
Mar 24,2015 15:49:05 [info]  Open application url
Mar 24,2015 15:49:22 [info]  Pass
Mar 24,2015 15:49:22 [info]  Verify Page title
Mar 24,2015 15:49:27 [info]  Pass
Mar 24,2015 15:49:27 [info]  Enter User name at login page.
Mar 24,2015 15:49:28 [info]  Pass
Mar 24,2015 15:49:28 [info]  Enter password at login page.
Mar 24,2015 15:49:29 [info]  Pass
Mar 24,2015 15:49:29 [info]  Click on Sign In button
Mar 24,2015 15:49:48 [info]  Pass
Mar 24,2015 15:49:48 [info]  Verify home page title
Mar 24,2015 15:49:54 [info]  Pass
Mar 24,2015 15:49:54 [info]  Open Add resident form via deep link
Mar 24,2015 15:50:07 [info]  Pass
Mar 24,2015 15:50:07 [info]  Enter Resident First Name
Mar 24,2015 15:50:07 [info]  Pass
Mar 24,2015 15:50:07 [info]  Enter Middle name
Mar 24,2015 15:50:08 [info]  Pass
Mar 24,2015 15:50:08 [info]  Enter last name
Mar 24,2015 15:50:08 [info]  Pass
Mar 24,2015 15:50:08 [info]  Open 'Calender'
Mar 24,2015 15:50:10 [info]  Pass
Mar 24,2015 15:50:15 [info]  Select Year
Mar 24,2015 15:50:21 [info]  Pass
Mar 24,2015 15:50:24 [info]  Select date
Mar 24,2015 15:50:27 [info]  Pass
Mar 24,2015 15:50:27 [info]  Select gender
Mar 24,2015 15:50:29 [info]  Pass
Mar 24,2015 15:50:29 [info]  Select Marital Status
Mar 24,2015 15:50:30 [info]  Pass
Mar 24,2015 15:50:30 [info]  Open 'Calender' for admit date
Mar 24,2015 15:50:32 [info]  Pass
Mar 24,2015 15:50:35 [info]  Select Year
Mar 24,2015 15:50:41 [info]  Pass
Mar 24,2015 15:50:41 [info]  Select Month
Mar 24,2015 15:50:42 [info]  Pass
Mar 24,2015 15:50:42 [info]  Select date
Mar 24,2015 15:50:46 [info]  Pass
Mar 24,2015 15:50:46 [info]  Select Facality
Mar 24,2015 15:50:47 [info]  Pass
Mar 24,2015 15:50:50 [info]  Select Nurse
Mar 24,2015 15:50:52 [info]  Pass
Mar 24,2015 15:50:52 [info]  Enter level of care
Mar 24,2015 15:50:52 [info]  Pass
Mar 24,2015 15:50:52 [info]  Click on 'Save' button
Mar 24,2015 15:51:14 [info]  Pass
Mar 24,2015 15:51:14 [info]  Search Added resident
Mar 24,2015 15:51:22 [info]  Pass
Mar 24,2015 15:51:22 [info]  Verify added resident
Mar 24,2015 15:51:26 [info]  Pass
Mar 24,2015 15:51:26 [info]  Open resident Profile
Mar 24,2015 15:51:47 [info]  Pass
Mar 24,2015 15:52:00 [info]  Click on Medication button
Mar 24,2015 15:52:22 [info]  Pass
Mar 24,2015 15:52:22 [info]  Click on Add Medication button
Mar 24,2015 15:52:58 [info]  Pass
Mar 24,2015 15:52:58 [info]  Enter Medicine Name
Mar 24,2015 15:53:12 [info]  Pass
Mar 24,2015 15:53:12 [info]  Enter Dosage
Mar 24,2015 15:53:12 [info]  Pass
Mar 24,2015 15:53:12 [info]  Enter instruction
Mar 24,2015 15:53:13 [info]  Pass
Mar 24,2015 15:53:13 [info]  Open 'Calender'
Mar 24,2015 15:53:17 [info]  Pass
Mar 24,2015 15:53:20 [info]  Select date
Mar 24,2015 15:53:25 [info]  Pass
Mar 24,2015 15:53:25 [info]  Select Frequency
Mar 24,2015 15:53:47 [info]  Pass
Mar 24,2015 15:53:47 [info]  Select Frequency
Mar 24,2015 15:54:08 [info]  Pass
Mar 24,2015 15:54:08 [info]  Select Other day option
Mar 24,2015 15:54:10 [info]  Pass
Mar 24,2015 15:54:10 [info]  Select time
Mar 24,2015 15:54:11 [info]  Pass
Mar 24,2015 15:54:11 [info]  Select AM/PM
Mar 24,2015 15:54:12 [info]  Pass
Mar 24,2015 15:54:12 [info]  Click on Add Schedule button
Mar 24,2015 15:54:34 [info]  Pass
Mar 24,2015 15:54:34 [info]  Verify Added Schedule
Mar 24,2015 15:54:34 [info]  Pass
Mar 24,2015 15:54:34 [info]  Click on Save button
Mar 24,2015 15:55:14 [info]  Pass
Mar 24,2015 15:55:29 [info]  Open Medication page
Mar 24,2015 15:55:44 [info]  Pass
Mar 24,2015 15:55:44 [info]  Click on EMR Tab
Mar 24,2015 15:56:06 [info]  Pass
Mar 24,2015 15:56:06 [info]  Click on 'Morning' tab
Mar 24,2015 15:56:45 [info]  Pass
Mar 24,2015 15:56:45 [info]  Verify Added Schedule
Mar 24,2015 15:56:46 [info]  Pass
Mar 24,2015 15:56:46 [info]  Click on Expend button
Mar 24,2015 15:57:07 [info]  Pass
Mar 24,2015 15:57:07 [info]  Verify Starting Blackout
Mar 24,2015 16:01:18 [info]  Pass
Mar 24,2015 16:01:32 [info]  Open resident profile
Mar 24,2015 16:02:09 [info]  Pass
Mar 24,2015 16:02:09 [info]  End Execution of Test Class com.iCM.scripts.AddMedicationEveryOtherDay
*****************************************************************************

*****************************************************************************
Mar 24,2015 16:04:28 [info]   Execution Started of Test Class com.iCM.scripts.RoutineMedication and Test method testRoutineMedication
*****************************************************************************
Mar 24,2015 16:04:28 [info]  Open application url
Mar 24,2015 16:04:47 [info]  Pass
Mar 24,2015 16:04:47 [info]  Verify Page title
Mar 24,2015 16:04:52 [info]  Pass
Mar 24,2015 16:04:52 [info]  Enter User name at login page.
Mar 24,2015 16:04:53 [info]  Pass
Mar 24,2015 16:04:53 [info]  Enter password at login page.
Mar 24,2015 16:04:55 [info]  Pass
Mar 24,2015 16:04:55 [info]  Click on Sign In button
Mar 24,2015 16:05:16 [info]  Pass
Mar 24,2015 16:05:16 [info]  Verify home page title
Mar 24,2015 16:05:21 [info]  Pass
Mar 24,2015 16:05:21 [info]  Go to Resident list
Mar 24,2015 16:05:37 [info]  Pass
Mar 24,2015 16:05:37 [info]  Search Added resident
Mar 24,2015 16:05:38 [info]  Pass
Mar 24,2015 16:05:38 [info]  Verify searched resident
Mar 24,2015 16:05:41 [info]  Pass
Mar 24,2015 16:05:41 [info]  Open resident Profile
Mar 24,2015 16:06:03 [info]  Pass
Mar 24,2015 16:06:16 [info]  Click on Medication button
Mar 24,2015 16:06:38 [info]  Pass
Mar 24,2015 16:06:38 [info]  Click on Add Medication button
Mar 24,2015 16:07:18 [info]  Pass
Mar 24,2015 16:07:18 [info]  Verify Quantity Field at add medication screen
Mar 24,2015 16:07:33 [info]  Pass
Mar 24,2015 16:07:33 [info]  Verify add phycisian field at Add Medication screen
Mar 24,2015 16:07:34 [info]  Pass
Mar 24,2015 16:07:34 [info]  Enter Medicine Name
Mar 24,2015 16:07:34 [info]  Pass
Mar 24,2015 16:07:34 [info]  Enter Dosage
Mar 24,2015 16:07:35 [info]  Pass
Mar 24,2015 16:07:35 [info]  Enter instruction
Mar 24,2015 16:07:36 [info]  Pass
Mar 24,2015 16:07:36 [info]  Open 'Calender'
Mar 24,2015 16:07:40 [info]  Pass
Mar 24,2015 16:07:43 [info]  Select date
Mar 24,2015 16:07:48 [info]  Pass
Mar 24,2015 16:07:48 [info]  Select time
Mar 24,2015 16:07:50 [info]  Pass
Mar 24,2015 16:07:50 [info]  Select AM/PM
Mar 24,2015 16:07:51 [info]  Pass
Mar 24,2015 16:07:51 [info]  Click on Add Schedule button
Mar 24,2015 16:08:13 [info]  Pass
Mar 24,2015 16:08:13 [info]  Verify Added Schedule
Mar 24,2015 16:08:13 [info]  Pass
Mar 24,2015 16:08:13 [info]  Click on Save button
Mar 24,2015 16:08:51 [info]  Pass
Mar 24,2015 16:08:54 [info]  Verify Medication type
Mar 24,2015 16:08:54 [info]  Pass
Mar 24,2015 16:08:54 [info]  End Execution of Test Class com.iCM.scripts.RoutineMedication
*****************************************************************************

*****************************************************************************
Mar 24,2015 16:09:34 [info]   Execution Started of Test Class com.iCM.scripts.PRNCheckBoxAvail and Test method testPRNCheckBoxAvail
*****************************************************************************
Mar 24,2015 16:09:34 [info]  Open application url
Mar 24,2015 16:09:55 [info]  Pass
Mar 24,2015 16:09:55 [info]  Verify Page title
Mar 24,2015 16:10:00 [info]  Pass
Mar 24,2015 16:10:00 [info]  Enter User name at login page.
Mar 24,2015 16:10:01 [info]  Pass
Mar 24,2015 16:10:01 [info]  Enter password at login page.
Mar 24,2015 16:10:02 [info]  Pass
Mar 24,2015 16:10:02 [info]  Click on Sign In button
Mar 24,2015 16:10:24 [info]  Pass
Mar 24,2015 16:10:24 [info]  Verify home page title
Mar 24,2015 16:10:29 [info]  Pass
Mar 24,2015 16:10:29 [info]  Go to Resident list
Mar 24,2015 16:10:45 [info]  Pass
Mar 24,2015 16:10:45 [info]  Search Added resident
Mar 24,2015 16:10:46 [info]  Pass
Mar 24,2015 16:10:46 [info]  Verify searched resident
Mar 24,2015 16:10:49 [info]  Pass
Mar 24,2015 16:10:49 [info]  Open resident Profile
Mar 24,2015 16:11:11 [info]  Pass
Mar 24,2015 16:11:24 [info]  Click on Medication button
Mar 24,2015 16:11:46 [info]  Pass
Mar 24,2015 16:11:46 [info]  Click on Add Medication button
Mar 24,2015 16:12:27 [info]  Pass
Mar 24,2015 16:12:27 [info]  Verify PRN Checkbox available
Mar 24,2015 16:12:42 [info]  Pass
Mar 24,2015 16:12:42 [info]  Enter Medicine Name
Mar 24,2015 16:12:43 [info]  Pass
Mar 24,2015 16:12:43 [info]  Enter Dosage
Mar 24,2015 16:12:44 [info]  Pass
Mar 24,2015 16:12:44 [info]  Enter instruction
Mar 24,2015 16:12:44 [info]  Pass
Mar 24,2015 16:12:44 [info]  Open 'Calender'
Mar 24,2015 16:12:49 [info]  Pass
Mar 24,2015 16:12:52 [info]  Select date
Mar 24,2015 16:12:57 [info]  Pass
Mar 24,2015 16:12:57 [info]  Select time
Mar 24,2015 16:12:59 [info]  Pass
Mar 24,2015 16:12:59 [info]  Select AM/PM
Mar 24,2015 16:13:00 [info]  Pass
Mar 24,2015 16:13:00 [info]  Click on Add Schedule button
Mar 24,2015 16:13:22 [info]  Pass
Mar 24,2015 16:13:22 [info]  Select time
Mar 24,2015 16:13:23 [info]  Pass
Mar 24,2015 16:13:23 [info]  Select AM/PM
Mar 24,2015 16:13:25 [info]  Pass
Mar 24,2015 16:13:25 [info]  Click on Add Schedule button
Mar 24,2015 16:13:47 [info]  Pass
Mar 24,2015 16:13:47 [info]  Select time
Mar 24,2015 16:13:48 [info]  Pass
Mar 24,2015 16:13:48 [info]  Select AM/PM
Mar 24,2015 16:13:49 [info]  Pass
Mar 24,2015 16:13:49 [info]  Click on Add Schedule button
Mar 24,2015 16:14:11 [info]  Pass
Mar 24,2015 16:14:11 [info]  Click on Save button
Mar 24,2015 16:14:49 [info]  Pass
Mar 24,2015 16:14:52 [info]  End Execution of Test Class com.iCM.scripts.PRNCheckBoxAvail
*****************************************************************************

*****************************************************************************
Mar 24,2015 16:15:33 [info]   Execution Started of Test Class com.iCM.scripts.NonPRNMedNotTab and Test method testNonPRNMedNotTab
*****************************************************************************
Mar 24,2015 16:15:33 [info]  Open application url
Mar 24,2015 16:15:56 [info]  Pass
Mar 24,2015 16:15:56 [info]  Verify Page title
Mar 24,2015 16:16:01 [info]  Pass
Mar 24,2015 16:16:01 [info]  Enter User name at login page.
Mar 24,2015 16:16:02 [info]  Pass
Mar 24,2015 16:16:02 [info]  Enter password at login page.
Mar 24,2015 16:16:03 [info]  Pass
Mar 24,2015 16:16:03 [info]  Click on Sign In button
Mar 24,2015 16:16:24 [info]  Pass
Mar 24,2015 16:16:24 [info]  Verify home page title
Mar 24,2015 16:16:29 [info]  Pass
Mar 24,2015 16:16:29 [info]  Go to Resident list
Mar 24,2015 16:16:44 [info]  Pass
Mar 24,2015 16:16:44 [info]  Search Added resident
Mar 24,2015 16:16:45 [info]  Pass
Mar 24,2015 16:16:45 [info]  Verify searched resident
Mar 24,2015 16:16:48 [info]  Pass
Mar 24,2015 16:16:48 [info]  Open resident Profile
Mar 24,2015 16:17:10 [info]  Pass
Mar 24,2015 16:17:23 [info]  Click on Medication button
Mar 24,2015 16:17:44 [info]  Pass
Mar 24,2015 16:17:44 [info]  Click on Add Medication button
Mar 24,2015 16:18:22 [info]  Pass
Mar 24,2015 16:18:22 [info]  Verify PRN Checkbox available
Mar 24,2015 16:18:35 [info]  Pass
Mar 24,2015 16:18:35 [info]  Enter Medicine Name
Mar 24,2015 16:18:36 [info]  Pass
Mar 24,2015 16:18:36 [info]  Enter Dosage
Mar 24,2015 16:18:36 [info]  Pass
Mar 24,2015 16:18:36 [info]  Enter instruction
Mar 24,2015 16:18:37 [info]  Pass
Mar 24,2015 16:18:37 [info]  Open 'Calender'
Mar 24,2015 16:18:41 [info]  Pass
Mar 24,2015 16:18:44 [info]  Select date
Mar 24,2015 16:18:48 [info]  Pass
Mar 24,2015 16:18:48 [info]  Select time
Mar 24,2015 16:18:50 [info]  Pass
Mar 24,2015 16:18:50 [info]  Select AM/PM
Mar 24,2015 16:18:51 [info]  Pass
Mar 24,2015 16:18:51 [info]  Click on Add Schedule button
Mar 24,2015 16:19:12 [info]  Pass
Mar 24,2015 16:19:12 [info]  Select time
Mar 24,2015 16:19:14 [info]  Pass
Mar 24,2015 16:19:14 [info]  Select AM/PM
Mar 24,2015 16:19:15 [info]  Pass
Mar 24,2015 16:19:15 [info]  Click on Add Schedule button
Mar 24,2015 16:19:37 [info]  Pass
Mar 24,2015 16:19:37 [info]  Select time
Mar 24,2015 16:19:38 [info]  Pass
Mar 24,2015 16:19:38 [info]  Select AM/PM
Mar 24,2015 16:19:39 [info]  Pass
Mar 24,2015 16:19:39 [info]  Click on Add Schedule button
Mar 24,2015 16:20:01 [info]  Pass
Mar 24,2015 16:20:01 [info]  Click on Save button
Mar 24,2015 16:20:36 [info]  Pass
Mar 24,2015 16:20:52 [info]  Open Medication page
Mar 24,2015 16:21:05 [info]  Pass
Mar 24,2015 16:21:05 [info]  Click on EMR Tab
Mar 24,2015 16:21:27 [info]  Pass
Mar 24,2015 16:21:27 [info]  Click on 'Morning' tab
Mar 24,2015 16:22:04 [info]  Pass
Mar 24,2015 16:22:07 [info]  Verify Medication in the tab
Mar 24,2015 16:22:07 [info]  Pass
Mar 24,2015 16:22:07 [info]  Click on 'Noon' tab
Mar 24,2015 16:22:29 [info]  Pass
Mar 24,2015 16:22:29 [info]  Verify Medication in the tab
Mar 24,2015 16:22:31 [info]  Pass
Mar 24,2015 16:22:31 [info]  Click on 'Evening' tab
Mar 24,2015 16:22:53 [info]  Pass
Mar 24,2015 16:22:53 [info]  Verify Medication in the tab
Mar 24,2015 16:22:56 [info]  Pass
Mar 24,2015 16:22:56 [info]  Click on 'PRN' tab
Mar 24,2015 16:22:56 [info]  Pass
Mar 24,2015 16:22:56 [info]  Verify Medical not available
Mar 24,2015 16:22:58 [info]  Pass
Mar 24,2015 16:23:01 [info]  End Execution of Test Class com.iCM.scripts.NonPRNMedNotTab
*****************************************************************************

*****************************************************************************
Mar 24,2015 16:23:41 [info]   Execution Started of Test Class com.iCM.scripts.ControlledMedication and Test method testControlledMedication
*****************************************************************************
Mar 24,2015 16:23:41 [info]  Open application url
Mar 24,2015 16:24:01 [info]  Pass
Mar 24,2015 16:24:01 [info]  Verify Page title
Mar 24,2015 16:24:06 [info]  Pass
Mar 24,2015 16:24:06 [info]  Enter User name at login page.
Mar 24,2015 16:24:06 [info]  Pass
Mar 24,2015 16:24:06 [info]  Enter password at login page.
Mar 24,2015 16:24:07 [info]  Pass
Mar 24,2015 16:24:07 [info]  Click on Sign In button
Mar 24,2015 16:24:26 [info]  Pass
Mar 24,2015 16:24:26 [info]  Verify home page title
Mar 24,2015 16:24:32 [info]  Pass
Mar 24,2015 16:24:32 [info]  Go to Resident list
Mar 24,2015 16:24:45 [info]  Pass
Mar 24,2015 16:24:45 [info]  Search Added resident
Mar 24,2015 16:24:46 [info]  Pass
Mar 24,2015 16:24:46 [info]  Verify searched resident
Mar 24,2015 16:24:49 [info]  Pass
Mar 24,2015 16:24:49 [info]  Open resident Profile
Mar 24,2015 16:25:11 [info]  Pass
Mar 24,2015 16:25:24 [info]  Click on Medication button
Mar 24,2015 16:25:45 [info]  Pass
Mar 24,2015 16:25:45 [info]  Click on Add Medication button
Mar 24,2015 16:26:22 [info]  Pass
Mar 24,2015 16:26:22 [info]  Verify Quantity Field at add medication screen
Mar 24,2015 16:26:37 [info]  Pass
Mar 24,2015 16:26:37 [info]  Verify add phycisian field at Add Medication screen
Mar 24,2015 16:26:37 [info]  Pass
Mar 24,2015 16:26:37 [info]  Enter Medicine Name
Mar 24,2015 16:26:37 [info]  Pass
Mar 24,2015 16:26:37 [info]  Enter Dosage
Mar 24,2015 16:26:38 [info]  Pass
Mar 24,2015 16:26:38 [info]  Checked the 'Is controlled' checkbox
Mar 24,2015 16:26:59 [info]  Pass
Mar 24,2015 16:26:59 [info]  Enter Quantity
Mar 24,2015 16:27:00 [info]  Pass
Mar 24,2015 16:27:00 [info]  Open physician dropdown
Mar 24,2015 16:27:21 [info]  Pass
Mar 24,2015 16:27:21 [info]  Open physician dropdown
Mar 24,2015 16:27:43 [info]  Pass
Mar 24,2015 16:27:43 [info]  Enter instruction
Mar 24,2015 16:27:43 [info]  Pass
Mar 24,2015 16:27:43 [info]  Open 'Calender'
Mar 24,2015 16:27:48 [info]  Pass
Mar 24,2015 16:27:51 [info]  Select date
Mar 24,2015 16:27:55 [info]  Pass
Mar 24,2015 16:27:55 [info]  Select time
Mar 24,2015 16:27:57 [info]  Pass
Mar 24,2015 16:27:57 [info]  Select AM/PM
Mar 24,2015 16:27:58 [info]  Pass
Mar 24,2015 16:27:58 [info]  Click on Add Schedule button
Mar 24,2015 16:28:19 [info]  Pass
Mar 24,2015 16:28:19 [info]  Verify Added Schedule
Mar 24,2015 16:28:20 [info]  Pass
Mar 24,2015 16:28:20 [info]  Click on Save button
Mar 24,2015 16:28:56 [info]  Pass
Mar 24,2015 16:28:59 [info]  Verify Medication type
Mar 24,2015 16:28:59 [info]  Pass
Mar 24,2015 16:28:59 [info]  Verify Quanity
Mar 24,2015 16:28:59 [info]  Pass
Mar 24,2015 16:28:59 [info]  Verify Physician
Mar 24,2015 16:29:00 [info]  Pass
Mar 24,2015 16:29:00 [info]  End Execution of Test Class com.iCM.scripts.ControlledMedication
*****************************************************************************

*****************************************************************************
Mar 24,2015 16:30:02 [info]   Execution Started of Test Class com.iCM.scripts.AddMedicationEvery7thDay and Test method testAddMedicationEvery7thDay
*****************************************************************************
Mar 24,2015 16:30:02 [info]  Open application url
Mar 24,2015 16:30:19 [info]  Pass
Mar 24,2015 16:30:19 [info]  Verify Page title
Mar 24,2015 16:30:24 [info]  Pass
Mar 24,2015 16:30:24 [info]  Enter User name at login page.
Mar 24,2015 16:30:24 [info]  Pass
Mar 24,2015 16:30:24 [info]  Enter password at login page.
Mar 24,2015 16:30:25 [info]  Pass
Mar 24,2015 16:30:26 [info]  Click on Sign In button
Mar 24,2015 16:30:53 [info]  Pass
Mar 24,2015 16:30:53 [info]  Verify home page title
Mar 24,2015 16:30:58 [info]  Pass
Mar 24,2015 16:30:58 [info]  Open Add resident form via deep link
Mar 24,2015 16:31:11 [info]  Pass
Mar 24,2015 16:31:11 [info]  Enter Resident First Name
Mar 24,2015 16:31:12 [info]  Pass
Mar 24,2015 16:31:12 [info]  Enter Middle name
Mar 24,2015 16:31:12 [info]  Pass
Mar 24,2015 16:31:12 [info]  Enter last name
Mar 24,2015 16:31:13 [info]  Pass
Mar 24,2015 16:31:13 [info]  Open 'Calender'
Mar 24,2015 16:31:14 [info]  Pass
Mar 24,2015 16:31:19 [info]  Select Year
Mar 24,2015 16:31:26 [info]  Pass
Mar 24,2015 16:31:29 [info]  Select date
Mar 24,2015 16:31:32 [info]  Pass
Mar 24,2015 16:31:32 [info]  Select gender
Mar 24,2015 16:31:33 [info]  Pass
Mar 24,2015 16:31:33 [info]  Select Marital Status
Mar 24,2015 16:31:35 [info]  Pass
Mar 24,2015 16:31:35 [info]  Open 'Calender' for admit date
Mar 24,2015 16:31:36 [info]  Pass
Mar 24,2015 16:31:39 [info]  Select Year
Mar 24,2015 16:31:46 [info]  Pass
Mar 24,2015 16:31:46 [info]  Select Month
Mar 24,2015 16:31:47 [info]  Pass
Mar 24,2015 16:31:47 [info]  Select date
Mar 24,2015 16:31:50 [info]  Pass
Mar 24,2015 16:31:50 [info]  Select Facality
Mar 24,2015 16:31:52 [info]  Pass
Mar 24,2015 16:31:55 [info]  Select Nurse
Mar 24,2015 16:31:56 [info]  Pass
Mar 24,2015 16:31:56 [info]  Enter level of care
Mar 24,2015 16:31:57 [info]  Pass
Mar 24,2015 16:31:57 [info]  Click on 'Save' button
Mar 24,2015 16:32:18 [info]  Pass
Mar 24,2015 16:32:18 [info]  Search Added resident
Mar 24,2015 16:32:35 [info]  Pass
Mar 24,2015 16:32:35 [info]  Verify added resident
Mar 24,2015 16:32:39 [info]  Pass
Mar 24,2015 16:32:39 [info]  Open resident Profile
Mar 24,2015 16:33:00 [info]  Pass
Mar 24,2015 16:33:13 [info]  Click on Medication button
Mar 24,2015 16:33:35 [info]  Pass
Mar 24,2015 16:33:35 [info]  Click on Add Medication button
Mar 24,2015 16:34:12 [info]  Pass
Mar 24,2015 16:34:12 [info]  Enter Medicine Name
Mar 24,2015 16:34:25 [info]  Pass
Mar 24,2015 16:34:25 [info]  Enter Dosage
Mar 24,2015 16:34:26 [info]  Pass
Mar 24,2015 16:34:26 [info]  Enter instruction
Mar 24,2015 16:34:26 [info]  Pass
Mar 24,2015 16:34:26 [info]  Open 'Calender'
Mar 24,2015 16:34:31 [info]  Pass
Mar 24,2015 16:34:34 [info]  Select date
Mar 24,2015 16:34:38 [info]  Pass
Mar 24,2015 16:34:38 [info]  Select Frequency
Mar 24,2015 16:35:00 [info]  Pass
Mar 24,2015 16:35:00 [info]  Select Frequency
Mar 24,2015 16:35:21 [info]  Pass
Mar 24,2015 16:35:21 [info]  Select Other day option
Mar 24,2015 16:35:23 [info]  Pass
Mar 24,2015 16:35:23 [info]  Select time
Mar 24,2015 16:35:24 [info]  Pass
Mar 24,2015 16:35:24 [info]  Select AM/PM
Mar 24,2015 16:35:25 [info]  Pass
Mar 24,2015 16:35:25 [info]  Click on Add Schedule button
Mar 24,2015 16:35:47 [info]  Pass
Mar 24,2015 16:35:47 [info]  Verify Added Schedule
Mar 24,2015 16:35:47 [info]  Pass
Mar 24,2015 16:35:47 [info]  Click on Save button
Mar 24,2015 16:36:24 [info]  Pass
Mar 24,2015 16:36:39 [info]  Open Medication page
Mar 24,2015 16:36:52 [info]  Pass
Mar 24,2015 16:36:52 [info]  Click on EMR Tab
Mar 24,2015 16:37:13 [info]  Pass
Mar 24,2015 16:37:13 [info]  Click on 'Morning' tab
Mar 24,2015 16:37:49 [info]  Pass
Mar 24,2015 16:37:49 [info]  Verify Added Schedule
Mar 24,2015 16:37:50 [info]  Pass
Mar 24,2015 16:37:50 [info]  Click on Expend button
Mar 24,2015 16:38:11 [info]  Pass
Mar 24,2015 16:38:11 [info]  Verify Starting Blackout
Mar 24,2015 16:42:18 [info]  Pass
Mar 24,2015 16:42:32 [info]  Open resident profile
Mar 24,2015 16:43:13 [info]  Pass
Mar 24,2015 16:43:13 [info]  End Execution of Test Class com.iCM.scripts.AddMedicationEvery7thDay
*****************************************************************************

*****************************************************************************
Mar 24,2015 17:11:00 [info]   Execution Started of Test Class com.iCM.scripts.AddMedicationEvery14thDay and Test method testAddMedicationEvery14thDay
*****************************************************************************
Mar 24,2015 17:11:00 [info]  Open application url
Mar 24,2015 17:11:21 [info]  Pass
Mar 24,2015 17:11:21 [info]  Verify Page title
Mar 24,2015 17:11:26 [info]  Pass
Mar 24,2015 17:11:26 [info]  Enter User name at login page.
Mar 24,2015 17:11:27 [info]  Pass
Mar 24,2015 17:11:27 [info]  Enter password at login page.
Mar 24,2015 17:11:28 [info]  Pass
Mar 24,2015 17:11:28 [info]  Click on Sign In button
Mar 24,2015 17:11:54 [info]  Pass
Mar 24,2015 17:11:54 [info]  Verify home page title
Mar 24,2015 17:11:59 [info]  Pass
Mar 24,2015 17:11:59 [info]  Open Add resident form via deep link
Mar 24,2015 17:12:16 [info]  Pass
Mar 24,2015 17:12:16 [info]  Enter Resident First Name
Mar 24,2015 17:12:16 [info]  Pass
Mar 24,2015 17:12:16 [info]  Enter Middle name
Mar 24,2015 17:12:16 [info]  Pass
Mar 24,2015 17:12:16 [info]  Enter last name
Mar 24,2015 17:12:17 [info]  Pass
Mar 24,2015 17:12:17 [info]  Open 'Calender'
Mar 24,2015 17:12:18 [info]  Pass
Mar 24,2015 17:12:23 [info]  Select Year
Mar 24,2015 17:12:28 [info]  Mar 24,2015 17:12:28 [info]  <<<<<<<<<<<<<<<<<<<<<<<<<<<<<<<<<< Error message >>>>>>>>>>>>>>>>>>>>>>>>>>>>>>
java.lang.AssertionError: Element Locator ://*[@class='ui-datepicker-year'] Not found expected [true] but found [false]
	at org.testng.Assert.fail(Assert.java:94)
	at org.testng.Assert.failNotEquals(Assert.java:494)
	at org.testng.Assert.assertTrue(Assert.java:42)
	at com.iCM.util.DriverHelper.selectDropDown(DriverHelper.java:270)
	at com.iCM.pagehelper.ResidentHelper.selectYear(ResidentHelper.java:49)
	at com.iCM.scripts.AddMedicationEvery14thDay.testAddMedicationEvery14thDay(AddMedicationEvery14thDay.java:68)
	at sun.reflect.NativeMethodAccessorImpl.invoke0(Native Method)
	at sun.reflect.NativeMethodAccessorImpl.invoke(Unknown Source)
	at sun.reflect.DelegatingMethodAccessorImpl.invoke(Unknown Source)
	at java.lang.reflect.Method.invoke(Unknown Source)
	at org.testng.internal.MethodInvocationHelper.invokeMethod(MethodInvocationHelper.java:84)
	at org.testng.internal.Invoker.invokeMethod(Invoker.java:714)
	at org.testng.internal.Invoker.invokeTestMethod(Invoker.java:901)
	at org.testng.internal.Invoker.invokeTestMethods(Invoker.java:1231)
	at org.testng.internal.TestMethodWorker.invokeTestMethods(TestMethodWorker.java:127)
	at org.testng.internal.TestMethodWorker.run(TestMethodWorker.java:111)
	at org.testng.TestRunner.privateRun(TestRunner.java:767)
	at org.testng.TestRunner.run(TestRunner.java:617)
	at org.testng.SuiteRunner.runTest(SuiteRunner.java:334)
	at org.testng.SuiteRunner.runSequentially(SuiteRunner.java:329)
	at org.testng.SuiteRunner.privateRun(SuiteRunner.java:291)
	at org.testng.SuiteRunner.run(SuiteRunner.java:240)
	at org.testng.SuiteRunnerWorker.runSuite(SuiteRunnerWorker.java:52)
	at org.testng.SuiteRunnerWorker.run(SuiteRunnerWorker.java:86)
	at org.testng.TestNG.runSuitesSequentially(TestNG.java:1224)
	at org.testng.TestNG.runSuitesLocally(TestNG.java:1149)
	at org.testng.TestNG.run(TestNG.java:1057)
	at org.testng.remote.RemoteTestNG.run(RemoteTestNG.java:111)
	at org.testng.remote.RemoteTestNG.initAndRun(RemoteTestNG.java:204)
	at org.testng.remote.RemoteTestNG.main(RemoteTestNG.java:175)
Mar 24,2015 17:12:28 [info]  End Execution of Test Class com.iCM.scripts.AddMedicationEvery14thDay
*****************************************************************************
