<?xml version="1.0" encoding="UTF-8"?>
<!-- Generated by org.testng.reporters.JUnitXMLReporter -->
<testsuite hostname="user-PC" name="EChartAddMedication" tests="1" failures="1" timestamp="25 Feb 2015 11:13:32 GMT" time="277.569" errors="0">
  <testcase name="testEChartAddMedication" time="277.557" classname="com.iCM.scripts.EChartAddMedication">
    <failure type="java.lang.AssertionError" message="Element Locator ://*[@class=&amp;apos;form-actions&amp;apos;]/button25 Not found expected [true] but found [false]">
      <![CDATA[java.lang.AssertionError: Element Locator ://*[@class='form-actions']/button25 Not found expected [true] but found [false]
	at com.iCM.util.DriverHelper.clickOn(DriverHelper.java:251)
	at com.iCM.pagehelper.EChartHelper.selectDate(EChartHelper.java:79)
	at com.iCM.scripts.EChartAddMedication.testEChartAddMedication(EChartAddMedication.java:150)
... Removed 27 stack frames]]>
    </failure>
  </testcase> <!-- testEChartAddMedication -->
</testsuite> <!-- EChartAddMedication -->
