<?xml version="1.0" encoding="UTF-8"?>
<testng-results skipped="0" failed="1" total="1" passed="0">
  <reporter-output>
  </reporter-output>
  <suite name="Default suite" duration-ms="374302" started-at="2015-03-11T18:08:37Z" finished-at="2015-03-11T18:14:52Z">
    <groups>
    </groups>
    <test name="Default test" duration-ms="374302" started-at="2015-03-11T18:08:37Z" finished-at="2015-03-11T18:14:52Z">
      <class name="com.iCM.scripts.EMRAdminResidentPhysically">
        <test-method status="PASS" signature="setUp()[pri:0, instance:com.iCM.scripts.EMRAdminResidentPhysically@1a52fbd]" name="setUp" is-config="true" duration-ms="14533" started-at="2015-03-11T23:38:23Z" finished-at="2015-03-11T23:38:37Z">
          <reporter-output>
          </reporter-output>
        </test-method> <!-- setUp -->
        <test-method status="FAIL" signature="testEMRAdminResidentHold()[pri:0, instance:com.iCM.scripts.EMRAdminResidentPhysically@1a52fbd]" name="testEMRAdminResidentHold" duration-ms="374272" started-at="2015-03-11T23:38:37Z" finished-at="2015-03-11T23:44:52Z">
          <exception class="java.lang.AssertionError">
            <message>
              <![CDATA[Element Locator ://td[@class='All']/div/div/div[2]/div/button[2] Not found expected [true] but found [false]]]>
            </message>
            <full-stacktrace>
              <![CDATA[java.lang.AssertionError: Element Locator ://td[@class='All']/div/div/div[2]/div/button[2] Not found expected [true] but found [false]
	at org.testng.Assert.fail(Assert.java:94)
	at org.testng.Assert.failNotEquals(Assert.java:494)
	at org.testng.Assert.assertTrue(Assert.java:42)
	at com.iCM.util.DriverHelper.clickOn(DriverHelper.java:245)
	at com.iCM.pagehelper.EMRHelper.click(EMRHelper.java:28)
	at com.iCM.scripts.EMRAdminResidentPhysically.testEMRAdminResidentHold(EMRAdminResidentPhysically.java:280)
	at sun.reflect.NativeMethodAccessorImpl.invoke0(Native Method)
	at sun.reflect.NativeMethodAccessorImpl.invoke(Unknown Source)
	at sun.reflect.DelegatingMethodAccessorImpl.invoke(Unknown Source)
	at java.lang.reflect.Method.invoke(Unknown Source)
	at org.testng.internal.MethodInvocationHelper.invokeMethod(MethodInvocationHelper.java:84)
	at org.testng.internal.Invoker.invokeMethod(Invoker.java:714)
	at org.testng.internal.Invoker.invokeTestMethod(Invoker.java:901)
	at org.testng.internal.Invoker.invokeTestMethods(Invoker.java:1231)
	at org.testng.internal.TestMethodWorker.invokeTestMethods(TestMethodWorker.java:127)
	at org.testng.internal.TestMethodWorker.run(TestMethodWorker.java:111)
	at org.testng.TestRunner.privateRun(TestRunner.java:767)
	at org.testng.TestRunner.run(TestRunner.java:617)
	at org.testng.SuiteRunner.runTest(SuiteRunner.java:334)
	at org.testng.SuiteRunner.runSequentially(SuiteRunner.java:329)
	at org.testng.SuiteRunner.privateRun(SuiteRunner.java:291)
	at org.testng.SuiteRunner.run(SuiteRunner.java:240)
	at org.testng.SuiteRunnerWorker.runSuite(SuiteRunnerWorker.java:52)
	at org.testng.SuiteRunnerWorker.run(SuiteRunnerWorker.java:86)
	at org.testng.TestNG.runSuitesSequentially(TestNG.java:1224)
	at org.testng.TestNG.runSuitesLocally(TestNG.java:1149)
	at org.testng.TestNG.run(TestNG.java:1057)
	at org.testng.remote.RemoteTestNG.run(RemoteTestNG.java:111)
	at org.testng.remote.RemoteTestNG.initAndRun(RemoteTestNG.java:204)
	at org.testng.remote.RemoteTestNG.main(RemoteTestNG.java:175)
]]>
            </full-stacktrace>
          </exception> <!-- java.lang.AssertionError -->
          <reporter-output>
          </reporter-output>
        </test-method> <!-- testEMRAdminResidentHold -->
        <test-method status="PASS" signature="endMethods()[pri:0, instance:com.iCM.scripts.EMRAdminResidentPhysically@1a52fbd]" name="endMethods" is-config="true" duration-ms="0" started-at="2015-03-11T23:44:52Z" finished-at="2015-03-11T23:44:52Z">
          <reporter-output>
          </reporter-output>
        </test-method> <!-- endMethods -->
        <test-method status="PASS" signature="afterMainMethod()[pri:0, instance:com.iCM.scripts.EMRAdminResidentPhysically@1a52fbd]" name="afterMainMethod" is-config="true" duration-ms="1025" started-at="2015-03-11T23:44:52Z" finished-at="2015-03-11T23:44:53Z">
          <reporter-output>
          </reporter-output>
        </test-method> <!-- afterMainMethod -->
      </class> <!-- com.iCM.scripts.EMRAdminResidentPhysically -->
    </test> <!-- Default test -->
  </suite> <!-- Default suite -->
</testng-results>
